
*** Running vivado
    with args -log counter_10000.vdi -applog -m64 -product Vivado -messageDb vivado.pb -mode batch -source counter_10000.tcl -notrace


****** Vivado v2024.1 (64-bit)
  **** SW Build 5076996 on Wed May 22 18:36:09 MDT 2024
  **** IP Build 5075265 on Wed May 22 21:45:21 MDT 2024
  **** SharedData Build 5076995 on Wed May 22 18:29:18 MDT 2024
  **** Start of session at: Sun Nov 10 03:29:56 2024
    ** Copyright 1986-2022 Xilinx, Inc. All Rights Reserved.
    ** Copyright 2022-2024 Advanced Micro Devices, Inc. All Rights Reserved.

source counter_10000.tcl -notrace
create_project: Time (s): cpu = 00:00:08 ; elapsed = 00:00:09 . Memory (MB): peak = 1997.855 ; gain = 83.000 ; free physical = 10966 ; free virtual = 14526
Command: link_design -top counter_10000 -part xc7a35tcpg236-1
Design is defaulting to srcset: sources_1
Design is defaulting to constrset: constrs_1
INFO: [Device 21-403] Loading part xc7a35tcpg236-1
INFO: [Device 21-9227] Part: xc7a35tcpg236-1 does not have CEAM library.
Netlist sorting complete. Time (s): cpu = 00:00:00.01 ; elapsed = 00:00:00.01 . Memory (MB): peak = 2374.867 ; gain = 0.055 ; free physical = 10518 ; free virtual = 14079
INFO: [Netlist 29-17] Analyzing 45 Unisim elements for replacement
INFO: [Netlist 29-28] Unisim Transformation completed in 0 CPU seconds
INFO: [Project 1-479] Netlist was created with Vivado 2024.1
INFO: [Project 1-570] Preparing netlist for logic optimization
Parsing XDC File [/home/user/project/Verilog/1108_10000_counter_fsm_tick/1108_10000_counter_fsm_tick.srcs/constrs_1/imports/Downloads/MY_Basys-3-Master.xdc]
Finished Parsing XDC File [/home/user/project/Verilog/1108_10000_counter_fsm_tick/1108_10000_counter_fsm_tick.srcs/constrs_1/imports/Downloads/MY_Basys-3-Master.xdc]
INFO: [Opt 31-138] Pushed 0 inverter(s) to 0 load pin(s).
Netlist sorting complete. Time (s): cpu = 00:00:00 ; elapsed = 00:00:00 . Memory (MB): peak = 2609.172 ; gain = 0.000 ; free physical = 10369 ; free virtual = 13936
INFO: [Project 1-111] Unisim Transformation Summary:
No Unisim elements were transformed.

8 Infos, 0 Warnings, 0 Critical Warnings and 0 Errors encountered.
link_design completed successfully
link_design: Time (s): cpu = 00:00:06 ; elapsed = 00:00:07 . Memory (MB): peak = 2615.215 ; gain = 616.730 ; free physical = 10365 ; free virtual = 13932
Command: opt_design
Attempting to get a license for feature 'Implementation' and/or device 'xc7a35t'
INFO: [Common 17-349] Got license for feature 'Implementation' and/or device 'xc7a35t'
Running DRC as a precondition to command opt_design

Starting DRC Task
INFO: [DRC 23-27] Running DRC with 8 threads
INFO: [Project 1-461] DRC finished with 0 Errors
INFO: [Project 1-462] Please refer to the DRC report (report_drc) for more information.

Time (s): cpu = 00:00:01 ; elapsed = 00:00:00.76 . Memory (MB): peak = 2699.406 ; gain = 84.102 ; free physical = 10340 ; free virtual = 13908

Starting Cache Timing Information Task
INFO: [Timing 38-35] Done setting XDC timing constraints.
Ending Cache Timing Information Task | Checksum: 2bd19aa30

Time (s): cpu = 00:00:07 ; elapsed = 00:00:08 . Memory (MB): peak = 3228.645 ; gain = 529.238 ; free physical = 9799 ; free virtual = 13383

Starting Logic Optimization Task

Phase 1 Initialization

Phase 1.1 Core Generation And Design Setup
Phase 1.1 Core Generation And Design Setup | Checksum: 2bd19aa30

Time (s): cpu = 00:00:00 ; elapsed = 00:00:00 . Memory (MB): peak = 3447.121 ; gain = 0.000 ; free physical = 9575 ; free virtual = 13159

Phase 1.2 Setup Constraints And Sort Netlist
Phase 1.2 Setup Constraints And Sort Netlist | Checksum: 2bd19aa30

Time (s): cpu = 00:00:00 ; elapsed = 00:00:00 . Memory (MB): peak = 3447.121 ; gain = 0.000 ; free physical = 9575 ; free virtual = 13159
Phase 1 Initialization | Checksum: 2bd19aa30

Time (s): cpu = 00:00:00 ; elapsed = 00:00:00 . Memory (MB): peak = 3447.121 ; gain = 0.000 ; free physical = 9575 ; free virtual = 13159

Phase 2 Timer Update And Timing Data Collection

Phase 2.1 Timer Update
Phase 2.1 Timer Update | Checksum: 2bd19aa30

Time (s): cpu = 00:00:00.06 ; elapsed = 00:00:00.08 . Memory (MB): peak = 3447.414 ; gain = 0.293 ; free physical = 9574 ; free virtual = 13159

Phase 2.2 Timing Data Collection
Phase 2.2 Timing Data Collection | Checksum: 2bd19aa30

Time (s): cpu = 00:00:00.07 ; elapsed = 00:00:00.09 . Memory (MB): peak = 3447.457 ; gain = 0.336 ; free physical = 9574 ; free virtual = 13159
Phase 2 Timer Update And Timing Data Collection | Checksum: 2bd19aa30

Time (s): cpu = 00:00:00.07 ; elapsed = 00:00:00.09 . Memory (MB): peak = 3447.457 ; gain = 0.336 ; free physical = 9574 ; free virtual = 13159

Phase 3 Retarget
INFO: [Opt 31-1834] Total Chains To Be Transformed Were: 0 AND Number of Transformed insts Created are: 0
INFO: [Opt 31-1566] Pulled 3 inverters resulting in an inversion of 51 pins
INFO: [Opt 31-138] Pushed 0 inverter(s) to 0 load pin(s).
INFO: [Opt 31-49] Retargeted 0 cell(s).
Phase 3 Retarget | Checksum: 323b757f4

Time (s): cpu = 00:00:00.12 ; elapsed = 00:00:00.14 . Memory (MB): peak = 3447.824 ; gain = 0.703 ; free physical = 9574 ; free virtual = 13159
Retarget | Checksum: 323b757f4
INFO: [Opt 31-389] Phase Retarget created 0 cells and removed 3 cells

Phase 4 Constant propagation
INFO: [Opt 31-138] Pushed 0 inverter(s) to 0 load pin(s).
Phase 4 Constant propagation | Checksum: 3003f1ffc

Time (s): cpu = 00:00:00.13 ; elapsed = 00:00:00.14 . Memory (MB): peak = 3447.871 ; gain = 0.750 ; free physical = 9574 ; free virtual = 13159
Constant propagation | Checksum: 3003f1ffc
INFO: [Opt 31-389] Phase Constant propagation created 0 cells and removed 0 cells

Phase 5 Sweep
Phase 5 Sweep | Checksum: 2adb3f811

Time (s): cpu = 00:00:00.14 ; elapsed = 00:00:00.16 . Memory (MB): peak = 3447.977 ; gain = 0.855 ; free physical = 9574 ; free virtual = 13159
Sweep | Checksum: 2adb3f811
INFO: [Opt 31-389] Phase Sweep created 0 cells and removed 0 cells

Phase 6 BUFG optimization
Phase 6 BUFG optimization | Checksum: 2adb3f811

Time (s): cpu = 00:00:00.16 ; elapsed = 00:00:00.18 . Memory (MB): peak = 3448.176 ; gain = 1.055 ; free physical = 9574 ; free virtual = 13159
BUFG optimization | Checksum: 2adb3f811
INFO: [Opt 31-662] Phase BUFG optimization created 0 cells of which 0 are BUFGs and removed 0 cells.

Phase 7 Shift Register Optimization
INFO: [Opt 31-1064] SRL Remap converted 0 SRLs to 0 registers and converted 0 registers of register chains to 0 SRLs
Phase 7 Shift Register Optimization | Checksum: 2adb3f811

Time (s): cpu = 00:00:00.16 ; elapsed = 00:00:00.18 . Memory (MB): peak = 3448.176 ; gain = 1.055 ; free physical = 9574 ; free virtual = 13159
Shift Register Optimization | Checksum: 2adb3f811
INFO: [Opt 31-389] Phase Shift Register Optimization created 0 cells and removed 0 cells

Phase 8 Post Processing Netlist
Phase 8 Post Processing Netlist | Checksum: 2adb3f811

Time (s): cpu = 00:00:00.17 ; elapsed = 00:00:00.18 . Memory (MB): peak = 3448.176 ; gain = 1.055 ; free physical = 9574 ; free virtual = 13159
Post Processing Netlist | Checksum: 2adb3f811
INFO: [Opt 31-389] Phase Post Processing Netlist created 0 cells and removed 0 cells

Phase 9 Finalization

Phase 9.1 Finalizing Design Cores and Updating Shapes
Phase 9.1 Finalizing Design Cores and Updating Shapes | Checksum: 24ca00b83

Time (s): cpu = 00:00:00.18 ; elapsed = 00:00:00.2 . Memory (MB): peak = 3448.176 ; gain = 1.055 ; free physical = 9574 ; free virtual = 13159

Phase 9.2 Verifying Netlist Connectivity

Starting Connectivity Check Task

Time (s): cpu = 00:00:00 ; elapsed = 00:00:00 . Memory (MB): peak = 3448.176 ; gain = 0.000 ; free physical = 9574 ; free virtual = 13159
Phase 9.2 Verifying Netlist Connectivity | Checksum: 24ca00b83

Time (s): cpu = 00:00:00.18 ; elapsed = 00:00:00.2 . Memory (MB): peak = 3448.176 ; gain = 1.055 ; free physical = 9574 ; free virtual = 13159
Phase 9 Finalization | Checksum: 24ca00b83

Time (s): cpu = 00:00:00.18 ; elapsed = 00:00:00.2 . Memory (MB): peak = 3448.176 ; gain = 1.055 ; free physical = 9574 ; free virtual = 13159
Opt_design Change Summary
=========================


-------------------------------------------------------------------------------------------------------------------------
|  Phase                        |  #Cells created  |  #Cells Removed  |  #Constrained objects preventing optimizations  |
-------------------------------------------------------------------------------------------------------------------------
|  Retarget                     |               0  |               3  |                                              0  |
|  Constant propagation         |               0  |               0  |                                              0  |
|  Sweep                        |               0  |               0  |                                              0  |
|  BUFG optimization            |               0  |               0  |                                              0  |
|  Shift Register Optimization  |               0  |               0  |                                              0  |
|  Post Processing Netlist      |               0  |               0  |                                              0  |
-------------------------------------------------------------------------------------------------------------------------


Ending Logic Optimization Task | Checksum: 24ca00b83

Time (s): cpu = 00:00:00.18 ; elapsed = 00:00:00.2 . Memory (MB): peak = 3448.176 ; gain = 1.055 ; free physical = 9574 ; free virtual = 13159

Starting Power Optimization Task
INFO: [Pwropt 34-132] Skipping clock gating for clocks with a period < 2.00 ns.
Ending Power Optimization Task | Checksum: 24ca00b83

Time (s): cpu = 00:00:00 ; elapsed = 00:00:00.01 . Memory (MB): peak = 3448.176 ; gain = 0.000 ; free physical = 9574 ; free virtual = 13159

Starting Final Cleanup Task
Ending Final Cleanup Task | Checksum: 24ca00b83

Time (s): cpu = 00:00:00 ; elapsed = 00:00:00 . Memory (MB): peak = 3448.176 ; gain = 0.000 ; free physical = 9574 ; free virtual = 13159

Starting Netlist Obfuscation Task
Netlist sorting complete. Time (s): cpu = 00:00:00 ; elapsed = 00:00:00 . Memory (MB): peak = 3448.176 ; gain = 0.000 ; free physical = 9574 ; free virtual = 13159
Ending Netlist Obfuscation Task | Checksum: 24ca00b83

Time (s): cpu = 00:00:00 ; elapsed = 00:00:00 . Memory (MB): peak = 3448.176 ; gain = 0.000 ; free physical = 9574 ; free virtual = 13159
INFO: [Common 17-83] Releasing license: Implementation
27 Infos, 0 Warnings, 0 Critical Warnings and 0 Errors encountered.
opt_design completed successfully
opt_design: Time (s): cpu = 00:00:10 ; elapsed = 00:00:11 . Memory (MB): peak = 3448.176 ; gain = 832.945 ; free physical = 9574 ; free virtual = 13159
INFO: [Vivado 12-24828] Executing command : report_drc -file counter_10000_drc_opted.rpt -pb counter_10000_drc_opted.pb -rpx counter_10000_drc_opted.rpx
Command: report_drc -file counter_10000_drc_opted.rpt -pb counter_10000_drc_opted.pb -rpx counter_10000_drc_opted.rpx
INFO: [IP_Flow 19-234] Refreshing IP repositories
INFO: [IP_Flow 19-1704] No user IP repositories specified
INFO: [IP_Flow 19-2313] Loaded Vivado IP repository '/home/user/Xilinx/Vivado/2024.1/data/ip'.
INFO: [DRC 23-27] Running DRC with 8 threads
INFO: [Vivado_Tcl 2-168] The results of DRC are in file /home/user/project/Verilog/1108_10000_counter_fsm_tick/1108_10000_counter_fsm_tick.runs/impl_1/counter_10000_drc_opted.rpt.
report_drc completed successfully
INFO: [Timing 38-480] Writing timing data to binary archive.
Wrote PlaceDB: Time (s): cpu = 00:00:00.05 ; elapsed = 00:00:00.03 . Memory (MB): peak = 3530.207 ; gain = 0.000 ; free physical = 9528 ; free virtual = 13114
Write ShapeDB Complete: Time (s): cpu = 00:00:00.08 ; elapsed = 00:00:00.06 . Memory (MB): peak = 3530.207 ; gain = 0.000 ; free physical = 9528 ; free virtual = 13114
Wrote PulsedLatchDB: Time (s): cpu = 00:00:00 ; elapsed = 00:00:00.01 . Memory (MB): peak = 3530.207 ; gain = 0.000 ; free physical = 9528 ; free virtual = 13114
Writing XDEF routing.
Writing XDEF routing logical nets.
Writing XDEF routing special nets.
Wrote RouteStorage: Time (s): cpu = 00:00:00.04 ; elapsed = 00:00:00.02 . Memory (MB): peak = 3530.207 ; gain = 0.000 ; free physical = 9528 ; free virtual = 13114
Wrote Netlist Cache: Time (s): cpu = 00:00:00.01 ; elapsed = 00:00:00.01 . Memory (MB): peak = 3530.207 ; gain = 0.000 ; free physical = 9528 ; free virtual = 13114
Wrote Device Cache: Time (s): cpu = 00:00:00.01 ; elapsed = 00:00:00.01 . Memory (MB): peak = 3530.207 ; gain = 0.000 ; free physical = 9528 ; free virtual = 13114
Write Physdb Complete: Time (s): cpu = 00:00:00.14 ; elapsed = 00:00:00.1 . Memory (MB): peak = 3530.207 ; gain = 0.000 ; free physical = 9528 ; free virtual = 13114
INFO: [Common 17-1381] The checkpoint '/home/user/project/Verilog/1108_10000_counter_fsm_tick/1108_10000_counter_fsm_tick.runs/impl_1/counter_10000_opt.dcp' has been generated.
Command: place_design
Attempting to get a license for feature 'Implementation' and/or device 'xc7a35t'
INFO: [Common 17-349] Got license for feature 'Implementation' and/or device 'xc7a35t'
INFO: [Common 17-83] Releasing license: Implementation
INFO: [DRC 23-27] Running DRC with 8 threads
INFO: [Vivado_Tcl 4-198] DRC finished with 0 Errors
INFO: [Vivado_Tcl 4-199] Please refer to the DRC report (report_drc) for more information.
Running DRC as a precondition to command place_design
INFO: [DRC 23-27] Running DRC with 8 threads
INFO: [Vivado_Tcl 4-198] DRC finished with 0 Errors
INFO: [Vivado_Tcl 4-199] Please refer to the DRC report (report_drc) for more information.
INFO: [Place 30-611] Multithreading enabled for place_design using a maximum of 8 CPUs

Starting Placer Task

Phase 1 Placer Initialization

Phase 1.1 Placer Initialization Netlist Sorting
Netlist sorting complete. Time (s): cpu = 00:00:00 ; elapsed = 00:00:00 . Memory (MB): peak = 3530.207 ; gain = 0.000 ; free physical = 9534 ; free virtual = 13121
Phase 1.1 Placer Initialization Netlist Sorting | Checksum: 19e41acec

Time (s): cpu = 00:00:00.01 ; elapsed = 00:00:00.01 . Memory (MB): peak = 3530.207 ; gain = 0.000 ; free physical = 9534 ; free virtual = 13121
Netlist sorting complete. Time (s): cpu = 00:00:00 ; elapsed = 00:00:00 . Memory (MB): peak = 3530.207 ; gain = 0.000 ; free physical = 9534 ; free virtual = 13121

Phase 1.2 IO Placement/ Clock Placement/ Build Placer Device
INFO: [Timing 38-35] Done setting XDC timing constraints.
Phase 1.2 IO Placement/ Clock Placement/ Build Placer Device | Checksum: 185ec8f6d

Time (s): cpu = 00:00:00.35 ; elapsed = 00:00:00.2 . Memory (MB): peak = 3530.207 ; gain = 0.000 ; free physical = 9515 ; free virtual = 13106

Phase 1.3 Build Placer Netlist Model
Phase 1.3 Build Placer Netlist Model | Checksum: 1c83ca581

Time (s): cpu = 00:00:00.6 ; elapsed = 00:00:00.47 . Memory (MB): peak = 3530.207 ; gain = 0.000 ; free physical = 9514 ; free virtual = 13106

Phase 1.4 Constrain Clocks/Macros
Phase 1.4 Constrain Clocks/Macros | Checksum: 1c83ca581

Time (s): cpu = 00:00:00.61 ; elapsed = 00:00:00.47 . Memory (MB): peak = 3530.207 ; gain = 0.000 ; free physical = 9514 ; free virtual = 13106
Phase 1 Placer Initialization | Checksum: 1c83ca581

Time (s): cpu = 00:00:00.62 ; elapsed = 00:00:00.48 . Memory (MB): peak = 3530.207 ; gain = 0.000 ; free physical = 9514 ; free virtual = 13106

Phase 2 Global Placement

Phase 2.1 Floorplanning
Phase 2.1 Floorplanning | Checksum: 199ba1e12

Time (s): cpu = 00:00:00.75 ; elapsed = 00:00:00.6 . Memory (MB): peak = 3530.207 ; gain = 0.000 ; free physical = 9545 ; free virtual = 13138

Phase 2.2 Update Timing before SLR Path Opt
Phase 2.2 Update Timing before SLR Path Opt | Checksum: 21c5515b7

Time (s): cpu = 00:00:00.77 ; elapsed = 00:00:00.62 . Memory (MB): peak = 3530.207 ; gain = 0.000 ; free physical = 9546 ; free virtual = 13138

Phase 2.3 Post-Processing in Floorplanning
Phase 2.3 Post-Processing in Floorplanning | Checksum: 21c5515b7

Time (s): cpu = 00:00:00.77 ; elapsed = 00:00:00.62 . Memory (MB): peak = 3530.207 ; gain = 0.000 ; free physical = 9546 ; free virtual = 13138

Phase 2.4 Global Placement Core

Phase 2.4.1 UpdateTiming Before Physical Synthesis
Phase 2.4.1 UpdateTiming Before Physical Synthesis | Checksum: 18fae6d2a

Time (s): cpu = 00:00:02 ; elapsed = 00:00:02 . Memory (MB): peak = 3530.207 ; gain = 0.000 ; free physical = 9543 ; free virtual = 13137

Phase 2.4.2 Physical Synthesis In Placer
INFO: [Physopt 32-1035] Found 0 LUTNM shape to break, 9 LUT instances to create LUTNM shape
INFO: [Physopt 32-1044] Break lutnm for timing: one critical 0, two critical 0, total 0, new lutff created 0
INFO: [Physopt 32-1138] End 1 Pass. Optimized 4 nets or LUTs. Breaked 0 LUT, combined 4 existing LUTs and moved 0 existing LUT
INFO: [Physopt 32-65] No nets found for high-fanout optimization.
INFO: [Physopt 32-232] Optimized 0 net. Created 0 new instance.
INFO: [Physopt 32-775] End 1 Pass. Optimized 0 net or cell. Created 0 new cell, deleted 0 existing cell and moved 0 existing cell
INFO: [Physopt 32-670] No setup violation found.  DSP Register Optimization was not performed.
INFO: [Physopt 32-670] No setup violation found.  Shift Register to Pipeline Optimization was not performed.
INFO: [Physopt 32-670] No setup violation found.  Shift Register Optimization was not performed.
INFO: [Physopt 32-670] No setup violation found.  BRAM Register Optimization was not performed.
INFO: [Physopt 32-670] No setup violation found.  URAM Register Optimization was not performed.
INFO: [Physopt 32-949] No candidate nets found for dynamic/static region interface net replication
INFO: [Physopt 32-775] End 1 Pass. Optimized 0 net or cell. Created 0 new cell, deleted 0 existing cell and moved 0 existing cell
Netlist sorting complete. Time (s): cpu = 00:00:00 ; elapsed = 00:00:00 . Memory (MB): peak = 3530.207 ; gain = 0.000 ; free physical = 9540 ; free virtual = 13135

Summary of Physical Synthesis Optimizations
============================================


-----------------------------------------------------------------------------------------------------------------------------------------------------------
|  Optimization                                     |  Added Cells  |  Removed Cells  |  Optimized Cells/Nets  |  Dont Touch  |  Iterations  |  Elapsed   |
-----------------------------------------------------------------------------------------------------------------------------------------------------------
|  LUT Combining                                    |            0  |              4  |                     4  |           0  |           1  |  00:00:00  |
|  Retime                                           |            0  |              0  |                     0  |           0  |           1  |  00:00:00  |
|  Very High Fanout                                 |            0  |              0  |                     0  |           0  |           1  |  00:00:00  |
|  DSP Register                                     |            0  |              0  |                     0  |           0  |           0  |  00:00:00  |
|  Shift Register to Pipeline                       |            0  |              0  |                     0  |           0  |           0  |  00:00:00  |
|  Shift Register                                   |            0  |              0  |                     0  |           0  |           0  |  00:00:00  |
|  BRAM Register                                    |            0  |              0  |                     0  |           0  |           0  |  00:00:00  |
|  URAM Register                                    |            0  |              0  |                     0  |           0  |           0  |  00:00:00  |
|  Dynamic/Static Region Interface Net Replication  |            0  |              0  |                     0  |           0  |           1  |  00:00:00  |
|  Total                                            |            0  |              4  |                     4  |           0  |           4  |  00:00:00  |
-----------------------------------------------------------------------------------------------------------------------------------------------------------


Phase 2.4.2 Physical Synthesis In Placer | Checksum: 2acfc89a1

Time (s): cpu = 00:00:03 ; elapsed = 00:00:02 . Memory (MB): peak = 3530.207 ; gain = 0.000 ; free physical = 9539 ; free virtual = 13135
Phase 2.4 Global Placement Core | Checksum: 259cc628e

Time (s): cpu = 00:00:03 ; elapsed = 00:00:02 . Memory (MB): peak = 3530.207 ; gain = 0.000 ; free physical = 9538 ; free virtual = 13134
Phase 2 Global Placement | Checksum: 259cc628e

Time (s): cpu = 00:00:03 ; elapsed = 00:00:02 . Memory (MB): peak = 3530.207 ; gain = 0.000 ; free physical = 9538 ; free virtual = 13134

Phase 3 Detail Placement

Phase 3.1 Commit Multi Column Macros
Phase 3.1 Commit Multi Column Macros | Checksum: 2e4b6e846

Time (s): cpu = 00:00:03 ; elapsed = 00:00:02 . Memory (MB): peak = 3530.207 ; gain = 0.000 ; free physical = 9537 ; free virtual = 13133

Phase 3.2 Commit Most Macros & LUTRAMs
Phase 3.2 Commit Most Macros & LUTRAMs | Checksum: 258af2c7d

Time (s): cpu = 00:00:03 ; elapsed = 00:00:02 . Memory (MB): peak = 3530.207 ; gain = 0.000 ; free physical = 9536 ; free virtual = 13132

Phase 3.3 Area Swap Optimization
Phase 3.3 Area Swap Optimization | Checksum: 270e3d804

Time (s): cpu = 00:00:03 ; elapsed = 00:00:02 . Memory (MB): peak = 3530.207 ; gain = 0.000 ; free physical = 9536 ; free virtual = 13132

Phase 3.4 Pipeline Register Optimization
Phase 3.4 Pipeline Register Optimization | Checksum: 29fdc3732

Time (s): cpu = 00:00:03 ; elapsed = 00:00:02 . Memory (MB): peak = 3530.207 ; gain = 0.000 ; free physical = 9536 ; free virtual = 13132

Phase 3.5 Small Shape Detail Placement
Phase 3.5 Small Shape Detail Placement | Checksum: 2d93e3972

Time (s): cpu = 00:00:03 ; elapsed = 00:00:02 . Memory (MB): peak = 3530.207 ; gain = 0.000 ; free physical = 9537 ; free virtual = 13134

Phase 3.6 Re-assign LUT pins
Phase 3.6 Re-assign LUT pins | Checksum: 26fc4d0d8

Time (s): cpu = 00:00:03 ; elapsed = 00:00:02 . Memory (MB): peak = 3530.207 ; gain = 0.000 ; free physical = 9537 ; free virtual = 13134

Phase 3.7 Pipeline Register Optimization
Phase 3.7 Pipeline Register Optimization | Checksum: 29eec35a6

Time (s): cpu = 00:00:03 ; elapsed = 00:00:02 . Memory (MB): peak = 3530.207 ; gain = 0.000 ; free physical = 9537 ; free virtual = 13134
Phase 3 Detail Placement | Checksum: 29eec35a6

Time (s): cpu = 00:00:03 ; elapsed = 00:00:02 . Memory (MB): peak = 3530.207 ; gain = 0.000 ; free physical = 9537 ; free virtual = 13134

Phase 4 Post Placement Optimization and Clean-Up

Phase 4.1 Post Commit Optimization
INFO: [Timing 38-35] Done setting XDC timing constraints.

Phase 4.1.1 Post Placement Optimization
Post Placement Optimization Initialization | Checksum: 26d9c22c3

Phase 4.1.1.1 BUFG Insertion

Starting Physical Synthesis Task

Phase 1 Physical Synthesis Initialization
INFO: [Physopt 32-721] Multithreading enabled for phys_opt_design using a maximum of 8 CPUs
INFO: [Physopt 32-619] Estimated Timing Summary | WNS=4.368 | TNS=0.000 |
Phase 1 Physical Synthesis Initialization | Checksum: 1eaee7d54

Time (s): cpu = 00:00:00.03 ; elapsed = 00:00:00.02 . Memory (MB): peak = 3530.207 ; gain = 0.000 ; free physical = 9536 ; free virtual = 13133
INFO: [Place 46-56] BUFG insertion identified 0 candidate nets. Inserted BUFG: 0, Replicated BUFG Driver: 0, Skipped due to Placement/Routing Conflicts: 0, Skipped due to Timing Degradation: 0, Skipped due to netlist editing failed: 0.
Ending Physical Synthesis Task | Checksum: 28776a9c4

Time (s): cpu = 00:00:00.03 ; elapsed = 00:00:00.03 . Memory (MB): peak = 3530.207 ; gain = 0.000 ; free physical = 9536 ; free virtual = 13133
Phase 4.1.1.1 BUFG Insertion | Checksum: 26d9c22c3

Time (s): cpu = 00:00:03 ; elapsed = 00:00:03 . Memory (MB): peak = 3530.207 ; gain = 0.000 ; free physical = 9536 ; free virtual = 13133

Phase 4.1.1.2 Post Placement Timing Optimization
INFO: [Place 30-746] Post Placement Timing Summary WNS=4.368. For the most accurate timing information please run report_timing.
Phase 4.1.1.2 Post Placement Timing Optimization | Checksum: 287ee7b56

Time (s): cpu = 00:00:03 ; elapsed = 00:00:03 . Memory (MB): peak = 3530.207 ; gain = 0.000 ; free physical = 9536 ; free virtual = 13133

Time (s): cpu = 00:00:03 ; elapsed = 00:00:03 . Memory (MB): peak = 3530.207 ; gain = 0.000 ; free physical = 9536 ; free virtual = 13133
Phase 4.1 Post Commit Optimization | Checksum: 287ee7b56

Time (s): cpu = 00:00:03 ; elapsed = 00:00:03 . Memory (MB): peak = 3530.207 ; gain = 0.000 ; free physical = 9536 ; free virtual = 13133

Phase 4.2 Post Placement Cleanup
Phase 4.2 Post Placement Cleanup | Checksum: 287ee7b56

Time (s): cpu = 00:00:03 ; elapsed = 00:00:03 . Memory (MB): peak = 3530.207 ; gain = 0.000 ; free physical = 9536 ; free virtual = 13133

Phase 4.3 Placer Reporting

Phase 4.3.1 Print Estimated Congestion
INFO: [Place 30-612] Post-Placement Estimated Congestion 
 ____________________________________________________
|           | Global Congestion | Short Congestion  |
| Direction | Region Size       | Region Size       |
|___________|___________________|___________________|
|      North|                1x1|                1x1|
|___________|___________________|___________________|
|      South|                1x1|                1x1|
|___________|___________________|___________________|
|       East|                1x1|                1x1|
|___________|___________________|___________________|
|       West|                1x1|                1x1|
|___________|___________________|___________________|

Phase 4.3.1 Print Estimated Congestion | Checksum: 287ee7b56

Time (s): cpu = 00:00:03 ; elapsed = 00:00:03 . Memory (MB): peak = 3530.207 ; gain = 0.000 ; free physical = 9536 ; free virtual = 13133
Phase 4.3 Placer Reporting | Checksum: 287ee7b56

Time (s): cpu = 00:00:03 ; elapsed = 00:00:03 . Memory (MB): peak = 3530.207 ; gain = 0.000 ; free physical = 9536 ; free virtual = 13133

Phase 4.4 Final Placement Cleanup
Netlist sorting complete. Time (s): cpu = 00:00:00 ; elapsed = 00:00:00 . Memory (MB): peak = 3530.207 ; gain = 0.000 ; free physical = 9536 ; free virtual = 13133

Time (s): cpu = 00:00:03 ; elapsed = 00:00:03 . Memory (MB): peak = 3530.207 ; gain = 0.000 ; free physical = 9536 ; free virtual = 13133
Phase 4 Post Placement Optimization and Clean-Up | Checksum: 2c7d100d6

Time (s): cpu = 00:00:03 ; elapsed = 00:00:03 . Memory (MB): peak = 3530.207 ; gain = 0.000 ; free physical = 9536 ; free virtual = 13133
Ending Placer Task | Checksum: 218fad0ad

Time (s): cpu = 00:00:03 ; elapsed = 00:00:03 . Memory (MB): peak = 3530.207 ; gain = 0.000 ; free physical = 9536 ; free virtual = 13133
64 Infos, 0 Warnings, 0 Critical Warnings and 0 Errors encountered.
place_design completed successfully
INFO: [Vivado 12-24838] Running report commands "report_control_sets, report_io, report_utilization" in parallel.
Running report generation with 3 threads.
INFO: [Vivado 12-24828] Executing command : report_control_sets -verbose -file counter_10000_control_sets_placed.rpt
report_control_sets: Time (s): cpu = 00:00:00.26 ; elapsed = 00:00:00.3 . Memory (MB): peak = 3530.207 ; gain = 0.000 ; free physical = 9431 ; free virtual = 13028
INFO: [Vivado 12-24828] Executing command : report_utilization -file counter_10000_utilization_placed.rpt -pb counter_10000_utilization_placed.pb
INFO: [Vivado 12-24828] Executing command : report_io -file counter_10000_io_placed.rpt
report_io: Time (s): cpu = 00:00:00.59 ; elapsed = 00:00:00.38 . Memory (MB): peak = 3530.207 ; gain = 0.000 ; free physical = 9453 ; free virtual = 13050
Write ShapeDB Complete: Time (s): cpu = 00:00:00.01 ; elapsed = 00:00:00 . Memory (MB): peak = 3530.207 ; gain = 0.000 ; free physical = 9467 ; free virtual = 13064
INFO: [Timing 38-480] Writing timing data to binary archive.
Wrote PlaceDB: Time (s): cpu = 00:00:00.1 ; elapsed = 00:00:00.07 . Memory (MB): peak = 3530.207 ; gain = 0.000 ; free physical = 9463 ; free virtual = 13060
Wrote PulsedLatchDB: Time (s): cpu = 00:00:00 ; elapsed = 00:00:00 . Memory (MB): peak = 3530.207 ; gain = 0.000 ; free physical = 9463 ; free virtual = 13060
Writing XDEF routing.
Writing XDEF routing logical nets.
Writing XDEF routing special nets.
Wrote RouteStorage: Time (s): cpu = 00:00:00.01 ; elapsed = 00:00:00.01 . Memory (MB): peak = 3530.207 ; gain = 0.000 ; free physical = 9463 ; free virtual = 13060
Wrote Netlist Cache: Time (s): cpu = 00:00:00 ; elapsed = 00:00:00 . Memory (MB): peak = 3530.207 ; gain = 0.000 ; free physical = 9463 ; free virtual = 13060
Wrote Device Cache: Time (s): cpu = 00:00:00 ; elapsed = 00:00:00 . Memory (MB): peak = 3530.207 ; gain = 0.000 ; free physical = 9463 ; free virtual = 13061
Write Physdb Complete: Time (s): cpu = 00:00:00.12 ; elapsed = 00:00:00.1 . Memory (MB): peak = 3530.207 ; gain = 0.000 ; free physical = 9463 ; free virtual = 13061
INFO: [Common 17-1381] The checkpoint '/home/user/project/Verilog/1108_10000_counter_fsm_tick/1108_10000_counter_fsm_tick.runs/impl_1/counter_10000_placed.dcp' has been generated.
Command: phys_opt_design
Attempting to get a license for feature 'Implementation' and/or device 'xc7a35t'
INFO: [Common 17-349] Got license for feature 'Implementation' and/or device 'xc7a35t'

Starting Initial Update Timing Task

Time (s): cpu = 00:00:00.07 ; elapsed = 00:00:00.05 . Memory (MB): peak = 3530.207 ; gain = 0.000 ; free physical = 9439 ; free virtual = 13036
INFO: [Vivado_Tcl 4-2279] Estimated Timing Summary | WNS= 4.368 | TNS= 0.000 | 
INFO: [Vivado_Tcl 4-383] Design worst setup slack (WNS) is greater than or equal to 0.000 ns. All physical synthesis setup optimizations will be skipped.
INFO: [Vivado_Tcl 4-232] No setup violation found. The netlist was not modified.
INFO: [Common 17-83] Releasing license: Implementation
75 Infos, 0 Warnings, 0 Critical Warnings and 0 Errors encountered.
phys_opt_design completed successfully
Write ShapeDB Complete: Time (s): cpu = 00:00:00.01 ; elapsed = 00:00:00.01 . Memory (MB): peak = 3530.207 ; gain = 0.000 ; free physical = 9438 ; free virtual = 13035
INFO: [Timing 38-480] Writing timing data to binary archive.
Wrote PlaceDB: Time (s): cpu = 00:00:00.1 ; elapsed = 00:00:00.07 . Memory (MB): peak = 3530.207 ; gain = 0.000 ; free physical = 9420 ; free virtual = 13018
Wrote PulsedLatchDB: Time (s): cpu = 00:00:00 ; elapsed = 00:00:00 . Memory (MB): peak = 3530.207 ; gain = 0.000 ; free physical = 9420 ; free virtual = 13018
Writing XDEF routing.
Writing XDEF routing logical nets.
Writing XDEF routing special nets.
Wrote RouteStorage: Time (s): cpu = 00:00:00.01 ; elapsed = 00:00:00.02 . Memory (MB): peak = 3530.207 ; gain = 0.000 ; free physical = 9420 ; free virtual = 13017
Wrote Netlist Cache: Time (s): cpu = 00:00:00 ; elapsed = 00:00:00 . Memory (MB): peak = 3530.207 ; gain = 0.000 ; free physical = 9420 ; free virtual = 13017
Wrote Device Cache: Time (s): cpu = 00:00:00 ; elapsed = 00:00:00 . Memory (MB): peak = 3530.207 ; gain = 0.000 ; free physical = 9420 ; free virtual = 13018
Write Physdb Complete: Time (s): cpu = 00:00:00.11 ; elapsed = 00:00:00.09 . Memory (MB): peak = 3530.207 ; gain = 0.000 ; free physical = 9420 ; free virtual = 13018
INFO: [Common 17-1381] The checkpoint '/home/user/project/Verilog/1108_10000_counter_fsm_tick/1108_10000_counter_fsm_tick.runs/impl_1/counter_10000_physopt.dcp' has been generated.
Command: route_design
Attempting to get a license for feature 'Implementation' and/or device 'xc7a35t'
INFO: [Common 17-349] Got license for feature 'Implementation' and/or device 'xc7a35t'
Running DRC as a precondition to command route_design
INFO: [DRC 23-27] Running DRC with 8 threads
INFO: [Vivado_Tcl 4-198] DRC finished with 0 Errors
INFO: [Vivado_Tcl 4-199] Please refer to the DRC report (report_drc) for more information.


Starting Routing Task
INFO: [Route 35-254] Multithreading enabled for route_design using a maximum of 8 CPUs

Phase 1 Build RT Design
Checksum: PlaceDB: 908aa7af ConstDB: 0 ShapeSum: e7eecca7 RouteDB: a0815c57
Post Restoration Checksum: NetGraph: f3a241d5 | NumContArr: c23bf293 | Constraints: c2a8fa9d | Timing: c2a8fa9d
Phase 1 Build RT Design | Checksum: 33b3029a2

Time (s): cpu = 00:00:13 ; elapsed = 00:00:12 . Memory (MB): peak = 3603.898 ; gain = 36.203 ; free physical = 9312 ; free virtual = 12912

Phase 2 Router Initialization

Phase 2.1 Fix Topology Constraints
Phase 2.1 Fix Topology Constraints | Checksum: 33b3029a2

Time (s): cpu = 00:00:13 ; elapsed = 00:00:12 . Memory (MB): peak = 3604.199 ; gain = 36.504 ; free physical = 9312 ; free virtual = 12912

Phase 2.2 Pre Route Cleanup
Phase 2.2 Pre Route Cleanup | Checksum: 33b3029a2

Time (s): cpu = 00:00:13 ; elapsed = 00:00:12 . Memory (MB): peak = 3604.277 ; gain = 36.582 ; free physical = 9312 ; free virtual = 12912
 Number of Nodes with overlaps = 0

Phase 2.3 Update Timing
Phase 2.3 Update Timing | Checksum: 1eb5a8808

Time (s): cpu = 00:00:14 ; elapsed = 00:00:12 . Memory (MB): peak = 3630.375 ; gain = 62.680 ; free physical = 9293 ; free virtual = 12894
INFO: [Route 35-416] Intermediate Timing Summary | WNS=4.446  | TNS=0.000  | WHS=-0.083 | THS=-0.124 |


Router Utilization Summary
  Global Vertical Routing Utilization    = 0.000478354 %
  Global Horizontal Routing Utilization  = 0.000650703 %
  Routable Net Status*
  *Does not include unroutable nets such as driverless and loadless.
  Run report_route_status for detailed report.
  Number of Failed Nets               = 423
    (Failed Nets is the sum of unrouted and partially routed nets)
  Number of Unrouted Nets             = 423
  Number of Partially Routed Nets     = 0
  Number of Node Overlaps             = 0

Phase 2 Router Initialization | Checksum: 284d54072

Time (s): cpu = 00:00:14 ; elapsed = 00:00:12 . Memory (MB): peak = 3630.695 ; gain = 63.000 ; free physical = 9292 ; free virtual = 12894

Phase 3 Global Routing
Phase 3 Global Routing | Checksum: 284d54072

Time (s): cpu = 00:00:14 ; elapsed = 00:00:12 . Memory (MB): peak = 3630.727 ; gain = 63.031 ; free physical = 9292 ; free virtual = 12894

Phase 4 Initial Routing

Phase 4.1 Initial Net Routing Pass
Phase 4.1 Initial Net Routing Pass | Checksum: 37a042697

Time (s): cpu = 00:00:14 ; elapsed = 00:00:12 . Memory (MB): peak = 3631.203 ; gain = 63.508 ; free physical = 9292 ; free virtual = 12893
Phase 4 Initial Routing | Checksum: 37a042697

Time (s): cpu = 00:00:14 ; elapsed = 00:00:12 . Memory (MB): peak = 3631.230 ; gain = 63.535 ; free physical = 9292 ; free virtual = 12893

Phase 5 Rip-up And Reroute

Phase 5.1 Global Iteration 0
 Number of Nodes with overlaps = 13
 Number of Nodes with overlaps = 0
INFO: [Route 35-416] Intermediate Timing Summary | WNS=3.985  | TNS=0.000  | WHS=N/A    | THS=N/A    |

Phase 5.1 Global Iteration 0 | Checksum: 15e8d60a5

Time (s): cpu = 00:00:14 ; elapsed = 00:00:13 . Memory (MB): peak = 3631.711 ; gain = 64.016 ; free physical = 9292 ; free virtual = 12894

Phase 5.2 Global Iteration 1
 Number of Nodes with overlaps = 0
INFO: [Route 35-416] Intermediate Timing Summary | WNS=3.985  | TNS=0.000  | WHS=N/A    | THS=N/A    |

Phase 5.2 Global Iteration 1 | Checksum: 1488d05b9

Time (s): cpu = 00:00:14 ; elapsed = 00:00:13 . Memory (MB): peak = 3631.742 ; gain = 64.047 ; free physical = 9292 ; free virtual = 12894
Phase 5 Rip-up And Reroute | Checksum: 1488d05b9

Time (s): cpu = 00:00:14 ; elapsed = 00:00:13 . Memory (MB): peak = 3631.746 ; gain = 64.051 ; free physical = 9292 ; free virtual = 12894

Phase 6 Delay and Skew Optimization

Phase 6.1 Delay CleanUp
Phase 6.1 Delay CleanUp | Checksum: 1488d05b9

Time (s): cpu = 00:00:14 ; elapsed = 00:00:13 . Memory (MB): peak = 3631.758 ; gain = 64.062 ; free physical = 9292 ; free virtual = 12894

Phase 6.2 Clock Skew Optimization
Phase 6.2 Clock Skew Optimization | Checksum: 1488d05b9

Time (s): cpu = 00:00:14 ; elapsed = 00:00:13 . Memory (MB): peak = 3631.766 ; gain = 64.070 ; free physical = 9292 ; free virtual = 12894
Phase 6 Delay and Skew Optimization | Checksum: 1488d05b9

Time (s): cpu = 00:00:14 ; elapsed = 00:00:13 . Memory (MB): peak = 3631.770 ; gain = 64.074 ; free physical = 9292 ; free virtual = 12894

Phase 7 Post Hold Fix

Phase 7.1 Hold Fix Iter
INFO: [Route 35-416] Intermediate Timing Summary | WNS=4.064  | TNS=0.000  | WHS=0.198  | THS=0.000  |

Phase 7.1 Hold Fix Iter | Checksum: 155ac74ff

Time (s): cpu = 00:00:14 ; elapsed = 00:00:13 . Memory (MB): peak = 3631.805 ; gain = 64.109 ; free physical = 9292 ; free virtual = 12894
Phase 7 Post Hold Fix | Checksum: 155ac74ff

Time (s): cpu = 00:00:14 ; elapsed = 00:00:13 . Memory (MB): peak = 3631.805 ; gain = 64.109 ; free physical = 9292 ; free virtual = 12894

Phase 8 Route finalize

Router Utilization Summary
  Global Vertical Routing Utilization    = 0.0537352 %
  Global Horizontal Routing Utilization  = 0.0748308 %
  Routable Net Status*
  *Does not include unroutable nets such as driverless and loadless.
  Run report_route_status for detailed report.
  Number of Failed Nets               = 0
    (Failed Nets is the sum of unrouted and partially routed nets)
  Number of Unrouted Nets             = 0
  Number of Partially Routed Nets     = 0
  Number of Node Overlaps             = 0

Phase 8 Route finalize | Checksum: 155ac74ff

Time (s): cpu = 00:00:15 ; elapsed = 00:00:13 . Memory (MB): peak = 3631.848 ; gain = 64.152 ; free physical = 9292 ; free virtual = 12894

Phase 9 Verifying routed nets

 Verification completed successfully
Phase 9 Verifying routed nets | Checksum: 155ac74ff

Time (s): cpu = 00:00:15 ; elapsed = 00:00:13 . Memory (MB): peak = 3631.863 ; gain = 64.168 ; free physical = 9292 ; free virtual = 12894

Phase 10 Depositing Routes
Phase 10 Depositing Routes | Checksum: 1438dd3a0

Time (s): cpu = 00:00:15 ; elapsed = 00:00:13 . Memory (MB): peak = 3632.227 ; gain = 64.531 ; free physical = 9292 ; free virtual = 12893

Phase 11 Post Process Routing
Phase 11 Post Process Routing | Checksum: 1438dd3a0

Time (s): cpu = 00:00:15 ; elapsed = 00:00:13 . Memory (MB): peak = 3632.227 ; gain = 64.531 ; free physical = 9292 ; free virtual = 12893

Phase 12 Post Router Timing
INFO: [Route 35-57] Estimated Timing Summary | WNS=4.064  | TNS=0.000  | WHS=0.198  | THS=0.000  |

INFO: [Route 35-327] The final timing numbers are based on the router estimated timing analysis. For a complete and accurate timing signoff, please run report_timing_summary.
Phase 12 Post Router Timing | Checksum: 1438dd3a0

Time (s): cpu = 00:00:15 ; elapsed = 00:00:13 . Memory (MB): peak = 3632.227 ; gain = 64.531 ; free physical = 9292 ; free virtual = 12893
Total Elapsed time in route_design: 12.71 secs

Phase 13 Post-Route Event Processing
Phase 13 Post-Route Event Processing | Checksum: 19e4f26b9

Time (s): cpu = 00:00:15 ; elapsed = 00:00:13 . Memory (MB): peak = 3632.227 ; gain = 64.531 ; free physical = 9292 ; free virtual = 12893
INFO: [Route 35-16] Router Completed Successfully
Ending Routing Task | Checksum: 19e4f26b9

Time (s): cpu = 00:00:15 ; elapsed = 00:00:13 . Memory (MB): peak = 3632.227 ; gain = 64.531 ; free physical = 9292 ; free virtual = 12893

Routing Is Done.
INFO: [Common 17-83] Releasing license: Implementation
90 Infos, 0 Warnings, 0 Critical Warnings and 0 Errors encountered.
route_design completed successfully
route_design: Time (s): cpu = 00:00:16 ; elapsed = 00:00:13 . Memory (MB): peak = 3759.359 ; gain = 229.152 ; free physical = 9292 ; free virtual = 12893
INFO: [Vivado 12-24828] Executing command : report_drc -file counter_10000_drc_routed.rpt -pb counter_10000_drc_routed.pb -rpx counter_10000_drc_routed.rpx
Command: report_drc -file counter_10000_drc_routed.rpt -pb counter_10000_drc_routed.pb -rpx counter_10000_drc_routed.rpx
INFO: [IP_Flow 19-1839] IP Catalog is up to date.
INFO: [DRC 23-27] Running DRC with 8 threads
INFO: [Vivado_Tcl 2-168] The results of DRC are in file /home/user/project/Verilog/1108_10000_counter_fsm_tick/1108_10000_counter_fsm_tick.runs/impl_1/counter_10000_drc_routed.rpt.
report_drc completed successfully
INFO: [Vivado 12-24828] Executing command : report_methodology -file counter_10000_methodology_drc_routed.rpt -pb counter_10000_methodology_drc_routed.pb -rpx counter_10000_methodology_drc_routed.rpx
Command: report_methodology -file counter_10000_methodology_drc_routed.rpt -pb counter_10000_methodology_drc_routed.pb -rpx counter_10000_methodology_drc_routed.rpx
INFO: [Timing 38-35] Done setting XDC timing constraints.
INFO: [DRC 23-133] Running Methodology with 8 threads
INFO: [Vivado_Tcl 2-1520] The results of Report Methodology are in file /home/user/project/Verilog/1108_10000_counter_fsm_tick/1108_10000_counter_fsm_tick.runs/impl_1/counter_10000_methodology_drc_routed.rpt.
report_methodology completed successfully
INFO: [Vivado 12-24828] Executing command : report_timing_summary -max_paths 10 -file counter_10000_timing_summary_routed.rpt -pb counter_10000_timing_summary_routed.pb -rpx counter_10000_timing_summary_routed.rpx -warn_on_violation 
INFO: [Timing 38-35] Done setting XDC timing constraints.
INFO: [Timing 38-91] UpdateTimingParams: Speed grade: -1, Delay Type: min_max.
INFO: [Timing 38-191] Multithreading enabled for timing update using a maximum of 8 CPUs
INFO: [Vivado 12-24838] Running report commands "report_bus_skew, report_incremental_reuse, report_route_status" in parallel.
Running report generation with 3 threads.
INFO: [Vivado 12-24828] Executing command : report_incremental_reuse -file counter_10000_incremental_reuse_routed.rpt
INFO: [Vivado_Tcl 4-1062] Incremental flow is disabled. No incremental reuse Info to report.
INFO: [Vivado 12-24828] Executing command : report_route_status -file counter_10000_route_status.rpt -pb counter_10000_route_status.pb
INFO: [Vivado 12-24828] Executing command : report_bus_skew -warn_on_violation -file counter_10000_bus_skew_routed.rpt -pb counter_10000_bus_skew_routed.pb -rpx counter_10000_bus_skew_routed.rpx
INFO: [Timing 38-91] UpdateTimingParams: Speed grade: -1, Delay Type: min_max.
INFO: [Timing 38-191] Multithreading enabled for timing update using a maximum of 8 CPUs
INFO: [Vivado 12-24828] Executing command : report_power -file counter_10000_power_routed.rpt -pb counter_10000_power_summary_routed.pb -rpx counter_10000_power_routed.rpx
Command: report_power -file counter_10000_power_routed.rpt -pb counter_10000_power_summary_routed.pb -rpx counter_10000_power_routed.rpx
Running Vector-less Activity Propagation...

Finished Running Vector-less Activity Propagation
110 Infos, 0 Warnings, 0 Critical Warnings and 0 Errors encountered.
report_power completed successfully
INFO: [Vivado 12-24828] Executing command : report_clock_utilization -file counter_10000_clock_utilization_routed.rpt
WARNING: [Device 21-9320] Failed to find the Oracle tile group with name 'HSR_BOUNDARY_TOP'. This is required for Clock regions and Virtual grid.
WARNING: [Device 21-2174] Failed to initialize Virtual grid.
Write ShapeDB Complete: Time (s): cpu = 00:00:00 ; elapsed = 00:00:00.01 . Memory (MB): peak = 3872.734 ; gain = 0.000 ; free physical = 9183 ; free virtual = 12786
INFO: [Timing 38-480] Writing timing data to binary archive.
Wrote PlaceDB: Time (s): cpu = 00:00:00.1 ; elapsed = 00:00:00.08 . Memory (MB): peak = 3872.734 ; gain = 0.000 ; free physical = 9182 ; free virtual = 12785
Wrote PulsedLatchDB: Time (s): cpu = 00:00:00 ; elapsed = 00:00:00 . Memory (MB): peak = 3872.734 ; gain = 0.000 ; free physical = 9182 ; free virtual = 12785
Writing XDEF routing.
Writing XDEF routing logical nets.
Writing XDEF routing special nets.
Wrote RouteStorage: Time (s): cpu = 00:00:00.02 ; elapsed = 00:00:00.02 . Memory (MB): peak = 3872.734 ; gain = 0.000 ; free physical = 9182 ; free virtual = 12785
Wrote Netlist Cache: Time (s): cpu = 00:00:00 ; elapsed = 00:00:00 . Memory (MB): peak = 3872.734 ; gain = 0.000 ; free physical = 9182 ; free virtual = 12785
Wrote Device Cache: Time (s): cpu = 00:00:00 ; elapsed = 00:00:00.01 . Memory (MB): peak = 3872.734 ; gain = 0.000 ; free physical = 9182 ; free virtual = 12785
Write Physdb Complete: Time (s): cpu = 00:00:00.13 ; elapsed = 00:00:00.11 . Memory (MB): peak = 3872.734 ; gain = 0.000 ; free physical = 9182 ; free virtual = 12785
INFO: [Common 17-1381] The checkpoint '/home/user/project/Verilog/1108_10000_counter_fsm_tick/1108_10000_counter_fsm_tick.runs/impl_1/counter_10000_routed.dcp' has been generated.
Command: write_bitstream -force counter_10000.bit
Attempting to get a license for feature 'Implementation' and/or device 'xc7a35t'
INFO: [Common 17-349] Got license for feature 'Implementation' and/or device 'xc7a35t'
Running DRC as a precondition to command write_bitstream
INFO: [IP_Flow 19-1839] IP Catalog is up to date.
INFO: [DRC 23-27] Running DRC with 8 threads
INFO: [Vivado 12-3199] DRC finished with 0 Errors
INFO: [Vivado 12-3200] Please refer to the DRC report (report_drc) for more information.
INFO: [Designutils 20-2272] Running write_bitstream with 8 threads.
Loading data files...
Loading site data...
Loading route data...
Processing options...
Creating bitmap...
Creating bitstream...
Writing bitstream ./counter_10000.bit...
INFO: [Vivado 12-1842] Bitgen Completed Successfully.
INFO: [Project 1-1876] WebTalk data collection is mandatory when using a ULT device. To see the specific WebTalk data collected for your design, open the usage_statistics_webtalk.html or usage_statistics_webtalk.xml file in the implementation directory.
INFO: [Common 17-83] Releasing license: Implementation
122 Infos, 2 Warnings, 0 Critical Warnings and 0 Errors encountered.
write_bitstream completed successfully
write_bitstream: Time (s): cpu = 00:00:10 ; elapsed = 00:00:18 . Memory (MB): peak = 4088.547 ; gain = 215.812 ; free physical = 8925 ; free virtual = 12532
INFO: [Common 17-206] Exiting Vivado at Sun Nov 10 03:31:09 2024...
