
*** Running vivado
    with args -log top_VGA_CAMERA.vds -m64 -product Vivado -mode batch -messageDb vivado.pb -notrace -source top_VGA_CAMERA.tcl



****** Vivado v2020.2 (64-bit)
  **** SW Build 3064766 on Wed Nov 18 09:12:45 MST 2020
  **** IP Build 3064653 on Wed Nov 18 14:17:31 MST 2020
    ** Copyright 1986-2020 Xilinx, Inc. All Rights Reserved.

source top_VGA_CAMERA.tcl -notrace
Command: synth_design -top top_VGA_CAMERA -part xc7a35tcpg236-1
Starting synth_design
Attempting to get a license for feature 'Synthesis' and/or device 'xc7a35t'
INFO: [Common 17-349] Got license for feature 'Synthesis' and/or device 'xc7a35t'
INFO: [Device 21-403] Loading part xc7a35tcpg236-1
INFO: [Synth 8-7079] Multithreading enabled for synth_design using a maximum of 2 processes.
INFO: [Synth 8-7078] Launching helper process for spawning children vivado processes
INFO: [Synth 8-7075] Helper process launched with PID 8000
---------------------------------------------------------------------------------
Starting RTL Elaboration : Time (s): cpu = 00:00:04 ; elapsed = 00:00:04 . Memory (MB): peak = 1111.172 ; gain = 8.992
---------------------------------------------------------------------------------
INFO: [Synth 8-6157] synthesizing module 'top_VGA_CAMERA' [D:/Verilog/Verilog/TeamProject_StereoDepth_HO/TeamProject_StereoDepth.srcs/sources_1/imports/new/top_VGA_CAMERA.sv:5]
INFO: [Synth 8-6157] synthesizing module 'clk_wiz_0' [D:/Verilog/Verilog/TeamProject_StereoDepth_HO/TeamProject_StereoDepth.runs/synth_1/.Xil/Vivado-12492-DESKTOP-PFRE25G/realtime/clk_wiz_0_stub.v:5]
INFO: [Synth 8-6155] done synthesizing module 'clk_wiz_0' (1#1) [D:/Verilog/Verilog/TeamProject_StereoDepth_HO/TeamProject_StereoDepth.runs/synth_1/.Xil/Vivado-12492-DESKTOP-PFRE25G/realtime/clk_wiz_0_stub.v:5]
INFO: [Synth 8-6157] synthesizing module 'rbt2gray' [D:/Verilog/Verilog/TeamProject_StereoDepth_HO/TeamProject_StereoDepth.srcs/sources_1/imports/new/top_VGA_CAMERA.sv:364]
	Parameter RW bound to: 8'b01001100 
	Parameter GW bound to: 8'b10010110 
	Parameter BW bound to: 8'b00011110 
INFO: [Synth 8-6155] done synthesizing module 'rbt2gray' (2#1) [D:/Verilog/Verilog/TeamProject_StereoDepth_HO/TeamProject_StereoDepth.srcs/sources_1/imports/new/top_VGA_CAMERA.sv:364]
INFO: [Synth 8-6157] synthesizing module 'camera_configure' [D:/Verilog/Verilog/TeamProject_StereoDepth_HO/TeamProject_StereoDepth.srcs/sources_1/imports/Downloads/camera_configure.v:23]
	Parameter CLK_FREQ bound to: 25000000 - type: integer 
INFO: [Synth 8-6157] synthesizing module 'OV7670_config_rom' [D:/Verilog/Verilog/TeamProject_StereoDepth_HO/TeamProject_StereoDepth.srcs/sources_1/imports/Downloads/OV7670_config_rom.v:3]
INFO: [Synth 8-6155] done synthesizing module 'OV7670_config_rom' (3#1) [D:/Verilog/Verilog/TeamProject_StereoDepth_HO/TeamProject_StereoDepth.srcs/sources_1/imports/Downloads/OV7670_config_rom.v:3]
INFO: [Synth 8-6157] synthesizing module 'OV7670_config' [D:/Verilog/Verilog/TeamProject_StereoDepth_HO/TeamProject_StereoDepth.srcs/sources_1/imports/Downloads/OV7670_config.v:23]
	Parameter CLK_FREQ bound to: 25000000 - type: integer 
	Parameter FSM_IDLE bound to: 0 - type: integer 
	Parameter FSM_SEND_CMD bound to: 1 - type: integer 
	Parameter FSM_DONE bound to: 2 - type: integer 
	Parameter FSM_TIMER bound to: 3 - type: integer 
INFO: [Synth 8-155] case statement is not full and has no default [D:/Verilog/Verilog/TeamProject_StereoDepth_HO/TeamProject_StereoDepth.srcs/sources_1/imports/Downloads/OV7670_config.v:56]
INFO: [Synth 8-6155] done synthesizing module 'OV7670_config' (4#1) [D:/Verilog/Verilog/TeamProject_StereoDepth_HO/TeamProject_StereoDepth.srcs/sources_1/imports/Downloads/OV7670_config.v:23]
INFO: [Synth 8-6157] synthesizing module 'SCCB_interface' [D:/Verilog/Verilog/TeamProject_StereoDepth_HO/TeamProject_StereoDepth.srcs/sources_1/imports/Downloads/SCCB_interface.v:23]
	Parameter CLK_FREQ bound to: 25000000 - type: integer 
	Parameter SCCB_FREQ bound to: 100000 - type: integer 
	Parameter CAMERA_ADDR bound to: 8'b01000010 
	Parameter FSM_IDLE bound to: 0 - type: integer 
	Parameter FSM_START_SIGNAL bound to: 1 - type: integer 
	Parameter FSM_LOAD_BYTE bound to: 2 - type: integer 
	Parameter FSM_TX_BYTE_1 bound to: 3 - type: integer 
	Parameter FSM_TX_BYTE_2 bound to: 4 - type: integer 
	Parameter FSM_TX_BYTE_3 bound to: 5 - type: integer 
	Parameter FSM_TX_BYTE_4 bound to: 6 - type: integer 
	Parameter FSM_END_SIGNAL_1 bound to: 7 - type: integer 
	Parameter FSM_END_SIGNAL_2 bound to: 8 - type: integer 
	Parameter FSM_END_SIGNAL_3 bound to: 9 - type: integer 
	Parameter FSM_END_SIGNAL_4 bound to: 10 - type: integer 
	Parameter FSM_DONE bound to: 11 - type: integer 
	Parameter FSM_TIMER bound to: 12 - type: integer 
INFO: [Synth 8-155] case statement is not full and has no default [D:/Verilog/Verilog/TeamProject_StereoDepth_HO/TeamProject_StereoDepth.srcs/sources_1/imports/Downloads/SCCB_interface.v:72]
INFO: [Synth 8-6155] done synthesizing module 'SCCB_interface' (5#1) [D:/Verilog/Verilog/TeamProject_StereoDepth_HO/TeamProject_StereoDepth.srcs/sources_1/imports/Downloads/SCCB_interface.v:23]
INFO: [Synth 8-6155] done synthesizing module 'camera_configure' (6#1) [D:/Verilog/Verilog/TeamProject_StereoDepth_HO/TeamProject_StereoDepth.srcs/sources_1/imports/Downloads/camera_configure.v:23]
INFO: [Synth 8-6157] synthesizing module 'display_mux_2x1' [D:/Verilog/Verilog/TeamProject_StereoDepth_HO/TeamProject_StereoDepth.srcs/sources_1/imports/new/top_VGA_CAMERA.sv:331]
INFO: [Synth 8-6155] done synthesizing module 'display_mux_2x1' (7#1) [D:/Verilog/Verilog/TeamProject_StereoDepth_HO/TeamProject_StereoDepth.srcs/sources_1/imports/new/top_VGA_CAMERA.sv:331]
WARNING: [Synth 8-7071] port 'qvga_en3' of module 'display_mux_2x1' is unconnected for instance 'U_display_mux_2x1' [D:/Verilog/Verilog/TeamProject_StereoDepth_HO/TeamProject_StereoDepth.srcs/sources_1/imports/new/top_VGA_CAMERA.sv:112]
WARNING: [Synth 8-7023] instance 'U_display_mux_2x1' of module 'display_mux_2x1' has 7 connections declared, but only 6 given [D:/Verilog/Verilog/TeamProject_StereoDepth_HO/TeamProject_StereoDepth.srcs/sources_1/imports/new/top_VGA_CAMERA.sv:112]
INFO: [Synth 8-6157] synthesizing module 'ov7670_SetData' [D:/Verilog/Verilog/TeamProject_StereoDepth_HO/TeamProject_StereoDepth.srcs/sources_1/imports/new/ov7670_SetData.sv:3]
INFO: [Synth 8-6155] done synthesizing module 'ov7670_SetData' (8#1) [D:/Verilog/Verilog/TeamProject_StereoDepth_HO/TeamProject_StereoDepth.srcs/sources_1/imports/new/ov7670_SetData.sv:3]
INFO: [Synth 8-6157] synthesizing module 'frameBuffer' [D:/Verilog/Verilog/TeamProject_StereoDepth_HO/TeamProject_StereoDepth.srcs/sources_1/imports/new/FrameBuffer.sv:5]
INFO: [Synth 8-6155] done synthesizing module 'frameBuffer' (9#1) [D:/Verilog/Verilog/TeamProject_StereoDepth_HO/TeamProject_StereoDepth.srcs/sources_1/imports/new/FrameBuffer.sv:5]
INFO: [Synth 8-6157] synthesizing module 'qvga_addr_decoder' [D:/Verilog/Verilog/TeamProject_StereoDepth_HO/TeamProject_StereoDepth.srcs/sources_1/imports/new/top_VGA_CAMERA.sv:238]
INFO: [Synth 8-6155] done synthesizing module 'qvga_addr_decoder' (10#1) [D:/Verilog/Verilog/TeamProject_StereoDepth_HO/TeamProject_StereoDepth.srcs/sources_1/imports/new/top_VGA_CAMERA.sv:238]
INFO: [Synth 8-6157] synthesizing module 'vga_controller' [D:/Verilog/Verilog/TeamProject_StereoDepth_HO/TeamProject_StereoDepth.srcs/sources_1/imports/new/vga_controller.sv:3]
INFO: [Synth 8-6157] synthesizing module 'pixel_counter' [D:/Verilog/Verilog/TeamProject_StereoDepth_HO/TeamProject_StereoDepth.srcs/sources_1/imports/new/vga_controller.sv:62]
	Parameter H_PIX_MAX bound to: 800 - type: integer 
	Parameter V_LINE_MAX bound to: 525 - type: integer 
INFO: [Synth 8-6155] done synthesizing module 'pixel_counter' (11#1) [D:/Verilog/Verilog/TeamProject_StereoDepth_HO/TeamProject_StereoDepth.srcs/sources_1/imports/new/vga_controller.sv:62]
INFO: [Synth 8-6157] synthesizing module 'vga_decoder' [D:/Verilog/Verilog/TeamProject_StereoDepth_HO/TeamProject_StereoDepth.srcs/sources_1/imports/new/vga_controller.sv:34]
	Parameter H_Visible_area bound to: 640 - type: integer 
	Parameter H_Front_porch bound to: 16 - type: integer 
	Parameter H_Sync_pulse bound to: 96 - type: integer 
	Parameter H_Back_porch bound to: 48 - type: integer 
	Parameter H_Whole_line bound to: 800 - type: integer 
	Parameter V_Visible_area bound to: 480 - type: integer 
	Parameter V_Front_porch bound to: 10 - type: integer 
	Parameter V_Sync_pulse bound to: 2 - type: integer 
	Parameter V_Back_porch bound to: 33 - type: integer 
	Parameter V_Whole_frame bound to: 525 - type: integer 
INFO: [Synth 8-6155] done synthesizing module 'vga_decoder' (12#1) [D:/Verilog/Verilog/TeamProject_StereoDepth_HO/TeamProject_StereoDepth.srcs/sources_1/imports/new/vga_controller.sv:34]
INFO: [Synth 8-6155] done synthesizing module 'vga_controller' (13#1) [D:/Verilog/Verilog/TeamProject_StereoDepth_HO/TeamProject_StereoDepth.srcs/sources_1/imports/new/vga_controller.sv:3]
INFO: [Synth 8-6157] synthesizing module 'rgb2gray' [D:/Verilog/Verilog/TeamProject_StereoDepth_HO/TeamProject_StereoDepth.srcs/sources_1/imports/new/top_VGA_CAMERA.sv:381]
	Parameter RW bound to: 8'b01001100 
	Parameter GW bound to: 8'b10010110 
	Parameter BW bound to: 8'b00011110 
INFO: [Synth 8-6155] done synthesizing module 'rgb2gray' (14#1) [D:/Verilog/Verilog/TeamProject_StereoDepth_HO/TeamProject_StereoDepth.srcs/sources_1/imports/new/top_VGA_CAMERA.sv:381]
INFO: [Synth 8-6157] synthesizing module 'disparity_generator' [D:/Verilog/Verilog/TeamProject_StereoDepth_HO/TeamProject_StereoDepth.srcs/sources_1/new/disparityGenerator.sv:71]
	Parameter IDLE bound to: 0 - type: integer 
	Parameter COMP bound to: 1 - type: integer 
	Parameter WAIT bound to: 2 - type: integer 
WARNING: [Synth 8-324] index 160 out of range [D:/Verilog/Verilog/TeamProject_StereoDepth_HO/TeamProject_StereoDepth.srcs/sources_1/new/disparityGenerator.sv:154]
WARNING: [Synth 8-324] index 160 out of range [D:/Verilog/Verilog/TeamProject_StereoDepth_HO/TeamProject_StereoDepth.srcs/sources_1/new/disparityGenerator.sv:154]
WARNING: [Synth 8-324] index 160 out of range [D:/Verilog/Verilog/TeamProject_StereoDepth_HO/TeamProject_StereoDepth.srcs/sources_1/new/disparityGenerator.sv:154]
WARNING: [Synth 8-324] index 160 out of range [D:/Verilog/Verilog/TeamProject_StereoDepth_HO/TeamProject_StereoDepth.srcs/sources_1/new/disparityGenerator.sv:153]
WARNING: [Synth 8-324] index 160 out of range [D:/Verilog/Verilog/TeamProject_StereoDepth_HO/TeamProject_StereoDepth.srcs/sources_1/new/disparityGenerator.sv:153]
WARNING: [Synth 8-324] index 160 out of range [D:/Verilog/Verilog/TeamProject_StereoDepth_HO/TeamProject_StereoDepth.srcs/sources_1/new/disparityGenerator.sv:153]
WARNING: [Synth 8-324] index 161 out of range [D:/Verilog/Verilog/TeamProject_StereoDepth_HO/TeamProject_StereoDepth.srcs/sources_1/new/disparityGenerator.sv:154]
WARNING: [Synth 8-324] index 161 out of range [D:/Verilog/Verilog/TeamProject_StereoDepth_HO/TeamProject_StereoDepth.srcs/sources_1/new/disparityGenerator.sv:154]
WARNING: [Synth 8-324] index 161 out of range [D:/Verilog/Verilog/TeamProject_StereoDepth_HO/TeamProject_StereoDepth.srcs/sources_1/new/disparityGenerator.sv:154]
WARNING: [Synth 8-324] index 160 out of range [D:/Verilog/Verilog/TeamProject_StereoDepth_HO/TeamProject_StereoDepth.srcs/sources_1/new/disparityGenerator.sv:152]
WARNING: [Synth 8-324] index 160 out of range [D:/Verilog/Verilog/TeamProject_StereoDepth_HO/TeamProject_StereoDepth.srcs/sources_1/new/disparityGenerator.sv:152]
WARNING: [Synth 8-324] index 160 out of range [D:/Verilog/Verilog/TeamProject_StereoDepth_HO/TeamProject_StereoDepth.srcs/sources_1/new/disparityGenerator.sv:152]
WARNING: [Synth 8-324] index 161 out of range [D:/Verilog/Verilog/TeamProject_StereoDepth_HO/TeamProject_StereoDepth.srcs/sources_1/new/disparityGenerator.sv:153]
WARNING: [Synth 8-324] index 161 out of range [D:/Verilog/Verilog/TeamProject_StereoDepth_HO/TeamProject_StereoDepth.srcs/sources_1/new/disparityGenerator.sv:153]
WARNING: [Synth 8-324] index 161 out of range [D:/Verilog/Verilog/TeamProject_StereoDepth_HO/TeamProject_StereoDepth.srcs/sources_1/new/disparityGenerator.sv:153]
WARNING: [Synth 8-324] index 162 out of range [D:/Verilog/Verilog/TeamProject_StereoDepth_HO/TeamProject_StereoDepth.srcs/sources_1/new/disparityGenerator.sv:154]
WARNING: [Synth 8-324] index 162 out of range [D:/Verilog/Verilog/TeamProject_StereoDepth_HO/TeamProject_StereoDepth.srcs/sources_1/new/disparityGenerator.sv:154]
WARNING: [Synth 8-324] index 162 out of range [D:/Verilog/Verilog/TeamProject_StereoDepth_HO/TeamProject_StereoDepth.srcs/sources_1/new/disparityGenerator.sv:154]
WARNING: [Synth 8-324] index 160 out of range [D:/Verilog/Verilog/TeamProject_StereoDepth_HO/TeamProject_StereoDepth.srcs/sources_1/new/disparityGenerator.sv:151]
WARNING: [Synth 8-324] index 160 out of range [D:/Verilog/Verilog/TeamProject_StereoDepth_HO/TeamProject_StereoDepth.srcs/sources_1/new/disparityGenerator.sv:151]
WARNING: [Synth 8-324] index 160 out of range [D:/Verilog/Verilog/TeamProject_StereoDepth_HO/TeamProject_StereoDepth.srcs/sources_1/new/disparityGenerator.sv:151]
WARNING: [Synth 8-324] index 161 out of range [D:/Verilog/Verilog/TeamProject_StereoDepth_HO/TeamProject_StereoDepth.srcs/sources_1/new/disparityGenerator.sv:152]
WARNING: [Synth 8-324] index 161 out of range [D:/Verilog/Verilog/TeamProject_StereoDepth_HO/TeamProject_StereoDepth.srcs/sources_1/new/disparityGenerator.sv:152]
WARNING: [Synth 8-324] index 161 out of range [D:/Verilog/Verilog/TeamProject_StereoDepth_HO/TeamProject_StereoDepth.srcs/sources_1/new/disparityGenerator.sv:152]
WARNING: [Synth 8-324] index 162 out of range [D:/Verilog/Verilog/TeamProject_StereoDepth_HO/TeamProject_StereoDepth.srcs/sources_1/new/disparityGenerator.sv:153]
WARNING: [Synth 8-324] index 162 out of range [D:/Verilog/Verilog/TeamProject_StereoDepth_HO/TeamProject_StereoDepth.srcs/sources_1/new/disparityGenerator.sv:153]
WARNING: [Synth 8-324] index 162 out of range [D:/Verilog/Verilog/TeamProject_StereoDepth_HO/TeamProject_StereoDepth.srcs/sources_1/new/disparityGenerator.sv:153]
WARNING: [Synth 8-324] index 163 out of range [D:/Verilog/Verilog/TeamProject_StereoDepth_HO/TeamProject_StereoDepth.srcs/sources_1/new/disparityGenerator.sv:154]
WARNING: [Synth 8-324] index 163 out of range [D:/Verilog/Verilog/TeamProject_StereoDepth_HO/TeamProject_StereoDepth.srcs/sources_1/new/disparityGenerator.sv:154]
WARNING: [Synth 8-324] index 163 out of range [D:/Verilog/Verilog/TeamProject_StereoDepth_HO/TeamProject_StereoDepth.srcs/sources_1/new/disparityGenerator.sv:154]
INFO: [Synth 8-155] case statement is not full and has no default [D:/Verilog/Verilog/TeamProject_StereoDepth_HO/TeamProject_StereoDepth.srcs/sources_1/new/disparityGenerator.sv:141]
INFO: [Synth 8-6155] done synthesizing module 'disparity_generator' (15#1) [D:/Verilog/Verilog/TeamProject_StereoDepth_HO/TeamProject_StereoDepth.srcs/sources_1/new/disparityGenerator.sv:71]
INFO: [Synth 8-6155] done synthesizing module 'top_VGA_CAMERA' (16#1) [D:/Verilog/Verilog/TeamProject_StereoDepth_HO/TeamProject_StereoDepth.srcs/sources_1/imports/new/top_VGA_CAMERA.sv:5]
---------------------------------------------------------------------------------
Finished RTL Elaboration : Time (s): cpu = 00:00:10 ; elapsed = 00:00:11 . Memory (MB): peak = 1382.289 ; gain = 280.109
---------------------------------------------------------------------------------
---------------------------------------------------------------------------------
Start Handling Custom Attributes
---------------------------------------------------------------------------------
---------------------------------------------------------------------------------
Finished Handling Custom Attributes : Time (s): cpu = 00:00:12 ; elapsed = 00:00:13 . Memory (MB): peak = 1382.289 ; gain = 280.109
---------------------------------------------------------------------------------
---------------------------------------------------------------------------------
Finished RTL Optimization Phase 1 : Time (s): cpu = 00:00:12 ; elapsed = 00:00:13 . Memory (MB): peak = 1382.289 ; gain = 280.109
---------------------------------------------------------------------------------
Netlist sorting complete. Time (s): cpu = 00:00:01 ; elapsed = 00:00:00.300 . Memory (MB): peak = 1382.289 ; gain = 0.000
INFO: [Project 1-570] Preparing netlist for logic optimization

Processing XDC Constraints
Initializing timing engine
Parsing XDC File [d:/Verilog/Verilog/TeamProject_StereoDepth_HO/TeamProject_StereoDepth.gen/sources_1/ip/clk_wiz_0/clk_wiz_0/clk_wiz_0_in_context.xdc] for cell 'U_clk_gene'
Finished Parsing XDC File [d:/Verilog/Verilog/TeamProject_StereoDepth_HO/TeamProject_StereoDepth.gen/sources_1/ip/clk_wiz_0/clk_wiz_0/clk_wiz_0_in_context.xdc] for cell 'U_clk_gene'
Parsing XDC File [D:/Verilog/Verilog/TeamProject_StereoDepth_HO/TeamProject_StereoDepth.srcs/constrs_1/imports/Downloads/MY_Basys-3-Master.xdc]
Finished Parsing XDC File [D:/Verilog/Verilog/TeamProject_StereoDepth_HO/TeamProject_StereoDepth.srcs/constrs_1/imports/Downloads/MY_Basys-3-Master.xdc]
INFO: [Project 1-236] Implementation specific constraints were found while reading constraint file [D:/Verilog/Verilog/TeamProject_StereoDepth_HO/TeamProject_StereoDepth.srcs/constrs_1/imports/Downloads/MY_Basys-3-Master.xdc]. These constraints will be ignored for synthesis but will be used in implementation. Impacted constraints are listed in the file [.Xil/top_VGA_CAMERA_propImpl.xdc].
Resolution: To avoid this warning, move constraints listed in [.Xil/top_VGA_CAMERA_propImpl.xdc] to another XDC file and exclude this new file from synthesis with the used_in_synthesis property (File Properties dialog in GUI) and re-run elaboration/synthesis.
Parsing XDC File [D:/Verilog/Verilog/TeamProject_StereoDepth_HO/TeamProject_StereoDepth.runs/synth_1/dont_touch.xdc]
Finished Parsing XDC File [D:/Verilog/Verilog/TeamProject_StereoDepth_HO/TeamProject_StereoDepth.runs/synth_1/dont_touch.xdc]
Completed Processing XDC Constraints

Netlist sorting complete. Time (s): cpu = 00:00:00 ; elapsed = 00:00:00.004 . Memory (MB): peak = 1457.793 ; gain = 0.000
INFO: [Project 1-111] Unisim Transformation Summary:
No Unisim elements were transformed.

Constraint Validation Runtime : Time (s): cpu = 00:00:00 ; elapsed = 00:00:00.060 . Memory (MB): peak = 1457.793 ; gain = 0.000
---------------------------------------------------------------------------------
Finished Constraint Validation : Time (s): cpu = 00:00:22 ; elapsed = 00:00:23 . Memory (MB): peak = 1457.793 ; gain = 355.613
---------------------------------------------------------------------------------
---------------------------------------------------------------------------------
Start Loading Part and Timing Information
---------------------------------------------------------------------------------
Loading part: xc7a35tcpg236-1
---------------------------------------------------------------------------------
Finished Loading Part and Timing Information : Time (s): cpu = 00:00:22 ; elapsed = 00:00:23 . Memory (MB): peak = 1457.793 ; gain = 355.613
---------------------------------------------------------------------------------
---------------------------------------------------------------------------------
Start Applying 'set_property' XDC Constraints
---------------------------------------------------------------------------------
Applied set_property IO_BUFFER_TYPE = NONE for clk. (constraint file  d:/Verilog/Verilog/TeamProject_StereoDepth_HO/TeamProject_StereoDepth.gen/sources_1/ip/clk_wiz_0/clk_wiz_0/clk_wiz_0_in_context.xdc, line 7).
Applied set_property CLOCK_BUFFER_TYPE = NONE for clk. (constraint file  d:/Verilog/Verilog/TeamProject_StereoDepth_HO/TeamProject_StereoDepth.gen/sources_1/ip/clk_wiz_0/clk_wiz_0/clk_wiz_0_in_context.xdc, line 8).
Applied set_property KEEP_HIERARCHY = SOFT for U_clk_gene. (constraint file  auto generated constraint).
---------------------------------------------------------------------------------
Finished applying 'set_property' XDC Constraints : Time (s): cpu = 00:00:22 ; elapsed = 00:00:23 . Memory (MB): peak = 1457.793 ; gain = 355.613
---------------------------------------------------------------------------------
INFO: [Synth 8-802] inferred FSM for state register 'state_reg_reg' in module 'disparity_generator'
WARNING: [Synth 8-327] inferring latch for variable 'temp_mem_reg[0]' [D:/Verilog/Verilog/TeamProject_StereoDepth_HO/TeamProject_StereoDepth.srcs/sources_1/new/disparityGenerator.sv:96]
---------------------------------------------------------------------------------------------------
                   State |                     New Encoding |                Previous Encoding 
---------------------------------------------------------------------------------------------------
                    IDLE |                                0 |                               00
                    COMP |                                1 |                               01
---------------------------------------------------------------------------------------------------
INFO: [Synth 8-3354] encoded FSM with state register 'state_reg_reg' using encoding 'sequential' in module 'disparity_generator'
WARNING: [Synth 8-327] inferring latch for variable 'temp_mem_reg[1]' [D:/Verilog/Verilog/TeamProject_StereoDepth_HO/TeamProject_StereoDepth.srcs/sources_1/new/disparityGenerator.sv:96]
WARNING: [Synth 8-327] inferring latch for variable 'temp_mem_reg[2]' [D:/Verilog/Verilog/TeamProject_StereoDepth_HO/TeamProject_StereoDepth.srcs/sources_1/new/disparityGenerator.sv:96]
WARNING: [Synth 8-327] inferring latch for variable 'temp_mem_reg[3]' [D:/Verilog/Verilog/TeamProject_StereoDepth_HO/TeamProject_StereoDepth.srcs/sources_1/new/disparityGenerator.sv:96]
WARNING: [Synth 8-327] inferring latch for variable 'temp_mem_reg[4]' [D:/Verilog/Verilog/TeamProject_StereoDepth_HO/TeamProject_StereoDepth.srcs/sources_1/new/disparityGenerator.sv:96]
WARNING: [Synth 8-327] inferring latch for variable 'temp_mem_reg[5]' [D:/Verilog/Verilog/TeamProject_StereoDepth_HO/TeamProject_StereoDepth.srcs/sources_1/new/disparityGenerator.sv:96]
WARNING: [Synth 8-327] inferring latch for variable 'temp_mem_reg[6]' [D:/Verilog/Verilog/TeamProject_StereoDepth_HO/TeamProject_StereoDepth.srcs/sources_1/new/disparityGenerator.sv:96]
WARNING: [Synth 8-327] inferring latch for variable 'temp_mem_reg[7]' [D:/Verilog/Verilog/TeamProject_StereoDepth_HO/TeamProject_StereoDepth.srcs/sources_1/new/disparityGenerator.sv:96]
WARNING: [Synth 8-327] inferring latch for variable 'temp_mem_reg[8]' [D:/Verilog/Verilog/TeamProject_StereoDepth_HO/TeamProject_StereoDepth.srcs/sources_1/new/disparityGenerator.sv:96]
WARNING: [Synth 8-327] inferring latch for variable 'temp_mem_reg[9]' [D:/Verilog/Verilog/TeamProject_StereoDepth_HO/TeamProject_StereoDepth.srcs/sources_1/new/disparityGenerator.sv:96]
WARNING: [Synth 8-327] inferring latch for variable 'temp_mem_reg[10]' [D:/Verilog/Verilog/TeamProject_StereoDepth_HO/TeamProject_StereoDepth.srcs/sources_1/new/disparityGenerator.sv:96]
WARNING: [Synth 8-327] inferring latch for variable 'temp_mem_reg[11]' [D:/Verilog/Verilog/TeamProject_StereoDepth_HO/TeamProject_StereoDepth.srcs/sources_1/new/disparityGenerator.sv:96]
WARNING: [Synth 8-327] inferring latch for variable 'temp_mem_reg[12]' [D:/Verilog/Verilog/TeamProject_StereoDepth_HO/TeamProject_StereoDepth.srcs/sources_1/new/disparityGenerator.sv:96]
WARNING: [Synth 8-327] inferring latch for variable 'temp_mem_reg[13]' [D:/Verilog/Verilog/TeamProject_StereoDepth_HO/TeamProject_StereoDepth.srcs/sources_1/new/disparityGenerator.sv:96]
WARNING: [Synth 8-327] inferring latch for variable 'temp_mem_reg[14]' [D:/Verilog/Verilog/TeamProject_StereoDepth_HO/TeamProject_StereoDepth.srcs/sources_1/new/disparityGenerator.sv:96]
WARNING: [Synth 8-327] inferring latch for variable 'temp_mem_reg[15]' [D:/Verilog/Verilog/TeamProject_StereoDepth_HO/TeamProject_StereoDepth.srcs/sources_1/new/disparityGenerator.sv:96]
WARNING: [Synth 8-327] inferring latch for variable 'temp_mem_reg[16]' [D:/Verilog/Verilog/TeamProject_StereoDepth_HO/TeamProject_StereoDepth.srcs/sources_1/new/disparityGenerator.sv:96]
WARNING: [Synth 8-327] inferring latch for variable 'temp_mem_reg[17]' [D:/Verilog/Verilog/TeamProject_StereoDepth_HO/TeamProject_StereoDepth.srcs/sources_1/new/disparityGenerator.sv:96]
WARNING: [Synth 8-327] inferring latch for variable 'temp_mem_reg[18]' [D:/Verilog/Verilog/TeamProject_StereoDepth_HO/TeamProject_StereoDepth.srcs/sources_1/new/disparityGenerator.sv:96]
WARNING: [Synth 8-327] inferring latch for variable 'temp_mem_reg[19]' [D:/Verilog/Verilog/TeamProject_StereoDepth_HO/TeamProject_StereoDepth.srcs/sources_1/new/disparityGenerator.sv:96]
WARNING: [Synth 8-327] inferring latch for variable 'temp_mem_reg[20]' [D:/Verilog/Verilog/TeamProject_StereoDepth_HO/TeamProject_StereoDepth.srcs/sources_1/new/disparityGenerator.sv:96]
WARNING: [Synth 8-327] inferring latch for variable 'temp_mem_reg[21]' [D:/Verilog/Verilog/TeamProject_StereoDepth_HO/TeamProject_StereoDepth.srcs/sources_1/new/disparityGenerator.sv:96]
WARNING: [Synth 8-327] inferring latch for variable 'temp_mem_reg[22]' [D:/Verilog/Verilog/TeamProject_StereoDepth_HO/TeamProject_StereoDepth.srcs/sources_1/new/disparityGenerator.sv:96]
WARNING: [Synth 8-327] inferring latch for variable 'temp_mem_reg[23]' [D:/Verilog/Verilog/TeamProject_StereoDepth_HO/TeamProject_StereoDepth.srcs/sources_1/new/disparityGenerator.sv:96]
WARNING: [Synth 8-327] inferring latch for variable 'temp_mem_reg[24]' [D:/Verilog/Verilog/TeamProject_StereoDepth_HO/TeamProject_StereoDepth.srcs/sources_1/new/disparityGenerator.sv:96]
WARNING: [Synth 8-327] inferring latch for variable 'temp_mem_reg[25]' [D:/Verilog/Verilog/TeamProject_StereoDepth_HO/TeamProject_StereoDepth.srcs/sources_1/new/disparityGenerator.sv:96]
WARNING: [Synth 8-327] inferring latch for variable 'temp_mem_reg[26]' [D:/Verilog/Verilog/TeamProject_StereoDepth_HO/TeamProject_StereoDepth.srcs/sources_1/new/disparityGenerator.sv:96]
WARNING: [Synth 8-327] inferring latch for variable 'temp_mem_reg[27]' [D:/Verilog/Verilog/TeamProject_StereoDepth_HO/TeamProject_StereoDepth.srcs/sources_1/new/disparityGenerator.sv:96]
WARNING: [Synth 8-327] inferring latch for variable 'temp_mem_reg[28]' [D:/Verilog/Verilog/TeamProject_StereoDepth_HO/TeamProject_StereoDepth.srcs/sources_1/new/disparityGenerator.sv:96]
WARNING: [Synth 8-327] inferring latch for variable 'temp_mem_reg[29]' [D:/Verilog/Verilog/TeamProject_StereoDepth_HO/TeamProject_StereoDepth.srcs/sources_1/new/disparityGenerator.sv:96]
WARNING: [Synth 8-327] inferring latch for variable 'temp_mem_reg[30]' [D:/Verilog/Verilog/TeamProject_StereoDepth_HO/TeamProject_StereoDepth.srcs/sources_1/new/disparityGenerator.sv:96]
WARNING: [Synth 8-327] inferring latch for variable 'temp_mem_reg[31]' [D:/Verilog/Verilog/TeamProject_StereoDepth_HO/TeamProject_StereoDepth.srcs/sources_1/new/disparityGenerator.sv:96]
WARNING: [Synth 8-327] inferring latch for variable 'temp_mem_reg[32]' [D:/Verilog/Verilog/TeamProject_StereoDepth_HO/TeamProject_StereoDepth.srcs/sources_1/new/disparityGenerator.sv:96]
WARNING: [Synth 8-327] inferring latch for variable 'temp_mem_reg[33]' [D:/Verilog/Verilog/TeamProject_StereoDepth_HO/TeamProject_StereoDepth.srcs/sources_1/new/disparityGenerator.sv:96]
WARNING: [Synth 8-327] inferring latch for variable 'temp_mem_reg[34]' [D:/Verilog/Verilog/TeamProject_StereoDepth_HO/TeamProject_StereoDepth.srcs/sources_1/new/disparityGenerator.sv:96]
WARNING: [Synth 8-327] inferring latch for variable 'temp_mem_reg[35]' [D:/Verilog/Verilog/TeamProject_StereoDepth_HO/TeamProject_StereoDepth.srcs/sources_1/new/disparityGenerator.sv:96]
WARNING: [Synth 8-327] inferring latch for variable 'temp_mem_reg[36]' [D:/Verilog/Verilog/TeamProject_StereoDepth_HO/TeamProject_StereoDepth.srcs/sources_1/new/disparityGenerator.sv:96]
WARNING: [Synth 8-327] inferring latch for variable 'temp_mem_reg[37]' [D:/Verilog/Verilog/TeamProject_StereoDepth_HO/TeamProject_StereoDepth.srcs/sources_1/new/disparityGenerator.sv:96]
WARNING: [Synth 8-327] inferring latch for variable 'temp_mem_reg[38]' [D:/Verilog/Verilog/TeamProject_StereoDepth_HO/TeamProject_StereoDepth.srcs/sources_1/new/disparityGenerator.sv:96]
WARNING: [Synth 8-327] inferring latch for variable 'temp_mem_reg[39]' [D:/Verilog/Verilog/TeamProject_StereoDepth_HO/TeamProject_StereoDepth.srcs/sources_1/new/disparityGenerator.sv:96]
WARNING: [Synth 8-327] inferring latch for variable 'temp_mem_reg[40]' [D:/Verilog/Verilog/TeamProject_StereoDepth_HO/TeamProject_StereoDepth.srcs/sources_1/new/disparityGenerator.sv:96]
WARNING: [Synth 8-327] inferring latch for variable 'temp_mem_reg[41]' [D:/Verilog/Verilog/TeamProject_StereoDepth_HO/TeamProject_StereoDepth.srcs/sources_1/new/disparityGenerator.sv:96]
WARNING: [Synth 8-327] inferring latch for variable 'temp_mem_reg[42]' [D:/Verilog/Verilog/TeamProject_StereoDepth_HO/TeamProject_StereoDepth.srcs/sources_1/new/disparityGenerator.sv:96]
WARNING: [Synth 8-327] inferring latch for variable 'temp_mem_reg[43]' [D:/Verilog/Verilog/TeamProject_StereoDepth_HO/TeamProject_StereoDepth.srcs/sources_1/new/disparityGenerator.sv:96]
WARNING: [Synth 8-327] inferring latch for variable 'temp_mem_reg[44]' [D:/Verilog/Verilog/TeamProject_StereoDepth_HO/TeamProject_StereoDepth.srcs/sources_1/new/disparityGenerator.sv:96]
WARNING: [Synth 8-327] inferring latch for variable 'temp_mem_reg[45]' [D:/Verilog/Verilog/TeamProject_StereoDepth_HO/TeamProject_StereoDepth.srcs/sources_1/new/disparityGenerator.sv:96]
WARNING: [Synth 8-327] inferring latch for variable 'temp_mem_reg[46]' [D:/Verilog/Verilog/TeamProject_StereoDepth_HO/TeamProject_StereoDepth.srcs/sources_1/new/disparityGenerator.sv:96]
WARNING: [Synth 8-327] inferring latch for variable 'temp_mem_reg[47]' [D:/Verilog/Verilog/TeamProject_StereoDepth_HO/TeamProject_StereoDepth.srcs/sources_1/new/disparityGenerator.sv:96]
WARNING: [Synth 8-327] inferring latch for variable 'temp_mem_reg[48]' [D:/Verilog/Verilog/TeamProject_StereoDepth_HO/TeamProject_StereoDepth.srcs/sources_1/new/disparityGenerator.sv:96]
WARNING: [Synth 8-327] inferring latch for variable 'temp_mem_reg[49]' [D:/Verilog/Verilog/TeamProject_StereoDepth_HO/TeamProject_StereoDepth.srcs/sources_1/new/disparityGenerator.sv:96]
WARNING: [Synth 8-327] inferring latch for variable 'temp_mem_reg[50]' [D:/Verilog/Verilog/TeamProject_StereoDepth_HO/TeamProject_StereoDepth.srcs/sources_1/new/disparityGenerator.sv:96]
WARNING: [Synth 8-327] inferring latch for variable 'temp_mem_reg[51]' [D:/Verilog/Verilog/TeamProject_StereoDepth_HO/TeamProject_StereoDepth.srcs/sources_1/new/disparityGenerator.sv:96]
WARNING: [Synth 8-327] inferring latch for variable 'temp_mem_reg[52]' [D:/Verilog/Verilog/TeamProject_StereoDepth_HO/TeamProject_StereoDepth.srcs/sources_1/new/disparityGenerator.sv:96]
WARNING: [Synth 8-327] inferring latch for variable 'temp_mem_reg[53]' [D:/Verilog/Verilog/TeamProject_StereoDepth_HO/TeamProject_StereoDepth.srcs/sources_1/new/disparityGenerator.sv:96]
WARNING: [Synth 8-327] inferring latch for variable 'temp_mem_reg[54]' [D:/Verilog/Verilog/TeamProject_StereoDepth_HO/TeamProject_StereoDepth.srcs/sources_1/new/disparityGenerator.sv:96]
WARNING: [Synth 8-327] inferring latch for variable 'temp_mem_reg[55]' [D:/Verilog/Verilog/TeamProject_StereoDepth_HO/TeamProject_StereoDepth.srcs/sources_1/new/disparityGenerator.sv:96]
WARNING: [Synth 8-327] inferring latch for variable 'temp_mem_reg[56]' [D:/Verilog/Verilog/TeamProject_StereoDepth_HO/TeamProject_StereoDepth.srcs/sources_1/new/disparityGenerator.sv:96]
WARNING: [Synth 8-327] inferring latch for variable 'temp_mem_reg[57]' [D:/Verilog/Verilog/TeamProject_StereoDepth_HO/TeamProject_StereoDepth.srcs/sources_1/new/disparityGenerator.sv:96]
WARNING: [Synth 8-327] inferring latch for variable 'temp_mem_reg[58]' [D:/Verilog/Verilog/TeamProject_StereoDepth_HO/TeamProject_StereoDepth.srcs/sources_1/new/disparityGenerator.sv:96]
WARNING: [Synth 8-327] inferring latch for variable 'temp_mem_reg[59]' [D:/Verilog/Verilog/TeamProject_StereoDepth_HO/TeamProject_StereoDepth.srcs/sources_1/new/disparityGenerator.sv:96]
WARNING: [Synth 8-327] inferring latch for variable 'temp_mem_reg[60]' [D:/Verilog/Verilog/TeamProject_StereoDepth_HO/TeamProject_StereoDepth.srcs/sources_1/new/disparityGenerator.sv:96]
WARNING: [Synth 8-327] inferring latch for variable 'temp_mem_reg[61]' [D:/Verilog/Verilog/TeamProject_StereoDepth_HO/TeamProject_StereoDepth.srcs/sources_1/new/disparityGenerator.sv:96]
WARNING: [Synth 8-327] inferring latch for variable 'temp_mem_reg[62]' [D:/Verilog/Verilog/TeamProject_StereoDepth_HO/TeamProject_StereoDepth.srcs/sources_1/new/disparityGenerator.sv:96]
WARNING: [Synth 8-327] inferring latch for variable 'temp_mem_reg[63]' [D:/Verilog/Verilog/TeamProject_StereoDepth_HO/TeamProject_StereoDepth.srcs/sources_1/new/disparityGenerator.sv:96]
WARNING: [Synth 8-327] inferring latch for variable 'temp_mem_reg[64]' [D:/Verilog/Verilog/TeamProject_StereoDepth_HO/TeamProject_StereoDepth.srcs/sources_1/new/disparityGenerator.sv:96]
WARNING: [Synth 8-327] inferring latch for variable 'temp_mem_reg[65]' [D:/Verilog/Verilog/TeamProject_StereoDepth_HO/TeamProject_StereoDepth.srcs/sources_1/new/disparityGenerator.sv:96]
WARNING: [Synth 8-327] inferring latch for variable 'temp_mem_reg[66]' [D:/Verilog/Verilog/TeamProject_StereoDepth_HO/TeamProject_StereoDepth.srcs/sources_1/new/disparityGenerator.sv:96]
WARNING: [Synth 8-327] inferring latch for variable 'temp_mem_reg[67]' [D:/Verilog/Verilog/TeamProject_StereoDepth_HO/TeamProject_StereoDepth.srcs/sources_1/new/disparityGenerator.sv:96]
WARNING: [Synth 8-327] inferring latch for variable 'temp_mem_reg[68]' [D:/Verilog/Verilog/TeamProject_StereoDepth_HO/TeamProject_StereoDepth.srcs/sources_1/new/disparityGenerator.sv:96]
WARNING: [Synth 8-327] inferring latch for variable 'temp_mem_reg[69]' [D:/Verilog/Verilog/TeamProject_StereoDepth_HO/TeamProject_StereoDepth.srcs/sources_1/new/disparityGenerator.sv:96]
WARNING: [Synth 8-327] inferring latch for variable 'temp_mem_reg[70]' [D:/Verilog/Verilog/TeamProject_StereoDepth_HO/TeamProject_StereoDepth.srcs/sources_1/new/disparityGenerator.sv:96]
WARNING: [Synth 8-327] inferring latch for variable 'temp_mem_reg[71]' [D:/Verilog/Verilog/TeamProject_StereoDepth_HO/TeamProject_StereoDepth.srcs/sources_1/new/disparityGenerator.sv:96]
WARNING: [Synth 8-327] inferring latch for variable 'temp_mem_reg[72]' [D:/Verilog/Verilog/TeamProject_StereoDepth_HO/TeamProject_StereoDepth.srcs/sources_1/new/disparityGenerator.sv:96]
WARNING: [Synth 8-327] inferring latch for variable 'temp_mem_reg[73]' [D:/Verilog/Verilog/TeamProject_StereoDepth_HO/TeamProject_StereoDepth.srcs/sources_1/new/disparityGenerator.sv:96]
WARNING: [Synth 8-327] inferring latch for variable 'temp_mem_reg[74]' [D:/Verilog/Verilog/TeamProject_StereoDepth_HO/TeamProject_StereoDepth.srcs/sources_1/new/disparityGenerator.sv:96]
WARNING: [Synth 8-327] inferring latch for variable 'temp_mem_reg[75]' [D:/Verilog/Verilog/TeamProject_StereoDepth_HO/TeamProject_StereoDepth.srcs/sources_1/new/disparityGenerator.sv:96]
WARNING: [Synth 8-327] inferring latch for variable 'temp_mem_reg[76]' [D:/Verilog/Verilog/TeamProject_StereoDepth_HO/TeamProject_StereoDepth.srcs/sources_1/new/disparityGenerator.sv:96]
WARNING: [Synth 8-327] inferring latch for variable 'temp_mem_reg[77]' [D:/Verilog/Verilog/TeamProject_StereoDepth_HO/TeamProject_StereoDepth.srcs/sources_1/new/disparityGenerator.sv:96]
WARNING: [Synth 8-327] inferring latch for variable 'temp_mem_reg[78]' [D:/Verilog/Verilog/TeamProject_StereoDepth_HO/TeamProject_StereoDepth.srcs/sources_1/new/disparityGenerator.sv:96]
WARNING: [Synth 8-327] inferring latch for variable 'temp_mem_reg[79]' [D:/Verilog/Verilog/TeamProject_StereoDepth_HO/TeamProject_StereoDepth.srcs/sources_1/new/disparityGenerator.sv:96]
WARNING: [Synth 8-327] inferring latch for variable 'temp_mem_reg[80]' [D:/Verilog/Verilog/TeamProject_StereoDepth_HO/TeamProject_StereoDepth.srcs/sources_1/new/disparityGenerator.sv:96]
WARNING: [Synth 8-327] inferring latch for variable 'temp_mem_reg[81]' [D:/Verilog/Verilog/TeamProject_StereoDepth_HO/TeamProject_StereoDepth.srcs/sources_1/new/disparityGenerator.sv:96]
WARNING: [Synth 8-327] inferring latch for variable 'temp_mem_reg[82]' [D:/Verilog/Verilog/TeamProject_StereoDepth_HO/TeamProject_StereoDepth.srcs/sources_1/new/disparityGenerator.sv:96]
WARNING: [Synth 8-327] inferring latch for variable 'temp_mem_reg[83]' [D:/Verilog/Verilog/TeamProject_StereoDepth_HO/TeamProject_StereoDepth.srcs/sources_1/new/disparityGenerator.sv:96]
WARNING: [Synth 8-327] inferring latch for variable 'temp_mem_reg[84]' [D:/Verilog/Verilog/TeamProject_StereoDepth_HO/TeamProject_StereoDepth.srcs/sources_1/new/disparityGenerator.sv:96]
WARNING: [Synth 8-327] inferring latch for variable 'temp_mem_reg[85]' [D:/Verilog/Verilog/TeamProject_StereoDepth_HO/TeamProject_StereoDepth.srcs/sources_1/new/disparityGenerator.sv:96]
WARNING: [Synth 8-327] inferring latch for variable 'temp_mem_reg[86]' [D:/Verilog/Verilog/TeamProject_StereoDepth_HO/TeamProject_StereoDepth.srcs/sources_1/new/disparityGenerator.sv:96]
WARNING: [Synth 8-327] inferring latch for variable 'temp_mem_reg[87]' [D:/Verilog/Verilog/TeamProject_StereoDepth_HO/TeamProject_StereoDepth.srcs/sources_1/new/disparityGenerator.sv:96]
WARNING: [Synth 8-327] inferring latch for variable 'temp_mem_reg[88]' [D:/Verilog/Verilog/TeamProject_StereoDepth_HO/TeamProject_StereoDepth.srcs/sources_1/new/disparityGenerator.sv:96]
WARNING: [Synth 8-327] inferring latch for variable 'temp_mem_reg[89]' [D:/Verilog/Verilog/TeamProject_StereoDepth_HO/TeamProject_StereoDepth.srcs/sources_1/new/disparityGenerator.sv:96]
WARNING: [Synth 8-327] inferring latch for variable 'temp_mem_reg[90]' [D:/Verilog/Verilog/TeamProject_StereoDepth_HO/TeamProject_StereoDepth.srcs/sources_1/new/disparityGenerator.sv:96]
WARNING: [Synth 8-327] inferring latch for variable 'temp_mem_reg[91]' [D:/Verilog/Verilog/TeamProject_StereoDepth_HO/TeamProject_StereoDepth.srcs/sources_1/new/disparityGenerator.sv:96]
WARNING: [Synth 8-327] inferring latch for variable 'temp_mem_reg[92]' [D:/Verilog/Verilog/TeamProject_StereoDepth_HO/TeamProject_StereoDepth.srcs/sources_1/new/disparityGenerator.sv:96]
WARNING: [Synth 8-327] inferring latch for variable 'temp_mem_reg[93]' [D:/Verilog/Verilog/TeamProject_StereoDepth_HO/TeamProject_StereoDepth.srcs/sources_1/new/disparityGenerator.sv:96]
WARNING: [Synth 8-327] inferring latch for variable 'temp_mem_reg[94]' [D:/Verilog/Verilog/TeamProject_StereoDepth_HO/TeamProject_StereoDepth.srcs/sources_1/new/disparityGenerator.sv:96]
WARNING: [Synth 8-327] inferring latch for variable 'temp_mem_reg[95]' [D:/Verilog/Verilog/TeamProject_StereoDepth_HO/TeamProject_StereoDepth.srcs/sources_1/new/disparityGenerator.sv:96]
WARNING: [Synth 8-327] inferring latch for variable 'temp_mem_reg[96]' [D:/Verilog/Verilog/TeamProject_StereoDepth_HO/TeamProject_StereoDepth.srcs/sources_1/new/disparityGenerator.sv:96]
WARNING: [Synth 8-327] inferring latch for variable 'temp_mem_reg[97]' [D:/Verilog/Verilog/TeamProject_StereoDepth_HO/TeamProject_StereoDepth.srcs/sources_1/new/disparityGenerator.sv:96]
WARNING: [Synth 8-327] inferring latch for variable 'temp_mem_reg[98]' [D:/Verilog/Verilog/TeamProject_StereoDepth_HO/TeamProject_StereoDepth.srcs/sources_1/new/disparityGenerator.sv:96]
WARNING: [Synth 8-327] inferring latch for variable 'temp_mem_reg[99]' [D:/Verilog/Verilog/TeamProject_StereoDepth_HO/TeamProject_StereoDepth.srcs/sources_1/new/disparityGenerator.sv:96]
INFO: [Common 17-14] Message 'Synth 8-327' appears 100 times and further instances of the messages will be disabled. Use the Tcl command set_msg_config to change the current settings.
---------------------------------------------------------------------------------
Finished RTL Optimization Phase 2 : Time (s): cpu = 00:00:33 ; elapsed = 00:00:34 . Memory (MB): peak = 1457.793 ; gain = 355.613
---------------------------------------------------------------------------------
---------------------------------------------------------------------------------
Start RTL Component Statistics 
---------------------------------------------------------------------------------
Detailed RTL Component Info : 
+---Adders : 
	   2 Input   32 Bit       Adders := 4     
	   2 Input   10 Bit       Adders := 4     
	   2 Input    8 Bit       Adders := 4     
	   3 Input    6 Bit       Adders := 790   
	   2 Input    6 Bit       Adders := 4     
	   2 Input    4 Bit       Adders := 2     
	   2 Input    2 Bit       Adders := 2     
+---Registers : 
	               32 Bit    Registers := 4     
	               16 Bit    Registers := 326   
	               10 Bit    Registers := 4     
	                8 Bit    Registers := 14    
	                4 Bit    Registers := 6     
	                3 Bit    Registers := 4     
	                2 Bit    Registers := 2     
	                1 Bit    Registers := 12    
+---RAMs : 
	             300K Bit	(19200 X 16 bit)          RAMs := 2     
+---ROMs : 
	                    ROMs := 2     
+---Muxes : 
	   2 Input   32 Bit        Muxes := 4     
	   7 Input   32 Bit        Muxes := 2     
	  14 Input   32 Bit        Muxes := 2     
	   2 Input   16 Bit        Muxes := 7     
	   3 Input   16 Bit        Muxes := 2     
	   2 Input   15 Bit        Muxes := 2     
	   2 Input   12 Bit        Muxes := 2     
	   2 Input   10 Bit        Muxes := 4     
	  14 Input    8 Bit        Muxes := 2     
	   4 Input    8 Bit        Muxes := 2     
	   2 Input    8 Bit        Muxes := 2     
	   2 Input    6 Bit        Muxes := 2223  
	   3 Input    6 Bit        Muxes := 472   
	  14 Input    4 Bit        Muxes := 4     
	   4 Input    3 Bit        Muxes := 2     
	   2 Input    3 Bit        Muxes := 2     
	   2 Input    2 Bit        Muxes := 4     
	   3 Input    2 Bit        Muxes := 2     
	  14 Input    2 Bit        Muxes := 2     
	   2 Input    1 Bit        Muxes := 194   
	   4 Input    1 Bit        Muxes := 14    
	   3 Input    1 Bit        Muxes := 10    
	  14 Input    1 Bit        Muxes := 22    
---------------------------------------------------------------------------------
Finished RTL Component Statistics 
---------------------------------------------------------------------------------
---------------------------------------------------------------------------------
Start Part Resource Summary
---------------------------------------------------------------------------------
Part Resources:
DSPs: 90 (col length:60)
BRAMs: 100 (col length: RAMB18 60 RAMB36 30)
---------------------------------------------------------------------------------
Finished Part Resource Summary
---------------------------------------------------------------------------------
---------------------------------------------------------------------------------
Start Cross Boundary and Area Optimization
---------------------------------------------------------------------------------
WARNING: [Synth 8-6040] Register U_SCCB_Config_Left/config_1/rom_addr_reg_rep driving address of a ROM cannot be packed in BRAM/URAM because of presence of initial value.
WARNING: [Synth 8-6040] Register U_SCCB_Config_Right/config_1/rom_addr_reg_rep driving address of a ROM cannot be packed in BRAM/URAM because of presence of initial value.
DSP Report: Generating DSP U_qvga_addr_decoder/qvga_addr10, operation Mode is: C+(D+(A:0x3fffff88))*(B:0xa0).
DSP Report: operator U_qvga_addr_decoder/qvga_addr10 is absorbed into DSP U_qvga_addr_decoder/qvga_addr10.
DSP Report: operator U_qvga_addr_decoder/qvga_addr11 is absorbed into DSP U_qvga_addr_decoder/qvga_addr10.
DSP Report: operator U_qvga_addr_decoder/qvga_addr12 is absorbed into DSP U_qvga_addr_decoder/qvga_addr10.
INFO: [Synth 8-3886] merging instance 'mem_L_reg[133][6]' (FDE) to 'mem_L_reg[133][7]'
INFO: [Synth 8-3886] merging instance 'mem_L_reg[133][7]' (FDE) to 'mem_L_reg[133][8]'
INFO: [Synth 8-3886] merging instance 'mem_L_reg[133][8]' (FDE) to 'mem_L_reg[133][9]'
INFO: [Synth 8-3886] merging instance 'mem_L_reg[133][9]' (FDE) to 'mem_L_reg[133][10]'
INFO: [Synth 8-3886] merging instance 'mem_L_reg[133][10]' (FDE) to 'mem_L_reg[133][11]'
INFO: [Synth 8-3886] merging instance 'mem_L_reg[133][11]' (FDE) to 'mem_L_reg[133][12]'
INFO: [Synth 8-3886] merging instance 'mem_L_reg[133][12]' (FDE) to 'mem_L_reg[133][13]'
INFO: [Synth 8-3886] merging instance 'mem_L_reg[133][13]' (FDE) to 'mem_L_reg[133][14]'
INFO: [Synth 8-3886] merging instance 'mem_L_reg[133][14]' (FDE) to 'mem_L_reg[133][15]'
INFO: [Synth 8-3886] merging instance 'mem_L_reg[133][15]' (FDE) to 'mem_R_reg[133][15]'
INFO: [Synth 8-3886] merging instance 'mem_L_reg[132][6]' (FDE) to 'mem_L_reg[132][7]'
INFO: [Synth 8-3886] merging instance 'mem_L_reg[132][7]' (FDE) to 'mem_L_reg[132][8]'
INFO: [Synth 8-3886] merging instance 'mem_L_reg[132][8]' (FDE) to 'mem_L_reg[132][9]'
INFO: [Synth 8-3886] merging instance 'mem_L_reg[132][9]' (FDE) to 'mem_L_reg[132][10]'
INFO: [Synth 8-3886] merging instance 'mem_L_reg[132][10]' (FDE) to 'mem_L_reg[132][11]'
INFO: [Synth 8-3886] merging instance 'mem_L_reg[132][11]' (FDE) to 'mem_L_reg[132][12]'
INFO: [Synth 8-3886] merging instance 'mem_L_reg[132][12]' (FDE) to 'mem_L_reg[132][13]'
INFO: [Synth 8-3886] merging instance 'mem_L_reg[132][13]' (FDE) to 'mem_L_reg[132][14]'
INFO: [Synth 8-3886] merging instance 'mem_L_reg[132][14]' (FDE) to 'mem_L_reg[132][15]'
INFO: [Synth 8-3886] merging instance 'mem_L_reg[132][15]' (FDE) to 'mem_R_reg[132][15]'
INFO: [Synth 8-3886] merging instance 'mem_L_reg[131][6]' (FDE) to 'mem_R_reg[131][6]'
INFO: [Synth 8-3886] merging instance 'mem_L_reg[131][7]' (FDE) to 'mem_R_reg[131][6]'
INFO: [Synth 8-3886] merging instance 'mem_L_reg[131][8]' (FDE) to 'mem_R_reg[131][6]'
INFO: [Synth 8-3886] merging instance 'mem_L_reg[131][9]' (FDE) to 'mem_R_reg[131][6]'
INFO: [Synth 8-3886] merging instance 'mem_L_reg[131][10]' (FDE) to 'mem_R_reg[131][6]'
INFO: [Synth 8-3886] merging instance 'mem_L_reg[131][11]' (FDE) to 'mem_R_reg[131][6]'
INFO: [Synth 8-3886] merging instance 'mem_L_reg[131][12]' (FDE) to 'mem_R_reg[131][6]'
INFO: [Synth 8-3886] merging instance 'mem_L_reg[131][13]' (FDE) to 'mem_R_reg[131][6]'
INFO: [Synth 8-3886] merging instance 'mem_L_reg[131][14]' (FDE) to 'mem_R_reg[131][6]'
INFO: [Synth 8-3886] merging instance 'mem_L_reg[131][15]' (FDE) to 'mem_R_reg[131][6]'
INFO: [Synth 8-3886] merging instance 'mem_R_reg[134][6]' (FDE) to 'mem_R_reg[134][15]'
INFO: [Synth 8-3886] merging instance 'mem_R_reg[134][7]' (FDE) to 'mem_R_reg[134][15]'
INFO: [Synth 8-3886] merging instance 'mem_R_reg[134][8]' (FDE) to 'mem_R_reg[134][15]'
INFO: [Synth 8-3886] merging instance 'mem_R_reg[134][9]' (FDE) to 'mem_R_reg[134][15]'
INFO: [Synth 8-3886] merging instance 'mem_R_reg[134][10]' (FDE) to 'mem_R_reg[134][15]'
INFO: [Synth 8-3886] merging instance 'mem_R_reg[134][11]' (FDE) to 'mem_R_reg[134][15]'
INFO: [Synth 8-3886] merging instance 'mem_R_reg[134][12]' (FDE) to 'mem_R_reg[134][15]'
INFO: [Synth 8-3886] merging instance 'mem_R_reg[134][13]' (FDE) to 'mem_R_reg[134][15]'
INFO: [Synth 8-3886] merging instance 'mem_R_reg[134][14]' (FDE) to 'mem_R_reg[134][15]'
INFO: [Synth 8-3333] propagating constant 0 across sequential element (\mem_R_reg[134][15] )
INFO: [Synth 8-3886] merging instance 'mem_L_reg[130][6]' (FDE) to 'mem_R_reg[130][6]'
INFO: [Synth 8-3886] merging instance 'mem_L_reg[130][7]' (FDE) to 'mem_R_reg[130][6]'
INFO: [Synth 8-3886] merging instance 'mem_L_reg[130][8]' (FDE) to 'mem_R_reg[130][6]'
INFO: [Synth 8-3886] merging instance 'mem_L_reg[130][9]' (FDE) to 'mem_R_reg[130][6]'
INFO: [Synth 8-3886] merging instance 'mem_L_reg[130][10]' (FDE) to 'mem_R_reg[130][6]'
INFO: [Synth 8-3886] merging instance 'mem_L_reg[130][11]' (FDE) to 'mem_R_reg[130][6]'
INFO: [Synth 8-3886] merging instance 'mem_L_reg[130][12]' (FDE) to 'mem_R_reg[130][6]'
INFO: [Synth 8-3886] merging instance 'mem_L_reg[130][13]' (FDE) to 'mem_R_reg[130][6]'
INFO: [Synth 8-3886] merging instance 'mem_L_reg[130][14]' (FDE) to 'mem_R_reg[130][6]'
INFO: [Synth 8-3886] merging instance 'mem_L_reg[130][15]' (FDE) to 'mem_R_reg[130][6]'
INFO: [Synth 8-3886] merging instance 'mem_R_reg[133][6]' (FDE) to 'mem_R_reg[133][15]'
INFO: [Synth 8-3886] merging instance 'mem_R_reg[133][7]' (FDE) to 'mem_R_reg[133][15]'
INFO: [Synth 8-3886] merging instance 'mem_R_reg[133][8]' (FDE) to 'mem_R_reg[133][15]'
INFO: [Synth 8-3886] merging instance 'mem_R_reg[133][9]' (FDE) to 'mem_R_reg[133][15]'
INFO: [Synth 8-3886] merging instance 'mem_R_reg[133][10]' (FDE) to 'mem_R_reg[133][15]'
INFO: [Synth 8-3886] merging instance 'mem_R_reg[133][11]' (FDE) to 'mem_R_reg[133][15]'
INFO: [Synth 8-3886] merging instance 'mem_R_reg[133][12]' (FDE) to 'mem_R_reg[133][15]'
INFO: [Synth 8-3886] merging instance 'mem_R_reg[133][13]' (FDE) to 'mem_R_reg[133][15]'
INFO: [Synth 8-3886] merging instance 'mem_R_reg[133][14]' (FDE) to 'mem_R_reg[133][15]'
INFO: [Synth 8-3333] propagating constant 0 across sequential element (\mem_R_reg[133][15] )
INFO: [Synth 8-3886] merging instance 'mem_L_reg[129][6]' (FDE) to 'mem_R_reg[129][6]'
INFO: [Synth 8-3886] merging instance 'mem_L_reg[129][7]' (FDE) to 'mem_R_reg[129][6]'
INFO: [Synth 8-3886] merging instance 'mem_L_reg[129][8]' (FDE) to 'mem_R_reg[129][6]'
INFO: [Synth 8-3886] merging instance 'mem_L_reg[129][9]' (FDE) to 'mem_R_reg[129][6]'
INFO: [Synth 8-3886] merging instance 'mem_L_reg[129][10]' (FDE) to 'mem_R_reg[129][6]'
INFO: [Synth 8-3886] merging instance 'mem_L_reg[129][11]' (FDE) to 'mem_R_reg[129][6]'
INFO: [Synth 8-3886] merging instance 'mem_L_reg[129][12]' (FDE) to 'mem_R_reg[129][6]'
INFO: [Synth 8-3886] merging instance 'mem_L_reg[129][13]' (FDE) to 'mem_R_reg[129][6]'
INFO: [Synth 8-3886] merging instance 'mem_L_reg[129][14]' (FDE) to 'mem_R_reg[129][6]'
INFO: [Synth 8-3886] merging instance 'mem_L_reg[129][15]' (FDE) to 'mem_R_reg[129][6]'
INFO: [Synth 8-3886] merging instance 'mem_R_reg[132][6]' (FDE) to 'mem_R_reg[132][15]'
INFO: [Synth 8-3886] merging instance 'mem_R_reg[132][7]' (FDE) to 'mem_R_reg[132][15]'
INFO: [Synth 8-3886] merging instance 'mem_R_reg[132][8]' (FDE) to 'mem_R_reg[132][15]'
INFO: [Synth 8-3886] merging instance 'mem_R_reg[132][9]' (FDE) to 'mem_R_reg[132][15]'
INFO: [Synth 8-3886] merging instance 'mem_R_reg[132][10]' (FDE) to 'mem_R_reg[132][15]'
INFO: [Synth 8-3886] merging instance 'mem_R_reg[132][11]' (FDE) to 'mem_R_reg[132][15]'
INFO: [Synth 8-3886] merging instance 'mem_R_reg[132][12]' (FDE) to 'mem_R_reg[132][15]'
INFO: [Synth 8-3886] merging instance 'mem_R_reg[132][13]' (FDE) to 'mem_R_reg[132][15]'
INFO: [Synth 8-3886] merging instance 'mem_R_reg[132][14]' (FDE) to 'mem_R_reg[132][15]'
INFO: [Synth 8-3333] propagating constant 0 across sequential element (\mem_R_reg[132][15] )
INFO: [Synth 8-3886] merging instance 'mem_L_reg[128][6]' (FDE) to 'mem_R_reg[128][6]'
INFO: [Synth 8-3886] merging instance 'mem_L_reg[128][7]' (FDE) to 'mem_R_reg[128][6]'
INFO: [Synth 8-3886] merging instance 'mem_L_reg[128][8]' (FDE) to 'mem_R_reg[128][6]'
INFO: [Synth 8-3886] merging instance 'mem_L_reg[128][9]' (FDE) to 'mem_R_reg[128][6]'
INFO: [Synth 8-3886] merging instance 'mem_L_reg[128][10]' (FDE) to 'mem_R_reg[128][6]'
INFO: [Synth 8-3886] merging instance 'mem_L_reg[128][11]' (FDE) to 'mem_R_reg[128][6]'
INFO: [Synth 8-3886] merging instance 'mem_L_reg[128][12]' (FDE) to 'mem_R_reg[128][6]'
INFO: [Synth 8-3886] merging instance 'mem_L_reg[128][13]' (FDE) to 'mem_R_reg[128][6]'
INFO: [Synth 8-3886] merging instance 'mem_L_reg[128][14]' (FDE) to 'mem_R_reg[128][6]'
INFO: [Synth 8-3886] merging instance 'mem_L_reg[128][15]' (FDE) to 'mem_R_reg[128][6]'
INFO: [Synth 8-3886] merging instance 'mem_R_reg[131][6]' (FDE) to 'mem_R_reg[131][7]'
INFO: [Synth 8-3886] merging instance 'mem_R_reg[131][7]' (FDE) to 'mem_R_reg[131][8]'
INFO: [Synth 8-3886] merging instance 'mem_R_reg[131][8]' (FDE) to 'mem_R_reg[131][9]'
INFO: [Synth 8-3886] merging instance 'mem_R_reg[131][9]' (FDE) to 'mem_R_reg[131][10]'
INFO: [Synth 8-3886] merging instance 'mem_R_reg[131][10]' (FDE) to 'mem_R_reg[131][11]'
INFO: [Synth 8-3886] merging instance 'mem_R_reg[131][11]' (FDE) to 'mem_R_reg[131][12]'
INFO: [Synth 8-3886] merging instance 'mem_R_reg[131][12]' (FDE) to 'mem_R_reg[131][13]'
INFO: [Synth 8-3886] merging instance 'mem_R_reg[131][13]' (FDE) to 'mem_R_reg[131][14]'
INFO: [Synth 8-3886] merging instance 'mem_R_reg[131][14]' (FDE) to 'mem_R_reg[131][15]'
INFO: [Synth 8-3333] propagating constant 0 across sequential element (\mem_R_reg[131][15] )
INFO: [Synth 8-3886] merging instance 'mem_L_reg[127][6]' (FDE) to 'mem_R_reg[127][6]'
INFO: [Synth 8-3886] merging instance 'mem_L_reg[127][7]' (FDE) to 'mem_R_reg[127][6]'
INFO: [Synth 8-3886] merging instance 'mem_L_reg[127][8]' (FDE) to 'mem_R_reg[127][6]'
INFO: [Synth 8-3886] merging instance 'mem_L_reg[127][9]' (FDE) to 'mem_R_reg[127][6]'
INFO: [Common 17-14] Message 'Synth 8-3886' appears 100 times and further instances of the messages will be disabled. Use the Tcl command set_msg_config to change the current settings.
INFO: [Common 17-14] Message 'Synth 8-3886' appears 100 times and further instances of the messages will be disabled. Use the Tcl command set_msg_config to change the current settings.
INFO: [Synth 8-3333] propagating constant 0 across sequential element (\mem_R_reg[130][15] )
INFO: [Synth 8-3333] propagating constant 0 across sequential element (\mem_R_reg[129][15] )
INFO: [Synth 8-3333] propagating constant 0 across sequential element (\mem_R_reg[128][15] )
INFO: [Synth 8-3333] propagating constant 0 across sequential element (\mem_R_reg[127][15] )
INFO: [Synth 8-3333] propagating constant 0 across sequential element (\mem_R_reg[126][15] )
INFO: [Synth 8-3333] propagating constant 0 across sequential element (\mem_R_reg[125][15] )
INFO: [Synth 8-3333] propagating constant 0 across sequential element (\mem_R_reg[124][15] )
INFO: [Synth 8-3333] propagating constant 0 across sequential element (\mem_R_reg[123][15] )
INFO: [Synth 8-3333] propagating constant 0 across sequential element (\mem_R_reg[122][15] )
INFO: [Synth 8-3333] propagating constant 0 across sequential element (\mem_R_reg[121][15] )
INFO: [Synth 8-3333] propagating constant 0 across sequential element (\mem_R_reg[120][15] )
INFO: [Synth 8-3333] propagating constant 0 across sequential element (\mem_R_reg[119][15] )
INFO: [Synth 8-3333] propagating constant 0 across sequential element (\mem_R_reg[118][15] )
INFO: [Synth 8-3333] propagating constant 0 across sequential element (\mem_R_reg[117][15] )
INFO: [Synth 8-3333] propagating constant 0 across sequential element (\mem_R_reg[116][15] )
INFO: [Synth 8-3333] propagating constant 0 across sequential element (\mem_R_reg[115][15] )
INFO: [Synth 8-3333] propagating constant 0 across sequential element (\mem_R_reg[114][15] )
INFO: [Synth 8-3333] propagating constant 0 across sequential element (\mem_R_reg[113][15] )
INFO: [Synth 8-3333] propagating constant 0 across sequential element (\mem_R_reg[112][15] )
INFO: [Synth 8-3333] propagating constant 0 across sequential element (\mem_R_reg[111][15] )
INFO: [Synth 8-3333] propagating constant 0 across sequential element (\mem_R_reg[137][15] )
INFO: [Synth 8-3333] propagating constant 0 across sequential element (\mem_R_reg[136][15] )
INFO: [Synth 8-3333] propagating constant 0 across sequential element (\mem_R_reg[135][15] )
INFO: [Synth 8-3333] propagating constant 0 across sequential element (\mem_L_reg[49][15] )
INFO: [Synth 8-3333] propagating constant 0 across sequential element (\mem_L_reg[50][15] )
INFO: [Synth 8-3333] propagating constant 0 across sequential element (\mem_L_reg[51][15] )
INFO: [Synth 8-3333] propagating constant 0 across sequential element (\mem_R_reg[108][15] )
INFO: [Synth 8-3333] propagating constant 0 across sequential element (\mem_R_reg[109][15] )
INFO: [Synth 8-3333] propagating constant 0 across sequential element (\mem_R_reg[110][15] )
INFO: [Synth 8-3333] propagating constant 0 across sequential element (\mem_R_reg[107][15] )
INFO: [Synth 8-3333] propagating constant 0 across sequential element (\mem_R_reg[91][15] )
INFO: [Synth 8-3333] propagating constant 0 across sequential element (\mem_R_reg[90][15] )
INFO: [Synth 8-3333] propagating constant 0 across sequential element (\mem_R_reg[89][15] )
INFO: [Synth 8-3333] propagating constant 0 across sequential element (\mem_R_reg[94][15] )
INFO: [Synth 8-3333] propagating constant 0 across sequential element (\mem_R_reg[93][15] )
INFO: [Synth 8-3333] propagating constant 0 across sequential element (\mem_L_reg[92][15] )
INFO: [Synth 8-3333] propagating constant 0 across sequential element (\mem_L_reg[95][15] )
INFO: [Synth 8-3333] propagating constant 0 across sequential element (\mem_L_reg[96][15] )
INFO: [Synth 8-3333] propagating constant 0 across sequential element (\mem_R_reg[106][15] )
INFO: [Synth 8-3333] propagating constant 0 across sequential element (\mem_L_reg[97][15] )
INFO: [Synth 8-3333] propagating constant 0 across sequential element (\mem_L_reg[98][15] )
INFO: [Synth 8-3333] propagating constant 0 across sequential element (\mem_L_reg[99][15] )
INFO: [Synth 8-3333] propagating constant 0 across sequential element (\mem_L_reg[100][15] )
INFO: [Synth 8-3333] propagating constant 0 across sequential element (\mem_R_reg[105][15] )
INFO: [Synth 8-3333] propagating constant 0 across sequential element (\mem_R_reg[104][15] )
INFO: [Synth 8-3333] propagating constant 0 across sequential element (\mem_R_reg[103][15] )
INFO: [Synth 8-3333] propagating constant 0 across sequential element (\mem_R_reg[102][15] )
INFO: [Synth 8-3333] propagating constant 0 across sequential element (\mem_L_reg[101][15] )
INFO: [Synth 8-3333] propagating constant 0 across sequential element (\mem_L_reg[52][15] )
INFO: [Synth 8-3333] propagating constant 0 across sequential element (\mem_L_reg[53][15] )
INFO: [Synth 8-3333] propagating constant 0 across sequential element (\mem_L_reg[54][15] )
INFO: [Synth 8-3333] propagating constant 0 across sequential element (\mem_L_reg[55][15] )
INFO: [Synth 8-3333] propagating constant 0 across sequential element (\mem_R_reg[71][15] )
INFO: [Synth 8-3333] propagating constant 0 across sequential element (\mem_R_reg[70][15] )
INFO: [Synth 8-3333] propagating constant 0 across sequential element (\mem_R_reg[69][15] )
INFO: [Synth 8-3333] propagating constant 0 across sequential element (\mem_R_reg[68][15] )
INFO: [Synth 8-3333] propagating constant 0 across sequential element (\mem_R_reg[67][15] )
INFO: [Synth 8-3333] propagating constant 0 across sequential element (\mem_R_reg[66][15] )
INFO: [Synth 8-3333] propagating constant 0 across sequential element (\mem_R_reg[65][15] )
INFO: [Synth 8-3333] propagating constant 0 across sequential element (\mem_R_reg[64][15] )
INFO: [Synth 8-3333] propagating constant 0 across sequential element (\mem_R_reg[63][15] )
INFO: [Synth 8-3333] propagating constant 0 across sequential element (\mem_R_reg[62][15] )
INFO: [Synth 8-3333] propagating constant 0 across sequential element (\mem_R_reg[61][15] )
INFO: [Synth 8-3333] propagating constant 0 across sequential element (\mem_R_reg[60][15] )
INFO: [Synth 8-3333] propagating constant 0 across sequential element (\mem_R_reg[59][15] )
INFO: [Synth 8-3333] propagating constant 0 across sequential element (\mem_R_reg[58][15] )
INFO: [Synth 8-3333] propagating constant 0 across sequential element (\mem_R_reg[57][15] )
INFO: [Synth 8-3333] propagating constant 0 across sequential element (\mem_L_reg[56][15] )
INFO: [Synth 8-3333] propagating constant 0 across sequential element (\mem_R_reg[141][15] )
INFO: [Synth 8-3333] propagating constant 0 across sequential element (\mem_R_reg[140][15] )
INFO: [Synth 8-3333] propagating constant 0 across sequential element (\mem_R_reg[139][15] )
INFO: [Synth 8-3333] propagating constant 0 across sequential element (\mem_R_reg[138][15] )
INFO: [Synth 8-3333] propagating constant 0 across sequential element (\mem_L_reg[72][15] )
INFO: [Synth 8-3333] propagating constant 0 across sequential element (\mem_L_reg[73][15] )
INFO: [Synth 8-3333] propagating constant 0 across sequential element (\mem_L_reg[74][15] )
INFO: [Synth 8-3333] propagating constant 0 across sequential element (\mem_L_reg[75][15] )
INFO: [Synth 8-3333] propagating constant 0 across sequential element (\mem_R_reg[88][15] )
INFO: [Synth 8-3333] propagating constant 0 across sequential element (\mem_R_reg[87][15] )
INFO: [Synth 8-3333] propagating constant 0 across sequential element (\mem_R_reg[86][15] )
INFO: [Synth 8-3333] propagating constant 0 across sequential element (\mem_R_reg[85][15] )
INFO: [Synth 8-3333] propagating constant 0 across sequential element (\mem_R_reg[84][15] )
INFO: [Synth 8-3333] propagating constant 0 across sequential element (\mem_R_reg[83][15] )
INFO: [Synth 8-3333] propagating constant 0 across sequential element (\mem_R_reg[82][15] )
INFO: [Synth 8-3333] propagating constant 0 across sequential element (\mem_R_reg[81][15] )
INFO: [Synth 8-3333] propagating constant 0 across sequential element (\mem_R_reg[80][15] )
INFO: [Synth 8-3333] propagating constant 0 across sequential element (\mem_R_reg[79][15] )
INFO: [Synth 8-3333] propagating constant 0 across sequential element (\mem_R_reg[78][15] )
INFO: [Synth 8-3333] propagating constant 0 across sequential element (\mem_R_reg[77][15] )
INFO: [Synth 8-3333] propagating constant 0 across sequential element (\mem_L_reg[76][15] )
INFO: [Synth 8-3333] propagating constant 0 across sequential element (\mem_R_reg[157][15] )
INFO: [Synth 8-3333] propagating constant 0 across sequential element (\mem_R_reg[156][15] )
INFO: [Synth 8-3333] propagating constant 0 across sequential element (\mem_R_reg[155][15] )
INFO: [Synth 8-3333] propagating constant 0 across sequential element (\mem_R_reg[154][15] )
INFO: [Synth 8-3333] propagating constant 0 across sequential element (\mem_R_reg[153][15] )
INFO: [Synth 8-3333] propagating constant 0 across sequential element (\mem_R_reg[152][15] )
INFO: [Synth 8-3333] propagating constant 0 across sequential element (\mem_R_reg[151][15] )
INFO: [Common 17-14] Message 'Synth 8-3333' appears 100 times and further instances of the messages will be disabled. Use the Tcl command set_msg_config to change the current settings.
INFO: [Common 17-14] Message 'Synth 8-3886' appears 100 times and further instances of the messages will be disabled. Use the Tcl command set_msg_config to change the current settings.
---------------------------------------------------------------------------------
Finished Cross Boundary and Area Optimization : Time (s): cpu = 00:01:03 ; elapsed = 00:01:25 . Memory (MB): peak = 1457.793 ; gain = 355.613
---------------------------------------------------------------------------------
---------------------------------------------------------------------------------
Start ROM, RAM, DSP, Shift Register and Retiming Reporting
---------------------------------------------------------------------------------

ROM: Preliminary Mapping	Report
+---------------+-----------------------------------+---------------+----------------+
|Module Name    | RTL Object                        | Depth x Width | Implemented As | 
+---------------+-----------------------------------+---------------+----------------+
|top_VGA_CAMERA | U_SCCB_Config_Left/rom1/dout_reg  | 256x16        | Block RAM      | 
|top_VGA_CAMERA | U_SCCB_Config_Right/rom1/dout_reg | 256x16        | Block RAM      | 
+---------------+-----------------------------------+---------------+----------------+


Block RAM: Preliminary Mapping	Report (see note below)
+---------------+----------------------------+------------------------+---+---+------------------------+---+---+------------------+--------+--------+
|Module Name    | RTL Object                 | PORT A (Depth x Width) | W | R | PORT B (Depth x Width) | W | R | Ports driving FF | RAMB18 | RAMB36 | 
+---------------+----------------------------+------------------------+---+---+------------------------+---+---+------------------+--------+--------+
|top_VGA_CAMERA | U_FrameBufferLeft/mem_reg  | 18 K x 16(NO_CHANGE)   | W |   | 18 K x 16(WRITE_FIRST) |   | R | Port A and B     | 0      | 16     | 
|top_VGA_CAMERA | U_FrameBufferRight/mem_reg | 18 K x 16(NO_CHANGE)   | W |   | 18 K x 16(WRITE_FIRST) |   | R | Port A and B     | 0      | 16     | 
+---------------+----------------------------+------------------------+---+---+------------------------+---+---+------------------+--------+--------+

Note: The table above is a preliminary report that shows the Block RAMs at the current stage of the synthesis flow. Some Block RAMs may be reimplemented as non Block RAM primitives later in the synthesis flow. Multiple instantiated Block RAMs are reported only once. 

DSP: Preliminary Mapping	Report (see note below)
+------------------+-------------------------------+--------+--------+--------+--------+--------+------+------+------+------+-------+------+------+
|Module Name       | DSP Mapping                   | A Size | B Size | C Size | D Size | P Size | AREG | BREG | CREG | DREG | ADREG | MREG | PREG | 
+------------------+-------------------------------+--------+--------+--------+--------+--------+------+------+------+------+-------+------+------+
|qvga_addr_decoder | C+(D+(A:0x3fffff88))*(B:0xa0) | 15     | 8      | 9      | 9      | 15     | 0    | 0    | 0    | 0    | 0     | 0    | 0    | 
+------------------+-------------------------------+--------+--------+--------+--------+--------+------+------+------+------+-------+------+------+

Note: The table above is a preliminary report that shows the DSPs inferred at the current stage of the synthesis flow. Some DSP may be reimplemented as non DSP primitives later in the synthesis flow. Multiple instantiated DSPs are reported only once.
---------------------------------------------------------------------------------
Finished ROM, RAM, DSP, Shift Register and Retiming Reporting
---------------------------------------------------------------------------------
---------------------------------------------------------------------------------
Start Applying XDC Timing Constraints
---------------------------------------------------------------------------------
---------------------------------------------------------------------------------
Finished Applying XDC Timing Constraints : Time (s): cpu = 00:01:14 ; elapsed = 00:01:37 . Memory (MB): peak = 1457.793 ; gain = 355.613
---------------------------------------------------------------------------------
---------------------------------------------------------------------------------
Start Timing Optimization
---------------------------------------------------------------------------------
---------------------------------------------------------------------------------
Finished Timing Optimization : Time (s): cpu = 00:01:38 ; elapsed = 00:02:01 . Memory (MB): peak = 1475.012 ; gain = 372.832
---------------------------------------------------------------------------------
---------------------------------------------------------------------------------
Start ROM, RAM, DSP, Shift Register and Retiming Reporting
---------------------------------------------------------------------------------

Block RAM: Final Mapping	Report
+---------------+----------------------------+------------------------+---+---+------------------------+---+---+------------------+--------+--------+
|Module Name    | RTL Object                 | PORT A (Depth x Width) | W | R | PORT B (Depth x Width) | W | R | Ports driving FF | RAMB18 | RAMB36 | 
+---------------+----------------------------+------------------------+---+---+------------------------+---+---+------------------+--------+--------+
|top_VGA_CAMERA | U_FrameBufferLeft/mem_reg  | 18 K x 16(NO_CHANGE)   | W |   | 18 K x 16(WRITE_FIRST) |   | R | Port A and B     | 0      | 16     | 
|top_VGA_CAMERA | U_FrameBufferRight/mem_reg | 18 K x 16(NO_CHANGE)   | W |   | 18 K x 16(WRITE_FIRST) |   | R | Port A and B     | 0      | 16     | 
+---------------+----------------------------+------------------------+---+---+------------------------+---+---+------------------+--------+--------+

---------------------------------------------------------------------------------
Finished ROM, RAM, DSP, Shift Register and Retiming Reporting
---------------------------------------------------------------------------------
---------------------------------------------------------------------------------
Start Technology Mapping
---------------------------------------------------------------------------------
INFO: [Synth 8-7052] The timing for the instance i_0/U_FrameBufferLeft/mem_reg_0_0 (implemented as a Block RAM) might be sub-optimal as no optional output register could be merged into the ram block. Providing additional output register may help in improving timing.
INFO: [Synth 8-7052] The timing for the instance i_0/U_FrameBufferLeft/mem_reg_0_1 (implemented as a Block RAM) might be sub-optimal as no optional output register could be merged into the ram block. Providing additional output register may help in improving timing.
INFO: [Synth 8-7052] The timing for the instance i_0/U_FrameBufferLeft/mem_reg_0_2 (implemented as a Block RAM) might be sub-optimal as no optional output register could be merged into the ram block. Providing additional output register may help in improving timing.
INFO: [Synth 8-7052] The timing for the instance i_0/U_FrameBufferLeft/mem_reg_0_3 (implemented as a Block RAM) might be sub-optimal as no optional output register could be merged into the ram block. Providing additional output register may help in improving timing.
INFO: [Synth 8-7052] The timing for the instance i_0/U_FrameBufferLeft/mem_reg_0_4 (implemented as a Block RAM) might be sub-optimal as no optional output register could be merged into the ram block. Providing additional output register may help in improving timing.
INFO: [Synth 8-7052] The timing for the instance i_0/U_FrameBufferLeft/mem_reg_0_5 (implemented as a Block RAM) might be sub-optimal as no optional output register could be merged into the ram block. Providing additional output register may help in improving timing.
INFO: [Synth 8-7052] The timing for the instance i_0/U_FrameBufferLeft/mem_reg_0_6 (implemented as a Block RAM) might be sub-optimal as no optional output register could be merged into the ram block. Providing additional output register may help in improving timing.
INFO: [Synth 8-7052] The timing for the instance i_0/U_FrameBufferLeft/mem_reg_0_7 (implemented as a Block RAM) might be sub-optimal as no optional output register could be merged into the ram block. Providing additional output register may help in improving timing.
INFO: [Synth 8-7052] The timing for the instance i_0/U_FrameBufferLeft/mem_reg_0_8 (implemented as a Block RAM) might be sub-optimal as no optional output register could be merged into the ram block. Providing additional output register may help in improving timing.
INFO: [Synth 8-7052] The timing for the instance i_0/U_FrameBufferLeft/mem_reg_0_9 (implemented as a Block RAM) might be sub-optimal as no optional output register could be merged into the ram block. Providing additional output register may help in improving timing.
INFO: [Synth 8-7052] The timing for the instance i_0/U_FrameBufferLeft/mem_reg_0_10 (implemented as a Block RAM) might be sub-optimal as no optional output register could be merged into the ram block. Providing additional output register may help in improving timing.
INFO: [Synth 8-7052] The timing for the instance i_0/U_FrameBufferLeft/mem_reg_0_11 (implemented as a Block RAM) might be sub-optimal as no optional output register could be merged into the ram block. Providing additional output register may help in improving timing.
INFO: [Synth 8-7052] The timing for the instance i_0/U_FrameBufferLeft/mem_reg_0_12 (implemented as a Block RAM) might be sub-optimal as no optional output register could be merged into the ram block. Providing additional output register may help in improving timing.
INFO: [Synth 8-7052] The timing for the instance i_0/U_FrameBufferLeft/mem_reg_0_13 (implemented as a Block RAM) might be sub-optimal as no optional output register could be merged into the ram block. Providing additional output register may help in improving timing.
INFO: [Synth 8-7052] The timing for the instance i_0/U_FrameBufferLeft/mem_reg_0_14 (implemented as a Block RAM) might be sub-optimal as no optional output register could be merged into the ram block. Providing additional output register may help in improving timing.
INFO: [Synth 8-7052] The timing for the instance i_0/U_FrameBufferLeft/mem_reg_0_15 (implemented as a Block RAM) might be sub-optimal as no optional output register could be merged into the ram block. Providing additional output register may help in improving timing.
INFO: [Synth 8-7052] The timing for the instance i_0/U_FrameBufferRight/mem_reg_0_0 (implemented as a Block RAM) might be sub-optimal as no optional output register could be merged into the ram block. Providing additional output register may help in improving timing.
INFO: [Synth 8-7052] The timing for the instance i_0/U_FrameBufferRight/mem_reg_0_1 (implemented as a Block RAM) might be sub-optimal as no optional output register could be merged into the ram block. Providing additional output register may help in improving timing.
INFO: [Synth 8-7052] The timing for the instance i_0/U_FrameBufferRight/mem_reg_0_2 (implemented as a Block RAM) might be sub-optimal as no optional output register could be merged into the ram block. Providing additional output register may help in improving timing.
INFO: [Synth 8-7052] The timing for the instance i_0/U_FrameBufferRight/mem_reg_0_3 (implemented as a Block RAM) might be sub-optimal as no optional output register could be merged into the ram block. Providing additional output register may help in improving timing.
INFO: [Synth 8-7052] The timing for the instance i_0/U_FrameBufferRight/mem_reg_0_4 (implemented as a Block RAM) might be sub-optimal as no optional output register could be merged into the ram block. Providing additional output register may help in improving timing.
INFO: [Synth 8-7052] The timing for the instance i_0/U_FrameBufferRight/mem_reg_0_5 (implemented as a Block RAM) might be sub-optimal as no optional output register could be merged into the ram block. Providing additional output register may help in improving timing.
INFO: [Synth 8-7052] The timing for the instance i_0/U_FrameBufferRight/mem_reg_0_6 (implemented as a Block RAM) might be sub-optimal as no optional output register could be merged into the ram block. Providing additional output register may help in improving timing.
INFO: [Synth 8-7052] The timing for the instance i_0/U_FrameBufferRight/mem_reg_0_7 (implemented as a Block RAM) might be sub-optimal as no optional output register could be merged into the ram block. Providing additional output register may help in improving timing.
INFO: [Synth 8-7052] The timing for the instance i_0/U_FrameBufferRight/mem_reg_0_8 (implemented as a Block RAM) might be sub-optimal as no optional output register could be merged into the ram block. Providing additional output register may help in improving timing.
INFO: [Synth 8-7052] The timing for the instance i_0/U_FrameBufferRight/mem_reg_0_9 (implemented as a Block RAM) might be sub-optimal as no optional output register could be merged into the ram block. Providing additional output register may help in improving timing.
INFO: [Synth 8-7052] The timing for the instance i_0/U_FrameBufferRight/mem_reg_0_10 (implemented as a Block RAM) might be sub-optimal as no optional output register could be merged into the ram block. Providing additional output register may help in improving timing.
INFO: [Synth 8-7052] The timing for the instance i_0/U_FrameBufferRight/mem_reg_0_11 (implemented as a Block RAM) might be sub-optimal as no optional output register could be merged into the ram block. Providing additional output register may help in improving timing.
INFO: [Synth 8-7052] The timing for the instance i_0/U_FrameBufferRight/mem_reg_0_12 (implemented as a Block RAM) might be sub-optimal as no optional output register could be merged into the ram block. Providing additional output register may help in improving timing.
INFO: [Synth 8-7052] The timing for the instance i_0/U_FrameBufferRight/mem_reg_0_13 (implemented as a Block RAM) might be sub-optimal as no optional output register could be merged into the ram block. Providing additional output register may help in improving timing.
INFO: [Synth 8-7052] The timing for the instance i_0/U_FrameBufferRight/mem_reg_0_14 (implemented as a Block RAM) might be sub-optimal as no optional output register could be merged into the ram block. Providing additional output register may help in improving timing.
INFO: [Synth 8-7052] The timing for the instance i_0/U_FrameBufferRight/mem_reg_0_15 (implemented as a Block RAM) might be sub-optimal as no optional output register could be merged into the ram block. Providing additional output register may help in improving timing.
INFO: [Synth 8-7052] The timing for the instance i_0/U_SCCB_Config_Left/rom1/dout_reg (implemented as a Block RAM) might be sub-optimal as no optional output register could be merged into the ram block. Providing additional output register may help in improving timing.
INFO: [Synth 8-7052] The timing for the instance i_0/U_SCCB_Config_Left/rom1/dout_reg (implemented as a Block RAM) might be sub-optimal as no optional output register could be merged into the ram block. Providing additional output register may help in improving timing.
---------------------------------------------------------------------------------
Finished Technology Mapping : Time (s): cpu = 00:01:44 ; elapsed = 00:02:18 . Memory (MB): peak = 1500.035 ; gain = 397.855
---------------------------------------------------------------------------------
---------------------------------------------------------------------------------
Start IO Insertion
---------------------------------------------------------------------------------
---------------------------------------------------------------------------------
Start Flattening Before IO Insertion
---------------------------------------------------------------------------------
---------------------------------------------------------------------------------
Finished Flattening Before IO Insertion
---------------------------------------------------------------------------------
---------------------------------------------------------------------------------
Start Final Netlist Cleanup
---------------------------------------------------------------------------------
INFO: [Synth 8-7052] The timing for the instance U_FrameBufferLeft/mem_reg_0_0 (implemented as a Block RAM) might be sub-optimal as no optional output register could be merged into the ram block. Providing additional output register may help in improving timing.
INFO: [Synth 8-7052] The timing for the instance U_FrameBufferLeft/mem_reg_0_1 (implemented as a Block RAM) might be sub-optimal as no optional output register could be merged into the ram block. Providing additional output register may help in improving timing.
INFO: [Synth 8-7052] The timing for the instance U_FrameBufferLeft/mem_reg_0_2 (implemented as a Block RAM) might be sub-optimal as no optional output register could be merged into the ram block. Providing additional output register may help in improving timing.
INFO: [Synth 8-7052] The timing for the instance U_FrameBufferLeft/mem_reg_0_3 (implemented as a Block RAM) might be sub-optimal as no optional output register could be merged into the ram block. Providing additional output register may help in improving timing.
INFO: [Synth 8-7052] The timing for the instance U_FrameBufferLeft/mem_reg_0_4 (implemented as a Block RAM) might be sub-optimal as no optional output register could be merged into the ram block. Providing additional output register may help in improving timing.
INFO: [Synth 8-7052] The timing for the instance U_FrameBufferLeft/mem_reg_0_5 (implemented as a Block RAM) might be sub-optimal as no optional output register could be merged into the ram block. Providing additional output register may help in improving timing.
INFO: [Synth 8-7052] The timing for the instance U_FrameBufferLeft/mem_reg_0_6 (implemented as a Block RAM) might be sub-optimal as no optional output register could be merged into the ram block. Providing additional output register may help in improving timing.
INFO: [Synth 8-7052] The timing for the instance U_FrameBufferLeft/mem_reg_0_7 (implemented as a Block RAM) might be sub-optimal as no optional output register could be merged into the ram block. Providing additional output register may help in improving timing.
INFO: [Synth 8-7052] The timing for the instance U_FrameBufferLeft/mem_reg_0_8 (implemented as a Block RAM) might be sub-optimal as no optional output register could be merged into the ram block. Providing additional output register may help in improving timing.
INFO: [Synth 8-7052] The timing for the instance U_FrameBufferLeft/mem_reg_0_9 (implemented as a Block RAM) might be sub-optimal as no optional output register could be merged into the ram block. Providing additional output register may help in improving timing.
INFO: [Synth 8-7052] The timing for the instance U_FrameBufferLeft/mem_reg_0_10 (implemented as a Block RAM) might be sub-optimal as no optional output register could be merged into the ram block. Providing additional output register may help in improving timing.
INFO: [Synth 8-7052] The timing for the instance U_FrameBufferLeft/mem_reg_0_11 (implemented as a Block RAM) might be sub-optimal as no optional output register could be merged into the ram block. Providing additional output register may help in improving timing.
INFO: [Synth 8-7052] The timing for the instance U_FrameBufferLeft/mem_reg_0_12 (implemented as a Block RAM) might be sub-optimal as no optional output register could be merged into the ram block. Providing additional output register may help in improving timing.
INFO: [Synth 8-7052] The timing for the instance U_FrameBufferLeft/mem_reg_0_13 (implemented as a Block RAM) might be sub-optimal as no optional output register could be merged into the ram block. Providing additional output register may help in improving timing.
INFO: [Synth 8-7052] The timing for the instance U_FrameBufferLeft/mem_reg_0_14 (implemented as a Block RAM) might be sub-optimal as no optional output register could be merged into the ram block. Providing additional output register may help in improving timing.
INFO: [Synth 8-7052] The timing for the instance U_FrameBufferLeft/mem_reg_0_15 (implemented as a Block RAM) might be sub-optimal as no optional output register could be merged into the ram block. Providing additional output register may help in improving timing.
INFO: [Synth 8-7052] The timing for the instance U_FrameBufferRight/mem_reg_0_0 (implemented as a Block RAM) might be sub-optimal as no optional output register could be merged into the ram block. Providing additional output register may help in improving timing.
INFO: [Synth 8-7052] The timing for the instance U_FrameBufferRight/mem_reg_0_1 (implemented as a Block RAM) might be sub-optimal as no optional output register could be merged into the ram block. Providing additional output register may help in improving timing.
INFO: [Synth 8-7052] The timing for the instance U_FrameBufferRight/mem_reg_0_2 (implemented as a Block RAM) might be sub-optimal as no optional output register could be merged into the ram block. Providing additional output register may help in improving timing.
INFO: [Synth 8-7052] The timing for the instance U_FrameBufferRight/mem_reg_0_3 (implemented as a Block RAM) might be sub-optimal as no optional output register could be merged into the ram block. Providing additional output register may help in improving timing.
INFO: [Synth 8-7052] The timing for the instance U_FrameBufferRight/mem_reg_0_4 (implemented as a Block RAM) might be sub-optimal as no optional output register could be merged into the ram block. Providing additional output register may help in improving timing.
INFO: [Synth 8-7052] The timing for the instance U_FrameBufferRight/mem_reg_0_5 (implemented as a Block RAM) might be sub-optimal as no optional output register could be merged into the ram block. Providing additional output register may help in improving timing.
INFO: [Synth 8-7052] The timing for the instance U_FrameBufferRight/mem_reg_0_6 (implemented as a Block RAM) might be sub-optimal as no optional output register could be merged into the ram block. Providing additional output register may help in improving timing.
INFO: [Synth 8-7052] The timing for the instance U_FrameBufferRight/mem_reg_0_7 (implemented as a Block RAM) might be sub-optimal as no optional output register could be merged into the ram block. Providing additional output register may help in improving timing.
INFO: [Synth 8-7052] The timing for the instance U_FrameBufferRight/mem_reg_0_8 (implemented as a Block RAM) might be sub-optimal as no optional output register could be merged into the ram block. Providing additional output register may help in improving timing.
INFO: [Synth 8-7052] The timing for the instance U_FrameBufferRight/mem_reg_0_9 (implemented as a Block RAM) might be sub-optimal as no optional output register could be merged into the ram block. Providing additional output register may help in improving timing.
INFO: [Synth 8-7052] The timing for the instance U_FrameBufferRight/mem_reg_0_10 (implemented as a Block RAM) might be sub-optimal as no optional output register could be merged into the ram block. Providing additional output register may help in improving timing.
INFO: [Synth 8-7052] The timing for the instance U_FrameBufferRight/mem_reg_0_11 (implemented as a Block RAM) might be sub-optimal as no optional output register could be merged into the ram block. Providing additional output register may help in improving timing.
INFO: [Synth 8-7052] The timing for the instance U_FrameBufferRight/mem_reg_0_12 (implemented as a Block RAM) might be sub-optimal as no optional output register could be merged into the ram block. Providing additional output register may help in improving timing.
INFO: [Synth 8-7052] The timing for the instance U_FrameBufferRight/mem_reg_0_13 (implemented as a Block RAM) might be sub-optimal as no optional output register could be merged into the ram block. Providing additional output register may help in improving timing.
INFO: [Synth 8-7052] The timing for the instance U_FrameBufferRight/mem_reg_0_14 (implemented as a Block RAM) might be sub-optimal as no optional output register could be merged into the ram block. Providing additional output register may help in improving timing.
INFO: [Synth 8-7052] The timing for the instance U_FrameBufferRight/mem_reg_0_15 (implemented as a Block RAM) might be sub-optimal as no optional output register could be merged into the ram block. Providing additional output register may help in improving timing.
INFO: [Synth 8-7052] The timing for the instance U_SCCB_Config_Left/rom1/dout_reg (implemented as a Block RAM) might be sub-optimal as no optional output register could be merged into the ram block. Providing additional output register may help in improving timing.
INFO: [Synth 8-7052] The timing for the instance U_SCCB_Config_Left/rom1/dout_reg (implemented as a Block RAM) might be sub-optimal as no optional output register could be merged into the ram block. Providing additional output register may help in improving timing.
---------------------------------------------------------------------------------
Finished Final Netlist Cleanup
---------------------------------------------------------------------------------
---------------------------------------------------------------------------------
Finished IO Insertion : Time (s): cpu = 00:01:50 ; elapsed = 00:02:24 . Memory (MB): peak = 1500.035 ; gain = 397.855
---------------------------------------------------------------------------------
---------------------------------------------------------------------------------
Start Renaming Generated Instances
---------------------------------------------------------------------------------
---------------------------------------------------------------------------------
Finished Renaming Generated Instances : Time (s): cpu = 00:01:50 ; elapsed = 00:02:24 . Memory (MB): peak = 1500.035 ; gain = 397.855
---------------------------------------------------------------------------------
---------------------------------------------------------------------------------
Start Rebuilding User Hierarchy
---------------------------------------------------------------------------------
---------------------------------------------------------------------------------
Finished Rebuilding User Hierarchy : Time (s): cpu = 00:01:53 ; elapsed = 00:02:27 . Memory (MB): peak = 1500.035 ; gain = 397.855
---------------------------------------------------------------------------------
---------------------------------------------------------------------------------
Start Renaming Generated Ports
---------------------------------------------------------------------------------
---------------------------------------------------------------------------------
Finished Renaming Generated Ports : Time (s): cpu = 00:01:53 ; elapsed = 00:02:27 . Memory (MB): peak = 1500.035 ; gain = 397.855
---------------------------------------------------------------------------------
---------------------------------------------------------------------------------
Start Handling Custom Attributes
---------------------------------------------------------------------------------
---------------------------------------------------------------------------------
Finished Handling Custom Attributes : Time (s): cpu = 00:01:53 ; elapsed = 00:02:28 . Memory (MB): peak = 1500.035 ; gain = 397.855
---------------------------------------------------------------------------------
---------------------------------------------------------------------------------
Start Renaming Generated Nets
---------------------------------------------------------------------------------
---------------------------------------------------------------------------------
Finished Renaming Generated Nets : Time (s): cpu = 00:01:53 ; elapsed = 00:02:28 . Memory (MB): peak = 1500.035 ; gain = 397.855
---------------------------------------------------------------------------------
---------------------------------------------------------------------------------
Start Writing Synthesis Report
---------------------------------------------------------------------------------

Report BlackBoxes: 
+------+--------------+----------+
|      |BlackBox name |Instances |
+------+--------------+----------+
|1     |clk_wiz_0     |         1|
+------+--------------+----------+

Report Cell Usage: 
+------+---------+------+
|      |Cell     |Count |
+------+---------+------+
|1     |clk_wiz  |     1|
|2     |BUFG     |     3|
|3     |CARRY4   |  2575|
|4     |DSP48E1  |     1|
|5     |LUT1     |   147|
|6     |LUT2     |  5010|
|7     |LUT3     |  4467|
|8     |LUT4     |  6633|
|9     |LUT5     |  1811|
|10    |LUT6     |  3292|
|11    |MUXF7    |   200|
|12    |MUXF8    |    40|
|13    |RAMB18E1 |     1|
|14    |RAMB36E1 |    32|
|15    |FDCE     |   103|
|16    |FDPE     |     1|
|17    |FDRE     |  1850|
|18    |FDSE     |    14|
|19    |LD       |   634|
|20    |IBUF     |    25|
|21    |OBUF     |    16|
|22    |OBUFT    |     4|
+------+---------+------+
---------------------------------------------------------------------------------
Finished Writing Synthesis Report : Time (s): cpu = 00:01:53 ; elapsed = 00:02:28 . Memory (MB): peak = 1500.035 ; gain = 397.855
---------------------------------------------------------------------------------
Synthesis finished with 0 errors, 0 critical warnings and 162 warnings.
Synthesis Optimization Runtime : Time (s): cpu = 00:01:37 ; elapsed = 00:02:24 . Memory (MB): peak = 1500.035 ; gain = 322.352
Synthesis Optimization Complete : Time (s): cpu = 00:01:54 ; elapsed = 00:02:29 . Memory (MB): peak = 1500.035 ; gain = 397.855
INFO: [Project 1-571] Translating synthesized netlist
Netlist sorting complete. Time (s): cpu = 00:00:00 ; elapsed = 00:00:00.343 . Memory (MB): peak = 1506.727 ; gain = 0.000
INFO: [Netlist 29-17] Analyzing 3483 Unisim elements for replacement
INFO: [Netlist 29-28] Unisim Transformation completed in 0 CPU seconds
WARNING: [Netlist 29-101] Netlist 'top_VGA_CAMERA' is not ideal for floorplanning, since the cellview 'disparity_generator' contains a large number of primitives.  Please consider enabling hierarchy in synthesis if you want to do floorplanning.
INFO: [Project 1-570] Preparing netlist for logic optimization
INFO: [Opt 31-140] Inserted 1 IBUFs to IO ports without IO buffers.
INFO: [Opt 31-138] Pushed 0 inverter(s) to 0 load pin(s).
Netlist sorting complete. Time (s): cpu = 00:00:00 ; elapsed = 00:00:00.007 . Memory (MB): peak = 1506.727 ; gain = 0.000
INFO: [Project 1-111] Unisim Transformation Summary:
  A total of 634 instances were transformed.
  LD => LDCE: 634 instances

INFO: [Common 17-83] Releasing license: Synthesis
326 Infos, 135 Warnings, 0 Critical Warnings and 0 Errors encountered.
synth_design completed successfully
synth_design: Time (s): cpu = 00:02:06 ; elapsed = 00:02:42 . Memory (MB): peak = 1506.727 ; gain = 404.547
INFO: [Common 17-1381] The checkpoint 'D:/Verilog/Verilog/TeamProject_StereoDepth_HO/TeamProject_StereoDepth.runs/synth_1/top_VGA_CAMERA.dcp' has been generated.
INFO: [runtcl-4] Executing : report_utilization -file top_VGA_CAMERA_utilization_synth.rpt -pb top_VGA_CAMERA_utilization_synth.pb
INFO: [Common 17-206] Exiting Vivado at Sat Jan  4 10:36:36 2025...
