
*** Running vivado
    with args -log top_VGA_CAMERA.vds -m64 -product Vivado -mode batch -messageDb vivado.pb -notrace -source top_VGA_CAMERA.tcl



****** Vivado v2020.2 (64-bit)
  **** SW Build 3064766 on Wed Nov 18 09:12:45 MST 2020
  **** IP Build 3064653 on Wed Nov 18 14:17:31 MST 2020
    ** Copyright 1986-2020 Xilinx, Inc. All Rights Reserved.

source top_VGA_CAMERA.tcl -notrace
Command: synth_design -top top_VGA_CAMERA -part xc7a35tcpg236-1
Starting synth_design
Attempting to get a license for feature 'Synthesis' and/or device 'xc7a35t'
INFO: [Common 17-349] Got license for feature 'Synthesis' and/or device 'xc7a35t'
INFO: [Device 21-403] Loading part xc7a35tcpg236-1
INFO: [Synth 8-7079] Multithreading enabled for synth_design using a maximum of 2 processes.
INFO: [Synth 8-7078] Launching helper process for spawning children vivado processes
INFO: [Synth 8-7075] Helper process launched with PID 15264
---------------------------------------------------------------------------------
Starting RTL Elaboration : Time (s): cpu = 00:00:04 ; elapsed = 00:00:04 . Memory (MB): peak = 1111.500 ; gain = 27.582
---------------------------------------------------------------------------------
INFO: [Synth 8-6157] synthesizing module 'top_VGA_CAMERA' [D:/Verilog/Verilog/StereoDepth_final/StereoDepth_final.srcs/sources_1/imports/sources_1/imports/new/top_VGA_CAMERA.sv:5]
INFO: [Synth 8-6157] synthesizing module 'clk_wiz_0' [D:/Verilog/Verilog/StereoDepth_final/StereoDepth_final.runs/synth_1/.Xil/Vivado-30372-DESKTOP-PFRE25G/realtime/clk_wiz_0_stub.v:5]
INFO: [Synth 8-6155] done synthesizing module 'clk_wiz_0' (1#1) [D:/Verilog/Verilog/StereoDepth_final/StereoDepth_final.runs/synth_1/.Xil/Vivado-30372-DESKTOP-PFRE25G/realtime/clk_wiz_0_stub.v:5]
INFO: [Synth 8-6157] synthesizing module 'rbt2gray' [D:/Verilog/Verilog/StereoDepth_final/StereoDepth_final.srcs/sources_1/imports/sources_1/imports/new/top_VGA_CAMERA.sv:378]
	Parameter RW bound to: 8'b01001100 
	Parameter GW bound to: 8'b10010110 
	Parameter BW bound to: 8'b00011110 
INFO: [Synth 8-6155] done synthesizing module 'rbt2gray' (2#1) [D:/Verilog/Verilog/StereoDepth_final/StereoDepth_final.srcs/sources_1/imports/sources_1/imports/new/top_VGA_CAMERA.sv:378]
INFO: [Synth 8-6157] synthesizing module 'top_SCCB' [D:/Verilog/Verilog/StereoDepth_final/StereoDepth_final.srcs/sources_1/imports/카카오톡 받은 파일/SCCB.sv:5]
INFO: [Synth 8-6157] synthesizing module 'OV7670_config_rom' [D:/Verilog/Verilog/StereoDepth_final/StereoDepth_final.srcs/sources_1/imports/카카오톡 받은 파일/SCCB.sv:268]
INFO: [Synth 8-6155] done synthesizing module 'OV7670_config_rom' (3#1) [D:/Verilog/Verilog/StereoDepth_final/StereoDepth_final.srcs/sources_1/imports/카카오톡 받은 파일/SCCB.sv:268]
INFO: [Synth 8-6157] synthesizing module 'SCCB' [D:/Verilog/Verilog/StereoDepth_final/StereoDepth_final.srcs/sources_1/imports/카카오톡 받은 파일/SCCB.sv:43]
INFO: [Synth 8-155] case statement is not full and has no default [D:/Verilog/Verilog/StereoDepth_final/StereoDepth_final.srcs/sources_1/imports/카카오톡 받은 파일/SCCB.sv:168]
INFO: [Synth 8-6155] done synthesizing module 'SCCB' (4#1) [D:/Verilog/Verilog/StereoDepth_final/StereoDepth_final.srcs/sources_1/imports/카카오톡 받은 파일/SCCB.sv:43]
INFO: [Synth 8-6155] done synthesizing module 'top_SCCB' (5#1) [D:/Verilog/Verilog/StereoDepth_final/StereoDepth_final.srcs/sources_1/imports/카카오톡 받은 파일/SCCB.sv:5]
INFO: [Synth 8-6157] synthesizing module 'display_mux_2x1' [D:/Verilog/Verilog/StereoDepth_final/StereoDepth_final.srcs/sources_1/imports/sources_1/imports/new/top_VGA_CAMERA.sv:345]
INFO: [Synth 8-6155] done synthesizing module 'display_mux_2x1' (6#1) [D:/Verilog/Verilog/StereoDepth_final/StereoDepth_final.srcs/sources_1/imports/sources_1/imports/new/top_VGA_CAMERA.sv:345]
WARNING: [Synth 8-7071] port 'qvga_en3' of module 'display_mux_2x1' is unconnected for instance 'U_display_mux_2x1' [D:/Verilog/Verilog/StereoDepth_final/StereoDepth_final.srcs/sources_1/imports/sources_1/imports/new/top_VGA_CAMERA.sv:123]
WARNING: [Synth 8-7023] instance 'U_display_mux_2x1' of module 'display_mux_2x1' has 7 connections declared, but only 6 given [D:/Verilog/Verilog/StereoDepth_final/StereoDepth_final.srcs/sources_1/imports/sources_1/imports/new/top_VGA_CAMERA.sv:123]
INFO: [Synth 8-6157] synthesizing module 'ov7670_SetData' [D:/Verilog/Verilog/StereoDepth_final/StereoDepth_final.srcs/sources_1/imports/sources_1/imports/new/ov7670_SetData.sv:3]
INFO: [Synth 8-6155] done synthesizing module 'ov7670_SetData' (7#1) [D:/Verilog/Verilog/StereoDepth_final/StereoDepth_final.srcs/sources_1/imports/sources_1/imports/new/ov7670_SetData.sv:3]
INFO: [Synth 8-6157] synthesizing module 'frameBuffer' [D:/Verilog/Verilog/StereoDepth_final/StereoDepth_final.srcs/sources_1/imports/sources_1/imports/new/FrameBuffer.sv:5]
INFO: [Synth 8-6155] done synthesizing module 'frameBuffer' (8#1) [D:/Verilog/Verilog/StereoDepth_final/StereoDepth_final.srcs/sources_1/imports/sources_1/imports/new/FrameBuffer.sv:5]
INFO: [Synth 8-6157] synthesizing module 'qvga_addr_decoder' [D:/Verilog/Verilog/StereoDepth_final/StereoDepth_final.srcs/sources_1/imports/sources_1/imports/new/top_VGA_CAMERA.sv:252]
INFO: [Synth 8-6155] done synthesizing module 'qvga_addr_decoder' (9#1) [D:/Verilog/Verilog/StereoDepth_final/StereoDepth_final.srcs/sources_1/imports/sources_1/imports/new/top_VGA_CAMERA.sv:252]
INFO: [Synth 8-6157] synthesizing module 'vga_controller' [D:/Verilog/Verilog/StereoDepth_final/StereoDepth_final.srcs/sources_1/imports/sources_1/imports/new/vga_controller.sv:3]
INFO: [Synth 8-6157] synthesizing module 'pixel_counter' [D:/Verilog/Verilog/StereoDepth_final/StereoDepth_final.srcs/sources_1/imports/sources_1/imports/new/vga_controller.sv:62]
	Parameter H_PIX_MAX bound to: 800 - type: integer 
	Parameter V_LINE_MAX bound to: 525 - type: integer 
INFO: [Synth 8-6155] done synthesizing module 'pixel_counter' (10#1) [D:/Verilog/Verilog/StereoDepth_final/StereoDepth_final.srcs/sources_1/imports/sources_1/imports/new/vga_controller.sv:62]
INFO: [Synth 8-6157] synthesizing module 'vga_decoder' [D:/Verilog/Verilog/StereoDepth_final/StereoDepth_final.srcs/sources_1/imports/sources_1/imports/new/vga_controller.sv:34]
	Parameter H_Visible_area bound to: 640 - type: integer 
	Parameter H_Front_porch bound to: 16 - type: integer 
	Parameter H_Sync_pulse bound to: 96 - type: integer 
	Parameter H_Back_porch bound to: 48 - type: integer 
	Parameter H_Whole_line bound to: 800 - type: integer 
	Parameter V_Visible_area bound to: 480 - type: integer 
	Parameter V_Front_porch bound to: 10 - type: integer 
	Parameter V_Sync_pulse bound to: 2 - type: integer 
	Parameter V_Back_porch bound to: 33 - type: integer 
	Parameter V_Whole_frame bound to: 525 - type: integer 
INFO: [Synth 8-6155] done synthesizing module 'vga_decoder' (11#1) [D:/Verilog/Verilog/StereoDepth_final/StereoDepth_final.srcs/sources_1/imports/sources_1/imports/new/vga_controller.sv:34]
INFO: [Synth 8-6155] done synthesizing module 'vga_controller' (12#1) [D:/Verilog/Verilog/StereoDepth_final/StereoDepth_final.srcs/sources_1/imports/sources_1/imports/new/vga_controller.sv:3]
INFO: [Synth 8-6157] synthesizing module 'rgb2gray' [D:/Verilog/Verilog/StereoDepth_final/StereoDepth_final.srcs/sources_1/imports/sources_1/imports/new/top_VGA_CAMERA.sv:395]
	Parameter RW bound to: 8'b01001100 
	Parameter GW bound to: 8'b10010110 
	Parameter BW bound to: 8'b00011110 
INFO: [Synth 8-6155] done synthesizing module 'rgb2gray' (13#1) [D:/Verilog/Verilog/StereoDepth_final/StereoDepth_final.srcs/sources_1/imports/sources_1/imports/new/top_VGA_CAMERA.sv:395]
INFO: [Synth 8-6157] synthesizing module 'disparity_generator_1x1' [D:/Verilog/Verilog/StereoDepth_final/StereoDepth_final.srcs/sources_1/imports/sources_1/new/disparityGenerator.sv:3]
	Parameter IDLE bound to: 0 - type: integer 
	Parameter COMP bound to: 1 - type: integer 
WARNING: [Synth 8-324] index 160 out of range [D:/Verilog/Verilog/StereoDepth_final/StereoDepth_final.srcs/sources_1/imports/sources_1/new/disparityGenerator.sv:113]
WARNING: [Synth 8-324] index 160 out of range [D:/Verilog/Verilog/StereoDepth_final/StereoDepth_final.srcs/sources_1/imports/sources_1/new/disparityGenerator.sv:113]
WARNING: [Synth 8-324] index 160 out of range [D:/Verilog/Verilog/StereoDepth_final/StereoDepth_final.srcs/sources_1/imports/sources_1/new/disparityGenerator.sv:113]
WARNING: [Synth 8-324] index 160 out of range [D:/Verilog/Verilog/StereoDepth_final/StereoDepth_final.srcs/sources_1/imports/sources_1/new/disparityGenerator.sv:112]
WARNING: [Synth 8-324] index 160 out of range [D:/Verilog/Verilog/StereoDepth_final/StereoDepth_final.srcs/sources_1/imports/sources_1/new/disparityGenerator.sv:112]
WARNING: [Synth 8-324] index 160 out of range [D:/Verilog/Verilog/StereoDepth_final/StereoDepth_final.srcs/sources_1/imports/sources_1/new/disparityGenerator.sv:112]
WARNING: [Synth 8-324] index 161 out of range [D:/Verilog/Verilog/StereoDepth_final/StereoDepth_final.srcs/sources_1/imports/sources_1/new/disparityGenerator.sv:113]
WARNING: [Synth 8-324] index 161 out of range [D:/Verilog/Verilog/StereoDepth_final/StereoDepth_final.srcs/sources_1/imports/sources_1/new/disparityGenerator.sv:113]
WARNING: [Synth 8-324] index 161 out of range [D:/Verilog/Verilog/StereoDepth_final/StereoDepth_final.srcs/sources_1/imports/sources_1/new/disparityGenerator.sv:113]
WARNING: [Synth 8-324] index 160 out of range [D:/Verilog/Verilog/StereoDepth_final/StereoDepth_final.srcs/sources_1/imports/sources_1/new/disparityGenerator.sv:111]
WARNING: [Synth 8-324] index 160 out of range [D:/Verilog/Verilog/StereoDepth_final/StereoDepth_final.srcs/sources_1/imports/sources_1/new/disparityGenerator.sv:111]
WARNING: [Synth 8-324] index 160 out of range [D:/Verilog/Verilog/StereoDepth_final/StereoDepth_final.srcs/sources_1/imports/sources_1/new/disparityGenerator.sv:111]
WARNING: [Synth 8-324] index 161 out of range [D:/Verilog/Verilog/StereoDepth_final/StereoDepth_final.srcs/sources_1/imports/sources_1/new/disparityGenerator.sv:112]
WARNING: [Synth 8-324] index 161 out of range [D:/Verilog/Verilog/StereoDepth_final/StereoDepth_final.srcs/sources_1/imports/sources_1/new/disparityGenerator.sv:112]
WARNING: [Synth 8-324] index 161 out of range [D:/Verilog/Verilog/StereoDepth_final/StereoDepth_final.srcs/sources_1/imports/sources_1/new/disparityGenerator.sv:112]
WARNING: [Synth 8-324] index 162 out of range [D:/Verilog/Verilog/StereoDepth_final/StereoDepth_final.srcs/sources_1/imports/sources_1/new/disparityGenerator.sv:113]
WARNING: [Synth 8-324] index 162 out of range [D:/Verilog/Verilog/StereoDepth_final/StereoDepth_final.srcs/sources_1/imports/sources_1/new/disparityGenerator.sv:113]
WARNING: [Synth 8-324] index 162 out of range [D:/Verilog/Verilog/StereoDepth_final/StereoDepth_final.srcs/sources_1/imports/sources_1/new/disparityGenerator.sv:113]
WARNING: [Synth 8-324] index 160 out of range [D:/Verilog/Verilog/StereoDepth_final/StereoDepth_final.srcs/sources_1/imports/sources_1/new/disparityGenerator.sv:110]
WARNING: [Synth 8-324] index 160 out of range [D:/Verilog/Verilog/StereoDepth_final/StereoDepth_final.srcs/sources_1/imports/sources_1/new/disparityGenerator.sv:110]
WARNING: [Synth 8-324] index 160 out of range [D:/Verilog/Verilog/StereoDepth_final/StereoDepth_final.srcs/sources_1/imports/sources_1/new/disparityGenerator.sv:110]
WARNING: [Synth 8-324] index 161 out of range [D:/Verilog/Verilog/StereoDepth_final/StereoDepth_final.srcs/sources_1/imports/sources_1/new/disparityGenerator.sv:111]
WARNING: [Synth 8-324] index 161 out of range [D:/Verilog/Verilog/StereoDepth_final/StereoDepth_final.srcs/sources_1/imports/sources_1/new/disparityGenerator.sv:111]
WARNING: [Synth 8-324] index 161 out of range [D:/Verilog/Verilog/StereoDepth_final/StereoDepth_final.srcs/sources_1/imports/sources_1/new/disparityGenerator.sv:111]
WARNING: [Synth 8-324] index 162 out of range [D:/Verilog/Verilog/StereoDepth_final/StereoDepth_final.srcs/sources_1/imports/sources_1/new/disparityGenerator.sv:112]
WARNING: [Synth 8-324] index 162 out of range [D:/Verilog/Verilog/StereoDepth_final/StereoDepth_final.srcs/sources_1/imports/sources_1/new/disparityGenerator.sv:112]
WARNING: [Synth 8-324] index 162 out of range [D:/Verilog/Verilog/StereoDepth_final/StereoDepth_final.srcs/sources_1/imports/sources_1/new/disparityGenerator.sv:112]
WARNING: [Synth 8-324] index 163 out of range [D:/Verilog/Verilog/StereoDepth_final/StereoDepth_final.srcs/sources_1/imports/sources_1/new/disparityGenerator.sv:113]
WARNING: [Synth 8-324] index 163 out of range [D:/Verilog/Verilog/StereoDepth_final/StereoDepth_final.srcs/sources_1/imports/sources_1/new/disparityGenerator.sv:113]
WARNING: [Synth 8-324] index 163 out of range [D:/Verilog/Verilog/StereoDepth_final/StereoDepth_final.srcs/sources_1/imports/sources_1/new/disparityGenerator.sv:113]
INFO: [Synth 8-155] case statement is not full and has no default [D:/Verilog/Verilog/StereoDepth_final/StereoDepth_final.srcs/sources_1/imports/sources_1/new/disparityGenerator.sv:44]
INFO: [Synth 8-6155] done synthesizing module 'disparity_generator_1x1' (14#1) [D:/Verilog/Verilog/StereoDepth_final/StereoDepth_final.srcs/sources_1/imports/sources_1/new/disparityGenerator.sv:3]
INFO: [Synth 8-6155] done synthesizing module 'top_VGA_CAMERA' (15#1) [D:/Verilog/Verilog/StereoDepth_final/StereoDepth_final.srcs/sources_1/imports/sources_1/imports/new/top_VGA_CAMERA.sv:5]
---------------------------------------------------------------------------------
Finished RTL Elaboration : Time (s): cpu = 00:00:10 ; elapsed = 00:00:11 . Memory (MB): peak = 1389.391 ; gain = 305.473
---------------------------------------------------------------------------------
---------------------------------------------------------------------------------
Start Handling Custom Attributes
---------------------------------------------------------------------------------
---------------------------------------------------------------------------------
Finished Handling Custom Attributes : Time (s): cpu = 00:00:12 ; elapsed = 00:00:13 . Memory (MB): peak = 1411.285 ; gain = 327.367
---------------------------------------------------------------------------------
---------------------------------------------------------------------------------
Finished RTL Optimization Phase 1 : Time (s): cpu = 00:00:12 ; elapsed = 00:00:13 . Memory (MB): peak = 1411.285 ; gain = 327.367
---------------------------------------------------------------------------------
Netlist sorting complete. Time (s): cpu = 00:00:00 ; elapsed = 00:00:00.189 . Memory (MB): peak = 1411.285 ; gain = 0.000
INFO: [Project 1-570] Preparing netlist for logic optimization

Processing XDC Constraints
Initializing timing engine
Parsing XDC File [d:/Verilog/Verilog/StereoDepth_final/StereoDepth_final.gen/sources_1/ip/clk_wiz_0/clk_wiz_0/clk_wiz_0_in_context.xdc] for cell 'U_clk_gene'
Finished Parsing XDC File [d:/Verilog/Verilog/StereoDepth_final/StereoDepth_final.gen/sources_1/ip/clk_wiz_0/clk_wiz_0/clk_wiz_0_in_context.xdc] for cell 'U_clk_gene'
Parsing XDC File [D:/Verilog/Verilog/StereoDepth_final/StereoDepth_final.srcs/constrs_1/imports/Downloads/MY_Basys-3-Master.xdc]
Finished Parsing XDC File [D:/Verilog/Verilog/StereoDepth_final/StereoDepth_final.srcs/constrs_1/imports/Downloads/MY_Basys-3-Master.xdc]
INFO: [Project 1-236] Implementation specific constraints were found while reading constraint file [D:/Verilog/Verilog/StereoDepth_final/StereoDepth_final.srcs/constrs_1/imports/Downloads/MY_Basys-3-Master.xdc]. These constraints will be ignored for synthesis but will be used in implementation. Impacted constraints are listed in the file [.Xil/top_VGA_CAMERA_propImpl.xdc].
Resolution: To avoid this warning, move constraints listed in [.Xil/top_VGA_CAMERA_propImpl.xdc] to another XDC file and exclude this new file from synthesis with the used_in_synthesis property (File Properties dialog in GUI) and re-run elaboration/synthesis.
Completed Processing XDC Constraints

Netlist sorting complete. Time (s): cpu = 00:00:00 ; elapsed = 00:00:00.003 . Memory (MB): peak = 1483.691 ; gain = 0.000
INFO: [Project 1-111] Unisim Transformation Summary:
No Unisim elements were transformed.

Constraint Validation Runtime : Time (s): cpu = 00:00:00 ; elapsed = 00:00:00.044 . Memory (MB): peak = 1483.691 ; gain = 0.000
---------------------------------------------------------------------------------
Finished Constraint Validation : Time (s): cpu = 00:00:21 ; elapsed = 00:00:22 . Memory (MB): peak = 1483.691 ; gain = 399.773
---------------------------------------------------------------------------------
---------------------------------------------------------------------------------
Start Loading Part and Timing Information
---------------------------------------------------------------------------------
Loading part: xc7a35tcpg236-1
---------------------------------------------------------------------------------
Finished Loading Part and Timing Information : Time (s): cpu = 00:00:21 ; elapsed = 00:00:22 . Memory (MB): peak = 1483.691 ; gain = 399.773
---------------------------------------------------------------------------------
---------------------------------------------------------------------------------
Start Applying 'set_property' XDC Constraints
---------------------------------------------------------------------------------
Applied set_property IO_BUFFER_TYPE = NONE for clk. (constraint file  d:/Verilog/Verilog/StereoDepth_final/StereoDepth_final.gen/sources_1/ip/clk_wiz_0/clk_wiz_0/clk_wiz_0_in_context.xdc, line 5).
Applied set_property CLOCK_BUFFER_TYPE = NONE for clk. (constraint file  d:/Verilog/Verilog/StereoDepth_final/StereoDepth_final.gen/sources_1/ip/clk_wiz_0/clk_wiz_0/clk_wiz_0_in_context.xdc, line 6).
Applied set_property KEEP_HIERARCHY = SOFT for U_clk_gene. (constraint file  auto generated constraint).
---------------------------------------------------------------------------------
Finished applying 'set_property' XDC Constraints : Time (s): cpu = 00:00:21 ; elapsed = 00:00:22 . Memory (MB): peak = 1483.691 ; gain = 399.773
---------------------------------------------------------------------------------
INFO: [Synth 8-802] inferred FSM for state register 'state_reg_reg' in module 'disparity_generator_1x1'
WARNING: [Synth 8-327] inferring latch for variable 'temp_mem_reg[0]' [D:/Verilog/Verilog/StereoDepth_final/StereoDepth_final.srcs/sources_1/imports/sources_1/new/disparityGenerator.sv:25]
---------------------------------------------------------------------------------------------------
                   State |                     New Encoding |                Previous Encoding 
---------------------------------------------------------------------------------------------------
                    IDLE |                                0 |                               00
                    COMP |                                1 |                               01
---------------------------------------------------------------------------------------------------
INFO: [Synth 8-3354] encoded FSM with state register 'state_reg_reg' using encoding 'sequential' in module 'disparity_generator_1x1'
WARNING: [Synth 8-327] inferring latch for variable 'temp_mem_reg[1]' [D:/Verilog/Verilog/StereoDepth_final/StereoDepth_final.srcs/sources_1/imports/sources_1/new/disparityGenerator.sv:25]
WARNING: [Synth 8-327] inferring latch for variable 'temp_mem_reg[2]' [D:/Verilog/Verilog/StereoDepth_final/StereoDepth_final.srcs/sources_1/imports/sources_1/new/disparityGenerator.sv:25]
WARNING: [Synth 8-327] inferring latch for variable 'temp_mem_reg[3]' [D:/Verilog/Verilog/StereoDepth_final/StereoDepth_final.srcs/sources_1/imports/sources_1/new/disparityGenerator.sv:25]
WARNING: [Synth 8-327] inferring latch for variable 'temp_mem_reg[4]' [D:/Verilog/Verilog/StereoDepth_final/StereoDepth_final.srcs/sources_1/imports/sources_1/new/disparityGenerator.sv:25]
WARNING: [Synth 8-327] inferring latch for variable 'temp_mem_reg[5]' [D:/Verilog/Verilog/StereoDepth_final/StereoDepth_final.srcs/sources_1/imports/sources_1/new/disparityGenerator.sv:25]
WARNING: [Synth 8-327] inferring latch for variable 'temp_mem_reg[6]' [D:/Verilog/Verilog/StereoDepth_final/StereoDepth_final.srcs/sources_1/imports/sources_1/new/disparityGenerator.sv:25]
WARNING: [Synth 8-327] inferring latch for variable 'temp_mem_reg[7]' [D:/Verilog/Verilog/StereoDepth_final/StereoDepth_final.srcs/sources_1/imports/sources_1/new/disparityGenerator.sv:25]
WARNING: [Synth 8-327] inferring latch for variable 'temp_mem_reg[8]' [D:/Verilog/Verilog/StereoDepth_final/StereoDepth_final.srcs/sources_1/imports/sources_1/new/disparityGenerator.sv:25]
WARNING: [Synth 8-327] inferring latch for variable 'temp_mem_reg[9]' [D:/Verilog/Verilog/StereoDepth_final/StereoDepth_final.srcs/sources_1/imports/sources_1/new/disparityGenerator.sv:25]
WARNING: [Synth 8-327] inferring latch for variable 'temp_mem_reg[10]' [D:/Verilog/Verilog/StereoDepth_final/StereoDepth_final.srcs/sources_1/imports/sources_1/new/disparityGenerator.sv:25]
WARNING: [Synth 8-327] inferring latch for variable 'temp_mem_reg[11]' [D:/Verilog/Verilog/StereoDepth_final/StereoDepth_final.srcs/sources_1/imports/sources_1/new/disparityGenerator.sv:25]
WARNING: [Synth 8-327] inferring latch for variable 'temp_mem_reg[12]' [D:/Verilog/Verilog/StereoDepth_final/StereoDepth_final.srcs/sources_1/imports/sources_1/new/disparityGenerator.sv:25]
WARNING: [Synth 8-327] inferring latch for variable 'temp_mem_reg[13]' [D:/Verilog/Verilog/StereoDepth_final/StereoDepth_final.srcs/sources_1/imports/sources_1/new/disparityGenerator.sv:25]
WARNING: [Synth 8-327] inferring latch for variable 'temp_mem_reg[14]' [D:/Verilog/Verilog/StereoDepth_final/StereoDepth_final.srcs/sources_1/imports/sources_1/new/disparityGenerator.sv:25]
WARNING: [Synth 8-327] inferring latch for variable 'temp_mem_reg[15]' [D:/Verilog/Verilog/StereoDepth_final/StereoDepth_final.srcs/sources_1/imports/sources_1/new/disparityGenerator.sv:25]
WARNING: [Synth 8-327] inferring latch for variable 'temp_mem_reg[16]' [D:/Verilog/Verilog/StereoDepth_final/StereoDepth_final.srcs/sources_1/imports/sources_1/new/disparityGenerator.sv:25]
WARNING: [Synth 8-327] inferring latch for variable 'temp_mem_reg[17]' [D:/Verilog/Verilog/StereoDepth_final/StereoDepth_final.srcs/sources_1/imports/sources_1/new/disparityGenerator.sv:25]
WARNING: [Synth 8-327] inferring latch for variable 'temp_mem_reg[18]' [D:/Verilog/Verilog/StereoDepth_final/StereoDepth_final.srcs/sources_1/imports/sources_1/new/disparityGenerator.sv:25]
WARNING: [Synth 8-327] inferring latch for variable 'temp_mem_reg[19]' [D:/Verilog/Verilog/StereoDepth_final/StereoDepth_final.srcs/sources_1/imports/sources_1/new/disparityGenerator.sv:25]
WARNING: [Synth 8-327] inferring latch for variable 'temp_mem_reg[20]' [D:/Verilog/Verilog/StereoDepth_final/StereoDepth_final.srcs/sources_1/imports/sources_1/new/disparityGenerator.sv:25]
WARNING: [Synth 8-327] inferring latch for variable 'temp_mem_reg[21]' [D:/Verilog/Verilog/StereoDepth_final/StereoDepth_final.srcs/sources_1/imports/sources_1/new/disparityGenerator.sv:25]
WARNING: [Synth 8-327] inferring latch for variable 'temp_mem_reg[22]' [D:/Verilog/Verilog/StereoDepth_final/StereoDepth_final.srcs/sources_1/imports/sources_1/new/disparityGenerator.sv:25]
WARNING: [Synth 8-327] inferring latch for variable 'temp_mem_reg[23]' [D:/Verilog/Verilog/StereoDepth_final/StereoDepth_final.srcs/sources_1/imports/sources_1/new/disparityGenerator.sv:25]
WARNING: [Synth 8-327] inferring latch for variable 'temp_mem_reg[24]' [D:/Verilog/Verilog/StereoDepth_final/StereoDepth_final.srcs/sources_1/imports/sources_1/new/disparityGenerator.sv:25]
WARNING: [Synth 8-327] inferring latch for variable 'temp_mem_reg[25]' [D:/Verilog/Verilog/StereoDepth_final/StereoDepth_final.srcs/sources_1/imports/sources_1/new/disparityGenerator.sv:25]
WARNING: [Synth 8-327] inferring latch for variable 'temp_mem_reg[26]' [D:/Verilog/Verilog/StereoDepth_final/StereoDepth_final.srcs/sources_1/imports/sources_1/new/disparityGenerator.sv:25]
WARNING: [Synth 8-327] inferring latch for variable 'temp_mem_reg[27]' [D:/Verilog/Verilog/StereoDepth_final/StereoDepth_final.srcs/sources_1/imports/sources_1/new/disparityGenerator.sv:25]
WARNING: [Synth 8-327] inferring latch for variable 'temp_mem_reg[28]' [D:/Verilog/Verilog/StereoDepth_final/StereoDepth_final.srcs/sources_1/imports/sources_1/new/disparityGenerator.sv:25]
WARNING: [Synth 8-327] inferring latch for variable 'temp_mem_reg[29]' [D:/Verilog/Verilog/StereoDepth_final/StereoDepth_final.srcs/sources_1/imports/sources_1/new/disparityGenerator.sv:25]
WARNING: [Synth 8-327] inferring latch for variable 'temp_mem_reg[30]' [D:/Verilog/Verilog/StereoDepth_final/StereoDepth_final.srcs/sources_1/imports/sources_1/new/disparityGenerator.sv:25]
WARNING: [Synth 8-327] inferring latch for variable 'temp_mem_reg[31]' [D:/Verilog/Verilog/StereoDepth_final/StereoDepth_final.srcs/sources_1/imports/sources_1/new/disparityGenerator.sv:25]
WARNING: [Synth 8-327] inferring latch for variable 'temp_mem_reg[32]' [D:/Verilog/Verilog/StereoDepth_final/StereoDepth_final.srcs/sources_1/imports/sources_1/new/disparityGenerator.sv:25]
WARNING: [Synth 8-327] inferring latch for variable 'temp_mem_reg[33]' [D:/Verilog/Verilog/StereoDepth_final/StereoDepth_final.srcs/sources_1/imports/sources_1/new/disparityGenerator.sv:25]
WARNING: [Synth 8-327] inferring latch for variable 'temp_mem_reg[34]' [D:/Verilog/Verilog/StereoDepth_final/StereoDepth_final.srcs/sources_1/imports/sources_1/new/disparityGenerator.sv:25]
WARNING: [Synth 8-327] inferring latch for variable 'temp_mem_reg[35]' [D:/Verilog/Verilog/StereoDepth_final/StereoDepth_final.srcs/sources_1/imports/sources_1/new/disparityGenerator.sv:25]
WARNING: [Synth 8-327] inferring latch for variable 'temp_mem_reg[36]' [D:/Verilog/Verilog/StereoDepth_final/StereoDepth_final.srcs/sources_1/imports/sources_1/new/disparityGenerator.sv:25]
WARNING: [Synth 8-327] inferring latch for variable 'temp_mem_reg[37]' [D:/Verilog/Verilog/StereoDepth_final/StereoDepth_final.srcs/sources_1/imports/sources_1/new/disparityGenerator.sv:25]
WARNING: [Synth 8-327] inferring latch for variable 'temp_mem_reg[38]' [D:/Verilog/Verilog/StereoDepth_final/StereoDepth_final.srcs/sources_1/imports/sources_1/new/disparityGenerator.sv:25]
WARNING: [Synth 8-327] inferring latch for variable 'temp_mem_reg[39]' [D:/Verilog/Verilog/StereoDepth_final/StereoDepth_final.srcs/sources_1/imports/sources_1/new/disparityGenerator.sv:25]
WARNING: [Synth 8-327] inferring latch for variable 'temp_mem_reg[40]' [D:/Verilog/Verilog/StereoDepth_final/StereoDepth_final.srcs/sources_1/imports/sources_1/new/disparityGenerator.sv:25]
WARNING: [Synth 8-327] inferring latch for variable 'temp_mem_reg[41]' [D:/Verilog/Verilog/StereoDepth_final/StereoDepth_final.srcs/sources_1/imports/sources_1/new/disparityGenerator.sv:25]
WARNING: [Synth 8-327] inferring latch for variable 'temp_mem_reg[42]' [D:/Verilog/Verilog/StereoDepth_final/StereoDepth_final.srcs/sources_1/imports/sources_1/new/disparityGenerator.sv:25]
WARNING: [Synth 8-327] inferring latch for variable 'temp_mem_reg[43]' [D:/Verilog/Verilog/StereoDepth_final/StereoDepth_final.srcs/sources_1/imports/sources_1/new/disparityGenerator.sv:25]
WARNING: [Synth 8-327] inferring latch for variable 'temp_mem_reg[44]' [D:/Verilog/Verilog/StereoDepth_final/StereoDepth_final.srcs/sources_1/imports/sources_1/new/disparityGenerator.sv:25]
WARNING: [Synth 8-327] inferring latch for variable 'temp_mem_reg[45]' [D:/Verilog/Verilog/StereoDepth_final/StereoDepth_final.srcs/sources_1/imports/sources_1/new/disparityGenerator.sv:25]
WARNING: [Synth 8-327] inferring latch for variable 'temp_mem_reg[46]' [D:/Verilog/Verilog/StereoDepth_final/StereoDepth_final.srcs/sources_1/imports/sources_1/new/disparityGenerator.sv:25]
WARNING: [Synth 8-327] inferring latch for variable 'temp_mem_reg[47]' [D:/Verilog/Verilog/StereoDepth_final/StereoDepth_final.srcs/sources_1/imports/sources_1/new/disparityGenerator.sv:25]
WARNING: [Synth 8-327] inferring latch for variable 'temp_mem_reg[48]' [D:/Verilog/Verilog/StereoDepth_final/StereoDepth_final.srcs/sources_1/imports/sources_1/new/disparityGenerator.sv:25]
WARNING: [Synth 8-327] inferring latch for variable 'temp_mem_reg[49]' [D:/Verilog/Verilog/StereoDepth_final/StereoDepth_final.srcs/sources_1/imports/sources_1/new/disparityGenerator.sv:25]
WARNING: [Synth 8-327] inferring latch for variable 'temp_mem_reg[50]' [D:/Verilog/Verilog/StereoDepth_final/StereoDepth_final.srcs/sources_1/imports/sources_1/new/disparityGenerator.sv:25]
WARNING: [Synth 8-327] inferring latch for variable 'temp_mem_reg[51]' [D:/Verilog/Verilog/StereoDepth_final/StereoDepth_final.srcs/sources_1/imports/sources_1/new/disparityGenerator.sv:25]
WARNING: [Synth 8-327] inferring latch for variable 'temp_mem_reg[52]' [D:/Verilog/Verilog/StereoDepth_final/StereoDepth_final.srcs/sources_1/imports/sources_1/new/disparityGenerator.sv:25]
WARNING: [Synth 8-327] inferring latch for variable 'temp_mem_reg[53]' [D:/Verilog/Verilog/StereoDepth_final/StereoDepth_final.srcs/sources_1/imports/sources_1/new/disparityGenerator.sv:25]
WARNING: [Synth 8-327] inferring latch for variable 'temp_mem_reg[54]' [D:/Verilog/Verilog/StereoDepth_final/StereoDepth_final.srcs/sources_1/imports/sources_1/new/disparityGenerator.sv:25]
WARNING: [Synth 8-327] inferring latch for variable 'temp_mem_reg[55]' [D:/Verilog/Verilog/StereoDepth_final/StereoDepth_final.srcs/sources_1/imports/sources_1/new/disparityGenerator.sv:25]
WARNING: [Synth 8-327] inferring latch for variable 'temp_mem_reg[56]' [D:/Verilog/Verilog/StereoDepth_final/StereoDepth_final.srcs/sources_1/imports/sources_1/new/disparityGenerator.sv:25]
WARNING: [Synth 8-327] inferring latch for variable 'temp_mem_reg[57]' [D:/Verilog/Verilog/StereoDepth_final/StereoDepth_final.srcs/sources_1/imports/sources_1/new/disparityGenerator.sv:25]
WARNING: [Synth 8-327] inferring latch for variable 'temp_mem_reg[58]' [D:/Verilog/Verilog/StereoDepth_final/StereoDepth_final.srcs/sources_1/imports/sources_1/new/disparityGenerator.sv:25]
WARNING: [Synth 8-327] inferring latch for variable 'temp_mem_reg[59]' [D:/Verilog/Verilog/StereoDepth_final/StereoDepth_final.srcs/sources_1/imports/sources_1/new/disparityGenerator.sv:25]
WARNING: [Synth 8-327] inferring latch for variable 'temp_mem_reg[60]' [D:/Verilog/Verilog/StereoDepth_final/StereoDepth_final.srcs/sources_1/imports/sources_1/new/disparityGenerator.sv:25]
WARNING: [Synth 8-327] inferring latch for variable 'temp_mem_reg[61]' [D:/Verilog/Verilog/StereoDepth_final/StereoDepth_final.srcs/sources_1/imports/sources_1/new/disparityGenerator.sv:25]
WARNING: [Synth 8-327] inferring latch for variable 'temp_mem_reg[62]' [D:/Verilog/Verilog/StereoDepth_final/StereoDepth_final.srcs/sources_1/imports/sources_1/new/disparityGenerator.sv:25]
WARNING: [Synth 8-327] inferring latch for variable 'temp_mem_reg[63]' [D:/Verilog/Verilog/StereoDepth_final/StereoDepth_final.srcs/sources_1/imports/sources_1/new/disparityGenerator.sv:25]
WARNING: [Synth 8-327] inferring latch for variable 'temp_mem_reg[64]' [D:/Verilog/Verilog/StereoDepth_final/StereoDepth_final.srcs/sources_1/imports/sources_1/new/disparityGenerator.sv:25]
WARNING: [Synth 8-327] inferring latch for variable 'temp_mem_reg[65]' [D:/Verilog/Verilog/StereoDepth_final/StereoDepth_final.srcs/sources_1/imports/sources_1/new/disparityGenerator.sv:25]
WARNING: [Synth 8-327] inferring latch for variable 'temp_mem_reg[66]' [D:/Verilog/Verilog/StereoDepth_final/StereoDepth_final.srcs/sources_1/imports/sources_1/new/disparityGenerator.sv:25]
WARNING: [Synth 8-327] inferring latch for variable 'temp_mem_reg[67]' [D:/Verilog/Verilog/StereoDepth_final/StereoDepth_final.srcs/sources_1/imports/sources_1/new/disparityGenerator.sv:25]
WARNING: [Synth 8-327] inferring latch for variable 'temp_mem_reg[68]' [D:/Verilog/Verilog/StereoDepth_final/StereoDepth_final.srcs/sources_1/imports/sources_1/new/disparityGenerator.sv:25]
WARNING: [Synth 8-327] inferring latch for variable 'temp_mem_reg[69]' [D:/Verilog/Verilog/StereoDepth_final/StereoDepth_final.srcs/sources_1/imports/sources_1/new/disparityGenerator.sv:25]
WARNING: [Synth 8-327] inferring latch for variable 'temp_mem_reg[70]' [D:/Verilog/Verilog/StereoDepth_final/StereoDepth_final.srcs/sources_1/imports/sources_1/new/disparityGenerator.sv:25]
WARNING: [Synth 8-327] inferring latch for variable 'temp_mem_reg[71]' [D:/Verilog/Verilog/StereoDepth_final/StereoDepth_final.srcs/sources_1/imports/sources_1/new/disparityGenerator.sv:25]
WARNING: [Synth 8-327] inferring latch for variable 'temp_mem_reg[72]' [D:/Verilog/Verilog/StereoDepth_final/StereoDepth_final.srcs/sources_1/imports/sources_1/new/disparityGenerator.sv:25]
WARNING: [Synth 8-327] inferring latch for variable 'temp_mem_reg[73]' [D:/Verilog/Verilog/StereoDepth_final/StereoDepth_final.srcs/sources_1/imports/sources_1/new/disparityGenerator.sv:25]
WARNING: [Synth 8-327] inferring latch for variable 'temp_mem_reg[74]' [D:/Verilog/Verilog/StereoDepth_final/StereoDepth_final.srcs/sources_1/imports/sources_1/new/disparityGenerator.sv:25]
WARNING: [Synth 8-327] inferring latch for variable 'temp_mem_reg[75]' [D:/Verilog/Verilog/StereoDepth_final/StereoDepth_final.srcs/sources_1/imports/sources_1/new/disparityGenerator.sv:25]
WARNING: [Synth 8-327] inferring latch for variable 'temp_mem_reg[76]' [D:/Verilog/Verilog/StereoDepth_final/StereoDepth_final.srcs/sources_1/imports/sources_1/new/disparityGenerator.sv:25]
WARNING: [Synth 8-327] inferring latch for variable 'temp_mem_reg[77]' [D:/Verilog/Verilog/StereoDepth_final/StereoDepth_final.srcs/sources_1/imports/sources_1/new/disparityGenerator.sv:25]
WARNING: [Synth 8-327] inferring latch for variable 'temp_mem_reg[78]' [D:/Verilog/Verilog/StereoDepth_final/StereoDepth_final.srcs/sources_1/imports/sources_1/new/disparityGenerator.sv:25]
WARNING: [Synth 8-327] inferring latch for variable 'temp_mem_reg[79]' [D:/Verilog/Verilog/StereoDepth_final/StereoDepth_final.srcs/sources_1/imports/sources_1/new/disparityGenerator.sv:25]
WARNING: [Synth 8-327] inferring latch for variable 'temp_mem_reg[80]' [D:/Verilog/Verilog/StereoDepth_final/StereoDepth_final.srcs/sources_1/imports/sources_1/new/disparityGenerator.sv:25]
WARNING: [Synth 8-327] inferring latch for variable 'temp_mem_reg[81]' [D:/Verilog/Verilog/StereoDepth_final/StereoDepth_final.srcs/sources_1/imports/sources_1/new/disparityGenerator.sv:25]
WARNING: [Synth 8-327] inferring latch for variable 'temp_mem_reg[82]' [D:/Verilog/Verilog/StereoDepth_final/StereoDepth_final.srcs/sources_1/imports/sources_1/new/disparityGenerator.sv:25]
WARNING: [Synth 8-327] inferring latch for variable 'temp_mem_reg[83]' [D:/Verilog/Verilog/StereoDepth_final/StereoDepth_final.srcs/sources_1/imports/sources_1/new/disparityGenerator.sv:25]
WARNING: [Synth 8-327] inferring latch for variable 'temp_mem_reg[84]' [D:/Verilog/Verilog/StereoDepth_final/StereoDepth_final.srcs/sources_1/imports/sources_1/new/disparityGenerator.sv:25]
WARNING: [Synth 8-327] inferring latch for variable 'temp_mem_reg[85]' [D:/Verilog/Verilog/StereoDepth_final/StereoDepth_final.srcs/sources_1/imports/sources_1/new/disparityGenerator.sv:25]
WARNING: [Synth 8-327] inferring latch for variable 'temp_mem_reg[86]' [D:/Verilog/Verilog/StereoDepth_final/StereoDepth_final.srcs/sources_1/imports/sources_1/new/disparityGenerator.sv:25]
WARNING: [Synth 8-327] inferring latch for variable 'temp_mem_reg[87]' [D:/Verilog/Verilog/StereoDepth_final/StereoDepth_final.srcs/sources_1/imports/sources_1/new/disparityGenerator.sv:25]
WARNING: [Synth 8-327] inferring latch for variable 'temp_mem_reg[88]' [D:/Verilog/Verilog/StereoDepth_final/StereoDepth_final.srcs/sources_1/imports/sources_1/new/disparityGenerator.sv:25]
WARNING: [Synth 8-327] inferring latch for variable 'temp_mem_reg[89]' [D:/Verilog/Verilog/StereoDepth_final/StereoDepth_final.srcs/sources_1/imports/sources_1/new/disparityGenerator.sv:25]
WARNING: [Synth 8-327] inferring latch for variable 'temp_mem_reg[90]' [D:/Verilog/Verilog/StereoDepth_final/StereoDepth_final.srcs/sources_1/imports/sources_1/new/disparityGenerator.sv:25]
WARNING: [Synth 8-327] inferring latch for variable 'temp_mem_reg[91]' [D:/Verilog/Verilog/StereoDepth_final/StereoDepth_final.srcs/sources_1/imports/sources_1/new/disparityGenerator.sv:25]
WARNING: [Synth 8-327] inferring latch for variable 'temp_mem_reg[92]' [D:/Verilog/Verilog/StereoDepth_final/StereoDepth_final.srcs/sources_1/imports/sources_1/new/disparityGenerator.sv:25]
WARNING: [Synth 8-327] inferring latch for variable 'temp_mem_reg[93]' [D:/Verilog/Verilog/StereoDepth_final/StereoDepth_final.srcs/sources_1/imports/sources_1/new/disparityGenerator.sv:25]
WARNING: [Synth 8-327] inferring latch for variable 'temp_mem_reg[94]' [D:/Verilog/Verilog/StereoDepth_final/StereoDepth_final.srcs/sources_1/imports/sources_1/new/disparityGenerator.sv:25]
WARNING: [Synth 8-327] inferring latch for variable 'temp_mem_reg[95]' [D:/Verilog/Verilog/StereoDepth_final/StereoDepth_final.srcs/sources_1/imports/sources_1/new/disparityGenerator.sv:25]
WARNING: [Synth 8-327] inferring latch for variable 'temp_mem_reg[96]' [D:/Verilog/Verilog/StereoDepth_final/StereoDepth_final.srcs/sources_1/imports/sources_1/new/disparityGenerator.sv:25]
WARNING: [Synth 8-327] inferring latch for variable 'temp_mem_reg[97]' [D:/Verilog/Verilog/StereoDepth_final/StereoDepth_final.srcs/sources_1/imports/sources_1/new/disparityGenerator.sv:25]
WARNING: [Synth 8-327] inferring latch for variable 'temp_mem_reg[98]' [D:/Verilog/Verilog/StereoDepth_final/StereoDepth_final.srcs/sources_1/imports/sources_1/new/disparityGenerator.sv:25]
WARNING: [Synth 8-327] inferring latch for variable 'temp_mem_reg[99]' [D:/Verilog/Verilog/StereoDepth_final/StereoDepth_final.srcs/sources_1/imports/sources_1/new/disparityGenerator.sv:25]
INFO: [Common 17-14] Message 'Synth 8-327' appears 100 times and further instances of the messages will be disabled. Use the Tcl command set_msg_config to change the current settings.
---------------------------------------------------------------------------------
Finished RTL Optimization Phase 2 : Time (s): cpu = 00:00:32 ; elapsed = 00:00:33 . Memory (MB): peak = 1483.691 ; gain = 399.773
---------------------------------------------------------------------------------
---------------------------------------------------------------------------------
Start RTL Component Statistics 
---------------------------------------------------------------------------------
Detailed RTL Component Info : 
+---Adders : 
	   2 Input   10 Bit       Adders := 6     
	   2 Input    8 Bit       Adders := 4     
	   2 Input    7 Bit       Adders := 4     
	   3 Input    6 Bit       Adders := 790   
	   2 Input    6 Bit       Adders := 4     
	   2 Input    4 Bit       Adders := 2     
+---Registers : 
	               16 Bit    Registers := 6     
	               10 Bit    Registers := 6     
	                8 Bit    Registers := 10    
	                7 Bit    Registers := 4     
	                6 Bit    Registers := 320   
	                4 Bit    Registers := 4     
	                1 Bit    Registers := 14    
+---RAMs : 
	             299K Bit	(19199 X 16 bit)          RAMs := 2     
+---ROMs : 
	                    ROMs := 2     
+---Muxes : 
	   2 Input   16 Bit        Muxes := 7     
	   3 Input   16 Bit        Muxes := 2     
	   2 Input   15 Bit        Muxes := 4     
	   2 Input   12 Bit        Muxes := 2     
	   2 Input   10 Bit        Muxes := 8     
	  11 Input    8 Bit        Muxes := 6     
	   2 Input    8 Bit        Muxes := 2     
	  11 Input    7 Bit        Muxes := 2     
	   2 Input    7 Bit        Muxes := 2     
	   3 Input    6 Bit        Muxes := 472   
	   2 Input    6 Bit        Muxes := 2223  
	  11 Input    4 Bit        Muxes := 2     
	   2 Input    4 Bit        Muxes := 2     
	  12 Input    4 Bit        Muxes := 2     
	   2 Input    1 Bit        Muxes := 179   
	  11 Input    1 Bit        Muxes := 28    
	  13 Input    1 Bit        Muxes := 2     
	   3 Input    1 Bit        Muxes := 2     
---------------------------------------------------------------------------------
Finished RTL Component Statistics 
---------------------------------------------------------------------------------
---------------------------------------------------------------------------------
Start Part Resource Summary
---------------------------------------------------------------------------------
Part Resources:
DSPs: 90 (col length:60)
BRAMs: 100 (col length: RAMB18 60 RAMB36 30)
---------------------------------------------------------------------------------
Finished Part Resource Summary
---------------------------------------------------------------------------------
---------------------------------------------------------------------------------
Start Cross Boundary and Area Optimization
---------------------------------------------------------------------------------
DSP Report: Generating DSP U_qvga_addr_decoder/qvga_addr10, operation Mode is: C+(D+(A:0x3fffff88))*(B:0xa0).
DSP Report: operator U_qvga_addr_decoder/qvga_addr10 is absorbed into DSP U_qvga_addr_decoder/qvga_addr10.
DSP Report: operator U_qvga_addr_decoder/qvga_addr11 is absorbed into DSP U_qvga_addr_decoder/qvga_addr10.
DSP Report: operator U_qvga_addr_decoder/qvga_addr12 is absorbed into DSP U_qvga_addr_decoder/qvga_addr10.
INFO: [Synth 8-3886] merging instance 'temp_mem_reg[159][0]' (LD) to 'temp_mem_reg[159][2]'
INFO: [Synth 8-3886] merging instance 'temp_mem_reg[158][0]' (LD) to 'temp_mem_reg[158][4]'
INFO: [Synth 8-3886] merging instance 'temp_mem_reg[154][0]' (LD) to 'temp_mem_reg[154][4]'
INFO: [Synth 8-3886] merging instance 'temp_mem_reg[151][0]' (LD) to 'temp_mem_reg[151][4]'
INFO: [Synth 8-3886] merging instance 'temp_mem_reg[150][0]' (LD) to 'temp_mem_reg[150][4]'
INFO: [Synth 8-3886] merging instance 'temp_mem_reg[149][0]' (LD) to 'temp_mem_reg[149][4]'
INFO: [Synth 8-3886] merging instance 'temp_mem_reg[148][0]' (LD) to 'temp_mem_reg[148][4]'
INFO: [Synth 8-3886] merging instance 'temp_mem_reg[147][0]' (LD) to 'temp_mem_reg[147][4]'
INFO: [Synth 8-3886] merging instance 'temp_mem_reg[146][0]' (LD) to 'temp_mem_reg[146][4]'
INFO: [Synth 8-3886] merging instance 'temp_mem_reg[145][0]' (LD) to 'temp_mem_reg[145][4]'
INFO: [Synth 8-3886] merging instance 'temp_mem_reg[144][0]' (LD) to 'temp_mem_reg[144][4]'
INFO: [Synth 8-3886] merging instance 'temp_mem_reg[143][0]' (LD) to 'temp_mem_reg[143][4]'
INFO: [Synth 8-3886] merging instance 'temp_mem_reg[142][0]' (LD) to 'temp_mem_reg[142][4]'
INFO: [Synth 8-3886] merging instance 'temp_mem_reg[141][0]' (LD) to 'temp_mem_reg[141][4]'
INFO: [Synth 8-3886] merging instance 'temp_mem_reg[140][0]' (LD) to 'temp_mem_reg[140][4]'
INFO: [Synth 8-3886] merging instance 'temp_mem_reg[139][0]' (LD) to 'temp_mem_reg[139][4]'
INFO: [Synth 8-3886] merging instance 'temp_mem_reg[138][0]' (LD) to 'temp_mem_reg[138][4]'
INFO: [Synth 8-3886] merging instance 'temp_mem_reg[137][0]' (LD) to 'temp_mem_reg[137][4]'
INFO: [Synth 8-3886] merging instance 'temp_mem_reg[136][0]' (LD) to 'temp_mem_reg[136][4]'
INFO: [Synth 8-3886] merging instance 'temp_mem_reg[135][0]' (LD) to 'temp_mem_reg[135][4]'
INFO: [Synth 8-3886] merging instance 'temp_mem_reg[134][0]' (LD) to 'temp_mem_reg[134][4]'
INFO: [Synth 8-3886] merging instance 'temp_mem_reg[133][0]' (LD) to 'temp_mem_reg[133][4]'
INFO: [Synth 8-3886] merging instance 'temp_mem_reg[132][0]' (LD) to 'temp_mem_reg[132][4]'
INFO: [Synth 8-3886] merging instance 'temp_mem_reg[131][0]' (LD) to 'temp_mem_reg[131][4]'
INFO: [Synth 8-3886] merging instance 'temp_mem_reg[130][0]' (LD) to 'temp_mem_reg[130][4]'
INFO: [Synth 8-3886] merging instance 'temp_mem_reg[129][0]' (LD) to 'temp_mem_reg[129][4]'
INFO: [Synth 8-3886] merging instance 'temp_mem_reg[128][0]' (LD) to 'temp_mem_reg[128][4]'
INFO: [Synth 8-3886] merging instance 'temp_mem_reg[112][0]' (LD) to 'temp_mem_reg[112][4]'
INFO: [Synth 8-3886] merging instance 'temp_mem_reg[111][0]' (LD) to 'temp_mem_reg[111][4]'
INFO: [Synth 8-3886] merging instance 'temp_mem_reg[110][0]' (LD) to 'temp_mem_reg[110][4]'
INFO: [Synth 8-3886] merging instance 'temp_mem_reg[109][0]' (LD) to 'temp_mem_reg[109][4]'
INFO: [Synth 8-3886] merging instance 'temp_mem_reg[108][0]' (LD) to 'temp_mem_reg[108][4]'
INFO: [Synth 8-3886] merging instance 'temp_mem_reg[107][0]' (LD) to 'temp_mem_reg[107][4]'
INFO: [Synth 8-3886] merging instance 'temp_mem_reg[106][0]' (LD) to 'temp_mem_reg[106][4]'
INFO: [Synth 8-3886] merging instance 'temp_mem_reg[105][0]' (LD) to 'temp_mem_reg[105][4]'
INFO: [Synth 8-3886] merging instance 'temp_mem_reg[104][0]' (LD) to 'temp_mem_reg[104][4]'
INFO: [Synth 8-3886] merging instance 'temp_mem_reg[103][0]' (LD) to 'temp_mem_reg[103][4]'
INFO: [Synth 8-3886] merging instance 'temp_mem_reg[102][0]' (LD) to 'temp_mem_reg[102][4]'
INFO: [Synth 8-3886] merging instance 'temp_mem_reg[101][0]' (LD) to 'temp_mem_reg[101][4]'
INFO: [Synth 8-3886] merging instance 'temp_mem_reg[36][0]' (LD) to 'temp_mem_reg[36][4]'
INFO: [Synth 8-3886] merging instance 'temp_mem_reg[159][1]' (LD) to 'temp_mem_reg[159][3]'
INFO: [Synth 8-3886] merging instance 'temp_mem_reg[159][2]' (LD) to 'temp_mem_reg[159][4]'
INFO: [Synth 8-3886] merging instance 'temp_mem_reg[158][2]' (LD) to 'temp_mem_reg[158][5]'
INFO: [Synth 8-3886] merging instance 'temp_mem_reg[159][4]' (LD) to 'temp_mem_reg[159][5]'
INFO: [Synth 8-3886] merging instance 'temp_mem_reg[0][0]' (LD) to 'temp_mem_reg[0][4]'
INFO: [Synth 8-3886] merging instance 'temp_mem_reg[1][0]' (LD) to 'temp_mem_reg[1][4]'
INFO: [Synth 8-3886] merging instance 'temp_mem_reg[2][0]' (LD) to 'temp_mem_reg[2][4]'
INFO: [Synth 8-3886] merging instance 'temp_mem_reg[3][0]' (LD) to 'temp_mem_reg[3][4]'
INFO: [Synth 8-3886] merging instance 'temp_mem_reg[4][0]' (LD) to 'temp_mem_reg[4][4]'
INFO: [Synth 8-3886] merging instance 'temp_mem_reg[5][0]' (LD) to 'temp_mem_reg[5][4]'
INFO: [Synth 8-3886] merging instance 'temp_mem_reg[6][0]' (LD) to 'temp_mem_reg[6][4]'
INFO: [Synth 8-3886] merging instance 'temp_mem_reg[7][0]' (LD) to 'temp_mem_reg[7][4]'
INFO: [Synth 8-3886] merging instance 'temp_mem_reg[8][0]' (LD) to 'temp_mem_reg[8][4]'
INFO: [Synth 8-3886] merging instance 'temp_mem_reg[9][0]' (LD) to 'temp_mem_reg[9][4]'
INFO: [Synth 8-3886] merging instance 'temp_mem_reg[10][0]' (LD) to 'temp_mem_reg[10][4]'
INFO: [Synth 8-3886] merging instance 'temp_mem_reg[11][0]' (LD) to 'temp_mem_reg[11][4]'
INFO: [Synth 8-3886] merging instance 'temp_mem_reg[12][0]' (LD) to 'temp_mem_reg[12][4]'
INFO: [Synth 8-3886] merging instance 'temp_mem_reg[37][0]' (LD) to 'temp_mem_reg[37][4]'
INFO: [Synth 8-3886] merging instance 'temp_mem_reg[38][0]' (LD) to 'temp_mem_reg[38][4]'
INFO: [Synth 8-3886] merging instance 'temp_mem_reg[39][0]' (LD) to 'temp_mem_reg[39][4]'
INFO: [Synth 8-3886] merging instance 'temp_mem_reg[40][0]' (LD) to 'temp_mem_reg[40][4]'
INFO: [Synth 8-3886] merging instance 'temp_mem_reg[41][0]' (LD) to 'temp_mem_reg[41][4]'
INFO: [Synth 8-3886] merging instance 'temp_mem_reg[42][0]' (LD) to 'temp_mem_reg[42][4]'
INFO: [Synth 8-3886] merging instance 'temp_mem_reg[43][0]' (LD) to 'temp_mem_reg[43][4]'
INFO: [Synth 8-3886] merging instance 'temp_mem_reg[44][0]' (LD) to 'temp_mem_reg[44][4]'
INFO: [Synth 8-3886] merging instance 'temp_mem_reg[45][0]' (LD) to 'temp_mem_reg[45][4]'
INFO: [Synth 8-3886] merging instance 'temp_mem_reg[46][0]' (LD) to 'temp_mem_reg[46][4]'
INFO: [Synth 8-3886] merging instance 'temp_mem_reg[47][0]' (LD) to 'temp_mem_reg[47][4]'
INFO: [Synth 8-3886] merging instance 'temp_mem_reg[48][0]' (LD) to 'temp_mem_reg[48][4]'
INFO: [Synth 8-3886] merging instance 'temp_mem_reg[49][0]' (LD) to 'temp_mem_reg[49][4]'
INFO: [Synth 8-3886] merging instance 'temp_mem_reg[50][0]' (LD) to 'temp_mem_reg[50][4]'
INFO: [Synth 8-3886] merging instance 'temp_mem_reg[51][0]' (LD) to 'temp_mem_reg[51][4]'
INFO: [Synth 8-3886] merging instance 'temp_mem_reg[52][0]' (LD) to 'temp_mem_reg[52][4]'
INFO: [Synth 8-3886] merging instance 'temp_mem_reg[53][0]' (LD) to 'temp_mem_reg[53][4]'
INFO: [Synth 8-3886] merging instance 'temp_mem_reg[54][0]' (LD) to 'temp_mem_reg[54][4]'
INFO: [Synth 8-3886] merging instance 'temp_mem_reg[55][0]' (LD) to 'temp_mem_reg[55][4]'
---------------------------------------------------------------------------------
Finished Cross Boundary and Area Optimization : Time (s): cpu = 00:01:24 ; elapsed = 00:01:48 . Memory (MB): peak = 1613.020 ; gain = 529.102
---------------------------------------------------------------------------------
---------------------------------------------------------------------------------
Start ROM, RAM, DSP, Shift Register and Retiming Reporting
---------------------------------------------------------------------------------

ROM: Preliminary Mapping	Report
+---------------+----------------------------------+---------------+----------------+
|Module Name    | RTL Object                       | Depth x Width | Implemented As | 
+---------------+----------------------------------+---------------+----------------+
|top_VGA_CAMERA | U_top_SCCB_L/U_SCCB_ROM/dout_reg | 256x16        | Block RAM      | 
|top_VGA_CAMERA | U_top_SCCB_R/U_SCCB_ROM/dout_reg | 256x16        | Block RAM      | 
+---------------+----------------------------------+---------------+----------------+


Block RAM: Preliminary Mapping	Report (see note below)
+---------------+----------------------------+------------------------+---+---+------------------------+---+---+------------------+--------+--------+
|Module Name    | RTL Object                 | PORT A (Depth x Width) | W | R | PORT B (Depth x Width) | W | R | Ports driving FF | RAMB18 | RAMB36 | 
+---------------+----------------------------+------------------------+---+---+------------------------+---+---+------------------+--------+--------+
|top_VGA_CAMERA | U_FrameBufferLeft/mem_reg  | 18 K x 16(NO_CHANGE)   | W |   | 18 K x 16(WRITE_FIRST) |   | R | Port A and B     | 0      | 16     | 
|top_VGA_CAMERA | U_FrameBufferRight/mem_reg | 18 K x 16(NO_CHANGE)   | W |   | 18 K x 16(WRITE_FIRST) |   | R | Port A and B     | 0      | 16     | 
+---------------+----------------------------+------------------------+---+---+------------------------+---+---+------------------+--------+--------+

Note: The table above is a preliminary report that shows the Block RAMs at the current stage of the synthesis flow. Some Block RAMs may be reimplemented as non Block RAM primitives later in the synthesis flow. Multiple instantiated Block RAMs are reported only once. 

DSP: Preliminary Mapping	Report (see note below)
+------------------+-------------------------------+--------+--------+--------+--------+--------+------+------+------+------+-------+------+------+
|Module Name       | DSP Mapping                   | A Size | B Size | C Size | D Size | P Size | AREG | BREG | CREG | DREG | ADREG | MREG | PREG | 
+------------------+-------------------------------+--------+--------+--------+--------+--------+------+------+------+------+-------+------+------+
|qvga_addr_decoder | C+(D+(A:0x3fffff88))*(B:0xa0) | 15     | 8      | 9      | 9      | 15     | 0    | 0    | 0    | 0    | 0     | 0    | 0    | 
+------------------+-------------------------------+--------+--------+--------+--------+--------+------+------+------+------+-------+------+------+

Note: The table above is a preliminary report that shows the DSPs inferred at the current stage of the synthesis flow. Some DSP may be reimplemented as non DSP primitives later in the synthesis flow. Multiple instantiated DSPs are reported only once.
---------------------------------------------------------------------------------
Finished ROM, RAM, DSP, Shift Register and Retiming Reporting
---------------------------------------------------------------------------------
---------------------------------------------------------------------------------
Start Applying XDC Timing Constraints
---------------------------------------------------------------------------------
---------------------------------------------------------------------------------
Finished Applying XDC Timing Constraints : Time (s): cpu = 00:01:35 ; elapsed = 00:01:59 . Memory (MB): peak = 1613.020 ; gain = 529.102
---------------------------------------------------------------------------------
---------------------------------------------------------------------------------
Start Timing Optimization
---------------------------------------------------------------------------------
info: optimization accepted worst group hill climbing move (7208.0/oG.CP 160.0ps)
---------------------------------------------------------------------------------
Finished Timing Optimization : Time (s): cpu = 00:02:04 ; elapsed = 00:02:29 . Memory (MB): peak = 1613.020 ; gain = 529.102
---------------------------------------------------------------------------------
---------------------------------------------------------------------------------
Start ROM, RAM, DSP, Shift Register and Retiming Reporting
---------------------------------------------------------------------------------

Block RAM: Final Mapping	Report
+---------------+----------------------------+------------------------+---+---+------------------------+---+---+------------------+--------+--------+
|Module Name    | RTL Object                 | PORT A (Depth x Width) | W | R | PORT B (Depth x Width) | W | R | Ports driving FF | RAMB18 | RAMB36 | 
+---------------+----------------------------+------------------------+---+---+------------------------+---+---+------------------+--------+--------+
|top_VGA_CAMERA | U_FrameBufferLeft/mem_reg  | 18 K x 16(NO_CHANGE)   | W |   | 18 K x 16(WRITE_FIRST) |   | R | Port A and B     | 0      | 16     | 
|top_VGA_CAMERA | U_FrameBufferRight/mem_reg | 18 K x 16(NO_CHANGE)   | W |   | 18 K x 16(WRITE_FIRST) |   | R | Port A and B     | 0      | 16     | 
+---------------+----------------------------+------------------------+---+---+------------------------+---+---+------------------+--------+--------+

---------------------------------------------------------------------------------
Finished ROM, RAM, DSP, Shift Register and Retiming Reporting
---------------------------------------------------------------------------------
---------------------------------------------------------------------------------
Start Technology Mapping
---------------------------------------------------------------------------------
INFO: [Synth 8-7052] The timing for the instance i_0/U_FrameBufferLeft/mem_reg_0_0 (implemented as a Block RAM) might be sub-optimal as no optional output register could be merged into the ram block. Providing additional output register may help in improving timing.
INFO: [Synth 8-7052] The timing for the instance i_0/U_FrameBufferLeft/mem_reg_0_1 (implemented as a Block RAM) might be sub-optimal as no optional output register could be merged into the ram block. Providing additional output register may help in improving timing.
INFO: [Synth 8-7052] The timing for the instance i_0/U_FrameBufferLeft/mem_reg_0_2 (implemented as a Block RAM) might be sub-optimal as no optional output register could be merged into the ram block. Providing additional output register may help in improving timing.
INFO: [Synth 8-7052] The timing for the instance i_0/U_FrameBufferLeft/mem_reg_0_3 (implemented as a Block RAM) might be sub-optimal as no optional output register could be merged into the ram block. Providing additional output register may help in improving timing.
INFO: [Synth 8-7052] The timing for the instance i_0/U_FrameBufferLeft/mem_reg_0_4 (implemented as a Block RAM) might be sub-optimal as no optional output register could be merged into the ram block. Providing additional output register may help in improving timing.
INFO: [Synth 8-7052] The timing for the instance i_0/U_FrameBufferLeft/mem_reg_0_5 (implemented as a Block RAM) might be sub-optimal as no optional output register could be merged into the ram block. Providing additional output register may help in improving timing.
INFO: [Synth 8-7052] The timing for the instance i_0/U_FrameBufferLeft/mem_reg_0_6 (implemented as a Block RAM) might be sub-optimal as no optional output register could be merged into the ram block. Providing additional output register may help in improving timing.
INFO: [Synth 8-7052] The timing for the instance i_0/U_FrameBufferLeft/mem_reg_0_7 (implemented as a Block RAM) might be sub-optimal as no optional output register could be merged into the ram block. Providing additional output register may help in improving timing.
INFO: [Synth 8-7052] The timing for the instance i_0/U_FrameBufferLeft/mem_reg_0_8 (implemented as a Block RAM) might be sub-optimal as no optional output register could be merged into the ram block. Providing additional output register may help in improving timing.
INFO: [Synth 8-7052] The timing for the instance i_0/U_FrameBufferLeft/mem_reg_0_9 (implemented as a Block RAM) might be sub-optimal as no optional output register could be merged into the ram block. Providing additional output register may help in improving timing.
INFO: [Synth 8-7052] The timing for the instance i_0/U_FrameBufferLeft/mem_reg_0_10 (implemented as a Block RAM) might be sub-optimal as no optional output register could be merged into the ram block. Providing additional output register may help in improving timing.
INFO: [Synth 8-7052] The timing for the instance i_0/U_FrameBufferLeft/mem_reg_0_11 (implemented as a Block RAM) might be sub-optimal as no optional output register could be merged into the ram block. Providing additional output register may help in improving timing.
INFO: [Synth 8-7052] The timing for the instance i_0/U_FrameBufferLeft/mem_reg_0_12 (implemented as a Block RAM) might be sub-optimal as no optional output register could be merged into the ram block. Providing additional output register may help in improving timing.
INFO: [Synth 8-7052] The timing for the instance i_0/U_FrameBufferLeft/mem_reg_0_13 (implemented as a Block RAM) might be sub-optimal as no optional output register could be merged into the ram block. Providing additional output register may help in improving timing.
INFO: [Synth 8-7052] The timing for the instance i_0/U_FrameBufferLeft/mem_reg_0_14 (implemented as a Block RAM) might be sub-optimal as no optional output register could be merged into the ram block. Providing additional output register may help in improving timing.
INFO: [Synth 8-7052] The timing for the instance i_0/U_FrameBufferLeft/mem_reg_0_15 (implemented as a Block RAM) might be sub-optimal as no optional output register could be merged into the ram block. Providing additional output register may help in improving timing.
INFO: [Synth 8-7052] The timing for the instance i_0/U_FrameBufferRight/mem_reg_0_0 (implemented as a Block RAM) might be sub-optimal as no optional output register could be merged into the ram block. Providing additional output register may help in improving timing.
INFO: [Synth 8-7052] The timing for the instance i_0/U_FrameBufferRight/mem_reg_0_1 (implemented as a Block RAM) might be sub-optimal as no optional output register could be merged into the ram block. Providing additional output register may help in improving timing.
INFO: [Synth 8-7052] The timing for the instance i_0/U_FrameBufferRight/mem_reg_0_2 (implemented as a Block RAM) might be sub-optimal as no optional output register could be merged into the ram block. Providing additional output register may help in improving timing.
INFO: [Synth 8-7052] The timing for the instance i_0/U_FrameBufferRight/mem_reg_0_3 (implemented as a Block RAM) might be sub-optimal as no optional output register could be merged into the ram block. Providing additional output register may help in improving timing.
INFO: [Synth 8-7052] The timing for the instance i_0/U_FrameBufferRight/mem_reg_0_4 (implemented as a Block RAM) might be sub-optimal as no optional output register could be merged into the ram block. Providing additional output register may help in improving timing.
INFO: [Synth 8-7052] The timing for the instance i_0/U_FrameBufferRight/mem_reg_0_5 (implemented as a Block RAM) might be sub-optimal as no optional output register could be merged into the ram block. Providing additional output register may help in improving timing.
INFO: [Synth 8-7052] The timing for the instance i_0/U_FrameBufferRight/mem_reg_0_6 (implemented as a Block RAM) might be sub-optimal as no optional output register could be merged into the ram block. Providing additional output register may help in improving timing.
INFO: [Synth 8-7052] The timing for the instance i_0/U_FrameBufferRight/mem_reg_0_7 (implemented as a Block RAM) might be sub-optimal as no optional output register could be merged into the ram block. Providing additional output register may help in improving timing.
INFO: [Synth 8-7052] The timing for the instance i_0/U_FrameBufferRight/mem_reg_0_8 (implemented as a Block RAM) might be sub-optimal as no optional output register could be merged into the ram block. Providing additional output register may help in improving timing.
INFO: [Synth 8-7052] The timing for the instance i_0/U_FrameBufferRight/mem_reg_0_9 (implemented as a Block RAM) might be sub-optimal as no optional output register could be merged into the ram block. Providing additional output register may help in improving timing.
INFO: [Synth 8-7052] The timing for the instance i_0/U_FrameBufferRight/mem_reg_0_10 (implemented as a Block RAM) might be sub-optimal as no optional output register could be merged into the ram block. Providing additional output register may help in improving timing.
INFO: [Synth 8-7052] The timing for the instance i_0/U_FrameBufferRight/mem_reg_0_11 (implemented as a Block RAM) might be sub-optimal as no optional output register could be merged into the ram block. Providing additional output register may help in improving timing.
INFO: [Synth 8-7052] The timing for the instance i_0/U_FrameBufferRight/mem_reg_0_12 (implemented as a Block RAM) might be sub-optimal as no optional output register could be merged into the ram block. Providing additional output register may help in improving timing.
INFO: [Synth 8-7052] The timing for the instance i_0/U_FrameBufferRight/mem_reg_0_13 (implemented as a Block RAM) might be sub-optimal as no optional output register could be merged into the ram block. Providing additional output register may help in improving timing.
INFO: [Synth 8-7052] The timing for the instance i_0/U_FrameBufferRight/mem_reg_0_14 (implemented as a Block RAM) might be sub-optimal as no optional output register could be merged into the ram block. Providing additional output register may help in improving timing.
INFO: [Synth 8-7052] The timing for the instance i_0/U_FrameBufferRight/mem_reg_0_15 (implemented as a Block RAM) might be sub-optimal as no optional output register could be merged into the ram block. Providing additional output register may help in improving timing.
INFO: [Synth 8-7052] The timing for the instance i_0/U_top_SCCB_L/U_SCCB_ROM/dout_reg (implemented as a Block RAM) might be sub-optimal as no optional output register could be merged into the ram block. Providing additional output register may help in improving timing.
INFO: [Synth 8-7052] The timing for the instance i_0/U_top_SCCB_L/U_SCCB_ROM/dout_reg (implemented as a Block RAM) might be sub-optimal as no optional output register could be merged into the ram block. Providing additional output register may help in improving timing.
---------------------------------------------------------------------------------
Finished Technology Mapping : Time (s): cpu = 00:02:11 ; elapsed = 00:02:47 . Memory (MB): peak = 1613.020 ; gain = 529.102
---------------------------------------------------------------------------------
---------------------------------------------------------------------------------
Start IO Insertion
---------------------------------------------------------------------------------
---------------------------------------------------------------------------------
Start Flattening Before IO Insertion
---------------------------------------------------------------------------------
---------------------------------------------------------------------------------
Finished Flattening Before IO Insertion
---------------------------------------------------------------------------------
---------------------------------------------------------------------------------
Start Final Netlist Cleanup
---------------------------------------------------------------------------------
INFO: [Synth 8-7052] The timing for the instance U_FrameBufferLeft/mem_reg_0_0 (implemented as a Block RAM) might be sub-optimal as no optional output register could be merged into the ram block. Providing additional output register may help in improving timing.
INFO: [Synth 8-7052] The timing for the instance U_FrameBufferLeft/mem_reg_0_1 (implemented as a Block RAM) might be sub-optimal as no optional output register could be merged into the ram block. Providing additional output register may help in improving timing.
INFO: [Synth 8-7052] The timing for the instance U_FrameBufferLeft/mem_reg_0_2 (implemented as a Block RAM) might be sub-optimal as no optional output register could be merged into the ram block. Providing additional output register may help in improving timing.
INFO: [Synth 8-7052] The timing for the instance U_FrameBufferLeft/mem_reg_0_3 (implemented as a Block RAM) might be sub-optimal as no optional output register could be merged into the ram block. Providing additional output register may help in improving timing.
INFO: [Synth 8-7052] The timing for the instance U_FrameBufferLeft/mem_reg_0_4 (implemented as a Block RAM) might be sub-optimal as no optional output register could be merged into the ram block. Providing additional output register may help in improving timing.
INFO: [Synth 8-7052] The timing for the instance U_FrameBufferLeft/mem_reg_0_5 (implemented as a Block RAM) might be sub-optimal as no optional output register could be merged into the ram block. Providing additional output register may help in improving timing.
INFO: [Synth 8-7052] The timing for the instance U_FrameBufferLeft/mem_reg_0_6 (implemented as a Block RAM) might be sub-optimal as no optional output register could be merged into the ram block. Providing additional output register may help in improving timing.
INFO: [Synth 8-7052] The timing for the instance U_FrameBufferLeft/mem_reg_0_7 (implemented as a Block RAM) might be sub-optimal as no optional output register could be merged into the ram block. Providing additional output register may help in improving timing.
INFO: [Synth 8-7052] The timing for the instance U_FrameBufferLeft/mem_reg_0_8 (implemented as a Block RAM) might be sub-optimal as no optional output register could be merged into the ram block. Providing additional output register may help in improving timing.
INFO: [Synth 8-7052] The timing for the instance U_FrameBufferLeft/mem_reg_0_9 (implemented as a Block RAM) might be sub-optimal as no optional output register could be merged into the ram block. Providing additional output register may help in improving timing.
INFO: [Synth 8-7052] The timing for the instance U_FrameBufferLeft/mem_reg_0_10 (implemented as a Block RAM) might be sub-optimal as no optional output register could be merged into the ram block. Providing additional output register may help in improving timing.
INFO: [Synth 8-7052] The timing for the instance U_FrameBufferLeft/mem_reg_0_11 (implemented as a Block RAM) might be sub-optimal as no optional output register could be merged into the ram block. Providing additional output register may help in improving timing.
INFO: [Synth 8-7052] The timing for the instance U_FrameBufferLeft/mem_reg_0_12 (implemented as a Block RAM) might be sub-optimal as no optional output register could be merged into the ram block. Providing additional output register may help in improving timing.
INFO: [Synth 8-7052] The timing for the instance U_FrameBufferLeft/mem_reg_0_13 (implemented as a Block RAM) might be sub-optimal as no optional output register could be merged into the ram block. Providing additional output register may help in improving timing.
INFO: [Synth 8-7052] The timing for the instance U_FrameBufferLeft/mem_reg_0_14 (implemented as a Block RAM) might be sub-optimal as no optional output register could be merged into the ram block. Providing additional output register may help in improving timing.
INFO: [Synth 8-7052] The timing for the instance U_FrameBufferLeft/mem_reg_0_15 (implemented as a Block RAM) might be sub-optimal as no optional output register could be merged into the ram block. Providing additional output register may help in improving timing.
INFO: [Synth 8-7052] The timing for the instance U_FrameBufferRight/mem_reg_0_0 (implemented as a Block RAM) might be sub-optimal as no optional output register could be merged into the ram block. Providing additional output register may help in improving timing.
INFO: [Synth 8-7052] The timing for the instance U_FrameBufferRight/mem_reg_0_1 (implemented as a Block RAM) might be sub-optimal as no optional output register could be merged into the ram block. Providing additional output register may help in improving timing.
INFO: [Synth 8-7052] The timing for the instance U_FrameBufferRight/mem_reg_0_2 (implemented as a Block RAM) might be sub-optimal as no optional output register could be merged into the ram block. Providing additional output register may help in improving timing.
INFO: [Synth 8-7052] The timing for the instance U_FrameBufferRight/mem_reg_0_3 (implemented as a Block RAM) might be sub-optimal as no optional output register could be merged into the ram block. Providing additional output register may help in improving timing.
INFO: [Synth 8-7052] The timing for the instance U_FrameBufferRight/mem_reg_0_4 (implemented as a Block RAM) might be sub-optimal as no optional output register could be merged into the ram block. Providing additional output register may help in improving timing.
INFO: [Synth 8-7052] The timing for the instance U_FrameBufferRight/mem_reg_0_5 (implemented as a Block RAM) might be sub-optimal as no optional output register could be merged into the ram block. Providing additional output register may help in improving timing.
INFO: [Synth 8-7052] The timing for the instance U_FrameBufferRight/mem_reg_0_6 (implemented as a Block RAM) might be sub-optimal as no optional output register could be merged into the ram block. Providing additional output register may help in improving timing.
INFO: [Synth 8-7052] The timing for the instance U_FrameBufferRight/mem_reg_0_7 (implemented as a Block RAM) might be sub-optimal as no optional output register could be merged into the ram block. Providing additional output register may help in improving timing.
INFO: [Synth 8-7052] The timing for the instance U_FrameBufferRight/mem_reg_0_8 (implemented as a Block RAM) might be sub-optimal as no optional output register could be merged into the ram block. Providing additional output register may help in improving timing.
INFO: [Synth 8-7052] The timing for the instance U_FrameBufferRight/mem_reg_0_9 (implemented as a Block RAM) might be sub-optimal as no optional output register could be merged into the ram block. Providing additional output register may help in improving timing.
INFO: [Synth 8-7052] The timing for the instance U_FrameBufferRight/mem_reg_0_10 (implemented as a Block RAM) might be sub-optimal as no optional output register could be merged into the ram block. Providing additional output register may help in improving timing.
INFO: [Synth 8-7052] The timing for the instance U_FrameBufferRight/mem_reg_0_11 (implemented as a Block RAM) might be sub-optimal as no optional output register could be merged into the ram block. Providing additional output register may help in improving timing.
INFO: [Synth 8-7052] The timing for the instance U_FrameBufferRight/mem_reg_0_12 (implemented as a Block RAM) might be sub-optimal as no optional output register could be merged into the ram block. Providing additional output register may help in improving timing.
INFO: [Synth 8-7052] The timing for the instance U_FrameBufferRight/mem_reg_0_13 (implemented as a Block RAM) might be sub-optimal as no optional output register could be merged into the ram block. Providing additional output register may help in improving timing.
INFO: [Synth 8-7052] The timing for the instance U_FrameBufferRight/mem_reg_0_14 (implemented as a Block RAM) might be sub-optimal as no optional output register could be merged into the ram block. Providing additional output register may help in improving timing.
INFO: [Synth 8-7052] The timing for the instance U_FrameBufferRight/mem_reg_0_15 (implemented as a Block RAM) might be sub-optimal as no optional output register could be merged into the ram block. Providing additional output register may help in improving timing.
INFO: [Synth 8-7052] The timing for the instance U_top_SCCB_L/U_SCCB_ROM/dout_reg (implemented as a Block RAM) might be sub-optimal as no optional output register could be merged into the ram block. Providing additional output register may help in improving timing.
INFO: [Synth 8-7052] The timing for the instance U_top_SCCB_L/U_SCCB_ROM/dout_reg (implemented as a Block RAM) might be sub-optimal as no optional output register could be merged into the ram block. Providing additional output register may help in improving timing.
---------------------------------------------------------------------------------
Finished Final Netlist Cleanup
---------------------------------------------------------------------------------
---------------------------------------------------------------------------------
Finished IO Insertion : Time (s): cpu = 00:02:17 ; elapsed = 00:02:52 . Memory (MB): peak = 1613.020 ; gain = 529.102
---------------------------------------------------------------------------------
---------------------------------------------------------------------------------
Start Renaming Generated Instances
---------------------------------------------------------------------------------
---------------------------------------------------------------------------------
Finished Renaming Generated Instances : Time (s): cpu = 00:02:17 ; elapsed = 00:02:53 . Memory (MB): peak = 1613.020 ; gain = 529.102
---------------------------------------------------------------------------------
---------------------------------------------------------------------------------
Start Rebuilding User Hierarchy
---------------------------------------------------------------------------------
---------------------------------------------------------------------------------
Finished Rebuilding User Hierarchy : Time (s): cpu = 00:02:19 ; elapsed = 00:02:55 . Memory (MB): peak = 1613.020 ; gain = 529.102
---------------------------------------------------------------------------------
---------------------------------------------------------------------------------
Start Renaming Generated Ports
---------------------------------------------------------------------------------
---------------------------------------------------------------------------------
Finished Renaming Generated Ports : Time (s): cpu = 00:02:19 ; elapsed = 00:02:55 . Memory (MB): peak = 1613.020 ; gain = 529.102
---------------------------------------------------------------------------------
---------------------------------------------------------------------------------
Start Handling Custom Attributes
---------------------------------------------------------------------------------
---------------------------------------------------------------------------------
Finished Handling Custom Attributes : Time (s): cpu = 00:02:19 ; elapsed = 00:02:55 . Memory (MB): peak = 1613.020 ; gain = 529.102
---------------------------------------------------------------------------------
---------------------------------------------------------------------------------
Start Renaming Generated Nets
---------------------------------------------------------------------------------
---------------------------------------------------------------------------------
Finished Renaming Generated Nets : Time (s): cpu = 00:02:19 ; elapsed = 00:02:55 . Memory (MB): peak = 1613.020 ; gain = 529.102
---------------------------------------------------------------------------------
---------------------------------------------------------------------------------
Start Writing Synthesis Report
---------------------------------------------------------------------------------

Report BlackBoxes: 
+------+--------------+----------+
|      |BlackBox name |Instances |
+------+--------------+----------+
|1     |clk_wiz_0     |         1|
+------+--------------+----------+

Report Cell Usage: 
+------+---------+------+
|      |Cell     |Count |
+------+---------+------+
|1     |clk_wiz  |     1|
|2     |BUFG     |     5|
|3     |CARRY4   |  1648|
|4     |DSP48E1  |     1|
|5     |LUT1     |    20|
|6     |LUT2     |  5733|
|7     |LUT3     |   875|
|8     |LUT4     |   252|
|9     |LUT5     |  6137|
|10    |LUT6     |  3751|
|11    |MUXF7    |    84|
|12    |MUXF8    |    40|
|13    |RAMB18E1 |     1|
|14    |RAMB36E1 |    32|
|15    |FDCE     |   237|
|16    |FDPE     |     3|
|17    |FDRE     |  1600|
|18    |LD       |   634|
|19    |IBUF     |    24|
|20    |OBUF     |    18|
|21    |OBUFT    |     2|
+------+---------+------+
---------------------------------------------------------------------------------
Finished Writing Synthesis Report : Time (s): cpu = 00:02:19 ; elapsed = 00:02:55 . Memory (MB): peak = 1613.020 ; gain = 529.102
---------------------------------------------------------------------------------
Synthesis finished with 0 errors, 0 critical warnings and 160 warnings.
Synthesis Optimization Runtime : Time (s): cpu = 00:02:04 ; elapsed = 00:02:52 . Memory (MB): peak = 1613.020 ; gain = 456.695
Synthesis Optimization Complete : Time (s): cpu = 00:02:20 ; elapsed = 00:02:56 . Memory (MB): peak = 1613.020 ; gain = 529.102
INFO: [Project 1-571] Translating synthesized netlist
Netlist sorting complete. Time (s): cpu = 00:00:00 ; elapsed = 00:00:00.259 . Memory (MB): peak = 1613.020 ; gain = 0.000
INFO: [Netlist 29-17] Analyzing 2440 Unisim elements for replacement
INFO: [Netlist 29-28] Unisim Transformation completed in 0 CPU seconds
WARNING: [Netlist 29-101] Netlist 'top_VGA_CAMERA' is not ideal for floorplanning, since the cellview 'disparity_generator_1x1' contains a large number of primitives.  Please consider enabling hierarchy in synthesis if you want to do floorplanning.
INFO: [Project 1-570] Preparing netlist for logic optimization
INFO: [Opt 31-140] Inserted 1 IBUFs to IO ports without IO buffers.
INFO: [Opt 31-138] Pushed 0 inverter(s) to 0 load pin(s).
Netlist sorting complete. Time (s): cpu = 00:00:00 ; elapsed = 00:00:00.005 . Memory (MB): peak = 1613.020 ; gain = 0.000
INFO: [Project 1-111] Unisim Transformation Summary:
  A total of 634 instances were transformed.
  LD => LDCE: 634 instances

INFO: [Common 17-83] Releasing license: Synthesis
195 Infos, 133 Warnings, 0 Critical Warnings and 0 Errors encountered.
synth_design completed successfully
synth_design: Time (s): cpu = 00:02:29 ; elapsed = 00:03:08 . Memory (MB): peak = 1613.020 ; gain = 529.102
[libprotobuf ERROR C:\w10\HEAD\src\ext\protobuf\build\lnx64\protobuf-3.7.1\src\google\protobuf\wire_format_lite.cc:611] String field 'HDMetricDBGroup.MetricMapEntry.value' contains invalid UTF-8 data when serializing a protocol buffer. Use the 'bytes' type if you intend to send raw bytes. 
INFO: [Common 17-1381] The checkpoint 'D:/Verilog/Verilog/StereoDepth_final/StereoDepth_final.runs/synth_1/top_VGA_CAMERA.dcp' has been generated.
INFO: [runtcl-4] Executing : report_utilization -file top_VGA_CAMERA_utilization_synth.rpt -pb top_VGA_CAMERA_utilization_synth.pb
INFO: [Common 17-206] Exiting Vivado at Tue Jan  7 04:05:09 2025...
