INFO: [VRFC 10-2263] Analyzing Verilog file "/home/user/project/Verilog/1111_hour_min_sec_msec_stopwatch/1111_hour_min_sec_msec_stopwatch.srcs/sources_1/imports/sources_1/imports/new/button_detector.v" into library xil_defaultlib
INFO: [VRFC 10-311] analyzing module button_detector
INFO: [VRFC 10-2263] Analyzing Verilog file "/home/user/project/Verilog/1111_hour_min_sec_msec_stopwatch/1111_hour_min_sec_msec_stopwatch.srcs/sources_1/imports/sources_1/imports/new/fnd_controller.v" into library xil_defaultlib
INFO: [VRFC 10-311] analyzing module fnd_controller
INFO: [VRFC 10-311] analyzing module select_fnd
INFO: [VRFC 10-311] analyzing module counter
INFO: [VRFC 10-311] analyzing module clk_div
INFO: [VRFC 10-311] analyzing module digit_splitter
INFO: [VRFC 10-311] analyzing module mux_4x1
INFO: [VRFC 10-311] analyzing module decoder_2x4
INFO: [VRFC 10-311] analyzing module BCDtoSEG_decoder
INFO: [VRFC 10-2263] Analyzing Verilog file "/home/user/project/Verilog/1111_hour_min_sec_msec_stopwatch/1111_hour_min_sec_msec_stopwatch.srcs/sources_1/imports/sources_1/new/stopwatch_control_unit.v" into library xil_defaultlib
INFO: [VRFC 10-311] analyzing module stopwatch_control_unit
INFO: [VRFC 10-2263] Analyzing Verilog file "/home/user/project/Verilog/1111_hour_min_sec_msec_stopwatch/1111_hour_min_sec_msec_stopwatch.srcs/sources_1/imports/sources_1/new/stopwatch_datapath.v" into library xil_defaultlib
INFO: [VRFC 10-311] analyzing module stopwatch_datapath
INFO: [VRFC 10-311] analyzing module clk_div_stopwatch
INFO: [VRFC 10-311] analyzing module time_clock_counter
INFO: [VRFC 10-2263] Analyzing Verilog file "/home/user/project/Verilog/1111_hour_min_sec_msec_stopwatch/1111_hour_min_sec_msec_stopwatch.srcs/sources_1/imports/sources_1/new/top_stopwatch.v" into library xil_defaultlib
INFO: [VRFC 10-311] analyzing module top_stopwatch
INFO: [VRFC 10-2263] Analyzing Verilog file "/home/user/project/Verilog/1111_hour_min_sec_msec_stopwatch/1111_hour_min_sec_msec_stopwatch.srcs/sim_1/new/tb_stopwatch.v" into library xil_defaultlib
INFO: [VRFC 10-311] analyzing module tb_stopwatch
