********************************************************************************
* Unified simulation Tcl App stack trace dump
*
* File: .usf.tcl_error.log (Fri Jan  3 14:22:49 2025)
*
* This file is generated by the unified simulation automation and contains the
* tcl stack trace of error returned by the simulator App for the current run.
*
********************************************************************************

    while executing
"current_project"
    (procedure "usf_xsim_verify_compiled_lib" line 36)
    invoked from within
"usf_xsim_verify_compiled_lib"
    (procedure "usf_set_compiled_lib_dir" line 18)
    invoked from within
"usf_set_compiled_lib_dir"
    (procedure "usf_xsim_setup_simulation" line 70)
    invoked from within
"usf_xsim_setup_simulation"
    (procedure "tclapp::xilinx::xsim::setup" line 19)
    invoked from within
"tclapp::xilinx::xsim::setup { -simset sim_1 -mode behavioral -run_dir D:/GitHub/verilog/Verilog/TeamProject_StereoDepth_HO/TeamProject_StereoDepth.sim..."
