#
# A fatal error has been detected by the Java Runtime Environment:
#
#  EXCEPTION_ACCESS_VIOLATION (0xc0000005) at pc=0x00007ffb103d6ef6, pid=11236, tid=18664
#
# JRE version: OpenJDK Runtime Environment (11.0.2+9) (build 11.0.2+9)
# Java VM: OpenJDK 64-Bit Server VM (11.0.2+9, mixed mode, tiered, compressed oops, g1 gc, windows-amd64)
# Problematic frame:
# C  0x00007ffb103d6ef6
#
# No core dump will be written. Minidumps are not enabled by default on client versions of Windows
#
# If you would like to submit a bug report, please visit:
#   http://bugreport.java.com/bugreport/crash.jsp
# The crash happened outside the Java Virtual Machine in native code.
# See problematic frame for where to report the bug.
#

---------------  S U M M A R Y ------------

Command Line: -Dsun.java2d.pmoffscreen=false -Dhttps.protocols=TLSv1,TLSv1.1,TLSv1.2 -Dsun.java2d.xrender=false -Dsun.java2d.d3d=false -Dsun.awt.nopixfmt=true -Dsun.java2d.dpiaware=true -Dsun.java2d.uiScale.enabled=false -Xverify:none -Dswing.aatext=true -XX:-UsePerfData -Djdk.map.althashing.threshold=512 -XX:StringTableSize=4072 --add-opens=java.base/java.nio=ALL-UNNAMED --add-opens=java.desktop/sun.swing=ALL-UNNAMED --add-opens=java.desktop/javax.swing=ALL-UNNAMED --add-opens=java.desktop/javax.swing.tree=ALL-UNNAMED --add-opens=java.desktop/javax.swing.plaf.basic=ALL-UNNAMED --add-opens=java.desktop/javax.swing.plaf.synth=ALL-UNNAMED --add-opens=java.desktop/com.sun.awt=ALL-UNNAMED -XX:NewSize=60m -XX:MaxNewSize=60m -Xms128m -Xmx3072m -Xss5m 

Host: 12th Gen Intel(R) Core(TM) i7-1260P, 16 cores, 15G,  Windows 10 , 64 bit Build 22621 (10.0.22621.4391)
Time: Tue Dec 17 16:24:48 2024 대한민국 표준시 elapsed time: 223 seconds (0d 0h 3m 43s)

---------------  T H R E A D  ---------------

Current thread (0x000001c0a5aed800):  JavaThread "AWT-EventQueue-0" [_thread_in_native, id=18664, stack(0x00000021f5100000,0x00000021f5600000)]

Stack: [0x00000021f5100000,0x00000021f5600000],  sp=0x00000021f55fc160,  free space=5104k
Native frames: (J=compiled Java code, j=interpreted, Vv=VM code, C=native code)
C  0x00007ffb103d6ef6
C  0x00007ffb103d6d67
C  0x00007ffb103ddcc3
C  [librdi_simdata.dll+0x5f6c5]
C  [librdi_simdata.dll+0x65676]
C  [librdi_simdata.dll+0x6552e]
C  [librdi_simdata.dll+0x97283]
C  0x000001c0adc6f0b7

Java frames: (J=compiled Java code, j=interpreted, Vv=VM code)
j  ui.views.simulator.executive.simulationi.SimulationExecutive_getLocalsData(JLjava/lang/String;)Ljava/lang/String;+0
j  ui.views.N.c.a.jJe()Lui/data/simulation/executive/protobuf/RSDHierarchy$RSDObjectTreeMessage;+6
j  ui.views.N.a.n.a(Lcom/jidesoft/grid/ExpandableRow;Lui/data/simulation/executive/protobuf/RSDHierarchy$RSDObjectNode;)V+11
j  ui.views.N.a.n.reset()V+16
j  ui.views.N.a.l.reset()V+30
j  ui.views.N.a.k.reset()V+7
j  ui.views.N.a.q.jIQ()V+4
j  ui.views.N.a.q.handleTclEvent(Lui/frmwork/a/l;)V+57
J 14631 c1 ui.frmwork.a.o.c(Lui/frmwork/a/l;)V (61 bytes) @ 0x000001c0b018870c [0x000001c0b0187d60+0x00000000000009ac]
J 14611 c1 ui.frmwork.E.i(JZ)V (471 bytes) @ 0x000001c0b0154b3c [0x000001c0b01509c0+0x000000000000417c]
j  ui.frmwork.E.dQ(J)V+3
j  ui.frmwork.E$$Lambda$203.run()V+8
J 14879 c2 java.awt.event.InvocationEvent.dispatch()V java.desktop@11.0.2 (69 bytes) @ 0x000001c0b639e6ac [0x000001c0b639e4c0+0x00000000000001ec]
J 14891 c2 java.awt.EventQueue$4.run()Ljava/lang/Object; java.desktop@11.0.2 (5 bytes) @ 0x000001c0b63a1d1c [0x000001c0b63a1c60+0x00000000000000bc]
v  ~StubRoutines::call_stub
J 4712  java.security.AccessController.doPrivileged(Ljava/security/PrivilegedAction;Ljava/security/AccessControlContext;)Ljava/lang/Object; java.base@11.0.2 (0 bytes) @ 0x000001c0b5aa4d36 [0x000001c0b5aa4cc0+0x0000000000000076]
J 14818 c2 java.awt.EventQueue.dispatchEvent(Ljava/awt/AWTEvent;)V java.desktop@11.0.2 (80 bytes) @ 0x000001c0b638cee4 [0x000001c0b638c940+0x00000000000005a4]
J 14819 c2 ui.frmwork.a.d.dispatchEvent(Ljava/awt/AWTEvent;)V (42 bytes) @ 0x000001c0b638da54 [0x000001c0b638d960+0x00000000000000f4]
J 14897 c2 java.awt.EventDispatchThread.pumpOneEventForFilters(I)V java.desktop@11.0.2 (113 bytes) @ 0x000001c0b63a57a4 [0x000001c0b63a5640+0x0000000000000164]
j  java.awt.EventDispatchThread.pumpEventsForFilter(ILjava/awt/Conditional;Ljava/awt/EventFilter;)V+35 java.desktop@11.0.2
j  java.awt.EventDispatchThread.pumpEventsForHierarchy(ILjava/awt/Conditional;Ljava/awt/Component;)V+11 java.desktop@11.0.2
j  java.awt.EventDispatchThread.pumpEvents(ILjava/awt/Conditional;)V+4 java.desktop@11.0.2
j  java.awt.EventDispatchThread.pumpEvents(Ljava/awt/Conditional;)V+3 java.desktop@11.0.2
j  java.awt.EventDispatchThread.run()V+9 java.desktop@11.0.2
v  ~StubRoutines::call_stub

siginfo: EXCEPTION_ACCESS_VIOLATION (0xc0000005), reading address 0x0000000000000000


Register to memory mapping:

RIP=0x00007ffb103d6ef6 points into unknown readable memory: 48 8b
RAX=0x0 is NULL
RBX=0x000001c0cebb8340 points into unknown readable memory: 88 6e 73 10 fb 7f 00 00
RCX=0x0 is NULL
RDX=0x0 is NULL
RSP=0x00000021f55fc160 is pointing into the stack for thread: 0x000001c0a5aed800
RBP=0x00000021f55fc2a0 is pointing into the stack for thread: 0x000001c0a5aed800
RSI=0x00000021f55fc1f0 is pointing into the stack for thread: 0x000001c0a5aed800
RDI=0x000001c0bea2fa80 points into unknown readable memory: 00 00 00 00 01 00 00 00
R8 =0x000001c0c1920d20 points into unknown readable memory: 70 26 1d c0 c0 01 00 00
R9 =0x00000021f55fc1f0 is pointing into the stack for thread: 0x000001c0a5aed800
R10=0x0000000000000003 is an unknown value
R11=0x00000021f55fc060 is pointing into the stack for thread: 0x000001c0a5aed800
R12=0x000001c0ccac26f0 points into unknown readable memory: 70 cf 72 10 fb 7f 00 00
R13=0x000001c0cebb1b20 points into unknown readable memory: 80 cc 72 10 fb 7f 00 00
R14=0x000001c0c04cc9b0 points into unknown readable memory: 30 cf 73 10 fb 7f 00 00
R15=0x00000021f55fc1f8 is pointing into the stack for thread: 0x000001c0a5aed800


Registers:
RAX=0x0000000000000000, RBX=0x000001c0cebb8340, RCX=0x0000000000000000, RDX=0x0000000000000000
RSP=0x00000021f55fc160, RBP=0x00000021f55fc2a0, RSI=0x00000021f55fc1f0, RDI=0x000001c0bea2fa80
R8 =0x000001c0c1920d20, R9 =0x00000021f55fc1f0, R10=0x0000000000000003, R11=0x00000021f55fc060
R12=0x000001c0ccac26f0, R13=0x000001c0cebb1b20, R14=0x000001c0c04cc9b0, R15=0x00000021f55fc1f8
RIP=0x00007ffb103d6ef6, EFLAGS=0x0000000000010246

Top of Stack: (sp=0x00000021f55fc160)
0x00000021f55fc160:   000001c0cebb1b20 00007ffb1039ceef
0x00000021f55fc170:   0000000000000000 000001c0ccac26f0
0x00000021f55fc180:   000001c0cebb1b20 000001c0bd199f70
0x00000021f55fc190:   0000000000000000 00007ffb103d6d67
0x00000021f55fc1a0:   00000021f55fc2a0 0000000000000031
0x00000021f55fc1b0:   000001c09242c280 000001c0c04cd250
0x00000021f55fc1c0:   0000000000000000 000001c0885c7f80
0x00000021f55fc1d0:   0000002100000001 000001c0bea2fc00
0x00000021f55fc1e0:   000001c0bea2fc08 000001c0bea2fc08
0x00000021f55fc1f0:   000001c000000000 000001c0bea2fa80
0x00000021f55fc200:   000001c0bea2fa88 000001c0bea2fa88
0x00000021f55fc210:   0000002100000001 0000000000000020
0x00000021f55fc220:   00007ffb1072a058 0000000000000000
0x00000021f55fc230:   00007ffb1072a060 00007ffb1071bc08
0x00000021f55fc240:   000001c0bdad3d10 000001c0bdad3d10
0x00000021f55fc250:   00000021f55fc240 00000021f55fc248 

Instructions: (pc=0x00007ffb103d6ef6)
0x00007ffb103d6ed6:   3c 88 49 8b 45 08 48 8b 48 38 48 8b 01 ff 90 78
0x00007ffb103d6ee6:   02 00 00 8b 17 48 8b c8 e8 fd 44 0a 00 48 8b c8
0x00007ffb103d6ef6:   48 8b 10 ff 52 08 48 89 83 b8 00 00 00 4c 63 16
0x00007ffb103d6f06:   4d 8d 42 01 41 8d 4a 01 89 0e 4d 8b 0f 43 8b 14 


Stack slot to memory mapping:
stack at sp + 0 slots: 0x000001c0cebb1b20 points into unknown readable memory: 80 cc 72 10 fb 7f 00 00
stack at sp + 1 slots: 0x00007ffb1039ceef points into unknown readable memory: 85
stack at sp + 2 slots: 0x0 is NULL
stack at sp + 3 slots: 0x000001c0ccac26f0 points into unknown readable memory: 70 cf 72 10 fb 7f 00 00
stack at sp + 4 slots: 0x000001c0cebb1b20 points into unknown readable memory: 80 cc 72 10 fb 7f 00 00
stack at sp + 5 slots: 0x000001c0bd199f70 points into unknown readable memory: 28 cf 72 10 fb 7f 00 00
stack at sp + 6 slots: 0x0 is NULL
stack at sp + 7 slots: 0x00007ffb103d6d67 points into unknown readable memory: 49


---------------  P R O C E S S  ---------------

Threads class SMR info:
_java_thread_list=0x000001c0bebbad30, length=32, elements={
0x000001c09210d000, 0x000001c0ca3f2000, 0x000001c0c9de6800, 0x000001c0c9de9000,
0x000001c0a7dae000, 0x000001c0a7dae800, 0x000001c092166000, 0x000001c092167000,
0x000001c0c7efc000, 0x000001c090d4c800, 0x000001c0a5247000, 0x000001c0a52b8000,
0x000001c0a5442000, 0x000001c0a51ea800, 0x000001c0a5aed800, 0x000001c0bcd8e800,
0x000001c0a588e800, 0x000001c0a5aa6000, 0x000001c0a9044000, 0x000001c0a9040800,
0x000001c0a9044800, 0x000001c0a903f000, 0x000001c0a9041800, 0x000001c0c1d17000,
0x000001c0c1d1d000, 0x000001c0c1d19000, 0x000001c0c1d19800, 0x000001c0c1d18000,
0x000001c0c1d1e800, 0x000001c0a9045800, 0x000001c0c1d1a800, 0x000001c0c1d21000
}

Java Threads: ( => current thread )
  0x000001c09210d000 JavaThread "main" [_thread_blocked, id=20516, stack(0x00000021f0500000,0x00000021f0600000)]
  0x000001c0ca3f2000 JavaThread "Reference Handler" daemon [_thread_blocked, id=15676, stack(0x00000021f0c00000,0x00000021f1100000)]
  0x000001c0c9de6800 JavaThread "Finalizer" daemon [_thread_blocked, id=22588, stack(0x00000021f1100000,0x00000021f1600000)]
  0x000001c0c9de9000 JavaThread "Signal Dispatcher" daemon [_thread_blocked, id=15440, stack(0x00000021f1600000,0x00000021f1b00000)]
  0x000001c0a7dae000 JavaThread "Attach Listener" daemon [_thread_blocked, id=6568, stack(0x00000021f1b00000,0x00000021f2000000)]
  0x000001c0a7dae800 JavaThread "C2 CompilerThread0" daemon [_thread_in_native, id=23004, stack(0x00000021f2000000,0x00000021f2100000)]
  0x000001c092166000 JavaThread "C1 CompilerThread0" daemon [_thread_blocked, id=5976, stack(0x00000021f2100000,0x00000021f2200000)]
  0x000001c092167000 JavaThread "Sweeper thread" daemon [_thread_blocked, id=7868, stack(0x00000021f2200000,0x00000021f2700000)]
  0x000001c0c7efc000 JavaThread "Common-Cleaner" daemon [_thread_blocked, id=21096, stack(0x00000021f2900000,0x00000021f2e00000)]
  0x000001c090d4c800 JavaThread "Service Thread" daemon [_thread_blocked, id=19732, stack(0x00000021f2e00000,0x00000021f3300000)]
  0x000001c0a5247000 JavaThread "Java2D Disposer" daemon [_thread_blocked, id=468, stack(0x00000021f3400000,0x00000021f3900000)]
  0x000001c0a52b8000 JavaThread "AWT-Windows" daemon [_thread_in_native, id=21964, stack(0x00000021f3e00000,0x00000021f4300000)]
  0x000001c0a5442000 JavaThread "TimerQueue" daemon [_thread_blocked, id=12072, stack(0x00000021f4400000,0x00000021f4900000)]
  0x000001c0a51ea800 JavaThread "AWT-Shutdown" [_thread_blocked, id=10968, stack(0x00000021f3900000,0x00000021f3e00000)]
=>0x000001c0a5aed800 JavaThread "AWT-EventQueue-0" [_thread_in_native, id=18664, stack(0x00000021f5100000,0x00000021f5600000)]
  0x000001c0bcd8e800 JavaThread "Thread-1" [_thread_in_native, id=1676, stack(0x00000021eef00000,0x00000021f0300000)]
  0x000001c0a588e800 JavaThread "Process Messages Thread" [_thread_blocked, id=19200, stack(0x00000021f5b00000,0x00000021f6000000)]
  0x000001c0a5aa6000 JavaThread "Batik CleanerThread" daemon [_thread_blocked, id=18976, stack(0x00000021f6b00000,0x00000021f7000000)]
  0x000001c0a9044000 JavaThread "SyntheticaCleanerThread" daemon [_thread_blocked, id=6048, stack(0x00000021f7500000,0x00000021f7a00000)]
  0x000001c0a9040800 JavaThread "Monitor HEventQueue Thread" [_thread_blocked, id=18792, stack(0x00000021f7c00000,0x00000021f8100000)]
  0x000001c0a9044800 JavaThread "SyntheticaAnimation 50" daemon [_thread_blocked, id=16620, stack(0x00000021f8100000,0x00000021f8600000)]
  0x000001c0a903f000 JavaThread "SyntheticaAnimation 25" daemon [_thread_blocked, id=22792, stack(0x00000021f8800000,0x00000021f8d00000)]
  0x000001c0a9041800 JavaThread "SyntheticaAnimation 70" daemon [_thread_blocked, id=21300, stack(0x00000021f9200000,0x00000021f9700000)]
  0x000001c0c1d17000 JavaThread "Refresh Filesets Swing Worker Thread" [_thread_blocked, id=20036, stack(0x00000021f9700000,0x00000021f9c00000)]
  0x000001c0c1d1d000 JavaThread "hw_ila_monitor" [_thread_blocked, id=16644, stack(0x00000021f9c00000,0x00000021fa100000)]
  0x000001c0c1d19000 JavaThread "pool-1-thread-1" [_thread_blocked, id=19684, stack(0x00000021fa100000,0x00000021fa600000)]
  0x000001c0c1d19800 JavaThread "pool-2-thread-1" [_thread_blocked, id=19148, stack(0x00000021fa600000,0x00000021fab00000)]
  0x000001c0c1d18000 JavaThread "pool-3-thread-1" [_thread_blocked, id=15500, stack(0x00000021fab00000,0x00000021fb000000)]
  0x000001c0c1d1e800 JavaThread "Update Runs Swing Worker Thread" [_thread_blocked, id=17416, stack(0x00000021fb500000,0x00000021fba00000)]
  0x000001c0a9045800 JavaThread "C1 CompilerThread1" daemon [_thread_blocked, id=10384, stack(0x00000021f4900000,0x00000021f4a00000)]
  0x000001c0c1d1a800 JavaThread "SyntheticaAnimation 50" daemon [_thread_blocked, id=19412, stack(0x00000021f4b00000,0x00000021f5000000)]
  0x000001c0c1d21000 JavaThread "Run for Time: 6 s Thread" [_thread_blocked, id=23364, stack(0x00000021f7000000,0x00000021f7500000)]

Other Threads:
  0x000001c0ca3f0800 VMThread "VM Thread" [stack: 0x00000021f0b00000,0x00000021f0c00000] [id=18180]
  0x000001c0c8e52000 WatcherThread [stack: 0x00000021f3300000,0x00000021f3400000] [id=23392]
  0x000001c09063a800 GCTaskThread "GC Thread#0" [stack: 0x00000021f0600000,0x00000021f0700000] [id=7388]
  0x000001c0a96cf000 GCTaskThread "GC Thread#1" [stack: 0x00000021f6000000,0x00000021f6100000] [id=7884]
  0x000001c0a96cf800 GCTaskThread "GC Thread#2" [stack: 0x00000021f6100000,0x00000021f6200000] [id=3380]
  0x000001c0a9676800 GCTaskThread "GC Thread#3" [stack: 0x00000021f6200000,0x00000021f6300000] [id=19320]
  0x000001c0a9677000 GCTaskThread "GC Thread#4" [stack: 0x00000021f6300000,0x00000021f6400000] [id=20312]
  0x000001c0a9b6c800 GCTaskThread "GC Thread#5" [stack: 0x00000021f6400000,0x00000021f6500000] [id=4276]
  0x000001c0a9b6d800 GCTaskThread "GC Thread#6" [stack: 0x00000021f6500000,0x00000021f6600000] [id=19084]
  0x000001c0a9b6e000 GCTaskThread "GC Thread#7" [stack: 0x00000021f6600000,0x00000021f6700000] [id=3944]
  0x000001c0a8eb3800 GCTaskThread "GC Thread#8" [stack: 0x00000021f6700000,0x00000021f6800000] [id=19784]
  0x000001c0a588a000 GCTaskThread "GC Thread#9" [stack: 0x00000021f6800000,0x00000021f6900000] [id=3172]
  0x000001c0a92c5800 GCTaskThread "GC Thread#10" [stack: 0x00000021f6900000,0x00000021f6a00000] [id=8096]
  0x000001c0a9674000 GCTaskThread "GC Thread#11" [stack: 0x00000021f6a00000,0x00000021f6b00000] [id=18560]
  0x000001c0a9670000 GCTaskThread "GC Thread#12" [stack: 0x00000021f4a00000,0x00000021f4b00000] [id=10596]
  0x000001c0c8e4c800 ConcurrentGCThread "G1 Main Marker" [stack: 0x00000021f0700000,0x00000021f0800000] [id=16412]
  0x000001c0c8e4d000 ConcurrentGCThread "G1 Conc#0" [stack: 0x00000021f0800000,0x00000021f0900000] [id=22828]
  0x000001c0a9673000 ConcurrentGCThread "G1 Conc#1" [stack: 0x00000021f5600000,0x00000021f5700000] [id=15336]
  0x000001c0a9672800 ConcurrentGCThread "G1 Conc#2" [stack: 0x00000021f5700000,0x00000021f5800000] [id=20032]
  0x000001c0ca1c9800 ConcurrentGCThread "G1 Refine#0" [stack: 0x00000021f0900000,0x00000021f0a00000] [id=6792]
  0x000001c0a98cc000 ConcurrentGCThread "G1 Refine#1" [stack: 0x00000021f5800000,0x00000021f5900000] [id=20772]
  0x000001c0a517a800 ConcurrentGCThread "G1 Refine#2" [stack: 0x00000021f5900000,0x00000021f5a00000] [id=16424]
  0x000001c08ed22800 ConcurrentGCThread "G1 Young RemSet Sampling" [stack: 0x00000021f0a00000,0x00000021f0b00000] [id=8364]

Threads with active compile tasks:
C2 CompilerThread016403       4       ui.frmwork.cmd.d::setEnabled (178 bytes)

VM state:not at safepoint (normal execution)

VM Mutex/Monitor currently owned by a thread: None

Heap address: 0x0000000740000000, size: 3072 MB, Compressed Oops mode: Zero based, Oop shift amount: 3
Narrow klass base: 0x0000000800000000, Narrow klass shift: 0
Compressed class space size: 1073741824 Address: 0x0000000800000000

Heap:
 garbage-first heap   total 162816K, used 89197K [0x0000000740000000, 0x0000000800000000)
  region size 1024K, 1 young (1024K), 0 survivors (0K)
 Metaspace       used 86506K, capacity 88581K, committed 88784K, reserved 1124352K
  class space    used 12158K, capacity 13102K, committed 13184K, reserved 1048576K
Heap Regions: E=young(eden), S=young(survivor), O=old, HS=humongous(starts), HC=humongous(continues), CS=collection set, F=free, A=archive, TAMS=top-at-mark-start (previous, next)
|   0|0x0000000740000000, 0x0000000740100000, 0x0000000740100000|100%|HS|  |TAMS 0x0000000740000000, 0x0000000740000000| Untracked 
|   1|0x0000000740100000, 0x0000000740200000, 0x0000000740200000|100%|HC|  |TAMS 0x0000000740100000, 0x0000000740100000| Untracked 
|   2|0x0000000740200000, 0x0000000740300000, 0x0000000740300000|100%|HS|  |TAMS 0x0000000740200000, 0x0000000740200000| Untracked 
|   3|0x0000000740300000, 0x00000007403fffe0, 0x0000000740400000| 99%| O|  |TAMS 0x0000000740300000, 0x0000000740300000| Untracked 
|   4|0x0000000740400000, 0x0000000740500000, 0x0000000740500000|100%| O|  |TAMS 0x0000000740400000, 0x0000000740400000| Untracked 
|   5|0x0000000740500000, 0x00000007405fffd0, 0x0000000740600000| 99%| O|  |TAMS 0x0000000740500000, 0x0000000740500000| Untracked 
|   6|0x0000000740600000, 0x00000007406ffff0, 0x0000000740700000| 99%| O|  |TAMS 0x0000000740600000, 0x0000000740600000| Untracked 
|   7|0x0000000740700000, 0x0000000740800000, 0x0000000740800000|100%| O|  |TAMS 0x0000000740700000, 0x0000000740700000| Untracked 
|   8|0x0000000740800000, 0x00000007408fffc0, 0x0000000740900000| 99%| O|  |TAMS 0x0000000740800000, 0x0000000740800000| Untracked 
|   9|0x0000000740900000, 0x0000000740a00000, 0x0000000740a00000|100%| O|  |TAMS 0x0000000740900000, 0x0000000740900000| Untracked 
|  10|0x0000000740a00000, 0x0000000740b00000, 0x0000000740b00000|100%| O|  |TAMS 0x0000000740a00000, 0x0000000740a00000| Untracked 
|  11|0x0000000740b00000, 0x0000000740bfffe8, 0x0000000740c00000| 99%| O|  |TAMS 0x0000000740b00000, 0x0000000740b00000| Untracked 
|  12|0x0000000740c00000, 0x0000000740cffff0, 0x0000000740d00000| 99%| O|  |TAMS 0x0000000740c00000, 0x0000000740c00000| Untracked 
|  13|0x0000000740d00000, 0x0000000740dfffb0, 0x0000000740e00000| 99%| O|  |TAMS 0x0000000740d00000, 0x0000000740d00000| Untracked 
|  14|0x0000000740e00000, 0x0000000740efec28, 0x0000000740f00000| 99%| O|  |TAMS 0x0000000740e00000, 0x0000000740e00000| Untracked 
|  15|0x0000000740f00000, 0x0000000740ffc8f8, 0x0000000741000000| 98%| O|  |TAMS 0x0000000740f00000, 0x0000000740f00000| Untracked 
|  16|0x0000000741000000, 0x00000007410f6e70, 0x0000000741100000| 96%| O|  |TAMS 0x0000000741000000, 0x0000000741000000| Untracked 
|  17|0x0000000741100000, 0x00000007411ffff8, 0x0000000741200000| 99%| O|  |TAMS 0x0000000741100000, 0x0000000741100000| Untracked 
|  18|0x0000000741200000, 0x00000007412fc1e0, 0x0000000741300000| 98%| O|  |TAMS 0x0000000741200000, 0x0000000741200000| Untracked 
|  19|0x0000000741300000, 0x00000007413ffff8, 0x0000000741400000| 99%| O|  |TAMS 0x0000000741300000, 0x0000000741300000| Untracked 
|  20|0x0000000741400000, 0x00000007414fff18, 0x0000000741500000| 99%| O|  |TAMS 0x0000000741400000, 0x0000000741400000| Untracked 
|  21|0x0000000741500000, 0x00000007415ffff0, 0x0000000741600000| 99%| O|  |TAMS 0x0000000741500000, 0x0000000741500000| Untracked 
|  22|0x0000000741600000, 0x00000007416fffd0, 0x0000000741700000| 99%| O|  |TAMS 0x0000000741600000, 0x0000000741600000| Untracked 
|  23|0x0000000741700000, 0x00000007417ffff0, 0x0000000741800000| 99%| O|  |TAMS 0x0000000741700000, 0x0000000741700000| Untracked 
|  24|0x0000000741800000, 0x00000007418fffd8, 0x0000000741900000| 99%| O|  |TAMS 0x0000000741800000, 0x0000000741800000| Untracked 
|  25|0x0000000741900000, 0x00000007419ffff8, 0x0000000741a00000| 99%| O|  |TAMS 0x0000000741900000, 0x0000000741900000| Untracked 
|  26|0x0000000741a00000, 0x0000000741affec0, 0x0000000741b00000| 99%| O|  |TAMS 0x0000000741a00000, 0x0000000741a00000| Untracked 
|  27|0x0000000741b00000, 0x0000000741bffff8, 0x0000000741c00000| 99%| O|  |TAMS 0x0000000741b00000, 0x0000000741b00000| Untracked 
|  28|0x0000000741c00000, 0x0000000741d00000, 0x0000000741d00000|100%| O|  |TAMS 0x0000000741c00000, 0x0000000741c00000| Untracked 
|  29|0x0000000741d00000, 0x0000000741dffff8, 0x0000000741e00000| 99%| O|  |TAMS 0x0000000741d00000, 0x0000000741d00000| Untracked 
|  30|0x0000000741e00000, 0x0000000741effff8, 0x0000000741f00000| 99%| O|  |TAMS 0x0000000741e00000, 0x0000000741e00000| Untracked 
|  31|0x0000000741f00000, 0x0000000741fffff0, 0x0000000742000000| 99%| O|  |TAMS 0x0000000741f00000, 0x0000000741f00000| Untracked 
|  32|0x0000000742000000, 0x0000000742100000, 0x0000000742100000|100%| O|  |TAMS 0x0000000742000000, 0x0000000742000000| Untracked 
|  33|0x0000000742100000, 0x00000007421ffff8, 0x0000000742200000| 99%| O|  |TAMS 0x0000000742100000, 0x0000000742100000| Untracked 
|  34|0x0000000742200000, 0x00000007422ffe98, 0x0000000742300000| 99%| O|  |TAMS 0x0000000742200000, 0x0000000742200000| Untracked 
|  35|0x0000000742300000, 0x00000007423fffc0, 0x0000000742400000| 99%| O|  |TAMS 0x0000000742300000, 0x0000000742300000| Untracked 
|  36|0x0000000742400000, 0x00000007424fffe8, 0x0000000742500000| 99%| O|  |TAMS 0x0000000742400000, 0x0000000742400000| Untracked 
|  37|0x0000000742500000, 0x00000007425fffd8, 0x0000000742600000| 99%| O|  |TAMS 0x0000000742500000, 0x0000000742500000| Untracked 
|  38|0x0000000742600000, 0x00000007426fffb8, 0x0000000742700000| 99%| O|  |TAMS 0x0000000742600000, 0x0000000742600000| Untracked 
|  39|0x0000000742700000, 0x00000007427fffe8, 0x0000000742800000| 99%| O|  |TAMS 0x0000000742700000, 0x0000000742700000| Untracked 
|  40|0x0000000742800000, 0x00000007428fffa8, 0x0000000742900000| 99%| O|  |TAMS 0x0000000742800000, 0x0000000742800000| Untracked 
|  41|0x0000000742900000, 0x0000000742a00000, 0x0000000742a00000|100%|HS|  |TAMS 0x0000000742900000, 0x0000000742900000| Untracked 
|  42|0x0000000742a00000, 0x0000000742b00000, 0x0000000742b00000|100%|HC|  |TAMS 0x0000000742a00000, 0x0000000742a00000| Untracked 
|  43|0x0000000742b00000, 0x0000000742c00000, 0x0000000742c00000|100%|HC|  |TAMS 0x0000000742b00000, 0x0000000742b00000| Untracked 
|  44|0x0000000742c00000, 0x0000000742d00000, 0x0000000742d00000|100%|HC|  |TAMS 0x0000000742c00000, 0x0000000742c00000| Untracked 
|  45|0x0000000742d00000, 0x0000000742e00000, 0x0000000742e00000|100%|HC|  |TAMS 0x0000000742d00000, 0x0000000742d00000| Untracked 
|  46|0x0000000742e00000, 0x0000000742f00000, 0x0000000742f00000|100%|HC|  |TAMS 0x0000000742e00000, 0x0000000742e00000| Untracked 
|  47|0x0000000742f00000, 0x0000000743000000, 0x0000000743000000|100%|HC|  |TAMS 0x0000000742f00000, 0x0000000742f00000| Untracked 
|  48|0x0000000743000000, 0x0000000743100000, 0x0000000743100000|100%|HC|  |TAMS 0x0000000743000000, 0x0000000743000000| Untracked 
|  49|0x0000000743100000, 0x0000000743200000, 0x0000000743200000|100%|HC|  |TAMS 0x0000000743100000, 0x0000000743100000| Untracked 
|  50|0x0000000743200000, 0x0000000743300000, 0x0000000743300000|100%|HC|  |TAMS 0x0000000743200000, 0x0000000743200000| Untracked 
|  51|0x0000000743300000, 0x0000000743400000, 0x0000000743400000|100%|HC|  |TAMS 0x0000000743300000, 0x0000000743300000| Untracked 
|  52|0x0000000743400000, 0x0000000743500000, 0x0000000743500000|100%|HC|  |TAMS 0x0000000743400000, 0x0000000743400000| Untracked 
|  53|0x0000000743500000, 0x0000000743600000, 0x0000000743600000|100%|HC|  |TAMS 0x0000000743500000, 0x0000000743500000| Untracked 
|  54|0x0000000743600000, 0x0000000743700000, 0x0000000743700000|100%|HC|  |TAMS 0x0000000743600000, 0x0000000743600000| Untracked 
|  55|0x0000000743700000, 0x00000007437feb18, 0x0000000743800000| 99%| O|  |TAMS 0x0000000743700000, 0x0000000743700000| Untracked 
|  56|0x0000000743800000, 0x00000007438fffd0, 0x0000000743900000| 99%| O|  |TAMS 0x0000000743800000, 0x0000000743800000| Untracked 
|  57|0x0000000743900000, 0x0000000743a00000, 0x0000000743a00000|100%| O|  |TAMS 0x0000000743900000, 0x0000000743900000| Untracked 
|  58|0x0000000743a00000, 0x0000000743affff0, 0x0000000743b00000| 99%| O|  |TAMS 0x0000000743a00000, 0x0000000743a00000| Untracked 
|  59|0x0000000743b00000, 0x0000000743bfffa0, 0x0000000743c00000| 99%| O|  |TAMS 0x0000000743b00000, 0x0000000743b00000| Untracked 
|  60|0x0000000743c00000, 0x0000000743cfffb8, 0x0000000743d00000| 99%| O|  |TAMS 0x0000000743c00000, 0x0000000743c00000| Untracked 
|  61|0x0000000743d00000, 0x0000000743dfffe8, 0x0000000743e00000| 99%| O|  |TAMS 0x0000000743d00000, 0x0000000743d00000| Untracked 
|  62|0x0000000743e00000, 0x0000000743efff10, 0x0000000743f00000| 99%| O|  |TAMS 0x0000000743e00000, 0x0000000743e00000| Untracked 
|  63|0x0000000743f00000, 0x0000000744000000, 0x0000000744000000|100%| O|  |TAMS 0x0000000743f00000, 0x0000000743f00000| Untracked 
|  64|0x0000000744000000, 0x00000007440fffe0, 0x0000000744100000| 99%| O|  |TAMS 0x0000000744000000, 0x0000000744000000| Untracked 
|  65|0x0000000744100000, 0x00000007441ffff8, 0x0000000744200000| 99%| O|  |TAMS 0x0000000744100000, 0x0000000744100000| Untracked 
|  66|0x0000000744200000, 0x00000007442ffff0, 0x0000000744300000| 99%| O|  |TAMS 0x0000000744200000, 0x0000000744200000| Untracked 
|  67|0x0000000744300000, 0x00000007443fffe8, 0x0000000744400000| 99%| O|  |TAMS 0x0000000744300000, 0x0000000744300000| Untracked 
|  68|0x0000000744400000, 0x0000000744500000, 0x0000000744500000|100%| O|  |TAMS 0x0000000744400000, 0x0000000744400000| Untracked 
|  69|0x0000000744500000, 0x00000007445ffff8, 0x0000000744600000| 99%| O|  |TAMS 0x0000000744500000, 0x0000000744500000| Untracked 
|  70|0x0000000744600000, 0x00000007446fe230, 0x0000000744700000| 99%| O|  |TAMS 0x0000000744600000, 0x0000000744600000| Untracked 
|  71|0x0000000744700000, 0x0000000744800000, 0x0000000744800000|100%| O|  |TAMS 0x0000000744700000, 0x0000000744700000| Untracked 
|  72|0x0000000744800000, 0x00000007448ffff0, 0x0000000744900000| 99%| O|  |TAMS 0x0000000744800000, 0x0000000744800000| Untracked 
|  73|0x0000000744900000, 0x0000000744a00000, 0x0000000744a00000|100%| O|  |TAMS 0x0000000744900000, 0x0000000744900000| Untracked 
|  74|0x0000000744a00000, 0x0000000744afffe0, 0x0000000744b00000| 99%| O|  |TAMS 0x0000000744a00000, 0x0000000744a00000| Untracked 
|  75|0x0000000744b00000, 0x0000000744bffff8, 0x0000000744c00000| 99%| O|  |TAMS 0x0000000744b00000, 0x0000000744b00000| Untracked 
|  76|0x0000000744c00000, 0x0000000744cffff8, 0x0000000744d00000| 99%| O|  |TAMS 0x0000000744c00000, 0x0000000744c00000| Untracked 
|  77|0x0000000744d00000, 0x0000000744dce8c0, 0x0000000744e00000| 80%| O|  |TAMS 0x0000000744d00000, 0x0000000744d00000| Untracked 
|  78|0x0000000744e00000, 0x0000000744ee6858, 0x0000000744f00000| 90%| O|  |TAMS 0x0000000744e00000, 0x0000000744e00000| Untracked 
|  79|0x0000000744f00000, 0x0000000744fb80a0, 0x0000000745000000| 71%| O|  |TAMS 0x0000000744f00000, 0x0000000744f00000| Untracked 
|  80|0x0000000745000000, 0x0000000745100000, 0x0000000745100000|100%| O|  |TAMS 0x0000000745000000, 0x0000000745000000| Untracked 
|  81|0x0000000745100000, 0x00000007451be1a0, 0x0000000745200000| 74%| O|  |TAMS 0x0000000745100000, 0x0000000745100000| Untracked 
|  82|0x0000000745200000, 0x0000000745229190, 0x0000000745300000| 16%| O|  |TAMS 0x0000000745200000, 0x0000000745200000| Untracked 
|  83|0x0000000745300000, 0x00000007453fdfa8, 0x0000000745400000| 99%| O|  |TAMS 0x0000000745300000, 0x0000000745300000| Untracked 
|  84|0x0000000745400000, 0x0000000745405778, 0x0000000745500000|  2%| O|  |TAMS 0x0000000745400000, 0x0000000745400000| Untracked 
|  85|0x0000000745500000, 0x00000007455cf7e8, 0x0000000745600000| 81%| O|  |TAMS 0x0000000745500000, 0x0000000745500000| Untracked 
|  86|0x0000000745600000, 0x0000000745600000, 0x0000000745700000|  0%| F|  |TAMS 0x0000000745600000, 0x0000000745600000| Untracked 
|  87|0x0000000745700000, 0x0000000745700000, 0x0000000745800000|  0%| F|  |TAMS 0x0000000745700000, 0x0000000745700000| Untracked 
|  88|0x0000000745800000, 0x0000000745800000, 0x0000000745900000|  0%| F|  |TAMS 0x0000000745800000, 0x0000000745800000| Untracked 
|  89|0x0000000745900000, 0x0000000745900000, 0x0000000745a00000|  0%| F|  |TAMS 0x0000000745900000, 0x0000000745900000| Untracked 
|  90|0x0000000745a00000, 0x0000000745a00000, 0x0000000745b00000|  0%| F|  |TAMS 0x0000000745a00000, 0x0000000745a00000| Untracked 
|  91|0x0000000745b00000, 0x0000000745c00000, 0x0000000745c00000|100%|HS|  |TAMS 0x0000000745b00000, 0x0000000745b00000| Untracked 
|  92|0x0000000745c00000, 0x0000000745d00000, 0x0000000745d00000|100%|HC|  |TAMS 0x0000000745c00000, 0x0000000745c00000| Untracked 
|  93|0x0000000745d00000, 0x0000000745e00000, 0x0000000745e00000|100%|HC|  |TAMS 0x0000000745d00000, 0x0000000745d00000| Untracked 
|  94|0x0000000745e00000, 0x0000000745f00000, 0x0000000745f00000|100%|HC|  |TAMS 0x0000000745e00000, 0x0000000745e00000| Untracked 
|  95|0x0000000745f00000, 0x0000000745f00000, 0x0000000746000000|  0%| F|  |TAMS 0x0000000745f00000, 0x0000000745f00000| Untracked 
|  96|0x0000000746000000, 0x0000000746000000, 0x0000000746100000|  0%| F|  |TAMS 0x0000000746000000, 0x0000000746000000| Untracked 
|  97|0x0000000746100000, 0x0000000746100000, 0x0000000746200000|  0%| F|  |TAMS 0x0000000746100000, 0x0000000746100000| Untracked 
|  98|0x0000000746200000, 0x0000000746200000, 0x0000000746300000|  0%| F|  |TAMS 0x0000000746200000, 0x0000000746200000| Untracked 
|  99|0x0000000746300000, 0x0000000746300000, 0x0000000746400000|  0%| F|  |TAMS 0x0000000746300000, 0x0000000746300000| Untracked 
| 100|0x0000000746400000, 0x0000000746400000, 0x0000000746500000|  0%| F|  |TAMS 0x0000000746400000, 0x0000000746400000| Untracked 
| 101|0x0000000746500000, 0x0000000746500000, 0x0000000746600000|  0%| F|  |TAMS 0x0000000746500000, 0x0000000746500000| Untracked 
| 102|0x0000000746600000, 0x0000000746600000, 0x0000000746700000|  0%| F|  |TAMS 0x0000000746600000, 0x0000000746600000| Untracked 
| 103|0x0000000746700000, 0x0000000746700000, 0x0000000746800000|  0%| F|  |TAMS 0x0000000746700000, 0x0000000746700000| Untracked 
| 104|0x0000000746800000, 0x0000000746800000, 0x0000000746900000|  0%| F|  |TAMS 0x0000000746800000, 0x0000000746800000| Untracked 
| 105|0x0000000746900000, 0x0000000746900000, 0x0000000746a00000|  0%| F|  |TAMS 0x0000000746900000, 0x0000000746900000| Untracked 
| 106|0x0000000746a00000, 0x0000000746a00000, 0x0000000746b00000|  0%| F|  |TAMS 0x0000000746a00000, 0x0000000746a00000| Untracked 
| 107|0x0000000746b00000, 0x0000000746b00000, 0x0000000746c00000|  0%| F|  |TAMS 0x0000000746b00000, 0x0000000746b00000| Untracked 
| 108|0x0000000746c00000, 0x0000000746c00000, 0x0000000746d00000|  0%| F|  |TAMS 0x0000000746c00000, 0x0000000746c00000| Untracked 
| 109|0x0000000746d00000, 0x0000000746d00000, 0x0000000746e00000|  0%| F|  |TAMS 0x0000000746d00000, 0x0000000746d00000| Untracked 
| 110|0x0000000746e00000, 0x0000000746e00000, 0x0000000746f00000|  0%| F|  |TAMS 0x0000000746e00000, 0x0000000746e00000| Untracked 
| 111|0x0000000746f00000, 0x0000000746f00000, 0x0000000747000000|  0%| F|  |TAMS 0x0000000746f00000, 0x0000000746f00000| Untracked 
| 112|0x0000000747000000, 0x0000000747000000, 0x0000000747100000|  0%| F|  |TAMS 0x0000000747000000, 0x0000000747000000| Untracked 
| 113|0x0000000747100000, 0x0000000747100000, 0x0000000747200000|  0%| F|  |TAMS 0x0000000747100000, 0x0000000747100000| Untracked 
| 114|0x0000000747200000, 0x0000000747200000, 0x0000000747300000|  0%| F|  |TAMS 0x0000000747200000, 0x0000000747200000| Untracked 
| 115|0x0000000747300000, 0x0000000747300000, 0x0000000747400000|  0%| F|  |TAMS 0x0000000747300000, 0x0000000747300000| Untracked 
| 116|0x0000000747400000, 0x0000000747400000, 0x0000000747500000|  0%| F|  |TAMS 0x0000000747400000, 0x0000000747400000| Untracked 
| 117|0x0000000747500000, 0x0000000747500000, 0x0000000747600000|  0%| F|  |TAMS 0x0000000747500000, 0x0000000747500000| Untracked 
| 118|0x0000000747600000, 0x0000000747600000, 0x0000000747700000|  0%| F|  |TAMS 0x0000000747600000, 0x0000000747600000| Untracked 
| 119|0x0000000747700000, 0x0000000747700000, 0x0000000747800000|  0%| F|  |TAMS 0x0000000747700000, 0x0000000747700000| Untracked 
| 120|0x0000000747800000, 0x0000000747800000, 0x0000000747900000|  0%| F|  |TAMS 0x0000000747800000, 0x0000000747800000| Untracked 
| 121|0x0000000747900000, 0x0000000747900000, 0x0000000747a00000|  0%| F|  |TAMS 0x0000000747900000, 0x0000000747900000| Untracked 
| 122|0x0000000747a00000, 0x0000000747a00000, 0x0000000747b00000|  0%| F|  |TAMS 0x0000000747a00000, 0x0000000747a00000| Untracked 
| 123|0x0000000747b00000, 0x0000000747b00000, 0x0000000747c00000|  0%| F|  |TAMS 0x0000000747b00000, 0x0000000747b00000| Untracked 
| 124|0x0000000747c00000, 0x0000000747c00000, 0x0000000747d00000|  0%| F|  |TAMS 0x0000000747c00000, 0x0000000747c00000| Untracked 
| 125|0x0000000747d00000, 0x0000000747d00000, 0x0000000747e00000|  0%| F|  |TAMS 0x0000000747d00000, 0x0000000747d00000| Untracked 
| 126|0x0000000747e00000, 0x0000000747e00000, 0x0000000747f00000|  0%| F|  |TAMS 0x0000000747e00000, 0x0000000747e00000| Untracked 
| 127|0x0000000747f00000, 0x0000000747f00000, 0x0000000748000000|  0%| F|  |TAMS 0x0000000747f00000, 0x0000000747f00000| Untracked 
| 128|0x0000000748000000, 0x0000000748000000, 0x0000000748100000|  0%| F|  |TAMS 0x0000000748000000, 0x0000000748000000| Untracked 
| 129|0x0000000748100000, 0x0000000748100000, 0x0000000748200000|  0%| F|  |TAMS 0x0000000748100000, 0x0000000748100000| Untracked 
| 130|0x0000000748200000, 0x0000000748200000, 0x0000000748300000|  0%| F|  |TAMS 0x0000000748200000, 0x0000000748200000| Untracked 
| 131|0x0000000748300000, 0x0000000748300000, 0x0000000748400000|  0%| F|  |TAMS 0x0000000748300000, 0x0000000748300000| Untracked 
| 132|0x0000000748400000, 0x0000000748400000, 0x0000000748500000|  0%| F|  |TAMS 0x0000000748400000, 0x0000000748400000| Untracked 
| 133|0x0000000748500000, 0x0000000748500000, 0x0000000748600000|  0%| F|  |TAMS 0x0000000748500000, 0x0000000748500000| Untracked 
| 134|0x0000000748600000, 0x0000000748600000, 0x0000000748700000|  0%| F|  |TAMS 0x0000000748600000, 0x0000000748600000| Untracked 
| 135|0x0000000748700000, 0x0000000748700000, 0x0000000748800000|  0%| F|  |TAMS 0x0000000748700000, 0x0000000748700000| Untracked 
| 136|0x0000000748800000, 0x0000000748800000, 0x0000000748900000|  0%| F|  |TAMS 0x0000000748800000, 0x0000000748800000| Untracked 
| 137|0x0000000748900000, 0x0000000748900000, 0x0000000748a00000|  0%| F|  |TAMS 0x0000000748900000, 0x0000000748900000| Untracked 
| 138|0x0000000748a00000, 0x0000000748a00000, 0x0000000748b00000|  0%| F|  |TAMS 0x0000000748a00000, 0x0000000748a00000| Untracked 
| 139|0x0000000748b00000, 0x0000000748b00000, 0x0000000748c00000|  0%| F|  |TAMS 0x0000000748b00000, 0x0000000748b00000| Untracked 
| 140|0x0000000748c00000, 0x0000000748c00000, 0x0000000748d00000|  0%| F|  |TAMS 0x0000000748c00000, 0x0000000748c00000| Untracked 
| 141|0x0000000748d00000, 0x0000000748d00000, 0x0000000748e00000|  0%| F|  |TAMS 0x0000000748d00000, 0x0000000748d00000| Untracked 
| 142|0x0000000748e00000, 0x0000000748e09778, 0x0000000748f00000|  3%| O|  |TAMS 0x0000000748e00000, 0x0000000748e00000| Untracked 
| 143|0x0000000748f00000, 0x0000000748f00000, 0x0000000749000000|  0%| F|  |TAMS 0x0000000748f00000, 0x0000000748f00000| Untracked 
| 144|0x0000000749000000, 0x0000000749000000, 0x0000000749100000|  0%| F|  |TAMS 0x0000000749000000, 0x0000000749000000| Untracked 
| 145|0x0000000749100000, 0x0000000749100000, 0x0000000749200000|  0%| F|  |TAMS 0x0000000749100000, 0x0000000749100000| Untracked 
| 146|0x0000000749200000, 0x0000000749200000, 0x0000000749300000|  0%| F|  |TAMS 0x0000000749200000, 0x0000000749200000| Untracked 
| 147|0x0000000749300000, 0x0000000749300000, 0x0000000749400000|  0%| F|  |TAMS 0x0000000749300000, 0x0000000749300000| Untracked 
| 148|0x0000000749400000, 0x0000000749400000, 0x0000000749500000|  0%| F|  |TAMS 0x0000000749400000, 0x0000000749400000| Untracked 
| 149|0x0000000749500000, 0x0000000749500000, 0x0000000749600000|  0%| F|  |TAMS 0x0000000749500000, 0x0000000749500000| Untracked 
| 150|0x0000000749600000, 0x0000000749600000, 0x0000000749700000|  0%| F|  |TAMS 0x0000000749600000, 0x0000000749600000| Untracked 
| 151|0x0000000749700000, 0x0000000749700000, 0x0000000749800000|  0%| F|  |TAMS 0x0000000749700000, 0x0000000749700000| Untracked 
| 152|0x0000000749800000, 0x0000000749800000, 0x0000000749900000|  0%| F|  |TAMS 0x0000000749800000, 0x0000000749800000| Untracked 
| 153|0x0000000749900000, 0x0000000749900000, 0x0000000749a00000|  0%| F|  |TAMS 0x0000000749900000, 0x0000000749900000| Untracked 
| 154|0x0000000749a00000, 0x0000000749a00000, 0x0000000749b00000|  0%| F|  |TAMS 0x0000000749a00000, 0x0000000749a00000| Untracked 
| 155|0x0000000749b00000, 0x0000000749b00000, 0x0000000749c00000|  0%| F|  |TAMS 0x0000000749b00000, 0x0000000749b00000| Untracked 
| 156|0x0000000749c00000, 0x0000000749c00000, 0x0000000749d00000|  0%| F|  |TAMS 0x0000000749c00000, 0x0000000749c00000| Untracked 
| 157|0x0000000749d00000, 0x0000000749d00000, 0x0000000749e00000|  0%| F|  |TAMS 0x0000000749d00000, 0x0000000749d00000| Untracked 
| 158|0x0000000749e00000, 0x0000000749ec9828, 0x0000000749f00000| 78%| E|  |TAMS 0x0000000749e00000, 0x0000000749e00000| Complete 

Card table byte_map: [0x000001c091870000,0x000001c091e70000] _byte_map_base: 0x000001c08de70000

Marking Bits (Prev, Next): (CMBitMap*) 0x000001c0c71fe948, (CMBitMap*) 0x000001c0c71fe980
 Prev Bits: [0x000001c09b840000, 0x000001c09e840000)
 Next Bits: [0x000001c09e840000, 0x000001c0a1840000)

Polling page: 0x000001c08a070000

Metaspace:

Usage:
  Non-class:     73.71 MB capacity,    72.61 MB ( 99%) used,   856.98 KB (  1%) free+waste,   273.75 KB ( <1%) overhead. 
      Class:     12.79 MB capacity,    11.87 MB ( 93%) used,   810.54 KB (  6%) free+waste,   133.44 KB (  1%) overhead. 
       Both:     86.50 MB capacity,    84.48 MB ( 98%) used,     1.63 MB (  2%) free+waste,   407.19 KB ( <1%) overhead. 

Virtual space:
  Non-class space:       74.00 MB reserved,      73.83 MB (>99%) committed 
      Class space:        1.00 GB reserved,      12.88 MB (  1%) committed 
             Both:        1.07 GB reserved,      86.70 MB (  8%) committed 

Chunk freelists:
   Non-Class:  7.13 KB
       Class:  2.25 KB
        Both:  9.38 KB

CodeHeap 'non-profiled nmethods': size=119168Kb used=13937Kb max_used=13937Kb free=105230Kb
 bounds [0x000001c0b5800000, 0x000001c0b65a0000, 0x000001c0bcc60000]
CodeHeap 'profiled nmethods': size=119168Kb used=35789Kb max_used=35789Kb free=83379Kb
 bounds [0x000001c0ae3a0000, 0x000001c0b06c0000, 0x000001c0b5800000]
CodeHeap 'non-nmethods': size=7424Kb used=2166Kb max_used=3346Kb free=5258Kb
 bounds [0x000001c0adc60000, 0x000001c0ae040000, 0x000001c0ae3a0000]
 total_blobs=23263 nmethods=13891 adapters=1042
 compilation: enabled
              stopped_count=0, restarted_count=0
 full_count=0

Compilation events (10 events):
Event: 222.976 Thread 0x000001c0a7dae800 16382       4       sun.awt.image.SunVolatileImage::getHeight (5 bytes)
Event: 222.976 Thread 0x000001c0a7dae800 nmethod 16382 0x000001c0b659b810 code [0x000001c0b659b9a0, 0x000001c0b659b9f8]
Event: 222.976 Thread 0x000001c0a7dae800 16362  s    4       javax.swing.ImageIcon::paintIcon (40 bytes)
Event: 222.977 Thread 0x000001c0a7dae800 nmethod 16362 0x000001c0b659ba90 code [0x000001c0b659bc40, 0x000001c0b659bfe8]
Event: 222.987 Thread 0x000001c092166000 16402       3       ui.views.c.w.T::gww (184 bytes)
Event: 222.987 Thread 0x000001c0a7dae800 16403       4       ui.frmwork.cmd.d::setEnabled (178 bytes)
Event: 222.987 Thread 0x000001c092166000 nmethod 16402 0x000001c0b06ad590 code [0x000001c0b06ad7a0, 0x000001c0b06ade58]
Event: 222.988 Thread 0x000001c0a9045800 16404       3       ui.utils.swing.n.f::isEmpty (23 bytes)
Event: 222.988 Thread 0x000001c0a9045800 nmethod 16404 0x000001c0b06adf10 code [0x000001c0b06ae0e0, 0x000001c0b06ae570]
Event: 222.988 Thread 0x000001c092166000 16405       3       com.jidesoft.grid.CompoundTableModelEvent::fireTableModelEvent (1064 bytes)

GC Heap History (10 events):
Event: 111.774 GC heap before
{Heap before GC invocations=34 (full 1):
 garbage-first heap   total 157696K, used 147183K [0x0000000740000000, 0x0000000800000000)
  region size 1024K, 60 young (61440K), 6 survivors (6144K)
 Metaspace       used 83779K, capacity 85662K, committed 85968K, reserved 1122304K
  class space    used 11721K, capacity 12551K, committed 12672K, reserved 1048576K
}
Event: 111.778 GC heap after
{Heap after GC invocations=35 (full 1):
 garbage-first heap   total 157696K, used 91740K [0x0000000740000000, 0x0000000800000000)
  region size 1024K, 2 young (2048K), 2 survivors (2048K)
 Metaspace       used 83779K, capacity 85662K, committed 85968K, reserved 1122304K
  class space    used 11721K, capacity 12551K, committed 12672K, reserved 1048576K
}
Event: 112.167 GC heap before
{Heap before GC invocations=36 (full 1):
 garbage-first heap   total 157696K, used 143964K [0x0000000740000000, 0x0000000800000000)
  region size 1024K, 43 young (44032K), 2 survivors (2048K)
 Metaspace       used 85858K, capacity 87899K, committed 88144K, reserved 1124352K
  class space    used 12113K, capacity 13045K, committed 13056K, reserved 1048576K
}
Event: 112.211 GC heap after
{Heap after GC invocations=37 (full 2):
 garbage-first heap   total 162816K, used 91502K [0x0000000740000000, 0x0000000800000000)
  region size 1024K, 0 young (0K), 0 survivors (0K)
 Metaspace       used 85858K, capacity 87899K, committed 88144K, reserved 1124352K
  class space    used 12113K, capacity 13045K, committed 13056K, reserved 1048576K
}
Event: 184.667 GC heap before
{Heap before GC invocations=37 (full 2):
 garbage-first heap   total 162816K, used 152942K [0x0000000740000000, 0x0000000800000000)
  region size 1024K, 60 young (61440K), 0 survivors (0K)
 Metaspace       used 86048K, capacity 88098K, committed 88272K, reserved 1124352K
  class space    used 12128K, capacity 13069K, committed 13184K, reserved 1048576K
}
Event: 184.670 GC heap after
{Heap after GC invocations=38 (full 2):
 garbage-first heap   total 162816K, used 92197K [0x0000000740000000, 0x0000000800000000)
  region size 1024K, 1 young (1024K), 1 survivors (1024K)
 Metaspace       used 86048K, capacity 88098K, committed 88272K, reserved 1124352K
  class space    used 12128K, capacity 13069K, committed 13184K, reserved 1048576K
}
Event: 219.759 GC heap before
{Heap before GC invocations=39 (full 2):
 garbage-first heap   total 162816K, used 134181K [0x0000000740000000, 0x0000000800000000)
  region size 1024K, 43 young (44032K), 1 survivors (1024K)
 Metaspace       used 86313K, capacity 88389K, committed 88528K, reserved 1124352K
  class space    used 12151K, capacity 13102K, committed 13184K, reserved 1048576K
}
Event: 219.761 GC heap after
{Heap after GC invocations=40 (full 2):
 garbage-first heap   total 162816K, used 92352K [0x0000000740000000, 0x0000000800000000)
  region size 1024K, 1 young (1024K), 1 survivors (1024K)
 Metaspace       used 86313K, capacity 88389K, committed 88528K, reserved 1124352K
  class space    used 12151K, capacity 13102K, committed 13184K, reserved 1048576K
}
Event: 222.928 GC heap before
{Heap before GC invocations=41 (full 2):
 garbage-first heap   total 162816K, used 115904K [0x0000000740000000, 0x0000000800000000)
  region size 1024K, 21 young (21504K), 1 survivors (1024K)
 Metaspace       used 86501K, capacity 88581K, committed 88784K, reserved 1124352K
  class space    used 12158K, capacity 13102K, committed 13184K, reserved 1048576K
}
Event: 222.970 GC heap after
{Heap after GC invocations=42 (full 3):
 garbage-first heap   total 162816K, used 89197K [0x0000000740000000, 0x0000000800000000)
  region size 1024K, 0 young (0K), 0 survivors (0K)
 Metaspace       used 86501K, capacity 88581K, committed 88784K, reserved 1124352K
  class space    used 12158K, capacity 13102K, committed 13184K, reserved 1048576K
}

Deoptimization events (10 events):
Event: 221.216 Thread 0x000001c0a5aed800 Uncommon trap: reason=class_check action=maybe_recompile pc=0x000001c0b5c91f30 method=java.awt.EventQueue.setCurrentEventAndMostRecentTimeImpl(Ljava/awt/AWTEvent;)V @ 59 c2
Event: 221.216 Thread 0x000001c0a5aed800 Uncommon trap: reason=class_check action=maybe_recompile pc=0x000001c0b5c91f30 method=java.awt.EventQueue.setCurrentEventAndMostRecentTimeImpl(Ljava/awt/AWTEvent;)V @ 59 c2
Event: 221.216 Thread 0x000001c0a5aed800 Uncommon trap: reason=class_check action=maybe_recompile pc=0x000001c0b5bdfc9c method=java.awt.Container.dispatchEventImpl(Ljava/awt/AWTEvent;)V @ 19 c2
Event: 221.910 Thread 0x000001c0a5aed800 Uncommon trap: reason=unstable_if action=reinterpret pc=0x000001c0b6375ea8 method=de.javasoft.plaf.synthetica.painter.AnimationThreadFactory$AnimationThread.getImagePath(Ljavax/swing/JComponent;Ljava/lang/String;)Ljava/lang/String; @ 42 c2
Event: 221.936 Thread 0x000001c0a9044800 Uncommon trap: reason=unstable_if action=reinterpret pc=0x000001c0b651b38c method=de.javasoft.plaf.synthetica.painter.AnimationThreadFactory$AnimationThread.run()V @ 193 c2
Event: 222.798 Thread 0x000001c0a5aed800 Uncommon trap: reason=unstable_if action=reinterpret pc=0x000001c0b5fa7718 method=javax.swing.AbstractButton.setEnabled(Z)V @ 13 c2
Event: 222.798 Thread 0x000001c0a5aed800 Uncommon trap: reason=unstable_if action=reinterpret pc=0x000001c0b613b7e0 method=java.awt.Container.findComponentAtImpl(IIZ)Ljava/awt/Component; @ 24 c2
Event: 222.844 Thread 0x000001c0a5aed800 Uncommon trap: reason=array_check action=maybe_recompile pc=0x000001c0b658172c method=java.util.TimSort.reverseRange([Ljava/lang/Object;II)V @ 27 c2
Event: 222.847 Thread 0x000001c0a5aed800 Uncommon trap: reason=array_check action=maybe_recompile pc=0x000001c0b658172c method=java.util.TimSort.reverseRange([Ljava/lang/Object;II)V @ 27 c2
Event: 222.877 Thread 0x000001c0a5aed800 Uncommon trap: reason=class_check action=maybe_recompile pc=0x000001c0b63a8810 method=javax.swing.plaf.synth.ParsedSynthStyle$DelegatingPainter.paintPanelBackground(Ljavax/swing/plaf/synth/SynthContext;Ljava/awt/Graphics;IIII)V @ 16 c2

Classes redefined (0 events):
No events

Internal exceptions (10 events):
Event: 198.013 Thread 0x000001c0a5aed800 Exception <a 'java/io/FileNotFoundException'{0x0000000749e59ed0}> (0x0000000749e59ed0) thrown at [t:/workspace/open/src/hotspot/share/prims/jni.cpp, line 615]
Event: 198.044 Thread 0x000001c0a5aed800 Exception <a 'java/io/FileNotFoundException'{0x0000000749e5b250}> (0x0000000749e5b250) thrown at [t:/workspace/open/src/hotspot/share/prims/jni.cpp, line 615]
Event: 203.014 Thread 0x000001c0a5aed800 Exception <a 'java/io/FileNotFoundException'{0x0000000749e71678}> (0x0000000749e71678) thrown at [t:/workspace/open/src/hotspot/share/prims/jni.cpp, line 615]
Event: 203.045 Thread 0x000001c0a5aed800 Exception <a 'java/io/FileNotFoundException'{0x0000000749e790f8}> (0x0000000749e790f8) thrown at [t:/workspace/open/src/hotspot/share/prims/jni.cpp, line 615]
Event: 208.014 Thread 0x000001c0a5aed800 Exception <a 'java/io/FileNotFoundException'{0x0000000749e8eb08}> (0x0000000749e8eb08) thrown at [t:/workspace/open/src/hotspot/share/prims/jni.cpp, line 615]
Event: 208.045 Thread 0x000001c0a5aed800 Exception <a 'java/io/FileNotFoundException'{0x0000000749941e30}> (0x0000000749941e30) thrown at [t:/workspace/open/src/hotspot/share/prims/jni.cpp, line 615]
Event: 213.015 Thread 0x000001c0a5aed800 Exception <a 'java/io/FileNotFoundException'{0x000000074995f300}> (0x000000074995f300) thrown at [t:/workspace/open/src/hotspot/share/prims/jni.cpp, line 615]
Event: 213.046 Thread 0x000001c0a5aed800 Exception <a 'java/io/FileNotFoundException'{0x000000074995fbf8}> (0x000000074995fbf8) thrown at [t:/workspace/open/src/hotspot/share/prims/jni.cpp, line 615]
Event: 218.015 Thread 0x000001c0a5aed800 Exception <a 'java/io/FileNotFoundException'{0x00000007499759e8}> (0x00000007499759e8) thrown at [t:/workspace/open/src/hotspot/share/prims/jni.cpp, line 615]
Event: 218.046 Thread 0x000001c0a5aed800 Exception <a 'java/io/FileNotFoundException'{0x000000074997cfc8}> (0x000000074997cfc8) thrown at [t:/workspace/open/src/hotspot/share/prims/jni.cpp, line 615]

Events (10 events):
Event: 222.873 loading class ui/views/N/a/v done
Event: 222.877 Thread 0x000001c0a5aed800 Uncommon trap: trap_request=0xffffffde fr.pc=0x000001c0b63a8810 relative=0x0000000000000f50
Event: 222.877 Thread 0x000001c0a5aed800 DEOPT PACKING pc=0x000001c0b63a8810 sp=0x00000021f55fa970
Event: 222.877 Thread 0x000001c0a5aed800 DEOPT UNPACKING pc=0x000001c0adc891af sp=0x00000021f55fa8a0 mode 2
Event: 222.923 Thread 0x000001c0c1d24800 Thread added: 0x000001c0c1d24800
Event: 222.926 Thread 0x000001c0c1d25000 Thread added: 0x000001c0c1d25000
Event: 222.928 Executing VM operation: G1CollectFull
Event: 222.970 Executing VM operation: G1CollectFull done
Event: 222.971 Thread 0x000001c0c1d25000 Thread exited: 0x000001c0c1d25000
Event: 222.971 Thread 0x000001c0c1d24800 Thread exited: 0x000001c0c1d24800


Dynamic libraries:
0x00007ff694c20000 - 0x00007ff694c4f000 	C:\Xilinx\Vivado\2020.2\bin\unwrapped\win64.o\vivado.exe
0x00007ffbf7910000 - 0x00007ffbf7b27000 	C:\Windows\SYSTEM32\ntdll.dll
0x00007ffbf5ef0000 - 0x00007ffbf5fb4000 	C:\Windows\System32\KERNEL32.DLL
0x00007ffbf5100000 - 0x00007ffbf54ba000 	C:\Windows\System32\KERNELBASE.dll
0x00007ffbf54c0000 - 0x00007ffbf55d1000 	C:\Windows\System32\ucrtbase.dll
0x00007ffbe1ab0000 - 0x00007ffbe1b3e000 	C:\Windows\SYSTEM32\MSVCP140.dll
0x00007ffbe2ac0000 - 0x00007ffbe2adb000 	C:\Windows\SYSTEM32\VCRUNTIME140.dll
0x00007ffbe1a00000 - 0x00007ffbe1a0c000 	C:\Windows\SYSTEM32\VCRUNTIME140_1.dll
0x00007ffbd4c50000 - 0x00007ffbd4c63000 	C:\Xilinx\Vivado\2020.2\lib\win64.o\libboost_signals.dll
0x00007ffb5a0b0000 - 0x00007ffb5b227000 	C:\Xilinx\Vivado\2020.2\lib\win64.o\librdi_common.dll
0x00007ffbf5d40000 - 0x00007ffbf5eee000 	C:\Windows\System32\USER32.dll
0x00007ffbf50d0000 - 0x00007ffbf50f6000 	C:\Windows\System32\win32u.dll
0x00007ffbf56a0000 - 0x00007ffbf56c9000 	C:\Windows\System32\GDI32.dll
0x00007ffbf4d20000 - 0x00007ffbf4e3b000 	C:\Windows\System32\gdi32full.dll
0x00007ffbf4ec0000 - 0x00007ffbf4f5a000 	C:\Windows\System32\msvcp_win.dll
0x00007ffbf6d70000 - 0x00007ffbf6e22000 	C:\Windows\System32\ADVAPI32.dll
0x00007ffbf5c90000 - 0x00007ffbf5d37000 	C:\Windows\System32\msvcrt.dll
0x00007ffbe1d20000 - 0x00007ffbe1d30000 	C:\Xilinx\Vivado\2020.2\lib\win64.o\libboost_date_time.dll
0x00007ffbf5a30000 - 0x00007ffbf5ad7000 	C:\Windows\System32\sechost.dll
0x00007ffbf55e0000 - 0x00007ffbf5608000 	C:\Windows\System32\bcrypt.dll
0x00007ffbf5ae0000 - 0x00007ffbf5bf4000 	C:\Windows\System32\RPCRT4.dll
0x00007ffb638b0000 - 0x00007ffb63c1e000 	C:\Xilinx\Vivado\2020.2\lib\win64.o\libCOIN-all.dll
0x00007ffbf6480000 - 0x00007ffbf6cf8000 	C:\Windows\System32\SHELL32.dll
0x00007ffbf5c10000 - 0x00007ffbf5c81000 	C:\Windows\System32\WS2_32.dll
0x00007ffbbd450000 - 0x00007ffbbd472000 	C:\Xilinx\Vivado\2020.2\lib\win64.o\libboost_filesystem.dll
0x00007ffbe19c0000 - 0x00007ffbe19c9000 	C:\Xilinx\Vivado\2020.2\lib\win64.o\libboost_system.dll
0x00007ffbb0850000 - 0x00007ffbb08c3000 	C:\Xilinx\Vivado\2020.2\lib\win64.o\libboost_program_options.dll
0x00007ffb6d600000 - 0x00007ffb6d711000 	C:\Xilinx\Vivado\2020.2\lib\win64.o\libboost_regex.dll
0x00007ffbd1de0000 - 0x00007ffbd1dfe000 	C:\Xilinx\Vivado\2020.2\lib\win64.o\libboost_thread.dll
0x00007ffbdeb30000 - 0x00007ffbdeb3c000 	C:\Xilinx\Vivado\2020.2\lib\win64.o\libboost_xilinx.dll
0x00007ffbb0540000 - 0x00007ffbb05c2000 	C:\Xilinx\Vivado\2020.2\lib\win64.o\libhdlpsolve.dll
0x00007ffbae3e0000 - 0x00007ffbae485000 	C:\Xilinx\Vivado\2020.2\lib\win64.o\libhdxml.dll
0x00007ffb45430000 - 0x00007ffb46222600 	C:\Xilinx\Vivado\2020.2\lib\win64.o\libisl_iostreams.dll
0x00007ffbbc1b0000 - 0x00007ffbbc1d8000 	C:\Xilinx\Vivado\2020.2\lib\win64.o\libisl_sysinfo.dll
0x00007ffbaee60000 - 0x00007ffbaeec5000 	C:\Xilinx\Vivado\2020.2\lib\win64.o\liblmx6.0.dll
0x00007ffb682c0000 - 0x00007ffb68459000 	C:\Xilinx\Vivado\2020.2\lib\win64.o\librdi_commonxillic.dll
0x00007ffbd0500000 - 0x00007ffbd051a000 	C:\Xilinx\Vivado\2020.2\lib\win64.o\pthreadVC2.dll
0x00007ffbd00d0000 - 0x00007ffbd00ec000 	C:\Xilinx\Vivado\2020.2\lib\win64.o\librdiconfig.dll
0x00007ffbf7090000 - 0x00007ffbf70ee000 	C:\Windows\System32\SHLWAPI.dll
0x00007ffbbbc90000 - 0x00007ffbbbcb1000 	C:\Xilinx\Vivado\2020.2\lib\win64.o\librdizlib.dll
0x00007ffbe3560000 - 0x00007ffbe3579000 	C:\Windows\SYSTEM32\NETAPI32.dll
0x00007ffbde630000 - 0x00007ffbdeb2e000 	C:\Windows\SYSTEM32\WININET.dll
0x00007ffbef2b0000 - 0x00007ffbef3e6000 	C:\Windows\SYSTEM32\WINHTTP.dll
0x0000000012000000 - 0x0000000012270000 	C:\Xilinx\Vivado\2020.2\lib\win64.o\xerces-c_3_1.dll
0x00007ffbda910000 - 0x00007ffbdab00000 	C:\Windows\SYSTEM32\urlmon.dll
0x0000000061ef0000 - 0x000000006201b000 	C:\Xilinx\Vivado\2020.2\lib\win64.o\tcl85t.dll
0x00007ffbddbe0000 - 0x00007ffbddbe9000 	C:\Windows\SYSTEM32\WSOCK32.dll
0x00007ffbb4110000 - 0x00007ffbb4141000 	C:\Windows\SYSTEM32\VCOMP140.DLL
0x00007ffbd6ce0000 - 0x00007ffbd6cec000 	C:\Xilinx\Vivado\2020.2\lib\win64.o\libboost_chrono.dll
0x00007ffbbb460000 - 0x00007ffbbb483000 	C:\Xilinx\Vivado\2020.2\lib\win64.o\libisl_iosutils.dll
0x00007ffbcfa40000 - 0x00007ffbcfa56000 	C:\Xilinx\Vivado\2020.2\lib\win64.o\libboost_iostreams.dll
0x00007ffbd9d60000 - 0x00007ffbda01e000 	C:\Windows\SYSTEM32\iertutil.dll
0x00007ffbe2490000 - 0x00007ffbe24b8000 	C:\Windows\SYSTEM32\srvcli.dll
0x00007ffbf36b0000 - 0x00007ffbf36bc000 	C:\Windows\SYSTEM32\netutils.dll
0x00007ffb622a0000 - 0x00007ffb6257b000 	C:\Xilinx\Vivado\2020.2\lib\win64.o\libXil_lmgr11.dll
0x00007ffbf6380000 - 0x00007ffbf6480000 	C:\Windows\System32\COMDLG32.dll
0x00007ffbf5fc0000 - 0x00007ffbf634f000 	C:\Windows\System32\combase.dll
0x00007ffbf56d0000 - 0x00007ffbf57ca000 	C:\Windows\System32\shcore.dll
0x00007ffbf5950000 - 0x00007ffbf5a27000 	C:\Windows\System32\OLEAUT32.dll
0x00007ffbf6ee0000 - 0x00007ffbf7085000 	C:\Windows\System32\ole32.dll
0x00007ffbf4e40000 - 0x00007ffbf4eb2000 	C:\Windows\System32\WINTRUST.dll
0x00007ffbf4f60000 - 0x00007ffbf50c6000 	C:\Windows\System32\CRYPT32.dll
0x00007ffbd1c80000 - 0x00007ffbd1d33000 	C:\Windows\WinSxS\amd64_microsoft.windows.common-controls_6595b64144ccf1df_5.82.22621.3527_none_b43b7f4b638cc64f\COMCTL32.dll
0x00007ffbee1a0000 - 0x00007ffbee1bf000 	C:\Windows\SYSTEM32\dhcpcsvc.DLL
0x00007ffb40480000 - 0x00007ffb42397000 	C:\Xilinx\Vivado\2020.2\lib\win64.o\gurobi90.dll
0x00007ffbf57d0000 - 0x00007ffbf5831000 	C:\Windows\System32\WLDAP32.dll
0x00007ffbf6d60000 - 0x00007ffbf6d68000 	C:\Windows\System32\Normaliz.dll
0x00007ffbf4140000 - 0x00007ffbf41a9000 	C:\Windows\SYSTEM32\MSWSOCK.DLL
0x00007ffbcf6d0000 - 0x00007ffbcf6e8000 	C:\Xilinx\Vivado\2020.2\lib\win64.o\librdi_commonmain.dll
0x00007ffbd6b80000 - 0x00007ffbd6b89000 	C:\Xilinx\Vivado\2020.2\lib\win64.o\librdi_commonversion.dll
0x00007ffbf5840000 - 0x00007ffbf5871000 	C:\Windows\System32\IMM32.DLL
0x00007ffbf44e0000 - 0x00007ffbf44f2000 	C:\Windows\SYSTEM32\MSASN1.dll
0x00007ffbf3cd0000 - 0x00007ffbf3ce8000 	C:\Windows\SYSTEM32\kernel.appcore.dll
0x00007ffb61d70000 - 0x00007ffb62292000 	C:\Xilinx\Vivado\2020.2\lib\win64.o\librdi_commontasks.dll
0x00007ffbe19e0000 - 0x00007ffbe19ea000 	C:\Windows\SYSTEM32\VERSION.dll
0x00007ffb61900000 - 0x00007ffb61bd5000 	C:\Xilinx\Vivado\2020.2\lib\win64.o\librdi_sio.dll
0x00007ffbf36c0000 - 0x00007ffbf36ed000 	C:\Windows\SYSTEM32\IPHLPAPI.DLL
0x00007ffb3f950000 - 0x00007ffb40473000 	C:\Xilinx\Vivado\2020.2\tps\win64\jre11.0.2\bin\server\jvm.dll
0x00007ffbed660000 - 0x00007ffbed694000 	C:\Windows\SYSTEM32\WINMM.dll
0x00007ffbf7440000 - 0x00007ffbf7448000 	C:\Windows\System32\PSAPI.DLL
0x00007ffbf2ad0000 - 0x00007ffbf33d8000 	C:\Windows\SYSTEM32\windows.storage.dll
0x00007ffbf2990000 - 0x00007ffbf2acf000 	C:\Windows\SYSTEM32\wintypes.dll
0x00007ffb3ce90000 - 0x00007ffb3f94e000 	C:\Xilinx\Vivado\2020.2\lib\win64.o\librdi_tcltasks.dll
0x00007ffbadb90000 - 0x00007ffbadc0e000 	C:\Xilinx\Vivado\2020.2\lib\win64.o\librdi_boarddep.dll
0x00007ffb6c330000 - 0x00007ffb6c426000 	C:\Xilinx\Vivado\2020.2\lib\win64.o\librdi_chipscope.dll
0x00007ffb61010000 - 0x00007ffb611c3000 	C:\Xilinx\Vivado\2020.2\lib\win64.o\librdi_board.dll
0x00007ffb60b60000 - 0x00007ffb61006000 	C:\Xilinx\Vivado\2020.2\lib\win64.o\librdi_bitstream.dll
0x00007ffb60970000 - 0x00007ffb60b5a000 	C:\Xilinx\Vivado\2020.2\lib\win64.o\librdi_chipscopeimpl.dll
0x00007ffb66a40000 - 0x00007ffb66ba1000 	C:\Xilinx\Vivado\2020.2\lib\win64.o\librdi_containers.dll
0x00007ffb3b120000 - 0x00007ffb3ce81000 	C:\Xilinx\Vivado\2020.2\lib\win64.o\librdi_designutils.dll
0x00007ffb392f0000 - 0x00007ffb3b11c000 	C:\Xilinx\Vivado\2020.2\lib\win64.o\librdi_constraints.dll
0x00007ffb60430000 - 0x00007ffb60798000 	C:\Xilinx\Vivado\2020.2\lib\win64.o\librdi_dlyest.dll
0x00007ffb36f30000 - 0x00007ffb392ed000 	C:\Xilinx\Vivado\2020.2\lib\win64.o\librdi_coregen.dll
0x00007ffb5e8f0000 - 0x00007ffb5f008000 	C:\Xilinx\Vivado\2020.2\lib\win64.o\librdi_coregenipxact.dll
0x00007ffb368d0000 - 0x00007ffb36f2d000 	C:\Xilinx\Vivado\2020.2\lib\win64.o\librdi_drc.dll
0x00007ffb7ef40000 - 0x00007ffb7eff3000 	C:\Xilinx\Vivado\2020.2\lib\win64.o\librdi_dsp.dll
0x00007ffb60110000 - 0x00007ffb6042d000 	C:\Xilinx\Vivado\2020.2\lib\win64.o\librdi_guitools.dll
0x00007ffbb08d0000 - 0x00007ffbb093b000 	C:\Xilinx\Vivado\2020.2\lib\win64.o\librdi_hdf.dll
0x00007ffb36200000 - 0x00007ffb368c2000 	C:\Xilinx\Vivado\2020.2\lib\win64.o\librdi_filemgmt.dll
0x00007ffb6be40000 - 0x00007ffb6bf87000 	C:\Xilinx\Vivado\2020.2\lib\win64.o\librdi_hip_perf_analysis.dll
0x00007ffb5fcc0000 - 0x00007ffb5ff37000 	C:\Xilinx\Vivado\2020.2\lib\win64.o\librdi_hip_devdesign.dll
0x00007ffb1dc20000 - 0x00007ffb361ff000 	C:\Xilinx\Vivado\2020.2\lib\win64.o\librdi_device.dll
0x00007ffba7930000 - 0x00007ffba79a2000 	C:\Xilinx\Vivado\2020.2\lib\win64.o\librdi_memoryarray.dll
0x00007ffb1d5d0000 - 0x00007ffb1dc1c000 	C:\Xilinx\Vivado\2020.2\lib\win64.o\librdi_memdata.dll
0x00007ffb195a0000 - 0x00007ffb1b174000 	C:\Xilinx\Vivado\2020.2\lib\win64.o\librdi_implflow.dll
0x00007ffb1b180000 - 0x00007ffb1d5c4000 	C:\Xilinx\Vivado\2020.2\lib\win64.o\librdi_mig.dll
0x00007ffbbeb60000 - 0x00007ffbbebb4000 	C:\Xilinx\Vivado\2020.2\lib\win64.o\librdi_pfi.dll
0x00007ffb18e70000 - 0x00007ffb1959c000 	C:\Xilinx\Vivado\2020.2\lib\win64.o\librdi_netlist.dll
0x00007ffb18650000 - 0x00007ffb18e67000 	C:\Xilinx\Vivado\2020.2\lib\win64.o\librdi_power.dll
0x00007ffb182b0000 - 0x00007ffb1864e000 	C:\Xilinx\Vivado\2020.2\lib\win64.o\librdi_platform.dll
0x00007ffb17c30000 - 0x00007ffb182a4000 	C:\Xilinx\Vivado\2020.2\lib\win64.o\librdi_project.dll
0x00007ffb17420000 - 0x00007ffb17c2c000 	C:\Xilinx\Vivado\2020.2\lib\win64.o\librdi_rsb.dll
0x00007ffb16cf0000 - 0x00007ffb17412000 	C:\Xilinx\Vivado\2020.2\lib\win64.o\librdi_psta.dll
0x00007ffb167c0000 - 0x00007ffb16ceb000 	C:\Xilinx\Vivado\2020.2\lib\win64.o\librdi_runs.dll
0x00007ffb637a0000 - 0x00007ffb638a9000 	C:\Xilinx\Vivado\2020.2\lib\win64.o\librdi_runsbase.dll
0x00007ffb135b0000 - 0x00007ffb167b7000 	C:\Xilinx\Vivado\2020.2\lib\win64.o\librdi_place.dll
0x00007ffb62d40000 - 0x00007ffb62e56000 	C:\Xilinx\Vivado\2020.2\lib\win64.o\librdi_xhub.dll
0x00007ffb5e670000 - 0x00007ffb5e8e4000 	C:\Xilinx\Vivado\2020.2\lib\win64.o\librdi_simdata.dll
0x00007ffb7e100000 - 0x00007ffb7e1a7000 	C:\Xilinx\Vivado\2020.2\lib\win64.o\librdi_xhubtasks.dll
0x00007ffb133c0000 - 0x00007ffb135ab000 	C:\Xilinx\Vivado\2020.2\lib\win64.o\librdi_advchipscopeimpl.dll
0x00007ffbb0800000 - 0x00007ffbb0847000 	C:\Xilinx\Vivado\2020.2\lib\win64.o\libboost_serialization.dll
0x00007ffb67c70000 - 0x00007ffb67d5b000 	C:\Xilinx\Vivado\2020.2\lib\win64.o\librdi_ipconfig_readwrite.dll
0x00007ffb130c0000 - 0x00007ffb133bb000 	C:\Xilinx\Vivado\2020.2\lib\win64.o\librdi_hip_config.dll
0x00007ffb7dc30000 - 0x00007ffb7dc9a000 	C:\Xilinx\Vivado\2020.2\lib\win64.o\librdi_noc_frameworks.dll
0x00007ffb12b70000 - 0x00007ffb130be000 	C:\Xilinx\Vivado\2020.2\lib\win64.o\librdi_xdm.dll
0x00007ffb703d0000 - 0x00007ffb7045d000 	C:\Xilinx\Vivado\2020.2\lib\win64.o\treelite_runtime.dll
0x00007ffb6d560000 - 0x00007ffb6d5fe000 	C:\Xilinx\Vivado\2020.2\lib\win64.o\libise.dll
0x00007ffbae1c0000 - 0x00007ffbae206000 	C:\Xilinx\Vivado\2020.2\lib\win64.o\libboost_graph.dll

dbghelp: loaded successfully - version: 4.0.5 - missing functions: none
symbol engine: initialized successfully - sym options: 0x614 - pdb path: .;C:\Xilinx\Vivado\2020.2\bin\unwrapped\win64.o;C:\Windows\SYSTEM32;C:\Xilinx\Vivado\2020.2\lib\win64.o;C:\Windows\WinSxS\amd64_microsoft.windows.common-controls_6595b64144ccf1df_5.82.22621.3527_none_b43b7f4b638cc64f;C:\Xilinx\Vivado\2020.2\tps\win64\jre11.0.2\bin\server;C:\Users\kccistc\AppData\Local\Programs\Python\Python38;C:\Xilinx\Vivado\2020.2\tps\win64\jre11.0.2\bin;C:\Windows\WinSxS\amd64_microsoft.windows.common-controls_6595b64144ccf1df_6.0.22621.4541_none_2710d1c57384c085;C:\Program Files\Bonjour

VM Arguments:
jvm_args: -Dsun.java2d.pmoffscreen=false -Dhttps.protocols=TLSv1,TLSv1.1,TLSv1.2 -Dsun.java2d.xrender=false -Dsun.java2d.d3d=false -Dsun.awt.nopixfmt=true -Dsun.java2d.dpiaware=true -Dsun.java2d.uiScale.enabled=false -Xverify:none -Dswing.aatext=true -XX:-UsePerfData -Djdk.map.althashing.threshold=512 -XX:StringTableSize=4072 --add-opens=java.base/java.nio=ALL-UNNAMED --add-opens=java.desktop/sun.swing=ALL-UNNAMED --add-opens=java.desktop/javax.swing=ALL-UNNAMED --add-opens=java.desktop/javax.swing.tree=ALL-UNNAMED --add-opens=java.desktop/javax.swing.plaf.basic=ALL-UNNAMED --add-opens=java.desktop/javax.swing.plaf.synth=ALL-UNNAMED --add-opens=java.desktop/com.sun.awt=ALL-UNNAMED -XX:NewSize=60m -XX:MaxNewSize=60m -Xms128m -Xmx3072m -Xss5m 
java_command: <unknown>
java_class_path (initial): C:/Xilinx/Vivado/2020.2\lib\classes\alloy.jar;C:/Xilinx/Vivado/2020.2\lib\classes\ArchiveSummary.jar;C:/Xilinx/Vivado/2020.2\lib\classes\autoesl-models.jar;C:/Xilinx/Vivado/2020.2\lib\classes\autopilot.scelaborator.jar;C:/Xilinx/Vivado/2020.2\lib\classes\autopilot.sourceprocessor.jar;C:/Xilinx/Vivado/2020.2\lib\classes\autopilot.tbprocessor.jar;C:/Xilinx/Vivado/2020.2\lib\classes\batik-anim.jar;C:/Xilinx/Vivado/2020.2\lib\classes\batik-awt-util.jar;C:/Xilinx/Vivado/2020.2\lib\classes\batik-bridge.jar;C:/Xilinx/Vivado/2020.2\lib\classes\batik-codec.jar;C:/Xilinx/Vivado/2020.2\lib\classes\batik-css.jar;C:/Xilinx/Vivado/2020.2\lib\classes\batik-dom.jar;C:/Xilinx/Vivado/2020.2\lib\classes\batik-ext.jar;C:/Xilinx/Vivado/2020.2\lib\classes\batik-gui-util.jar;C:/Xilinx/Vivado/2020.2\lib\classes\batik-gvt.jar;C:/Xilinx/Vivado/2020.2\lib\classes\batik-parser.jar;C:/Xilinx/Vivado/2020.2\lib\classes\batik-script.jar;C:/Xilinx/Vivado/2020.2\lib\classes\batik-svg-dom.jar;C:/Xilinx/Vivado/2020.2\lib\classes\batik-swing.jar;C:/Xilinx/Vivado/2020.2\lib\classes\batik-transcoder.jar;C:/Xilinx/Vivado/2020.2\lib\classes\batik-util.jar;C:/Xilinx/Vivado/2020.2\lib\classes\batik-xml.jar;C:/Xilinx/Vivado/2020.2\lib\classes\com.google.gson_2.8.2.v20180104-1110.jar;C:/Xilinx/Vivado/2020.2\lib\classes\com.google.guava_27.1.0.v20190517-1946.jar;C:/Xilinx/Vivado/2020.2\lib\classes\com.ibm.icu_4.4.2.v20110208.jar;C:/Xilinx/Vivado/2020.2\lib\classes\com.sigasi.hdt.connection_4.9.0.202009050929.jar;C:/Xilinx/Vivado/2020.2\lib\classes\com.sigasi.hdt.epl_4.9.0.202009050929.jar;C:/Xilinx/Vivado/2020.2\lib\classes\com.sigasi.hdt.project_4.9.0.202009050929.jar;C:/Xilinx/Vivado/2020.2\lib\classes\com.sigasi.hdt.readonlyfilesystem_4.9.0.202009050929.jar;C:/Xilinx/Vivado/2020.2\lib\classes\com.sigasi.lcm_4.9.0.202009050929.jar;C:/Xilinx/Vivado/2020.2\lib\classes\com.sigasi.sdk.client_4.9.0.202009050929.jar;C:/Xilinx/Vivado/2020.2\lib\classes\com.xilinx.hls.services.jar;C:/Xili
Launcher Type: generic

[Global flags]
     bool BytecodeVerificationLocal                = false                                     {product} {command line}
     bool BytecodeVerificationRemote               = false                                     {product} {command line}
     intx CICompilerCount                          = 12                                        {product} {ergonomic}
     uint ConcGCThreads                            = 3                                         {product} {ergonomic}
     uint G1ConcRefinementThreads                  = 13                                        {product} {ergonomic}
   size_t G1HeapRegionSize                         = 1048576                                   {product} {ergonomic}
    uintx GCDrainStackTargetSize                   = 64                                        {product} {ergonomic}
   size_t InitialHeapSize                          = 134217728                                 {product} {command line}
   size_t MarkStackSize                            = 4194304                                   {product} {ergonomic}
   size_t MaxHeapSize                              = 3221225472                                {product} {command line}
   size_t MaxNewSize                               = 62914560                                  {product} {command line}
   size_t MinHeapDeltaBytes                        = 1048576                                   {product} {ergonomic}
   size_t NewSize                                  = 62914560                                  {product} {command line}
    uintx NonNMethodCodeHeapSize                   = 7591728                                {pd product} {ergonomic}
    uintx NonProfiledCodeHeapSize                  = 122033256                              {pd product} {ergonomic}
    uintx ProfiledCodeHeapSize                     = 122033256                              {pd product} {ergonomic}
    uintx ReservedCodeCacheSize                    = 251658240                              {pd product} {ergonomic}
     bool SegmentedCodeCache                       = true                                      {product} {ergonomic}
    uintx StringTableSize                          = 4072                                      {product} {command line}
     intx ThreadStackSize                          = 5120                                   {pd product} {command line}
     bool UseCompressedClassPointers               = true                                 {lp64_product} {ergonomic}
     bool UseCompressedOops                        = true                                 {lp64_product} {ergonomic}
     bool UseG1GC                                  = true                                      {product} {ergonomic}
     bool UseLargePagesIndividualAllocation        = false                                  {pd product} {ergonomic}
     bool UsePerfData                              = false                                     {product} {command line}

Logging:
Log output configuration:
 #0: stdout all=warning uptime,level,tags
 #1: stderr all=off uptime,level,tags

Environment Variables:
PATH=C:/Xilinx/Vivado/2020.2\gnuwin\bin;C:/Xilinx/Vivado/2020.2\gnu\microblaze\nt\bin;C:/Xilinx/Vivado/2020.2/bin;C:/Xilinx/Vivado/2020.2/tps/win64/javafx-sdk-11.0.2/lib;C:/Xilinx/Vivado/2020.2/tps/win64/javafx-sdk-11.0.2/bin;C:/Xilinx/Vivado/2020.2/lib/win64.o;C:/Xilinx/Vivado/2020.2/tps/win64/jre11.0.2/bin/server;C:/Xilinx/Vivado/2020.2/tps/win64/jre11.0.2/bin;C:/Xilinx/Vitis/2020.2/bin;C:/Xilinx/Vivado/2020.2/ids_lite/ISE/bin/nt64;C:/Xilinx/Vivado/2020.2/ids_lite/ISE/lib/nt64;C:/Xilinx/Vitis_HLS/2020.2/bin;C:\Windows\system32;C:\Windows;C:\Windows\System32\Wbem;C:\Windows\System32\WindowsPowerShell\v1.0\;C:\Windows\System32\OpenSSH\;C:\Program Files\Bandizip\;C:\Program Files\Git\cmd;C:\Program Files\usbipd-win\;C:\Users\kccistc\AppData\Local\Programs\Python\Python38\Scripts\;C:\Users\kccistc\AppData\Local\Programs\Python\Python38\;C:\Users\kccistc\AppData\Local\Microsoft\WindowsApps;C:\Users\kccistc\AppData\Local\GitHubDesktop\bin;C:\Users\kccistc\AppData\Local\Programs\Microsoft VS Code\bin;C:/Xilinx/Vivado/2020.2\tps\mingw\6.2.0\win64.o\nt\bin;C:/Xilinx/Vivado/2020.2\tps\mingw\6.2.0\win64.o\nt\libexec\gcc\x86_64-w64-mingw32\6.2.0;C:/Xilinx/Vivado/2020.2\tps\win64\python-3.8.3;C:/Xilinx/Vivado/2020.2\tps\win64\python-3.8.3\bin;C:/Xilinx/Vivado/2020.2\tps\win64\python-3.8.3\lib;C:/Xilinx/Vivado/2020.2\tps\win64\python-3.8.3\lib\site-packages
USERNAME=kccistc
OS=Windows_NT
PROCESSOR_IDENTIFIER=Intel64 Family 6 Model 154 Stepping 3, GenuineIntel



---------------  S Y S T E M  ---------------

OS: Windows 10 , 64 bit Build 22621 (10.0.22621.4391)

CPU:total 16 (initial active 16) (8 cores per cpu, 2 threads per core) family 6 model 154 stepping 3, cmov, cx8, fxsr, mmx, sse, sse2, sse3, ssse3, sse4.1, sse4.2, popcnt, avx, avx2, aes, clmul, erms, 3dnowpref, lzcnt, ht, tsc, tscinvbit, bmi1, bmi2, adx, sha, fma

Memory: 4k page, system-wide physical 16066M (2793M free)
TotalPageFile size 65218M (AvailPageFile size 8083M)
current process WorkingSet (physical memory assigned to process): 916M, peak: 1055M
current process commit charge ("private bytes"): 930M, peak: 1084M

vm_info: OpenJDK 64-Bit Server VM (11.0.2+9) for windows-amd64 JRE (11.0.2+9), built on Jan 18 2019 05:23:22 by "mach5one" with MS VC++ 15.5 (VS2017)

END.
