
*** Running vivado
    with args -log top_dht11.vds -m64 -product Vivado -mode batch -messageDb vivado.pb -notrace -source top_dht11.tcl



****** Vivado v2020.2 (64-bit)
  **** SW Build 3064766 on Wed Nov 18 09:12:45 MST 2020
  **** IP Build 3064653 on Wed Nov 18 14:17:31 MST 2020
    ** Copyright 1986-2020 Xilinx, Inc. All Rights Reserved.

source top_dht11.tcl -notrace
Command: synth_design -top top_dht11 -part xc7a35tcpg236-1
Starting synth_design
Attempting to get a license for feature 'Synthesis' and/or device 'xc7a35t'
INFO: [Common 17-349] Got license for feature 'Synthesis' and/or device 'xc7a35t'
INFO: [Device 21-403] Loading part xc7a35tcpg236-1
INFO: [Synth 8-7079] Multithreading enabled for synth_design using a maximum of 2 processes.
INFO: [Synth 8-7078] Launching helper process for spawning children vivado processes
INFO: [Synth 8-7075] Helper process launched with PID 2644
WARNING: [Synth 8-992] counter_reg is already implicitly declared earlier [D:/GitHub/harman_Verilog/DHT11_FINAL/DHT11_FINAL.srcs/sources_1/new/string_process.v:50]
---------------------------------------------------------------------------------
Starting RTL Elaboration : Time (s): cpu = 00:00:01 ; elapsed = 00:00:04 . Memory (MB): peak = 1104.895 ; gain = 0.000
---------------------------------------------------------------------------------
INFO: [Synth 8-6157] synthesizing module 'top_dht11' [D:/GitHub/harman_Verilog/DHT11_FINAL/DHT11_FINAL.srcs/sources_1/new/top_dht11.v:23]
INFO: [Synth 8-6157] synthesizing module 'string_process' [D:/GitHub/harman_Verilog/DHT11_FINAL/DHT11_FINAL.srcs/sources_1/new/string_process.v:23]
	Parameter IDLE bound to: 0 - type: integer 
	Parameter RUN bound to: 1 - type: integer 
	Parameter STOP bound to: 2 - type: integer 
	Parameter CLEAR bound to: 3 - type: integer 
	Parameter MODE bound to: 4 - type: integer 
	Parameter SET_TIME bound to: 5 - type: integer 
	Parameter TIME_SET_ERROR bound to: 6 - type: integer 
	Parameter SETTING_WAIT bound to: 0 - type: integer 
	Parameter START_SETTING bound to: 1 - type: integer 
WARNING: [Synth 8-4446] all outputs are unconnected for this instance and logic may be removed [D:/GitHub/harman_Verilog/DHT11_FINAL/DHT11_FINAL.srcs/sources_1/new/string_process.v:35]
INFO: [Synth 8-6157] synthesizing module 'ila_0' [D:/GitHub/harman_Verilog/DHT11_FINAL/DHT11_FINAL.runs/synth_1/.Xil/Vivado-9396-DESKTOP-7CFQ9ND/realtime/ila_0_stub.v:6]
INFO: [Synth 8-6155] done synthesizing module 'ila_0' (1#1) [D:/GitHub/harman_Verilog/DHT11_FINAL/DHT11_FINAL.runs/synth_1/.Xil/Vivado-9396-DESKTOP-7CFQ9ND/realtime/ila_0_stub.v:6]
WARNING: [Synth 8-689] width (8) of port connection 'probe4' does not match port width (4) of module 'ila_0' [D:/GitHub/harman_Verilog/DHT11_FINAL/DHT11_FINAL.srcs/sources_1/new/string_process.v:41]
INFO: [Synth 8-6071] Mark debug on the nets applies keep_hierarchy on instance 'U_ila_0'. This will prevent further optimization [D:/GitHub/harman_Verilog/DHT11_FINAL/DHT11_FINAL.srcs/sources_1/new/string_process.v:35]
INFO: [Synth 8-6155] done synthesizing module 'string_process' (2#1) [D:/GitHub/harman_Verilog/DHT11_FINAL/DHT11_FINAL.srcs/sources_1/new/string_process.v:23]
INFO: [Synth 8-6157] synthesizing module 'DHT11_control' [D:/GitHub/harman_Verilog/DHT11_FINAL/DHT11_FINAL.srcs/sources_1/new/DHT11_control.v:23]
INFO: [Synth 8-6157] synthesizing module 'clock_divider' [D:/GitHub/harman_Verilog/DHT11_FINAL/DHT11_FINAL.srcs/sources_1/new/DHT11_control.v:135]
INFO: [Synth 8-6155] done synthesizing module 'clock_divider' (3#1) [D:/GitHub/harman_Verilog/DHT11_FINAL/DHT11_FINAL.srcs/sources_1/new/DHT11_control.v:135]
INFO: [Synth 8-6157] synthesizing module 'count_5sec' [D:/GitHub/harman_Verilog/DHT11_FINAL/DHT11_FINAL.srcs/sources_1/new/DHT11_control.v:95]
INFO: [Synth 8-6155] done synthesizing module 'count_5sec' (4#1) [D:/GitHub/harman_Verilog/DHT11_FINAL/DHT11_FINAL.srcs/sources_1/new/DHT11_control.v:95]
INFO: [Synth 8-6157] synthesizing module 'start_signal' [D:/GitHub/harman_Verilog/DHT11_FINAL/DHT11_FINAL.srcs/sources_1/new/DHT11_control.v:163]
	Parameter IDLE bound to: 4'b0000 
	Parameter START_L bound to: 4'b0001 
	Parameter START_H bound to: 4'b0010 
	Parameter WAIT_0 bound to: 4'b0011 
	Parameter WAIT_1 bound to: 4'b0100 
	Parameter READ_LOW bound to: 4'b0101 
	Parameter READ_HIGH bound to: 4'b0110 
	Parameter DATA_DIST bound to: 4'b0111 
WARNING: [Synth 8-6104] Input port 'wr_en' has an internal driver [D:/GitHub/harman_Verilog/DHT11_FINAL/DHT11_FINAL.srcs/sources_1/new/DHT11_control.v:206]
INFO: [Synth 8-6155] done synthesizing module 'start_signal' (5#1) [D:/GitHub/harman_Verilog/DHT11_FINAL/DHT11_FINAL.srcs/sources_1/new/DHT11_control.v:163]
INFO: [Synth 8-6155] done synthesizing module 'DHT11_control' (6#1) [D:/GitHub/harman_Verilog/DHT11_FINAL/DHT11_FINAL.srcs/sources_1/new/DHT11_control.v:23]
WARNING: [Synth 8-7071] port 'checksum' of module 'DHT11_control' is unconnected for instance 'U_dht11_control' [D:/GitHub/harman_Verilog/DHT11_FINAL/DHT11_FINAL.srcs/sources_1/new/top_dht11.v:80]
WARNING: [Synth 8-7023] instance 'U_dht11_control' of module 'DHT11_control' has 9 connections declared, but only 8 given [D:/GitHub/harman_Verilog/DHT11_FINAL/DHT11_FINAL.srcs/sources_1/new/top_dht11.v:80]
INFO: [Synth 8-6157] synthesizing module 'stopwatch_clock' [D:/GitHub/harman_Verilog/DHT11_FINAL/DHT11_FINAL.srcs/sources_1/new/stopwatch_clock.v:23]
INFO: [Synth 8-6157] synthesizing module 'led_mode_state' [D:/GitHub/harman_Verilog/DHT11_FINAL/DHT11_FINAL.srcs/sources_1/new/stopwatch_clock.v:190]
INFO: [Synth 8-6155] done synthesizing module 'led_mode_state' (7#1) [D:/GitHub/harman_Verilog/DHT11_FINAL/DHT11_FINAL.srcs/sources_1/new/stopwatch_clock.v:190]
INFO: [Synth 8-6157] synthesizing module 'button_detector' [D:/GitHub/harman_Verilog/DHT11_FINAL/DHT11_FINAL.srcs/sources_1/new/button_detector.v:23]
	Parameter N bound to: 7 - type: integer 
INFO: [Synth 8-6155] done synthesizing module 'button_detector' (8#1) [D:/GitHub/harman_Verilog/DHT11_FINAL/DHT11_FINAL.srcs/sources_1/new/button_detector.v:23]
INFO: [Synth 8-6157] synthesizing module 'clock_controlunit' [D:/GitHub/harman_Verilog/DHT11_FINAL/DHT11_FINAL.srcs/sources_1/new/clock_controlunit.v:23]
INFO: [Synth 8-6155] done synthesizing module 'clock_controlunit' (9#1) [D:/GitHub/harman_Verilog/DHT11_FINAL/DHT11_FINAL.srcs/sources_1/new/clock_controlunit.v:23]
INFO: [Synth 8-6157] synthesizing module 'clock_datapath' [D:/GitHub/harman_Verilog/DHT11_FINAL/DHT11_FINAL.srcs/sources_1/new/clock_datapath.v:23]
INFO: [Synth 8-6157] synthesizing module 'clock_clk_div' [D:/GitHub/harman_Verilog/DHT11_FINAL/DHT11_FINAL.srcs/sources_1/new/clock_datapath.v:105]
INFO: [Synth 8-6155] done synthesizing module 'clock_clk_div' (10#1) [D:/GitHub/harman_Verilog/DHT11_FINAL/DHT11_FINAL.srcs/sources_1/new/clock_datapath.v:105]
INFO: [Synth 8-6157] synthesizing module 'clock_counter_time' [D:/GitHub/harman_Verilog/DHT11_FINAL/DHT11_FINAL.srcs/sources_1/new/clock_datapath.v:141]
	Parameter CLOCK_TIME_MAX bound to: 100 - type: integer 
	Parameter CLOCK_BIT_WIDTH bound to: 7 - type: integer 
INFO: [Synth 8-6155] done synthesizing module 'clock_counter_time' (11#1) [D:/GitHub/harman_Verilog/DHT11_FINAL/DHT11_FINAL.srcs/sources_1/new/clock_datapath.v:141]
WARNING: [Synth 8-7071] port 'button' of module 'clock_counter_time' is unconnected for instance 'U_clock_counter_msec' [D:/GitHub/harman_Verilog/DHT11_FINAL/DHT11_FINAL.srcs/sources_1/new/clock_datapath.v:51]
WARNING: [Synth 8-7023] instance 'U_clock_counter_msec' of module 'clock_counter_time' has 8 connections declared, but only 7 given [D:/GitHub/harman_Verilog/DHT11_FINAL/DHT11_FINAL.srcs/sources_1/new/clock_datapath.v:51]
INFO: [Synth 8-6157] synthesizing module 'clock_counter_time__parameterized0' [D:/GitHub/harman_Verilog/DHT11_FINAL/DHT11_FINAL.srcs/sources_1/new/clock_datapath.v:141]
	Parameter CLOCK_TIME_MAX bound to: 60 - type: integer 
	Parameter CLOCK_BIT_WIDTH bound to: 7 - type: integer 
INFO: [Synth 8-6155] done synthesizing module 'clock_counter_time__parameterized0' (11#1) [D:/GitHub/harman_Verilog/DHT11_FINAL/DHT11_FINAL.srcs/sources_1/new/clock_datapath.v:141]
INFO: [Synth 8-6157] synthesizing module 'clock_counter_time__parameterized1' [D:/GitHub/harman_Verilog/DHT11_FINAL/DHT11_FINAL.srcs/sources_1/new/clock_datapath.v:141]
	Parameter CLOCK_TIME_MAX bound to: 24 - type: integer 
	Parameter CLOCK_BIT_WIDTH bound to: 7 - type: integer 
INFO: [Synth 8-6155] done synthesizing module 'clock_counter_time__parameterized1' (11#1) [D:/GitHub/harman_Verilog/DHT11_FINAL/DHT11_FINAL.srcs/sources_1/new/clock_datapath.v:141]
INFO: [Synth 8-6155] done synthesizing module 'clock_datapath' (12#1) [D:/GitHub/harman_Verilog/DHT11_FINAL/DHT11_FINAL.srcs/sources_1/new/clock_datapath.v:23]
INFO: [Synth 8-6157] synthesizing module 'stopwatch_control_unit' [D:/GitHub/harman_Verilog/DHT11_FINAL/DHT11_FINAL.srcs/sources_1/new/stopwatch_control_unit.v:23]
	Parameter STOP bound to: 2'b00 
	Parameter RUN bound to: 2'b01 
	Parameter CLEAR bound to: 2'b10 
INFO: [Synth 8-155] case statement is not full and has no default [D:/GitHub/harman_Verilog/DHT11_FINAL/DHT11_FINAL.srcs/sources_1/new/stopwatch_control_unit.v:51]
INFO: [Synth 8-155] case statement is not full and has no default [D:/GitHub/harman_Verilog/DHT11_FINAL/DHT11_FINAL.srcs/sources_1/new/stopwatch_control_unit.v:74]
INFO: [Synth 8-6155] done synthesizing module 'stopwatch_control_unit' (13#1) [D:/GitHub/harman_Verilog/DHT11_FINAL/DHT11_FINAL.srcs/sources_1/new/stopwatch_control_unit.v:23]
INFO: [Synth 8-6157] synthesizing module 'stopwatch_datapath' [D:/GitHub/harman_Verilog/DHT11_FINAL/DHT11_FINAL.srcs/sources_1/new/stopwatch_datapath.v:23]
INFO: [Synth 8-6157] synthesizing module 'clk_div_stopwatch' [D:/GitHub/harman_Verilog/DHT11_FINAL/DHT11_FINAL.srcs/sources_1/new/stopwatch_datapath.v:95]
INFO: [Synth 8-6155] done synthesizing module 'clk_div_stopwatch' (14#1) [D:/GitHub/harman_Verilog/DHT11_FINAL/DHT11_FINAL.srcs/sources_1/new/stopwatch_datapath.v:95]
INFO: [Synth 8-6157] synthesizing module 'time_clock_counter' [D:/GitHub/harman_Verilog/DHT11_FINAL/DHT11_FINAL.srcs/sources_1/new/stopwatch_datapath.v:137]
	Parameter TIME_MAX bound to: 100 - type: integer 
	Parameter BIT_WIDTH bound to: 7 - type: integer 
INFO: [Synth 8-6155] done synthesizing module 'time_clock_counter' (15#1) [D:/GitHub/harman_Verilog/DHT11_FINAL/DHT11_FINAL.srcs/sources_1/new/stopwatch_datapath.v:137]
INFO: [Synth 8-6157] synthesizing module 'time_clock_counter__parameterized0' [D:/GitHub/harman_Verilog/DHT11_FINAL/DHT11_FINAL.srcs/sources_1/new/stopwatch_datapath.v:137]
	Parameter TIME_MAX bound to: 60 - type: integer 
	Parameter BIT_WIDTH bound to: 7 - type: integer 
INFO: [Synth 8-6155] done synthesizing module 'time_clock_counter__parameterized0' (15#1) [D:/GitHub/harman_Verilog/DHT11_FINAL/DHT11_FINAL.srcs/sources_1/new/stopwatch_datapath.v:137]
INFO: [Synth 8-6157] synthesizing module 'time_clock_counter__parameterized1' [D:/GitHub/harman_Verilog/DHT11_FINAL/DHT11_FINAL.srcs/sources_1/new/stopwatch_datapath.v:137]
	Parameter TIME_MAX bound to: 24 - type: integer 
	Parameter BIT_WIDTH bound to: 7 - type: integer 
INFO: [Synth 8-6155] done synthesizing module 'time_clock_counter__parameterized1' (15#1) [D:/GitHub/harman_Verilog/DHT11_FINAL/DHT11_FINAL.srcs/sources_1/new/stopwatch_datapath.v:137]
INFO: [Synth 8-6155] done synthesizing module 'stopwatch_datapath' (16#1) [D:/GitHub/harman_Verilog/DHT11_FINAL/DHT11_FINAL.srcs/sources_1/new/stopwatch_datapath.v:23]
INFO: [Synth 8-6157] synthesizing module 'select_clock_stopwatch' [D:/GitHub/harman_Verilog/DHT11_FINAL/DHT11_FINAL.srcs/sources_1/new/stopwatch_clock.v:148]
INFO: [Synth 8-226] default block is never used [D:/GitHub/harman_Verilog/DHT11_FINAL/DHT11_FINAL.srcs/sources_1/new/stopwatch_clock.v:166]
INFO: [Synth 8-6155] done synthesizing module 'select_clock_stopwatch' (17#1) [D:/GitHub/harman_Verilog/DHT11_FINAL/DHT11_FINAL.srcs/sources_1/new/stopwatch_clock.v:148]
INFO: [Synth 8-6155] done synthesizing module 'stopwatch_clock' (18#1) [D:/GitHub/harman_Verilog/DHT11_FINAL/DHT11_FINAL.srcs/sources_1/new/stopwatch_clock.v:23]
WARNING: [Synth 8-689] width (8) of port connection 'seleted_msec' does not match port width (7) of module 'stopwatch_clock' [D:/GitHub/harman_Verilog/DHT11_FINAL/DHT11_FINAL.srcs/sources_1/new/top_dht11.v:107]
WARNING: [Synth 8-689] width (8) of port connection 'seleted_sec' does not match port width (7) of module 'stopwatch_clock' [D:/GitHub/harman_Verilog/DHT11_FINAL/DHT11_FINAL.srcs/sources_1/new/top_dht11.v:108]
WARNING: [Synth 8-689] width (8) of port connection 'seleted_min' does not match port width (7) of module 'stopwatch_clock' [D:/GitHub/harman_Verilog/DHT11_FINAL/DHT11_FINAL.srcs/sources_1/new/top_dht11.v:109]
WARNING: [Synth 8-689] width (8) of port connection 'seleted_hour' does not match port width (7) of module 'stopwatch_clock' [D:/GitHub/harman_Verilog/DHT11_FINAL/DHT11_FINAL.srcs/sources_1/new/top_dht11.v:110]
INFO: [Synth 8-6157] synthesizing module 'dht_swclock_switch' [D:/GitHub/harman_Verilog/DHT11_FINAL/DHT11_FINAL.srcs/sources_1/new/top_dht11.v:195]
INFO: [Synth 8-6155] done synthesizing module 'dht_swclock_switch' (19#1) [D:/GitHub/harman_Verilog/DHT11_FINAL/DHT11_FINAL.srcs/sources_1/new/top_dht11.v:195]
INFO: [Synth 8-6157] synthesizing module 'fnd_controller' [D:/GitHub/harman_Verilog/DHT11_FINAL/DHT11_FINAL.srcs/sources_1/new/fnd_controller.v:23]
INFO: [Synth 8-6157] synthesizing module 'clk_div' [D:/GitHub/harman_Verilog/DHT11_FINAL/DHT11_FINAL.srcs/sources_1/new/fnd_controller.v:149]
INFO: [Synth 8-6155] done synthesizing module 'clk_div' (20#1) [D:/GitHub/harman_Verilog/DHT11_FINAL/DHT11_FINAL.srcs/sources_1/new/fnd_controller.v:149]
INFO: [Synth 8-6157] synthesizing module 'counter' [D:/GitHub/harman_Verilog/DHT11_FINAL/DHT11_FINAL.srcs/sources_1/new/fnd_controller.v:135]
INFO: [Synth 8-6155] done synthesizing module 'counter' (21#1) [D:/GitHub/harman_Verilog/DHT11_FINAL/DHT11_FINAL.srcs/sources_1/new/fnd_controller.v:135]
INFO: [Synth 8-6157] synthesizing module 'decoder_3x8' [D:/GitHub/harman_Verilog/DHT11_FINAL/DHT11_FINAL.srcs/sources_1/new/fnd_controller.v:291]
INFO: [Synth 8-226] default block is never used [D:/GitHub/harman_Verilog/DHT11_FINAL/DHT11_FINAL.srcs/sources_1/new/fnd_controller.v:297]
INFO: [Synth 8-6155] done synthesizing module 'decoder_3x8' (22#1) [D:/GitHub/harman_Verilog/DHT11_FINAL/DHT11_FINAL.srcs/sources_1/new/fnd_controller.v:291]
INFO: [Synth 8-6157] synthesizing module 'digit_splitter' [D:/GitHub/harman_Verilog/DHT11_FINAL/DHT11_FINAL.srcs/sources_1/new/fnd_controller.v:176]
INFO: [Synth 8-6155] done synthesizing module 'digit_splitter' (23#1) [D:/GitHub/harman_Verilog/DHT11_FINAL/DHT11_FINAL.srcs/sources_1/new/fnd_controller.v:176]
INFO: [Synth 8-6157] synthesizing module 'comparator' [D:/GitHub/harman_Verilog/DHT11_FINAL/DHT11_FINAL.srcs/sources_1/new/fnd_controller.v:340]
INFO: [Synth 8-6155] done synthesizing module 'comparator' (24#1) [D:/GitHub/harman_Verilog/DHT11_FINAL/DHT11_FINAL.srcs/sources_1/new/fnd_controller.v:340]
INFO: [Synth 8-6157] synthesizing module 'mux_8x1' [D:/GitHub/harman_Verilog/DHT11_FINAL/DHT11_FINAL.srcs/sources_1/new/fnd_controller.v:189]
INFO: [Synth 8-226] default block is never used [D:/GitHub/harman_Verilog/DHT11_FINAL/DHT11_FINAL.srcs/sources_1/new/fnd_controller.v:202]
INFO: [Synth 8-6155] done synthesizing module 'mux_8x1' (25#1) [D:/GitHub/harman_Verilog/DHT11_FINAL/DHT11_FINAL.srcs/sources_1/new/fnd_controller.v:189]
INFO: [Synth 8-6157] synthesizing module 'mux_2x1' [D:/GitHub/harman_Verilog/DHT11_FINAL/DHT11_FINAL.srcs/sources_1/new/fnd_controller.v:217]
	Parameter STATE0 bound to: 0 - type: integer 
	Parameter STATE1 bound to: 1 - type: integer 
	Parameter STATE2 bound to: 2 - type: integer 
	Parameter STATE3 bound to: 3 - type: integer 
INFO: [Synth 8-226] default block is never used [D:/GitHub/harman_Verilog/DHT11_FINAL/DHT11_FINAL.srcs/sources_1/new/fnd_controller.v:257]
INFO: [Synth 8-226] default block is never used [D:/GitHub/harman_Verilog/DHT11_FINAL/DHT11_FINAL.srcs/sources_1/new/fnd_controller.v:282]
INFO: [Synth 8-6155] done synthesizing module 'mux_2x1' (26#1) [D:/GitHub/harman_Verilog/DHT11_FINAL/DHT11_FINAL.srcs/sources_1/new/fnd_controller.v:217]
INFO: [Synth 8-6157] synthesizing module 'BCDtoSEG_decoder' [D:/GitHub/harman_Verilog/DHT11_FINAL/DHT11_FINAL.srcs/sources_1/new/fnd_controller.v:312]
INFO: [Synth 8-226] default block is never used [D:/GitHub/harman_Verilog/DHT11_FINAL/DHT11_FINAL.srcs/sources_1/new/fnd_controller.v:318]
INFO: [Synth 8-6155] done synthesizing module 'BCDtoSEG_decoder' (27#1) [D:/GitHub/harman_Verilog/DHT11_FINAL/DHT11_FINAL.srcs/sources_1/new/fnd_controller.v:312]
INFO: [Synth 8-6155] done synthesizing module 'fnd_controller' (28#1) [D:/GitHub/harman_Verilog/DHT11_FINAL/DHT11_FINAL.srcs/sources_1/new/fnd_controller.v:23]
INFO: [Synth 8-6157] synthesizing module 'fifo_data' [D:/GitHub/harman_Verilog/DHT11_FINAL/DHT11_FINAL.srcs/sources_1/new/fifo_data.v:23]
	Parameter IDLE bound to: 0 - type: integer 
	Parameter DATA_1 bound to: 1 - type: integer 
	Parameter DATA_2 bound to: 2 - type: integer 
	Parameter DATA_3 bound to: 3 - type: integer 
	Parameter DATA_4 bound to: 4 - type: integer 
	Parameter DATA_5 bound to: 5 - type: integer 
	Parameter DATA_6 bound to: 6 - type: integer 
	Parameter DATA_7 bound to: 7 - type: integer 
	Parameter DATA_8 bound to: 8 - type: integer 
	Parameter POINT0 bound to: 9 - type: integer 
	Parameter POINT1 bound to: 10 - type: integer 
	Parameter HUM1 bound to: 11 - type: integer 
	Parameter HUM2 bound to: 12 - type: integer 
	Parameter HUM3 bound to: 13 - type: integer 
	Parameter HUM4 bound to: 14 - type: integer 
	Parameter HUM5 bound to: 15 - type: integer 
	Parameter HUM6 bound to: 16 - type: integer 
	Parameter HUM7 bound to: 17 - type: integer 
	Parameter HUM8 bound to: 18 - type: integer 
	Parameter TEM1 bound to: 19 - type: integer 
	Parameter TEM2 bound to: 20 - type: integer 
	Parameter TEM3 bound to: 21 - type: integer 
	Parameter TEM4 bound to: 22 - type: integer 
	Parameter TEM5 bound to: 23 - type: integer 
	Parameter TEM6 bound to: 24 - type: integer 
	Parameter TEM7 bound to: 25 - type: integer 
	Parameter TEM8 bound to: 26 - type: integer 
	Parameter TEM9 bound to: 27 - type: integer 
	Parameter TEM10 bound to: 28 - type: integer 
	Parameter TEM11 bound to: 29 - type: integer 
	Parameter COLON1 bound to: 30 - type: integer 
	Parameter COLON2 bound to: 31 - type: integer 
	Parameter COMMA bound to: 32 - type: integer 
	Parameter CEL1 bound to: 33 - type: integer 
	Parameter CEL2 bound to: 34 - type: integer 
	Parameter PER bound to: 35 - type: integer 
	Parameter SPACE bound to: 36 - type: integer 
INFO: [Synth 8-155] case statement is not full and has no default [D:/GitHub/harman_Verilog/DHT11_FINAL/DHT11_FINAL.srcs/sources_1/new/fifo_data.v:103]
INFO: [Synth 8-6155] done synthesizing module 'fifo_data' (29#1) [D:/GitHub/harman_Verilog/DHT11_FINAL/DHT11_FINAL.srcs/sources_1/new/fifo_data.v:23]
INFO: [Synth 8-6157] synthesizing module 'fifo' [D:/GitHub/harman_Verilog/DHT11_FINAL/DHT11_FINAL.srcs/sources_1/new/fifo.v:23]
INFO: [Synth 8-6157] synthesizing module 'register_file' [D:/GitHub/harman_Verilog/DHT11_FINAL/DHT11_FINAL.srcs/sources_1/new/fifo.v:56]
INFO: [Synth 8-6155] done synthesizing module 'register_file' (30#1) [D:/GitHub/harman_Verilog/DHT11_FINAL/DHT11_FINAL.srcs/sources_1/new/fifo.v:56]
INFO: [Synth 8-6157] synthesizing module 'fifo_control_unit' [D:/GitHub/harman_Verilog/DHT11_FINAL/DHT11_FINAL.srcs/sources_1/new/fifo.v:76]
INFO: [Synth 8-6155] done synthesizing module 'fifo_control_unit' (31#1) [D:/GitHub/harman_Verilog/DHT11_FINAL/DHT11_FINAL.srcs/sources_1/new/fifo.v:76]
INFO: [Synth 8-6155] done synthesizing module 'fifo' (32#1) [D:/GitHub/harman_Verilog/DHT11_FINAL/DHT11_FINAL.srcs/sources_1/new/fifo.v:23]
INFO: [Synth 8-6157] synthesizing module 'uart' [D:/GitHub/harman_Verilog/DHT11_FINAL/DHT11_FINAL.srcs/sources_1/new/uart.v:23]
INFO: [Synth 8-6157] synthesizing module 'baudrate_generator' [D:/GitHub/harman_Verilog/DHT11_FINAL/DHT11_FINAL.srcs/sources_1/new/uart.v:73]
INFO: [Synth 8-6155] done synthesizing module 'baudrate_generator' (33#1) [D:/GitHub/harman_Verilog/DHT11_FINAL/DHT11_FINAL.srcs/sources_1/new/uart.v:73]
INFO: [Synth 8-6157] synthesizing module 'transmitter' [D:/GitHub/harman_Verilog/DHT11_FINAL/DHT11_FINAL.srcs/sources_1/new/uart.v:103]
	Parameter IDLE bound to: 0 - type: integer 
	Parameter START bound to: 1 - type: integer 
	Parameter DATA bound to: 2 - type: integer 
	Parameter STOP bound to: 3 - type: integer 
INFO: [Synth 8-6155] done synthesizing module 'transmitter' (34#1) [D:/GitHub/harman_Verilog/DHT11_FINAL/DHT11_FINAL.srcs/sources_1/new/uart.v:103]
INFO: [Synth 8-6157] synthesizing module 'reciever' [D:/GitHub/harman_Verilog/DHT11_FINAL/DHT11_FINAL.srcs/sources_1/new/uart.v:216]
	Parameter IDLE bound to: 0 - type: integer 
	Parameter START bound to: 1 - type: integer 
	Parameter DATA bound to: 2 - type: integer 
	Parameter STOP bound to: 3 - type: integer 
INFO: [Synth 8-6155] done synthesizing module 'reciever' (35#1) [D:/GitHub/harman_Verilog/DHT11_FINAL/DHT11_FINAL.srcs/sources_1/new/uart.v:216]
INFO: [Synth 8-6155] done synthesizing module 'uart' (36#1) [D:/GitHub/harman_Verilog/DHT11_FINAL/DHT11_FINAL.srcs/sources_1/new/uart.v:23]
INFO: [Synth 8-6155] done synthesizing module 'top_dht11' (37#1) [D:/GitHub/harman_Verilog/DHT11_FINAL/DHT11_FINAL.srcs/sources_1/new/top_dht11.v:23]
---------------------------------------------------------------------------------
Finished RTL Elaboration : Time (s): cpu = 00:00:02 ; elapsed = 00:00:07 . Memory (MB): peak = 1153.637 ; gain = 48.742
---------------------------------------------------------------------------------
---------------------------------------------------------------------------------
Start Handling Custom Attributes
---------------------------------------------------------------------------------
---------------------------------------------------------------------------------
Finished Handling Custom Attributes : Time (s): cpu = 00:00:02 ; elapsed = 00:00:08 . Memory (MB): peak = 1153.637 ; gain = 48.742
---------------------------------------------------------------------------------
---------------------------------------------------------------------------------
Finished RTL Optimization Phase 1 : Time (s): cpu = 00:00:02 ; elapsed = 00:00:08 . Memory (MB): peak = 1153.637 ; gain = 48.742
---------------------------------------------------------------------------------
Netlist sorting complete. Time (s): cpu = 00:00:00 ; elapsed = 00:00:00.059 . Memory (MB): peak = 1153.637 ; gain = 0.000
INFO: [Project 1-570] Preparing netlist for logic optimization

Processing XDC Constraints
Initializing timing engine
Parsing XDC File [d:/GitHub/harman_Verilog/DHT11_FINAL/DHT11_FINAL.gen/sources_1/ip/ila_0/ila_0/ila_0_in_context.xdc] for cell 'U_string_process/U_ila_0'
Finished Parsing XDC File [d:/GitHub/harman_Verilog/DHT11_FINAL/DHT11_FINAL.gen/sources_1/ip/ila_0/ila_0/ila_0_in_context.xdc] for cell 'U_string_process/U_ila_0'
Parsing XDC File [D:/GitHub/harman_Verilog/DHT11_FINAL/DHT11_FINAL.srcs/constrs_1/imports/Downloads/MY_Basys-3-Master.xdc]
Finished Parsing XDC File [D:/GitHub/harman_Verilog/DHT11_FINAL/DHT11_FINAL.srcs/constrs_1/imports/Downloads/MY_Basys-3-Master.xdc]
INFO: [Project 1-236] Implementation specific constraints were found while reading constraint file [D:/GitHub/harman_Verilog/DHT11_FINAL/DHT11_FINAL.srcs/constrs_1/imports/Downloads/MY_Basys-3-Master.xdc]. These constraints will be ignored for synthesis but will be used in implementation. Impacted constraints are listed in the file [.Xil/top_dht11_propImpl.xdc].
Resolution: To avoid this warning, move constraints listed in [.Xil/top_dht11_propImpl.xdc] to another XDC file and exclude this new file from synthesis with the used_in_synthesis property (File Properties dialog in GUI) and re-run elaboration/synthesis.
Completed Processing XDC Constraints

Netlist sorting complete. Time (s): cpu = 00:00:00 ; elapsed = 00:00:00.001 . Memory (MB): peak = 1265.426 ; gain = 0.000
INFO: [Project 1-111] Unisim Transformation Summary:
No Unisim elements were transformed.

Constraint Validation Runtime : Time (s): cpu = 00:00:00 ; elapsed = 00:00:00.025 . Memory (MB): peak = 1265.426 ; gain = 0.000
---------------------------------------------------------------------------------
Finished Constraint Validation : Time (s): cpu = 00:00:04 ; elapsed = 00:00:16 . Memory (MB): peak = 1265.426 ; gain = 160.531
---------------------------------------------------------------------------------
---------------------------------------------------------------------------------
Start Loading Part and Timing Information
---------------------------------------------------------------------------------
Loading part: xc7a35tcpg236-1
---------------------------------------------------------------------------------
Finished Loading Part and Timing Information : Time (s): cpu = 00:00:04 ; elapsed = 00:00:16 . Memory (MB): peak = 1265.426 ; gain = 160.531
---------------------------------------------------------------------------------
---------------------------------------------------------------------------------
Start Applying 'set_property' XDC Constraints
---------------------------------------------------------------------------------
Applied set_property KEEP_HIERARCHY = SOFT for U_string_process/U_ila_0. (constraint file  auto generated constraint).
---------------------------------------------------------------------------------
Finished applying 'set_property' XDC Constraints : Time (s): cpu = 00:00:04 ; elapsed = 00:00:16 . Memory (MB): peak = 1265.426 ; gain = 160.531
---------------------------------------------------------------------------------
INFO: [Synth 8-802] inferred FSM for state register 'state_reg_reg' in module 'start_signal'
INFO: [Synth 8-802] inferred FSM for state register 'state_reg' in module 'stopwatch_control_unit'
INFO: [Synth 8-802] inferred FSM for state register 'state_reg_reg' in module 'fifo_data'
INFO: [Synth 8-802] inferred FSM for state register 'state_reg' in module 'transmitter'
INFO: [Synth 8-802] inferred FSM for state register 'state_reg' in module 'reciever'
WARNING: [Synth 8-327] inferring latch for variable 'start_dht11_next_reg' [D:/GitHub/harman_Verilog/DHT11_FINAL/DHT11_FINAL.srcs/sources_1/new/DHT11_control.v:120]
---------------------------------------------------------------------------------------------------
                   State |                     New Encoding |                Previous Encoding 
---------------------------------------------------------------------------------------------------
                    IDLE |                              000 |                              000
                 START_L |                              001 |                              001
                 START_H |                              010 |                              010
                  WAIT_0 |                              011 |                              011
                  WAIT_1 |                              100 |                              100
                READ_LOW |                              101 |                              101
               DATA_DIST |                              110 |                              111
               READ_HIGH |                              111 |                              110
---------------------------------------------------------------------------------------------------
INFO: [Synth 8-3354] encoded FSM with state register 'state_reg_reg' using encoding 'sequential' in module 'start_signal'
WARNING: [Synth 8-327] inferring latch for variable 'receive_dht11_data_reg' [D:/GitHub/harman_Verilog/DHT11_FINAL/DHT11_FINAL.srcs/sources_1/new/DHT11_control.v:61]
---------------------------------------------------------------------------------------------------
                   State |                     New Encoding |                Previous Encoding 
---------------------------------------------------------------------------------------------------
                    STOP |                              001 |                               00
                     RUN |                              010 |                               01
                   CLEAR |                              100 |                               10
---------------------------------------------------------------------------------------------------
INFO: [Synth 8-3354] encoded FSM with state register 'state_reg' using encoding 'one-hot' in module 'stopwatch_control_unit'
---------------------------------------------------------------------------------------------------
                   State |                     New Encoding |                Previous Encoding 
---------------------------------------------------------------------------------------------------
                    IDLE | 0000000000000000000000000000000000001 |                           000000
                    HUM1 | 0000000000000000000000000000000000010 |                           001011
                    HUM2 | 0000000000000000000000000000000000100 |                           001100
                    HUM3 | 0000000000000000000000000000000001000 |                           001101
                    HUM4 | 0000000000000000000000000000000010000 |                           001110
                    HUM5 | 0000000000000000000000000000000100000 |                           001111
                    HUM6 | 0000000000000000000000000000001000000 |                           010000
                    HUM7 | 0000000000000000000000000000010000000 |                           010001
                    HUM8 | 0000000000000000000000000000100000000 |                           010010
                  COLON1 | 0000000000000000000000000001000000000 |                           011110
                  DATA_1 | 0000000000000000000000000010000000000 |                           000001
                  DATA_2 | 0000000000000000000000000100000000000 |                           000010
                  POINT0 | 0000000000000000000000001000000000000 |                           001001
                  DATA_3 | 0000000000000000000000010000000000000 |                           000011
                  DATA_4 | 0000000000000000000000100000000000000 |                           000100
                     PER | 0000000000000000000001000000000000000 |                           100011
                   COMMA | 0000000000000000000010000000000000000 |                           100000
                   SPACE | 0000000000000000000100000000000000000 |                           100100
                    TEM1 | 0000000000000000001000000000000000000 |                           010011
                    TEM2 | 0000000000000000010000000000000000000 |                           010100
                    TEM3 | 0000000000000000100000000000000000000 |                           010101
                    TEM4 | 0000000000000001000000000000000000000 |                           010110
                    TEM5 | 0000000000000010000000000000000000000 |                           010111
                    TEM6 | 0000000000000100000000000000000000000 |                           011000
                    TEM7 | 0000000000001000000000000000000000000 |                           011001
                    TEM8 | 0000000000010000000000000000000000000 |                           011010
                    TEM9 | 0000000000100000000000000000000000000 |                           011011
                   TEM10 | 0000000001000000000000000000000000000 |                           011100
                   TEM11 | 0000000010000000000000000000000000000 |                           011101
                  COLON2 | 0000000100000000000000000000000000000 |                           011111
                  DATA_5 | 0000001000000000000000000000000000000 |                           000101
                  DATA_6 | 0000010000000000000000000000000000000 |                           000110
                  POINT1 | 0000100000000000000000000000000000000 |                           001010
                  DATA_7 | 0001000000000000000000000000000000000 |                           000111
                  DATA_8 | 0010000000000000000000000000000000000 |                           001000
                    CEL1 | 0100000000000000000000000000000000000 |                           100001
                    CEL2 | 1000000000000000000000000000000000000 |                           100010
---------------------------------------------------------------------------------------------------
INFO: [Synth 8-3354] encoded FSM with state register 'state_reg_reg' using encoding 'one-hot' in module 'fifo_data'
---------------------------------------------------------------------------------------------------
                   State |                     New Encoding |                Previous Encoding 
---------------------------------------------------------------------------------------------------
                    IDLE |                               00 |                               00
                   START |                               01 |                               01
                    DATA |                               10 |                               10
                    STOP |                               11 |                               11
---------------------------------------------------------------------------------------------------
INFO: [Synth 8-3354] encoded FSM with state register 'state_reg' using encoding 'sequential' in module 'transmitter'
---------------------------------------------------------------------------------------------------
                   State |                     New Encoding |                Previous Encoding 
---------------------------------------------------------------------------------------------------
                    IDLE |                               00 |                               00
                   START |                               01 |                               01
                    DATA |                               10 |                               10
                    STOP |                               11 |                               11
---------------------------------------------------------------------------------------------------
INFO: [Synth 8-3354] encoded FSM with state register 'state_reg' using encoding 'sequential' in module 'reciever'
---------------------------------------------------------------------------------
Finished RTL Optimization Phase 2 : Time (s): cpu = 00:00:05 ; elapsed = 00:00:18 . Memory (MB): peak = 1265.426 ; gain = 160.531
---------------------------------------------------------------------------------
---------------------------------------------------------------------------------
Start RTL Component Statistics 
---------------------------------------------------------------------------------
Detailed RTL Component Info : 
+---Adders : 
	   2 Input   32 Bit       Adders := 4     
	   3 Input   32 Bit       Adders := 4     
	   2 Input   22 Bit       Adders := 1     
	   2 Input   20 Bit       Adders := 2     
	   2 Input   17 Bit       Adders := 4     
	   2 Input   15 Bit       Adders := 1     
	   2 Input   10 Bit       Adders := 1     
	   2 Input    8 Bit       Adders := 5     
	   4 Input    8 Bit       Adders := 1     
	   2 Input    7 Bit       Adders := 3     
	   2 Input    6 Bit       Adders := 5     
	   2 Input    5 Bit       Adders := 2     
	   2 Input    4 Bit       Adders := 2     
	   2 Input    3 Bit       Adders := 3     
+---Registers : 
	               40 Bit    Registers := 1     
	               22 Bit    Registers := 1     
	               20 Bit    Registers := 2     
	               17 Bit    Registers := 4     
	               15 Bit    Registers := 1     
	               10 Bit    Registers := 1     
	                8 Bit    Registers := 275   
	                7 Bit    Registers := 3     
	                6 Bit    Registers := 5     
	                5 Bit    Registers := 2     
	                4 Bit    Registers := 4     
	                3 Bit    Registers := 3     
	                1 Bit    Registers := 33    
+---Multipliers : 
	               4x32  Multipliers := 4     
+---Muxes : 
	   2 Input   22 Bit        Muxes := 1     
	   2 Input   20 Bit        Muxes := 3     
	   2 Input   17 Bit        Muxes := 4     
	   2 Input   15 Bit        Muxes := 5     
	   8 Input   15 Bit        Muxes := 1     
	   2 Input    8 Bit        Muxes := 11    
	  37 Input    8 Bit        Muxes := 1     
	   4 Input    8 Bit        Muxes := 1     
	   2 Input    7 Bit        Muxes := 7     
	   8 Input    6 Bit        Muxes := 1     
	   2 Input    6 Bit        Muxes := 10    
	   2 Input    5 Bit        Muxes := 5     
	   2 Input    4 Bit        Muxes := 6     
	   8 Input    4 Bit        Muxes := 1     
	   4 Input    4 Bit        Muxes := 2     
	   5 Input    3 Bit        Muxes := 1     
	   3 Input    3 Bit        Muxes := 2     
	   8 Input    3 Bit        Muxes := 1     
	   2 Input    3 Bit        Muxes := 5     
	   4 Input    3 Bit        Muxes := 1     
	   2 Input    2 Bit        Muxes := 3     
	   4 Input    2 Bit        Muxes := 2     
	   2 Input    1 Bit        Muxes := 41    
	   3 Input    1 Bit        Muxes := 29    
	   4 Input    1 Bit        Muxes := 250   
	   8 Input    1 Bit        Muxes := 12    
	  37 Input    1 Bit        Muxes := 3     
---------------------------------------------------------------------------------
Finished RTL Component Statistics 
---------------------------------------------------------------------------------
---------------------------------------------------------------------------------
Start Part Resource Summary
---------------------------------------------------------------------------------
Part Resources:
DSPs: 90 (col length:60)
BRAMs: 100 (col length: RAMB18 60 RAMB36 30)
---------------------------------------------------------------------------------
Finished Part Resource Summary
---------------------------------------------------------------------------------
---------------------------------------------------------------------------------
Start Cross Boundary and Area Optimization
---------------------------------------------------------------------------------
---------------------------------------------------------------------------------
Finished Cross Boundary and Area Optimization : Time (s): cpu = 00:00:11 ; elapsed = 00:00:36 . Memory (MB): peak = 1265.426 ; gain = 160.531
---------------------------------------------------------------------------------
---------------------------------------------------------------------------------
Start ROM, RAM, DSP, Shift Register and Retiming Reporting
---------------------------------------------------------------------------------

Distributed RAM: Preliminary Mapping	Report (see note below)
+------------+-------------------------+-----------+----------------------+--------------------------+
|Module Name | RTL Object              | Inference | Size (Depth x Width) | Primitives               | 
+------------+-------------------------+-----------+----------------------+--------------------------+
|U_Tx_fifo   | U_register_file/mem_reg | Implied   | 256 x 8              | RAM64X1D x 8	RAM64M x 8	 | 
+------------+-------------------------+-----------+----------------------+--------------------------+

Note: The table above is a preliminary report that shows the Distributed RAMs at the current stage of the synthesis flow. Some Distributed RAMs may be reimplemented as non Distributed RAM primitives later in the synthesis flow. Multiple instantiated RAMs are reported only once.
---------------------------------------------------------------------------------
Finished ROM, RAM, DSP, Shift Register and Retiming Reporting
---------------------------------------------------------------------------------
---------------------------------------------------------------------------------
Start Applying XDC Timing Constraints
---------------------------------------------------------------------------------
---------------------------------------------------------------------------------
Finished Applying XDC Timing Constraints : Time (s): cpu = 00:00:12 ; elapsed = 00:00:40 . Memory (MB): peak = 1265.426 ; gain = 160.531
---------------------------------------------------------------------------------
---------------------------------------------------------------------------------
Start Timing Optimization
---------------------------------------------------------------------------------
---------------------------------------------------------------------------------
Finished Timing Optimization : Time (s): cpu = 00:00:13 ; elapsed = 00:00:43 . Memory (MB): peak = 1351.727 ; gain = 246.832
---------------------------------------------------------------------------------
---------------------------------------------------------------------------------
Start ROM, RAM, DSP, Shift Register and Retiming Reporting
---------------------------------------------------------------------------------

Distributed RAM: Final Mapping	Report
+------------+-------------------------+-----------+----------------------+--------------------------+
|Module Name | RTL Object              | Inference | Size (Depth x Width) | Primitives               | 
+------------+-------------------------+-----------+----------------------+--------------------------+
|U_Tx_fifo   | U_register_file/mem_reg | Implied   | 256 x 8              | RAM64X1D x 8	RAM64M x 8	 | 
+------------+-------------------------+-----------+----------------------+--------------------------+

---------------------------------------------------------------------------------
Finished ROM, RAM, DSP, Shift Register and Retiming Reporting
---------------------------------------------------------------------------------
---------------------------------------------------------------------------------
Start Technology Mapping
---------------------------------------------------------------------------------
---------------------------------------------------------------------------------
Finished Technology Mapping : Time (s): cpu = 00:00:14 ; elapsed = 00:00:45 . Memory (MB): peak = 1352.785 ; gain = 247.891
---------------------------------------------------------------------------------
---------------------------------------------------------------------------------
Start IO Insertion
---------------------------------------------------------------------------------
---------------------------------------------------------------------------------
Start Flattening Before IO Insertion
---------------------------------------------------------------------------------
---------------------------------------------------------------------------------
Finished Flattening Before IO Insertion
---------------------------------------------------------------------------------
---------------------------------------------------------------------------------
Start Final Netlist Cleanup
---------------------------------------------------------------------------------
---------------------------------------------------------------------------------
Finished Final Netlist Cleanup
---------------------------------------------------------------------------------
---------------------------------------------------------------------------------
Finished IO Insertion : Time (s): cpu = 00:00:15 ; elapsed = 00:00:47 . Memory (MB): peak = 1352.785 ; gain = 247.891
---------------------------------------------------------------------------------
---------------------------------------------------------------------------------
Start Renaming Generated Instances
---------------------------------------------------------------------------------
---------------------------------------------------------------------------------
Finished Renaming Generated Instances : Time (s): cpu = 00:00:15 ; elapsed = 00:00:47 . Memory (MB): peak = 1352.785 ; gain = 247.891
---------------------------------------------------------------------------------
---------------------------------------------------------------------------------
Start Rebuilding User Hierarchy
---------------------------------------------------------------------------------
---------------------------------------------------------------------------------
Finished Rebuilding User Hierarchy : Time (s): cpu = 00:00:15 ; elapsed = 00:00:47 . Memory (MB): peak = 1352.785 ; gain = 247.891
---------------------------------------------------------------------------------
---------------------------------------------------------------------------------
Start Renaming Generated Ports
---------------------------------------------------------------------------------
---------------------------------------------------------------------------------
Finished Renaming Generated Ports : Time (s): cpu = 00:00:15 ; elapsed = 00:00:47 . Memory (MB): peak = 1352.785 ; gain = 247.891
---------------------------------------------------------------------------------
---------------------------------------------------------------------------------
Start Handling Custom Attributes
---------------------------------------------------------------------------------
---------------------------------------------------------------------------------
Finished Handling Custom Attributes : Time (s): cpu = 00:00:15 ; elapsed = 00:00:47 . Memory (MB): peak = 1352.785 ; gain = 247.891
---------------------------------------------------------------------------------
---------------------------------------------------------------------------------
Start Renaming Generated Nets
---------------------------------------------------------------------------------
---------------------------------------------------------------------------------
Finished Renaming Generated Nets : Time (s): cpu = 00:00:15 ; elapsed = 00:00:47 . Memory (MB): peak = 1352.785 ; gain = 247.891
---------------------------------------------------------------------------------
---------------------------------------------------------------------------------
Start Writing Synthesis Report
---------------------------------------------------------------------------------

Report BlackBoxes: 
+------+--------------+----------+
|      |BlackBox name |Instances |
+------+--------------+----------+
|1     |ila_0         |         1|
+------+--------------+----------+

Report Cell Usage: 
+------+---------+------+
|      |Cell     |Count |
+------+---------+------+
|1     |ila      |     1|
|2     |BUFG     |     2|
|3     |CARRY4   |    78|
|4     |LUT1     |    22|
|5     |LUT2     |   326|
|6     |LUT3     |    95|
|7     |LUT4     |   196|
|8     |LUT5     |   145|
|9     |LUT6     |  1102|
|10    |MUXF7    |   254|
|11    |MUXF8    |   126|
|12    |RAM64M   |     8|
|13    |RAM64X1D |     4|
|14    |FDCE     |   476|
|15    |FDPE     |     4|
|16    |FDRE     |  2059|
|17    |LD       |     2|
|18    |IBUF     |     9|
|19    |IOBUF    |     1|
|20    |OBUF     |    17|
+------+---------+------+
---------------------------------------------------------------------------------
Finished Writing Synthesis Report : Time (s): cpu = 00:00:15 ; elapsed = 00:00:47 . Memory (MB): peak = 1352.785 ; gain = 247.891
---------------------------------------------------------------------------------
Synthesis finished with 0 errors, 0 critical warnings and 2 warnings.
Synthesis Optimization Runtime : Time (s): cpu = 00:00:12 ; elapsed = 00:00:44 . Memory (MB): peak = 1352.785 ; gain = 136.102
Synthesis Optimization Complete : Time (s): cpu = 00:00:15 ; elapsed = 00:00:47 . Memory (MB): peak = 1352.785 ; gain = 247.891
INFO: [Project 1-571] Translating synthesized netlist
Netlist sorting complete. Time (s): cpu = 00:00:00 ; elapsed = 00:00:00.033 . Memory (MB): peak = 1364.668 ; gain = 0.000
INFO: [Netlist 29-17] Analyzing 473 Unisim elements for replacement
INFO: [Netlist 29-28] Unisim Transformation completed in 0 CPU seconds
INFO: [Project 1-570] Preparing netlist for logic optimization
INFO: [Opt 31-138] Pushed 2 inverter(s) to 2 load pin(s).
Netlist sorting complete. Time (s): cpu = 00:00:00 ; elapsed = 00:00:00.002 . Memory (MB): peak = 1364.668 ; gain = 0.000
INFO: [Project 1-111] Unisim Transformation Summary:
  A total of 15 instances were transformed.
  IOBUF => IOBUF (IBUF, OBUFT): 1 instance 
  LD => LDCE: 2 instances
  RAM64M => RAM64M (RAMD64E(x4)): 8 instances
  RAM64X1D => RAM64X1D (RAMD64E(x2)): 4 instances

INFO: [Common 17-83] Releasing license: Synthesis
117 Infos, 14 Warnings, 0 Critical Warnings and 0 Errors encountered.
synth_design completed successfully
synth_design: Time (s): cpu = 00:00:17 ; elapsed = 00:00:53 . Memory (MB): peak = 1364.668 ; gain = 259.773
INFO: [Common 17-600] The following parameters have non-default value.
tcl.collectionResultDisplayLimit
INFO: [Common 17-1381] The checkpoint 'D:/GitHub/harman_Verilog/DHT11_FINAL/DHT11_FINAL.runs/synth_1/top_dht11.dcp' has been generated.
INFO: [runtcl-4] Executing : report_utilization -file top_dht11_utilization_synth.rpt -pb top_dht11_utilization_synth.pb
INFO: [Common 17-206] Exiting Vivado at Fri Nov 29 17:30:11 2024...
