Copyright 1986-2020 Xilinx, Inc. All Rights Reserved.
--------------------------------------------------------------------------------------------
| Tool Version : Vivado v.2020.2 (win64) Build 3064766 Wed Nov 18 09:12:45 MST 2020
| Date         : Sat Jan 11 11:59:08 2025
| Host         : DESKTOP-PFRE25G running 64-bit major release  (build 9200)
| Command      : report_clock_utilization -file top_VGA_CAMERA_clock_utilization_routed.rpt
| Design       : top_VGA_CAMERA
| Device       : 7a35t-cpg236
| Speed File   : -1  PRODUCTION 1.23 2018-06-13
| Design State : Routed
--------------------------------------------------------------------------------------------

Clock Utilization Report

Table of Contents
-----------------
1. Clock Primitive Utilization
2. Global Clock Resources
3. Global Clock Source Details
4. Local Clock Details
5. Clock Regions: Key Resource Utilization
6. Clock Regions : Global Clock Summary
7. Device Cell Placement Summary for Global Clock g0
8. Device Cell Placement Summary for Global Clock g1
9. Device Cell Placement Summary for Global Clock g2
10. Device Cell Placement Summary for Global Clock g3
11. Device Cell Placement Summary for Global Clock g4
12. Device Cell Placement Summary for Global Clock g5
13. Device Cell Placement Summary for Global Clock g6
14. Clock Region Cell Placement per Global Clock: Region X0Y0
15. Clock Region Cell Placement per Global Clock: Region X1Y0
16. Clock Region Cell Placement per Global Clock: Region X0Y1
17. Clock Region Cell Placement per Global Clock: Region X1Y1
18. Clock Region Cell Placement per Global Clock: Region X0Y2
19. Clock Region Cell Placement per Global Clock: Region X1Y2

1. Clock Primitive Utilization
------------------------------

+----------+------+-----------+-----+--------------+--------+
| Type     | Used | Available | LOC | Clock Region | Pblock |
+----------+------+-----------+-----+--------------+--------+
| BUFGCTRL |    7 |        32 |   0 |            0 |      0 |
| BUFH     |    0 |        72 |   0 |            0 |      0 |
| BUFIO    |    0 |        20 |   0 |            0 |      0 |
| BUFMR    |    0 |        10 |   0 |            0 |      0 |
| BUFR     |    0 |        20 |   0 |            0 |      0 |
| MMCM     |    1 |         5 |   0 |            0 |      0 |
| PLL      |    0 |         5 |   0 |            0 |      0 |
+----------+------+-----------+-----+--------------+--------+


2. Global Clock Resources
-------------------------

+-----------+-----------+-----------------+------------+---------------+--------------+-------------------+-------------+-----------------+--------------+------------------------+-------------------------------+----------------------------------------+
| Global Id | Source Id | Driver Type/Pin | Constraint | Site          | Clock Region | Load Clock Region | Clock Loads | Non-Clock Loads | Clock Period | Clock                  | Driver Pin                    | Net                                    |
+-----------+-----------+-----------------+------------+---------------+--------------+-------------------+-------------+-----------------+--------------+------------------------+-------------------------------+----------------------------------------+
| g0        | src0      | BUFG/O          | None       | BUFGCTRL_X0Y2 | n/a          |                 6 |       12566 |               0 |       20.000 | clk_50_clk_wiz_0       | U_clk_gene/inst/clkout4_buf/O | U_clk_gene/inst/clk_50                 |
| g1        | src1      | BUFG/O          | None       | BUFGCTRL_X0Y3 | n/a          |                 2 |          55 |               0 |              |                        | ov7670_pclk1_IBUF_BUFG_inst/O | ov7670_pclk1_IBUF_BUFG                 |
| g2        | src2      | BUFG/O          | None       | BUFGCTRL_X0Y4 | n/a          |                 4 |          55 |               0 |              |                        | ov7670_pclk2_IBUF_BUFG_inst/O | ov7670_pclk2_IBUF_BUFG                 |
| g3        | src3      | BUFG/O          | None       | BUFGCTRL_X0Y5 | n/a          |                 4 |          52 |               0 |       40.000 | vga_clk_clk_wiz_0      | U_clk_gene/inst/clkout1_buf/O | U_clk_gene/inst/vga_clk                |
| g4        | src4      | BUFG/O          | None       | BUFGCTRL_X0Y6 | n/a          |                 1 |           1 |               0 |       10.000 | clkfbout_clk_wiz_0_1   | U_clk_gene/inst/clkf_buf/O    | U_clk_gene/inst/clkfbout_buf_clk_wiz_0 |
| g5        | src5      | BUFG/O          | None       | BUFGCTRL_X0Y0 | n/a          |                 1 |           0 |               1 |       41.667 | ov7670_xclk1_clk_wiz_0 | U_clk_gene/inst/clkout2_buf/O | U_clk_gene/inst/ov7670_xclk1           |
| g6        | src6      | BUFG/O          | None       | BUFGCTRL_X0Y1 | n/a          |                 1 |           0 |               1 |       41.667 | ov7670_xclk2_clk_wiz_0 | U_clk_gene/inst/clkout3_buf/O | U_clk_gene/inst/ov7670_xclk2           |
+-----------+-----------+-----------------+------------+---------------+--------------+-------------------+-------------+-----------------+--------------+------------------------+-------------------------------+----------------------------------------+
* Clock Loads column represents the clock pin loads (pin count)
** Non-Clock Loads column represents the non-clock pin loads (pin count)


3. Global Clock Source Details
------------------------------

+-----------+-----------+---------------------+------------+-----------------+--------------+-------------+-----------------+---------------------+--------------+----------------------------------------+----------------------------------------+
| Source Id | Global Id | Driver Type/Pin     | Constraint | Site            | Clock Region | Clock Loads | Non-Clock Loads | Source Clock Period | Source Clock | Driver Pin                             | Net                                    |
+-----------+-----------+---------------------+------------+-----------------+--------------+-------------+-----------------+---------------------+--------------+----------------------------------------+----------------------------------------+
| src0      | g0        | MMCME2_ADV/CLKOUT3  | None       | MMCME2_ADV_X1Y0 | X1Y0         |           1 |               0 |              20.000 | Multiple     | U_clk_gene/inst/mmcm_adv_inst/CLKOUT3  | U_clk_gene/inst/clk_50_clk_wiz_0       |
| src1      | g1        | IBUF/O              | IOB_X0Y26  | IOB_X0Y26       | X0Y0         |           1 |               0 |                     |              | ov7670_pclk1_IBUF_inst/O               | ov7670_pclk1_IBUF                      |
| src2      | g2        | IBUF/O              | IOB_X0Y24  | IOB_X0Y24       | X0Y0         |           1 |               0 |                     |              | ov7670_pclk2_IBUF_inst/O               | ov7670_pclk2_IBUF                      |
| src3      | g3        | MMCME2_ADV/CLKOUT0  | None       | MMCME2_ADV_X1Y0 | X1Y0         |           1 |               0 |              40.000 | Multiple     | U_clk_gene/inst/mmcm_adv_inst/CLKOUT0  | U_clk_gene/inst/vga_clk_clk_wiz_0      |
| src4      | g4        | MMCME2_ADV/CLKFBOUT | None       | MMCME2_ADV_X1Y0 | X1Y0         |           1 |               0 |              10.000 | Multiple     | U_clk_gene/inst/mmcm_adv_inst/CLKFBOUT | U_clk_gene/inst/clkfbout_clk_wiz_0     |
| src5      | g5        | MMCME2_ADV/CLKOUT1  | None       | MMCME2_ADV_X1Y0 | X1Y0         |           1 |               0 |              41.667 | Multiple     | U_clk_gene/inst/mmcm_adv_inst/CLKOUT1  | U_clk_gene/inst/ov7670_xclk1_clk_wiz_0 |
| src6      | g6        | MMCME2_ADV/CLKOUT2  | None       | MMCME2_ADV_X1Y0 | X1Y0         |           1 |               0 |              41.667 | Multiple     | U_clk_gene/inst/mmcm_adv_inst/CLKOUT2  | U_clk_gene/inst/ov7670_xclk2_clk_wiz_0 |
+-----------+-----------+---------------------+------------+-----------------+--------------+-------------+-----------------+---------------------+--------------+----------------------------------------+----------------------------------------+
* Clock Loads column represents the clock pin loads (pin count)
** Non-Clock Loads column represents the non-clock pin loads (pin count)


4. Local Clock Details
----------------------

+----------+-----------------+------------+-------------------+--------------+-------------+-----------------+--------------+-------+-------------------------------------------------------+------------------------------------+
| Local Id | Driver Type/Pin | Constraint | Site/BEL          | Clock Region | Clock Loads | Non-Clock Loads | Clock Period | Clock | Driver Pin                                            | Net                                |
+----------+-----------------+------------+-------------------+--------------+-------------+-----------------+--------------+-------+-------------------------------------------------------+------------------------------------||
| 0        | FDCE/Q          | None       | SLICE_X40Y116/BFF | X1Y2         |           4 |               3 |              |       | U_DepthAlgorithm_Census/FSM_onehot_state_reg_reg[1]/Q | U_DepthAlgorithm_Census/index_next - Static -
+----------+-----------------+------------+-------------------+--------------+-------------+-----------------+--------------+-------+-------------------------------------------------------+------------------------------------||
* Local Clocks in this context represents only clocks driven by non-global buffers
** Clock Loads column represents the clock pin loads (pin count)
*** Non-Clock Loads column represents the non-clock pin loads (pin count)


5. Clock Regions: Key Resource Utilization
------------------------------------------

+-------------------+--------------+--------------+--------------+--------------+--------------+--------------+--------------+--------------+--------------+--------------+--------------+--------------+--------------+--------------+--------------+
|                   | Global Clock |     BUFRs    |    BUFMRs    |    BUFIOs    |     MMCM     |      PLL     |      GT      |      PCI     |    ILOGIC    |    OLOGIC    |      FF      |     LUTM     |    RAMB18    |    RAMB36    |    DSP48E2   |
+-------------------+------+-------+------+-------+------+-------+------+-------+------+-------+------+-------+------+-------+------+-------+------+-------+------+-------+------+-------+------+-------+------+-------+------+-------+------+-------+
| Clock Region Name | Used | Avail | Used | Avail | Used | Avail | Used | Avail | Used | Avail | Used | Avail | Used | Avail | Used | Avail | Used | Avail | Used | Avail | Used | Avail | Used | Avail | Used | Avail | Used | Avail | Used | Avail |
+-------------------+------+-------+------+-------+------+-------+------+-------+------+-------+------+-------+------+-------+------+-------+------+-------+------+-------+------+-------+------+-------+------+-------+------+-------+------+-------+
| X0Y0              |    2 |    12 |    0 |     4 |    0 |     2 |    0 |     4 |    0 |     1 |    0 |     1 |    0 |     0 |    0 |     0 |    0 |    50 |    0 |    50 | 1863 |  1200 |  663 |   400 |    0 |    20 |    0 |    10 |    0 |    20 |
| X1Y0              |    2 |    12 |    0 |     4 |    0 |     2 |    0 |     4 |    1 |     1 |    0 |     1 |    0 |     0 |    0 |     0 |    0 |    50 |    0 |    50 | 3052 |  1500 |  928 |   450 |    0 |    40 |    0 |    20 |    0 |    20 |
| X0Y1              |    4 |    12 |    0 |     4 |    0 |     2 |    0 |     4 |    0 |     1 |    0 |     1 |    0 |     0 |    0 |     0 |    0 |    50 |    0 |    50 | 2041 |  1200 |  676 |   400 |    0 |    20 |    8 |    10 |    0 |    20 |
| X1Y1              |    5 |    12 |    0 |     4 |    0 |     2 |    0 |     4 |    0 |     1 |    0 |     1 |    0 |     0 |    0 |     0 |    0 |    50 |    0 |    50 | 3061 |  1500 |  916 |   450 |    0 |    40 |   12 |    20 |    0 |    20 |
| X0Y2              |    3 |    12 |    0 |     4 |    0 |     2 |    0 |     4 |    0 |     1 |    0 |     1 |    0 |     0 |    0 |     0 |    0 |    50 |    0 |    50 | 1853 |  1800 |  418 |   400 |    0 |    20 |    9 |    10 |    0 |    20 |
| X1Y2              |    3 |    12 |    0 |     0 |    0 |     0 |    0 |     0 |    0 |     0 |    0 |     0 |    0 |     4 |    0 |     1 |    0 |     0 |    0 |     0 |  794 |   950 |  263 |   300 |    0 |    10 |    3 |     5 |    0 |    20 |
+-------------------+------+-------+------+-------+------+-------+------+-------+------+-------+------+-------+------+-------+------+-------+------+-------+------+-------+------+-------+------+-------+------+-------+------+-------+------+-------+
* Global Clock column represents track count; while other columns represents cell counts


6. Clock Regions : Global Clock Summary
---------------------------------------

All Modules
+----+----+----+
|    | X0 | X1 |
+----+----+----+
| Y2 |  3 |  3 |
| Y1 |  4 |  5 |
| Y0 |  2 |  2 |
+----+----+----+


7. Device Cell Placement Summary for Global Clock g0
----------------------------------------------------

+-----------+-----------------+-------------------+----------+-------------+----------------+-------------+----------+----------------+----------+------------------------+
| Global Id | Driver Type/Pin | Driver Region (D) | Clock    | Period (ns) | Waveform (ns)  | Slice Loads | IO Loads | Clocking Loads | GT Loads | Net                    |
+-----------+-----------------+-------------------+----------+-------------+----------------+-------------+----------+----------------+----------+------------------------+
| g0        | BUFG/O          | n/a               | Multiple |      20.000 | {0.000 10.000} |       12566 |        0 |              0 |        0 | U_clk_gene/inst/clk_50 |
+-----------+-----------------+-------------------+----------+-------------+----------------+-------------+----------+----------------+----------+------------------------+
* Slice Loads column represents load cell count of all cell types other than IO, GT and clock resources
** IO Loads column represents load cell count of IO types
*** Clocking Loads column represents load cell count that are clock resources (global clock buffer, MMCM, PLL, etc)
**** GT Loads column represents load cell count of GT types


+----+-------+-------+-----------------------+
|    | X0    | X1    | HORIZONTAL PROG DELAY |
+----+-------+-------+-----------------------+
| Y2 |  1817 |   791 |                     0 |
| Y1 |  1995 |  3048 |                     0 |
| Y0 |  1863 |  3052 |                     0 |
+----+-------+-------+-----------------------+


8. Device Cell Placement Summary for Global Clock g1
----------------------------------------------------

+-----------+-----------------+-------------------+-------+-------------+---------------+-------------+----------+----------------+----------+------------------------+
| Global Id | Driver Type/Pin | Driver Region (D) | Clock | Period (ns) | Waveform (ns) | Slice Loads | IO Loads | Clocking Loads | GT Loads | Net                    |
+-----------+-----------------+-------------------+-------+-------------+---------------+-------------+----------+----------------+----------+------------------------+
| g1        | BUFG/O          | n/a               |       |             |               |          55 |        0 |              0 |        0 | ov7670_pclk1_IBUF_BUFG |
+-----------+-----------------+-------------------+-------+-------------+---------------+-------------+----------+----------------+----------+------------------------+
* Slice Loads column represents load cell count of all cell types other than IO, GT and clock resources
** IO Loads column represents load cell count of IO types
*** Clocking Loads column represents load cell count that are clock resources (global clock buffer, MMCM, PLL, etc)
**** GT Loads column represents load cell count of GT types


+----+-----+-----+-----------------------+
|    | X0  | X1  | HORIZONTAL PROG DELAY |
+----+-----+-----+-----------------------+
| Y2 |   0 |   0 |                     0 |
| Y1 |  32 |  23 |                     0 |
| Y0 |   0 |   0 |                     0 |
+----+-----+-----+-----------------------+


9. Device Cell Placement Summary for Global Clock g2
----------------------------------------------------

+-----------+-----------------+-------------------+-------+-------------+---------------+-------------+----------+----------------+----------+------------------------+
| Global Id | Driver Type/Pin | Driver Region (D) | Clock | Period (ns) | Waveform (ns) | Slice Loads | IO Loads | Clocking Loads | GT Loads | Net                    |
+-----------+-----------------+-------------------+-------+-------------+---------------+-------------+----------+----------------+----------+------------------------+
| g2        | BUFG/O          | n/a               |       |             |               |          55 |        0 |              0 |        0 | ov7670_pclk2_IBUF_BUFG |
+-----------+-----------------+-------------------+-------+-------------+---------------+-------------+----------+----------------+----------+------------------------+
* Slice Loads column represents load cell count of all cell types other than IO, GT and clock resources
** IO Loads column represents load cell count of IO types
*** Clocking Loads column represents load cell count that are clock resources (global clock buffer, MMCM, PLL, etc)
**** GT Loads column represents load cell count of GT types


+----+-----+----+-----------------------+
|    | X0  | X1 | HORIZONTAL PROG DELAY |
+----+-----+----+-----------------------+
| Y2 |  45 |  6 |                     0 |
| Y1 |   2 |  2 |                     0 |
| Y0 |   0 |  0 |                     0 |
+----+-----+----+-----------------------+


10. Device Cell Placement Summary for Global Clock g3
-----------------------------------------------------

+-----------+-----------------+-------------------+----------+-------------+----------------+-------------+----------+----------------+----------+-------------------------+
| Global Id | Driver Type/Pin | Driver Region (D) | Clock    | Period (ns) | Waveform (ns)  | Slice Loads | IO Loads | Clocking Loads | GT Loads | Net                     |
+-----------+-----------------+-------------------+----------+-------------+----------------+-------------+----------+----------------+----------+-------------------------+
| g3        | BUFG/O          | n/a               | Multiple |      40.000 | {0.000 20.000} |          52 |        0 |              0 |        0 | U_clk_gene/inst/vga_clk |
+-----------+-----------------+-------------------+----------+-------------+----------------+-------------+----------+----------------+----------+-------------------------+
* Slice Loads column represents load cell count of all cell types other than IO, GT and clock resources
** IO Loads column represents load cell count of IO types
*** Clocking Loads column represents load cell count that are clock resources (global clock buffer, MMCM, PLL, etc)
**** GT Loads column represents load cell count of GT types


+----+-----+-----+-----------------------+
|    | X0  | X1  | HORIZONTAL PROG DELAY |
+----+-----+-----+-----------------------+
| Y2 |   9 |   3 |                     0 |
| Y1 |  28 |  12 |                     0 |
| Y0 |   0 |   0 |                     0 |
+----+-----+-----+-----------------------+


11. Device Cell Placement Summary for Global Clock g4
-----------------------------------------------------

+-----------+-----------------+-------------------+----------+-------------+---------------+-------------+----------+----------------+----------+----------------------------------------+
| Global Id | Driver Type/Pin | Driver Region (D) | Clock    | Period (ns) | Waveform (ns) | Slice Loads | IO Loads | Clocking Loads | GT Loads | Net                                    |
+-----------+-----------------+-------------------+----------+-------------+---------------+-------------+----------+----------------+----------+----------------------------------------+
| g4        | BUFG/O          | n/a               | Multiple |      10.000 | {0.000 5.000} |           0 |        0 |              1 |        0 | U_clk_gene/inst/clkfbout_buf_clk_wiz_0 |
+-----------+-----------------+-------------------+----------+-------------+---------------+-------------+----------+----------------+----------+----------------------------------------+
* Slice Loads column represents load cell count of all cell types other than IO, GT and clock resources
** IO Loads column represents load cell count of IO types
*** Clocking Loads column represents load cell count that are clock resources (global clock buffer, MMCM, PLL, etc)
**** GT Loads column represents load cell count of GT types


+----+----+----+-----------------------+
|    | X0 | X1 | HORIZONTAL PROG DELAY |
+----+----+----+-----------------------+
| Y2 |  0 |  0 |                     0 |
| Y1 |  0 |  0 |                     0 |
| Y0 |  0 |  1 |                     0 |
+----+----+----+-----------------------+


12. Device Cell Placement Summary for Global Clock g5
-----------------------------------------------------

+-----------+-----------------+-------------------+----------+-------------+----------------+-------------+----------+----------------+----------+------------------------------+
| Global Id | Driver Type/Pin | Driver Region (D) | Clock    | Period (ns) | Waveform (ns)  | Slice Loads | IO Loads | Clocking Loads | GT Loads | Net                          |
+-----------+-----------------+-------------------+----------+-------------+----------------+-------------+----------+----------------+----------+------------------------------+
| g5        | BUFG/O          | n/a               | Multiple |      41.667 | {0.000 20.833} |           0 |        1 |              0 |        0 | U_clk_gene/inst/ov7670_xclk1 |
+-----------+-----------------+-------------------+----------+-------------+----------------+-------------+----------+----------------+----------+------------------------------+
* Slice Loads column represents load cell count of all cell types other than IO, GT and clock resources
** IO Loads column represents load cell count of IO types
*** Clocking Loads column represents load cell count that are clock resources (global clock buffer, MMCM, PLL, etc)
**** GT Loads column represents load cell count of GT types


+----+----+----+-----------------------+
|    | X0 | X1 | HORIZONTAL PROG DELAY |
+----+----+----+-----------------------+
| Y2 |  0 |  0 |                     0 |
| Y1 |  0 |  0 |                     0 |
| Y0 |  1 |  0 |                     0 |
+----+----+----+-----------------------+


13. Device Cell Placement Summary for Global Clock g6
-----------------------------------------------------

+-----------+-----------------+-------------------+----------+-------------+----------------+-------------+----------+----------------+----------+------------------------------+
| Global Id | Driver Type/Pin | Driver Region (D) | Clock    | Period (ns) | Waveform (ns)  | Slice Loads | IO Loads | Clocking Loads | GT Loads | Net                          |
+-----------+-----------------+-------------------+----------+-------------+----------------+-------------+----------+----------------+----------+------------------------------+
| g6        | BUFG/O          | n/a               | Multiple |      41.667 | {0.000 20.833} |           0 |        1 |              0 |        0 | U_clk_gene/inst/ov7670_xclk2 |
+-----------+-----------------+-------------------+----------+-------------+----------------+-------------+----------+----------------+----------+------------------------------+
* Slice Loads column represents load cell count of all cell types other than IO, GT and clock resources
** IO Loads column represents load cell count of IO types
*** Clocking Loads column represents load cell count that are clock resources (global clock buffer, MMCM, PLL, etc)
**** GT Loads column represents load cell count of GT types


+----+----+----+-----------------------+
|    | X0 | X1 | HORIZONTAL PROG DELAY |
+----+----+----+-----------------------+
| Y2 |  0 |  0 |                     0 |
| Y1 |  0 |  1 |                     0 |
| Y0 |  0 |  0 |                     0 |
+----+----+----+-----------------------+


14. Clock Region Cell Placement per Global Clock: Region X0Y0
-------------------------------------------------------------

+-----------+-------+-----------------+------------+-------------+-----------------+------+--------+------+-----+----+------+-----+---------+------------------------------+
| Global Id | Track | Driver Type/Pin | Constraint | Clock Loads | Non-Clock Loads | FF   | LUTRAM | RAMB | DSP | GT | MMCM | PLL | Hard IP | Net                          |
+-----------+-------+-----------------+------------+-------------+-----------------+------+--------+------+-----+----+------+-----+---------+------------------------------+
| g0        | n/a   | BUFG/O          | None       |        1863 |               0 | 1863 |      0 |    0 |   0 |  0 |    0 |   0 |       0 | U_clk_gene/inst/clk_50       |
| g5        | n/a   | BUFG/O          | None       |           0 |               1 |    0 |      0 |    0 |   0 |  0 |    0 |   0 |       0 | U_clk_gene/inst/ov7670_xclk1 |
+-----------+-------+-----------------+------------+-------------+-----------------+------+--------+------+-----+----+------+-----+---------+------------------------------+
* Clock Loads column represents the clock pin loads (pin count)
** Non-Clock Loads column represents the non-clock pin loads (pin count)
*** Columns FF, LUTRAM, RAMB through 'Hard IP' represents load cell counts


15. Clock Region Cell Placement per Global Clock: Region X1Y0
-------------------------------------------------------------

+-----------+-------+-----------------+------------+-------------+-----------------+------+--------+------+-----+----+------+-----+---------+----------------------------------------+
| Global Id | Track | Driver Type/Pin | Constraint | Clock Loads | Non-Clock Loads | FF   | LUTRAM | RAMB | DSP | GT | MMCM | PLL | Hard IP | Net                                    |
+-----------+-------+-----------------+------------+-------------+-----------------+------+--------+------+-----+----+------+-----+---------+----------------------------------------+
| g0        | n/a   | BUFG/O          | None       |        3052 |               0 | 3052 |      0 |    0 |   0 |  0 |    0 |   0 |       0 | U_clk_gene/inst/clk_50                 |
| g4        | n/a   | BUFG/O          | None       |           1 |               0 |    0 |      0 |    0 |   0 |  0 |    1 |   0 |       0 | U_clk_gene/inst/clkfbout_buf_clk_wiz_0 |
+-----------+-------+-----------------+------------+-------------+-----------------+------+--------+------+-----+----+------+-----+---------+----------------------------------------+
* Clock Loads column represents the clock pin loads (pin count)
** Non-Clock Loads column represents the non-clock pin loads (pin count)
*** Columns FF, LUTRAM, RAMB through 'Hard IP' represents load cell counts


16. Clock Region Cell Placement per Global Clock: Region X0Y1
-------------------------------------------------------------

+-----------+-------+-----------------+------------+-------------+-----------------+------+--------+------+-----+----+------+-----+---------+-------------------------+
| Global Id | Track | Driver Type/Pin | Constraint | Clock Loads | Non-Clock Loads | FF   | LUTRAM | RAMB | DSP | GT | MMCM | PLL | Hard IP | Net                     |
+-----------+-------+-----------------+------------+-------------+-----------------+------+--------+------+-----+----+------+-----+---------+-------------------------+
| g0        | n/a   | BUFG/O          | None       |        1995 |               0 | 1995 |      0 |    0 |   0 |  0 |    0 |   0 |       0 | U_clk_gene/inst/clk_50  |
| g1        | n/a   | BUFG/O          | None       |          32 |               0 |   26 |      0 |    6 |   0 |  0 |    0 |   0 |       0 | ov7670_pclk1_IBUF_BUFG  |
| g2        | n/a   | BUFG/O          | None       |           2 |               0 |    0 |      0 |    2 |   0 |  0 |    0 |   0 |       0 | ov7670_pclk2_IBUF_BUFG  |
| g3        | n/a   | BUFG/O          | None       |          28 |               0 |   20 |      0 |    8 |   0 |  0 |    0 |   0 |       0 | U_clk_gene/inst/vga_clk |
+-----------+-------+-----------------+------------+-------------+-----------------+------+--------+------+-----+----+------+-----+---------+-------------------------+
* Clock Loads column represents the clock pin loads (pin count)
** Non-Clock Loads column represents the non-clock pin loads (pin count)
*** Columns FF, LUTRAM, RAMB through 'Hard IP' represents load cell counts


17. Clock Region Cell Placement per Global Clock: Region X1Y1
-------------------------------------------------------------

+-----------+-------+-----------------+------------+-------------+-----------------+------+--------+------+-----+----+------+-----+---------+------------------------------+
| Global Id | Track | Driver Type/Pin | Constraint | Clock Loads | Non-Clock Loads | FF   | LUTRAM | RAMB | DSP | GT | MMCM | PLL | Hard IP | Net                          |
+-----------+-------+-----------------+------------+-------------+-----------------+------+--------+------+-----+----+------+-----+---------+------------------------------+
| g0        | n/a   | BUFG/O          | None       |        3048 |               0 | 3048 |      0 |    0 |   0 |  0 |    0 |   0 |       0 | U_clk_gene/inst/clk_50       |
| g1        | n/a   | BUFG/O          | None       |          23 |               0 |   13 |      0 |   10 |   0 |  0 |    0 |   0 |       0 | ov7670_pclk1_IBUF_BUFG       |
| g2        | n/a   | BUFG/O          | None       |           2 |               0 |    0 |      0 |    2 |   0 |  0 |    0 |   0 |       0 | ov7670_pclk2_IBUF_BUFG       |
| g3        | n/a   | BUFG/O          | None       |          12 |               0 |    0 |      0 |   12 |   0 |  0 |    0 |   0 |       0 | U_clk_gene/inst/vga_clk      |
| g6        | n/a   | BUFG/O          | None       |           0 |               1 |    0 |      0 |    0 |   0 |  0 |    0 |   0 |       0 | U_clk_gene/inst/ov7670_xclk2 |
+-----------+-------+-----------------+------------+-------------+-----------------+------+--------+------+-----+----+------+-----+---------+------------------------------+
* Clock Loads column represents the clock pin loads (pin count)
** Non-Clock Loads column represents the non-clock pin loads (pin count)
*** Columns FF, LUTRAM, RAMB through 'Hard IP' represents load cell counts


18. Clock Region Cell Placement per Global Clock: Region X0Y2
-------------------------------------------------------------

+-----------+-------+-----------------+------------+-------------+-----------------+------+--------+------+-----+----+------+-----+---------+-------------------------+
| Global Id | Track | Driver Type/Pin | Constraint | Clock Loads | Non-Clock Loads | FF   | LUTRAM | RAMB | DSP | GT | MMCM | PLL | Hard IP | Net                     |
+-----------+-------+-----------------+------------+-------------+-----------------+------+--------+------+-----+----+------+-----+---------+-------------------------+
| g0        | n/a   | BUFG/O          | None       |        1817 |               0 | 1817 |      0 |    0 |   0 |  0 |    0 |   0 |       0 | U_clk_gene/inst/clk_50  |
| g2        | n/a   | BUFG/O          | None       |          45 |               0 |   36 |      0 |    9 |   0 |  0 |    0 |   0 |       0 | ov7670_pclk2_IBUF_BUFG  |
| g3        | n/a   | BUFG/O          | None       |           9 |               0 |    0 |      0 |    9 |   0 |  0 |    0 |   0 |       0 | U_clk_gene/inst/vga_clk |
+-----------+-------+-----------------+------------+-------------+-----------------+------+--------+------+-----+----+------+-----+---------+-------------------------+
* Clock Loads column represents the clock pin loads (pin count)
** Non-Clock Loads column represents the non-clock pin loads (pin count)
*** Columns FF, LUTRAM, RAMB through 'Hard IP' represents load cell counts


19. Clock Region Cell Placement per Global Clock: Region X1Y2
-------------------------------------------------------------

+-----------+-------+-----------------+------------+-------------+-----------------+-----+--------+------+-----+----+------+-----+---------+-------------------------+
| Global Id | Track | Driver Type/Pin | Constraint | Clock Loads | Non-Clock Loads | FF  | LUTRAM | RAMB | DSP | GT | MMCM | PLL | Hard IP | Net                     |
+-----------+-------+-----------------+------------+-------------+-----------------+-----+--------+------+-----+----+------+-----+---------+-------------------------+
| g0        | n/a   | BUFG/O          | None       |         791 |               0 | 791 |      0 |    0 |   0 |  0 |    0 |   0 |       0 | U_clk_gene/inst/clk_50  |
| g2        | n/a   | BUFG/O          | None       |           6 |               0 |   3 |      0 |    3 |   0 |  0 |    0 |   0 |       0 | ov7670_pclk2_IBUF_BUFG  |
| g3        | n/a   | BUFG/O          | None       |           3 |               0 |   0 |      0 |    3 |   0 |  0 |    0 |   0 |       0 | U_clk_gene/inst/vga_clk |
+-----------+-------+-----------------+------------+-------------+-----------------+-----+--------+------+-----+----+------+-----+---------+-------------------------+
* Clock Loads column represents the clock pin loads (pin count)
** Non-Clock Loads column represents the non-clock pin loads (pin count)
*** Columns FF, LUTRAM, RAMB through 'Hard IP' represents load cell counts



# Location of BUFG Primitives 
set_property LOC BUFGCTRL_X0Y4 [get_cells ov7670_pclk2_IBUF_BUFG_inst]
set_property LOC BUFGCTRL_X0Y3 [get_cells ov7670_pclk1_IBUF_BUFG_inst]
set_property LOC BUFGCTRL_X0Y5 [get_cells U_clk_gene/inst/clkout1_buf]
set_property LOC BUFGCTRL_X0Y1 [get_cells U_clk_gene/inst/clkout3_buf]
set_property LOC BUFGCTRL_X0Y0 [get_cells U_clk_gene/inst/clkout2_buf]
set_property LOC BUFGCTRL_X0Y6 [get_cells U_clk_gene/inst/clkf_buf]
set_property LOC BUFGCTRL_X0Y2 [get_cells U_clk_gene/inst/clkout4_buf]

# Location of IO Primitives which is load of clock spine
set_property LOC IOB_X1Y86 [get_cells ov7670_xclk2_OBUF_inst]
set_property LOC IOB_X0Y28 [get_cells ov7670_xclk1_OBUF_inst]

# Location of clock ports
set_property LOC IOB_X1Y26 [get_ports clk]
set_property LOC IOB_X0Y26 [get_ports ov7670_pclk1]
set_property LOC IOB_X0Y24 [get_ports ov7670_pclk2]

# Clock net "ov7670_pclk2_IBUF_BUFG" driven by instance "ov7670_pclk2_IBUF_BUFG_inst" located at site "BUFGCTRL_X0Y4"
#startgroup
create_pblock {CLKAG_ov7670_pclk2_IBUF_BUFG}
add_cells_to_pblock [get_pblocks  {CLKAG_ov7670_pclk2_IBUF_BUFG}] [get_cells -filter { PRIMITIVE_GROUP != I/O && IS_PRIMITIVE==1 && PRIMITIVE_LEVEL !=INTERNAL } -of_object [get_pins -filter {DIRECTION==IN} -of_objects [get_nets -hierarchical -filter {PARENT=="ov7670_pclk2_IBUF_BUFG"}]]]
resize_pblock [get_pblocks {CLKAG_ov7670_pclk2_IBUF_BUFG}] -add {CLOCKREGION_X0Y1:CLOCKREGION_X0Y1 CLOCKREGION_X0Y2:CLOCKREGION_X0Y2 CLOCKREGION_X1Y1:CLOCKREGION_X1Y1 CLOCKREGION_X1Y2:CLOCKREGION_X1Y2}
#endgroup

# Clock net "ov7670_pclk1_IBUF_BUFG" driven by instance "ov7670_pclk1_IBUF_BUFG_inst" located at site "BUFGCTRL_X0Y3"
#startgroup
create_pblock {CLKAG_ov7670_pclk1_IBUF_BUFG}
add_cells_to_pblock [get_pblocks  {CLKAG_ov7670_pclk1_IBUF_BUFG}] [get_cells -filter { PRIMITIVE_GROUP != I/O && IS_PRIMITIVE==1 && PRIMITIVE_LEVEL !=INTERNAL } -of_object [get_pins -filter {DIRECTION==IN} -of_objects [get_nets -hierarchical -filter {PARENT=="ov7670_pclk1_IBUF_BUFG"}]]]
resize_pblock [get_pblocks {CLKAG_ov7670_pclk1_IBUF_BUFG}] -add {CLOCKREGION_X0Y1:CLOCKREGION_X0Y1 CLOCKREGION_X1Y1:CLOCKREGION_X1Y1}
#endgroup

# Clock net "U_clk_gene/inst/vga_clk" driven by instance "U_clk_gene/inst/clkout1_buf" located at site "BUFGCTRL_X0Y5"
#startgroup
create_pblock {CLKAG_U_clk_gene/inst/vga_clk}
add_cells_to_pblock [get_pblocks  {CLKAG_U_clk_gene/inst/vga_clk}] [get_cells -filter { PRIMITIVE_GROUP != I/O && IS_PRIMITIVE==1 && PRIMITIVE_LEVEL !=INTERNAL } -of_object [get_pins -filter {DIRECTION==IN} -of_objects [get_nets -hierarchical -filter {PARENT=="U_clk_gene/inst/vga_clk"}]]]
resize_pblock [get_pblocks {CLKAG_U_clk_gene/inst/vga_clk}] -add {CLOCKREGION_X0Y1:CLOCKREGION_X0Y1 CLOCKREGION_X0Y2:CLOCKREGION_X0Y2 CLOCKREGION_X1Y1:CLOCKREGION_X1Y1 CLOCKREGION_X1Y2:CLOCKREGION_X1Y2}
#endgroup

# Clock net "U_clk_gene/inst/clk_50" driven by instance "U_clk_gene/inst/clkout4_buf" located at site "BUFGCTRL_X0Y2"
#startgroup
create_pblock {CLKAG_U_clk_gene/inst/clk_50}
add_cells_to_pblock [get_pblocks  {CLKAG_U_clk_gene/inst/clk_50}] [get_cells -filter { PRIMITIVE_GROUP != I/O && IS_PRIMITIVE==1 && PRIMITIVE_LEVEL !=INTERNAL } -of_object [get_pins -filter {DIRECTION==IN} -of_objects [get_nets -hierarchical -filter {PARENT=="U_clk_gene/inst/clk_50"}]]]
resize_pblock [get_pblocks {CLKAG_U_clk_gene/inst/clk_50}] -add {CLOCKREGION_X0Y0:CLOCKREGION_X0Y0 CLOCKREGION_X0Y1:CLOCKREGION_X0Y1 CLOCKREGION_X0Y2:CLOCKREGION_X0Y2 CLOCKREGION_X1Y0:CLOCKREGION_X1Y0 CLOCKREGION_X1Y1:CLOCKREGION_X1Y1 CLOCKREGION_X1Y2:CLOCKREGION_X1Y2}
#endgroup
