
*** Running vivado
    with args -log top_stopwatch_clock.vdi -applog -m64 -product Vivado -messageDb vivado.pb -mode batch -source top_stopwatch_clock.tcl -notrace


****** Vivado v2024.1 (64-bit)
  **** SW Build 5076996 on Wed May 22 18:36:09 MDT 2024
  **** IP Build 5075265 on Wed May 22 21:45:21 MDT 2024
  **** SharedData Build 5076995 on Wed May 22 18:29:18 MDT 2024
  **** Start of session at: Tue Nov 12 16:22:56 2024
    ** Copyright 1986-2022 Xilinx, Inc. All Rights Reserved.
    ** Copyright 2022-2024 Advanced Micro Devices, Inc. All Rights Reserved.

source top_stopwatch_clock.tcl -notrace
create_project: Time (s): cpu = 00:00:09 ; elapsed = 00:00:10 . Memory (MB): peak = 1997.863 ; gain = 83.000 ; free physical = 6067 ; free virtual = 9668
Command: link_design -top top_stopwatch_clock -part xc7a35tcpg236-1
Design is defaulting to srcset: sources_1
Design is defaulting to constrset: constrs_1
INFO: [Device 21-403] Loading part xc7a35tcpg236-1
INFO: [Device 21-9227] Part: xc7a35tcpg236-1 does not have CEAM library.
Netlist sorting complete. Time (s): cpu = 00:00:00.01 ; elapsed = 00:00:00.01 . Memory (MB): peak = 2374.852 ; gain = 0.051 ; free physical = 5701 ; free virtual = 9304
INFO: [Netlist 29-17] Analyzing 29 Unisim elements for replacement
INFO: [Netlist 29-28] Unisim Transformation completed in 0 CPU seconds
INFO: [Project 1-479] Netlist was created with Vivado 2024.1
INFO: [Project 1-570] Preparing netlist for logic optimization
Parsing XDC File [/home/user/project/Verilog/1112_clock_stopwatch/1112_clock_stopwatch.srcs/constrs_1/imports/Downloads/MY_Basys-3-Master.xdc]
Finished Parsing XDC File [/home/user/project/Verilog/1112_clock_stopwatch/1112_clock_stopwatch.srcs/constrs_1/imports/Downloads/MY_Basys-3-Master.xdc]
INFO: [Opt 31-138] Pushed 0 inverter(s) to 0 load pin(s).
Netlist sorting complete. Time (s): cpu = 00:00:00 ; elapsed = 00:00:00 . Memory (MB): peak = 2608.160 ; gain = 0.000 ; free physical = 5551 ; free virtual = 9160
INFO: [Project 1-111] Unisim Transformation Summary:
No Unisim elements were transformed.

8 Infos, 0 Warnings, 0 Critical Warnings and 0 Errors encountered.
link_design completed successfully
link_design: Time (s): cpu = 00:00:09 ; elapsed = 00:00:12 . Memory (MB): peak = 2614.199 ; gain = 615.707 ; free physical = 5547 ; free virtual = 9156
Command: opt_design
Attempting to get a license for feature 'Implementation' and/or device 'xc7a35t'
INFO: [Common 17-349] Got license for feature 'Implementation' and/or device 'xc7a35t'
Running DRC as a precondition to command opt_design

Starting DRC Task
INFO: [DRC 23-27] Running DRC with 8 threads
INFO: [Project 1-461] DRC finished with 0 Errors
INFO: [Project 1-462] Please refer to the DRC report (report_drc) for more information.

Time (s): cpu = 00:00:01 ; elapsed = 00:00:00.82 . Memory (MB): peak = 2699.375 ; gain = 85.086 ; free physical = 5519 ; free virtual = 9128

Starting Cache Timing Information Task
INFO: [Timing 38-35] Done setting XDC timing constraints.
Ending Cache Timing Information Task | Checksum: 1b8fe3f02

Time (s): cpu = 00:00:08 ; elapsed = 00:00:09 . Memory (MB): peak = 3228.625 ; gain = 529.250 ; free physical = 5038 ; free virtual = 8648

Starting Logic Optimization Task

Phase 1 Initialization

Phase 1.1 Core Generation And Design Setup
Phase 1.1 Core Generation And Design Setup | Checksum: 1b8fe3f02

Time (s): cpu = 00:00:00 ; elapsed = 00:00:00 . Memory (MB): peak = 3449.074 ; gain = 0.000 ; free physical = 4767 ; free virtual = 8377

Phase 1.2 Setup Constraints And Sort Netlist
Phase 1.2 Setup Constraints And Sort Netlist | Checksum: 1b8fe3f02

Time (s): cpu = 00:00:00.01 ; elapsed = 00:00:00.01 . Memory (MB): peak = 3449.074 ; gain = 0.000 ; free physical = 4767 ; free virtual = 8377
Phase 1 Initialization | Checksum: 1b8fe3f02

Time (s): cpu = 00:00:00.01 ; elapsed = 00:00:00.01 . Memory (MB): peak = 3449.074 ; gain = 0.000 ; free physical = 4767 ; free virtual = 8377

Phase 2 Timer Update And Timing Data Collection

Phase 2.1 Timer Update
Phase 2.1 Timer Update | Checksum: 1b8fe3f02

Time (s): cpu = 00:00:00.08 ; elapsed = 00:00:00.1 . Memory (MB): peak = 3449.402 ; gain = 0.328 ; free physical = 4767 ; free virtual = 8377

Phase 2.2 Timing Data Collection
Phase 2.2 Timing Data Collection | Checksum: 1b8fe3f02

Time (s): cpu = 00:00:00.09 ; elapsed = 00:00:00.11 . Memory (MB): peak = 3449.445 ; gain = 0.371 ; free physical = 4767 ; free virtual = 8377
Phase 2 Timer Update And Timing Data Collection | Checksum: 1b8fe3f02

Time (s): cpu = 00:00:00.09 ; elapsed = 00:00:00.11 . Memory (MB): peak = 3449.445 ; gain = 0.371 ; free physical = 4767 ; free virtual = 8377

Phase 3 Retarget
INFO: [Opt 31-1834] Total Chains To Be Transformed Were: 0 AND Number of Transformed insts Created are: 0
INFO: [Opt 31-1566] Pulled 5 inverters resulting in an inversion of 88 pins
INFO: [Opt 31-138] Pushed 0 inverter(s) to 0 load pin(s).
INFO: [Opt 31-49] Retargeted 0 cell(s).
Phase 3 Retarget | Checksum: 15038a1fb

Time (s): cpu = 00:00:00.16 ; elapsed = 00:00:00.16 . Memory (MB): peak = 3449.816 ; gain = 0.742 ; free physical = 4767 ; free virtual = 8377
Retarget | Checksum: 15038a1fb
INFO: [Opt 31-389] Phase Retarget created 0 cells and removed 5 cells

Phase 4 Constant propagation
INFO: [Opt 31-138] Pushed 0 inverter(s) to 0 load pin(s).
Phase 4 Constant propagation | Checksum: 15038a1fb

Time (s): cpu = 00:00:00.16 ; elapsed = 00:00:00.17 . Memory (MB): peak = 3449.852 ; gain = 0.777 ; free physical = 4767 ; free virtual = 8377
Constant propagation | Checksum: 15038a1fb
INFO: [Opt 31-389] Phase Constant propagation created 0 cells and removed 0 cells

Phase 5 Sweep
Phase 5 Sweep | Checksum: 2459aecfe

Time (s): cpu = 00:00:00.18 ; elapsed = 00:00:00.19 . Memory (MB): peak = 3449.957 ; gain = 0.883 ; free physical = 4767 ; free virtual = 8377
Sweep | Checksum: 2459aecfe
INFO: [Opt 31-389] Phase Sweep created 0 cells and removed 0 cells

Phase 6 BUFG optimization
Phase 6 BUFG optimization | Checksum: 2459aecfe

Time (s): cpu = 00:00:00.21 ; elapsed = 00:00:00.22 . Memory (MB): peak = 3450.176 ; gain = 1.102 ; free physical = 4767 ; free virtual = 8377
BUFG optimization | Checksum: 2459aecfe
INFO: [Opt 31-662] Phase BUFG optimization created 0 cells of which 0 are BUFGs and removed 0 cells.

Phase 7 Shift Register Optimization
INFO: [Opt 31-1064] SRL Remap converted 0 SRLs to 0 registers and converted 0 registers of register chains to 0 SRLs
Phase 7 Shift Register Optimization | Checksum: 2459aecfe

Time (s): cpu = 00:00:00.21 ; elapsed = 00:00:00.22 . Memory (MB): peak = 3450.176 ; gain = 1.102 ; free physical = 4767 ; free virtual = 8377
Shift Register Optimization | Checksum: 2459aecfe
INFO: [Opt 31-389] Phase Shift Register Optimization created 0 cells and removed 0 cells

Phase 8 Post Processing Netlist
Phase 8 Post Processing Netlist | Checksum: 2459aecfe

Time (s): cpu = 00:00:00.21 ; elapsed = 00:00:00.23 . Memory (MB): peak = 3450.176 ; gain = 1.102 ; free physical = 4767 ; free virtual = 8377
Post Processing Netlist | Checksum: 2459aecfe
INFO: [Opt 31-389] Phase Post Processing Netlist created 0 cells and removed 0 cells

Phase 9 Finalization

Phase 9.1 Finalizing Design Cores and Updating Shapes
Phase 9.1 Finalizing Design Cores and Updating Shapes | Checksum: 1f80442ec

Time (s): cpu = 00:00:00.22 ; elapsed = 00:00:00.24 . Memory (MB): peak = 3450.176 ; gain = 1.102 ; free physical = 4767 ; free virtual = 8377

Phase 9.2 Verifying Netlist Connectivity

Starting Connectivity Check Task

Time (s): cpu = 00:00:00.01 ; elapsed = 00:00:00 . Memory (MB): peak = 3450.176 ; gain = 0.000 ; free physical = 4767 ; free virtual = 8377
Phase 9.2 Verifying Netlist Connectivity | Checksum: 1f80442ec

Time (s): cpu = 00:00:00.23 ; elapsed = 00:00:00.24 . Memory (MB): peak = 3450.176 ; gain = 1.102 ; free physical = 4767 ; free virtual = 8377
Phase 9 Finalization | Checksum: 1f80442ec

Time (s): cpu = 00:00:00.23 ; elapsed = 00:00:00.24 . Memory (MB): peak = 3450.176 ; gain = 1.102 ; free physical = 4767 ; free virtual = 8377
Opt_design Change Summary
=========================


-------------------------------------------------------------------------------------------------------------------------
|  Phase                        |  #Cells created  |  #Cells Removed  |  #Constrained objects preventing optimizations  |
-------------------------------------------------------------------------------------------------------------------------
|  Retarget                     |               0  |               5  |                                              0  |
|  Constant propagation         |               0  |               0  |                                              0  |
|  Sweep                        |               0  |               0  |                                              0  |
|  BUFG optimization            |               0  |               0  |                                              0  |
|  Shift Register Optimization  |               0  |               0  |                                              0  |
|  Post Processing Netlist      |               0  |               0  |                                              0  |
-------------------------------------------------------------------------------------------------------------------------


Ending Logic Optimization Task | Checksum: 1f80442ec

Time (s): cpu = 00:00:00.23 ; elapsed = 00:00:00.24 . Memory (MB): peak = 3450.176 ; gain = 1.102 ; free physical = 4767 ; free virtual = 8377

Starting Power Optimization Task
INFO: [Pwropt 34-132] Skipping clock gating for clocks with a period < 2.00 ns.
Ending Power Optimization Task | Checksum: 1f80442ec

Time (s): cpu = 00:00:00.01 ; elapsed = 00:00:00.01 . Memory (MB): peak = 3450.176 ; gain = 0.000 ; free physical = 4767 ; free virtual = 8377

Starting Final Cleanup Task
Ending Final Cleanup Task | Checksum: 1f80442ec

Time (s): cpu = 00:00:00 ; elapsed = 00:00:00 . Memory (MB): peak = 3450.176 ; gain = 0.000 ; free physical = 4767 ; free virtual = 8377

Starting Netlist Obfuscation Task
Netlist sorting complete. Time (s): cpu = 00:00:00 ; elapsed = 00:00:00 . Memory (MB): peak = 3450.176 ; gain = 0.000 ; free physical = 4767 ; free virtual = 8377
Ending Netlist Obfuscation Task | Checksum: 1f80442ec

Time (s): cpu = 00:00:00 ; elapsed = 00:00:00.01 . Memory (MB): peak = 3450.176 ; gain = 0.000 ; free physical = 4767 ; free virtual = 8377
INFO: [Common 17-83] Releasing license: Implementation
27 Infos, 0 Warnings, 0 Critical Warnings and 0 Errors encountered.
opt_design completed successfully
opt_design: Time (s): cpu = 00:00:12 ; elapsed = 00:00:13 . Memory (MB): peak = 3450.176 ; gain = 835.961 ; free physical = 4767 ; free virtual = 8377
INFO: [Vivado 12-24828] Executing command : report_drc -file top_stopwatch_clock_drc_opted.rpt -pb top_stopwatch_clock_drc_opted.pb -rpx top_stopwatch_clock_drc_opted.rpx
Command: report_drc -file top_stopwatch_clock_drc_opted.rpt -pb top_stopwatch_clock_drc_opted.pb -rpx top_stopwatch_clock_drc_opted.rpx
INFO: [IP_Flow 19-234] Refreshing IP repositories
INFO: [IP_Flow 19-1704] No user IP repositories specified
INFO: [IP_Flow 19-2313] Loaded Vivado IP repository '/home/user/Xilinx/Vivado/2024.1/data/ip'.
INFO: [DRC 23-27] Running DRC with 8 threads
INFO: [Vivado_Tcl 2-168] The results of DRC are in file /home/user/project/Verilog/1112_clock_stopwatch/1112_clock_stopwatch.runs/impl_1/top_stopwatch_clock_drc_opted.rpt.
report_drc completed successfully
INFO: [Timing 38-480] Writing timing data to binary archive.
Wrote PlaceDB: Time (s): cpu = 00:00:00.06 ; elapsed = 00:00:00.04 . Memory (MB): peak = 3532.129 ; gain = 0.000 ; free physical = 4704 ; free virtual = 8315
Write ShapeDB Complete: Time (s): cpu = 00:00:00.1 ; elapsed = 00:00:00.08 . Memory (MB): peak = 3532.129 ; gain = 0.000 ; free physical = 4704 ; free virtual = 8315
Wrote PulsedLatchDB: Time (s): cpu = 00:00:00 ; elapsed = 00:00:00.01 . Memory (MB): peak = 3532.129 ; gain = 0.000 ; free physical = 4703 ; free virtual = 8315
Writing XDEF routing.
Writing XDEF routing logical nets.
Writing XDEF routing special nets.
Wrote RouteStorage: Time (s): cpu = 00:00:00.05 ; elapsed = 00:00:00.02 . Memory (MB): peak = 3532.129 ; gain = 0.000 ; free physical = 4703 ; free virtual = 8315
Wrote Netlist Cache: Time (s): cpu = 00:00:00 ; elapsed = 00:00:00.01 . Memory (MB): peak = 3532.129 ; gain = 0.000 ; free physical = 4703 ; free virtual = 8315
Wrote Device Cache: Time (s): cpu = 00:00:00.02 ; elapsed = 00:00:00.01 . Memory (MB): peak = 3532.129 ; gain = 0.000 ; free physical = 4703 ; free virtual = 8315
Write Physdb Complete: Time (s): cpu = 00:00:00.18 ; elapsed = 00:00:00.12 . Memory (MB): peak = 3532.129 ; gain = 0.000 ; free physical = 4703 ; free virtual = 8315
INFO: [Common 17-1381] The checkpoint '/home/user/project/Verilog/1112_clock_stopwatch/1112_clock_stopwatch.runs/impl_1/top_stopwatch_clock_opt.dcp' has been generated.
Command: place_design
Attempting to get a license for feature 'Implementation' and/or device 'xc7a35t'
INFO: [Common 17-349] Got license for feature 'Implementation' and/or device 'xc7a35t'
INFO: [Common 17-83] Releasing license: Implementation
INFO: [DRC 23-27] Running DRC with 8 threads
INFO: [Vivado_Tcl 4-198] DRC finished with 0 Errors
INFO: [Vivado_Tcl 4-199] Please refer to the DRC report (report_drc) for more information.
Running DRC as a precondition to command place_design
INFO: [DRC 23-27] Running DRC with 8 threads
INFO: [Vivado_Tcl 4-198] DRC finished with 0 Errors
INFO: [Vivado_Tcl 4-199] Please refer to the DRC report (report_drc) for more information.
INFO: [Place 30-611] Multithreading enabled for place_design using a maximum of 8 CPUs

Starting Placer Task

Phase 1 Placer Initialization

Phase 1.1 Placer Initialization Netlist Sorting
Netlist sorting complete. Time (s): cpu = 00:00:00 ; elapsed = 00:00:00 . Memory (MB): peak = 3532.129 ; gain = 0.000 ; free physical = 4665 ; free virtual = 8278
Phase 1.1 Placer Initialization Netlist Sorting | Checksum: 13d2dcdf0

Time (s): cpu = 00:00:00 ; elapsed = 00:00:00.01 . Memory (MB): peak = 3532.129 ; gain = 0.000 ; free physical = 4665 ; free virtual = 8278
Netlist sorting complete. Time (s): cpu = 00:00:00 ; elapsed = 00:00:00 . Memory (MB): peak = 3532.129 ; gain = 0.000 ; free physical = 4665 ; free virtual = 8278

Phase 1.2 IO Placement/ Clock Placement/ Build Placer Device
INFO: [Timing 38-35] Done setting XDC timing constraints.
Phase 1.2 IO Placement/ Clock Placement/ Build Placer Device | Checksum: ff757eda

Time (s): cpu = 00:00:00.42 ; elapsed = 00:00:00.24 . Memory (MB): peak = 3532.129 ; gain = 0.000 ; free physical = 4665 ; free virtual = 8281

Phase 1.3 Build Placer Netlist Model
Phase 1.3 Build Placer Netlist Model | Checksum: 152f6ce07

Time (s): cpu = 00:00:00.74 ; elapsed = 00:00:00.56 . Memory (MB): peak = 3532.129 ; gain = 0.000 ; free physical = 4661 ; free virtual = 8278

Phase 1.4 Constrain Clocks/Macros
Phase 1.4 Constrain Clocks/Macros | Checksum: 152f6ce07

Time (s): cpu = 00:00:00.74 ; elapsed = 00:00:00.57 . Memory (MB): peak = 3532.129 ; gain = 0.000 ; free physical = 4661 ; free virtual = 8278
Phase 1 Placer Initialization | Checksum: 152f6ce07

Time (s): cpu = 00:00:00.75 ; elapsed = 00:00:00.58 . Memory (MB): peak = 3532.129 ; gain = 0.000 ; free physical = 4661 ; free virtual = 8279

Phase 2 Global Placement

Phase 2.1 Floorplanning
Phase 2.1 Floorplanning | Checksum: 19c61ee52

Time (s): cpu = 00:00:00.92 ; elapsed = 00:00:00.75 . Memory (MB): peak = 3532.129 ; gain = 0.000 ; free physical = 4750 ; free virtual = 8368

Phase 2.2 Update Timing before SLR Path Opt
Phase 2.2 Update Timing before SLR Path Opt | Checksum: 12a8b14f4

Time (s): cpu = 00:00:00.95 ; elapsed = 00:00:00.78 . Memory (MB): peak = 3532.129 ; gain = 0.000 ; free physical = 4748 ; free virtual = 8366

Phase 2.3 Post-Processing in Floorplanning
Phase 2.3 Post-Processing in Floorplanning | Checksum: 12a8b14f4

Time (s): cpu = 00:00:00.95 ; elapsed = 00:00:00.78 . Memory (MB): peak = 3532.129 ; gain = 0.000 ; free physical = 4748 ; free virtual = 8366

Phase 2.4 Global Placement Core

Phase 2.4.1 UpdateTiming Before Physical Synthesis
Phase 2.4.1 UpdateTiming Before Physical Synthesis | Checksum: 113bd6d1b

Time (s): cpu = 00:00:03 ; elapsed = 00:00:02 . Memory (MB): peak = 3532.129 ; gain = 0.000 ; free physical = 4736 ; free virtual = 8355

Phase 2.4.2 Physical Synthesis In Placer
INFO: [Physopt 32-1035] Found 0 LUTNM shape to break, 5 LUT instances to create LUTNM shape
INFO: [Physopt 32-1044] Break lutnm for timing: one critical 0, two critical 0, total 0, new lutff created 0
INFO: [Physopt 32-1138] End 1 Pass. Optimized 2 nets or LUTs. Breaked 0 LUT, combined 2 existing LUTs and moved 0 existing LUT
INFO: [Physopt 32-65] No nets found for high-fanout optimization.
INFO: [Physopt 32-232] Optimized 0 net. Created 0 new instance.
INFO: [Physopt 32-775] End 1 Pass. Optimized 0 net or cell. Created 0 new cell, deleted 0 existing cell and moved 0 existing cell
INFO: [Physopt 32-670] No setup violation found.  DSP Register Optimization was not performed.
INFO: [Physopt 32-670] No setup violation found.  Shift Register to Pipeline Optimization was not performed.
INFO: [Physopt 32-670] No setup violation found.  Shift Register Optimization was not performed.
INFO: [Physopt 32-670] No setup violation found.  BRAM Register Optimization was not performed.
INFO: [Physopt 32-670] No setup violation found.  URAM Register Optimization was not performed.
INFO: [Physopt 32-949] No candidate nets found for dynamic/static region interface net replication
INFO: [Physopt 32-775] End 1 Pass. Optimized 0 net or cell. Created 0 new cell, deleted 0 existing cell and moved 0 existing cell
Netlist sorting complete. Time (s): cpu = 00:00:00 ; elapsed = 00:00:00 . Memory (MB): peak = 3532.129 ; gain = 0.000 ; free physical = 4730 ; free virtual = 8351

Summary of Physical Synthesis Optimizations
============================================


-----------------------------------------------------------------------------------------------------------------------------------------------------------
|  Optimization                                     |  Added Cells  |  Removed Cells  |  Optimized Cells/Nets  |  Dont Touch  |  Iterations  |  Elapsed   |
-----------------------------------------------------------------------------------------------------------------------------------------------------------
|  LUT Combining                                    |            0  |              2  |                     2  |           0  |           1  |  00:00:00  |
|  Retime                                           |            0  |              0  |                     0  |           0  |           1  |  00:00:00  |
|  Very High Fanout                                 |            0  |              0  |                     0  |           0  |           1  |  00:00:00  |
|  DSP Register                                     |            0  |              0  |                     0  |           0  |           0  |  00:00:00  |
|  Shift Register to Pipeline                       |            0  |              0  |                     0  |           0  |           0  |  00:00:00  |
|  Shift Register                                   |            0  |              0  |                     0  |           0  |           0  |  00:00:00  |
|  BRAM Register                                    |            0  |              0  |                     0  |           0  |           0  |  00:00:00  |
|  URAM Register                                    |            0  |              0  |                     0  |           0  |           0  |  00:00:00  |
|  Dynamic/Static Region Interface Net Replication  |            0  |              0  |                     0  |           0  |           1  |  00:00:00  |
|  Total                                            |            0  |              2  |                     2  |           0  |           4  |  00:00:00  |
-----------------------------------------------------------------------------------------------------------------------------------------------------------


Phase 2.4.2 Physical Synthesis In Placer | Checksum: 279cd8b92

Time (s): cpu = 00:00:03 ; elapsed = 00:00:03 . Memory (MB): peak = 3532.129 ; gain = 0.000 ; free physical = 4730 ; free virtual = 8351
Phase 2.4 Global Placement Core | Checksum: 24e81ebc9

Time (s): cpu = 00:00:03 ; elapsed = 00:00:03 . Memory (MB): peak = 3532.129 ; gain = 0.000 ; free physical = 4727 ; free virtual = 8349
Phase 2 Global Placement | Checksum: 24e81ebc9

Time (s): cpu = 00:00:03 ; elapsed = 00:00:03 . Memory (MB): peak = 3532.129 ; gain = 0.000 ; free physical = 4727 ; free virtual = 8349

Phase 3 Detail Placement

Phase 3.1 Commit Multi Column Macros
Phase 3.1 Commit Multi Column Macros | Checksum: 1e9051f4f

Time (s): cpu = 00:00:03 ; elapsed = 00:00:03 . Memory (MB): peak = 3532.129 ; gain = 0.000 ; free physical = 4725 ; free virtual = 8347

Phase 3.2 Commit Most Macros & LUTRAMs
Phase 3.2 Commit Most Macros & LUTRAMs | Checksum: 2deaa2e02

Time (s): cpu = 00:00:03 ; elapsed = 00:00:03 . Memory (MB): peak = 3532.129 ; gain = 0.000 ; free physical = 4724 ; free virtual = 8346

Phase 3.3 Area Swap Optimization
Phase 3.3 Area Swap Optimization | Checksum: 28a5fdab7

Time (s): cpu = 00:00:03 ; elapsed = 00:00:03 . Memory (MB): peak = 3532.129 ; gain = 0.000 ; free physical = 4724 ; free virtual = 8346

Phase 3.4 Pipeline Register Optimization
Phase 3.4 Pipeline Register Optimization | Checksum: 3188c3ffb

Time (s): cpu = 00:00:03 ; elapsed = 00:00:03 . Memory (MB): peak = 3532.129 ; gain = 0.000 ; free physical = 4724 ; free virtual = 8346

Phase 3.5 Small Shape Detail Placement
Phase 3.5 Small Shape Detail Placement | Checksum: 290cf83b9

Time (s): cpu = 00:00:04 ; elapsed = 00:00:03 . Memory (MB): peak = 3532.129 ; gain = 0.000 ; free physical = 4732 ; free virtual = 8353

Phase 3.6 Re-assign LUT pins
Phase 3.6 Re-assign LUT pins | Checksum: 223d9d52a

Time (s): cpu = 00:00:04 ; elapsed = 00:00:03 . Memory (MB): peak = 3532.129 ; gain = 0.000 ; free physical = 4731 ; free virtual = 8353

Phase 3.7 Pipeline Register Optimization
Phase 3.7 Pipeline Register Optimization | Checksum: 1d5a533ee

Time (s): cpu = 00:00:04 ; elapsed = 00:00:03 . Memory (MB): peak = 3532.129 ; gain = 0.000 ; free physical = 4731 ; free virtual = 8353
Phase 3 Detail Placement | Checksum: 1d5a533ee

Time (s): cpu = 00:00:04 ; elapsed = 00:00:03 . Memory (MB): peak = 3532.129 ; gain = 0.000 ; free physical = 4731 ; free virtual = 8353

Phase 4 Post Placement Optimization and Clean-Up

Phase 4.1 Post Commit Optimization
INFO: [Timing 38-35] Done setting XDC timing constraints.

Phase 4.1.1 Post Placement Optimization
Post Placement Optimization Initialization | Checksum: 1eac69623

Phase 4.1.1.1 BUFG Insertion

Starting Physical Synthesis Task

Phase 1 Physical Synthesis Initialization
INFO: [Physopt 32-721] Multithreading enabled for phys_opt_design using a maximum of 8 CPUs
INFO: [Physopt 32-619] Estimated Timing Summary | WNS=5.773 | TNS=0.000 |
Phase 1 Physical Synthesis Initialization | Checksum: 1e5f70719

Time (s): cpu = 00:00:00.04 ; elapsed = 00:00:00.02 . Memory (MB): peak = 3532.129 ; gain = 0.000 ; free physical = 4729 ; free virtual = 8351
INFO: [Place 46-56] BUFG insertion identified 0 candidate nets. Inserted BUFG: 0, Replicated BUFG Driver: 0, Skipped due to Placement/Routing Conflicts: 0, Skipped due to Timing Degradation: 0, Skipped due to netlist editing failed: 0.
Ending Physical Synthesis Task | Checksum: 1ebc57292

Time (s): cpu = 00:00:00.05 ; elapsed = 00:00:00.03 . Memory (MB): peak = 3532.129 ; gain = 0.000 ; free physical = 4729 ; free virtual = 8351
Phase 4.1.1.1 BUFG Insertion | Checksum: 1eac69623

Time (s): cpu = 00:00:04 ; elapsed = 00:00:03 . Memory (MB): peak = 3532.129 ; gain = 0.000 ; free physical = 4729 ; free virtual = 8351

Phase 4.1.1.2 Post Placement Timing Optimization
INFO: [Place 30-746] Post Placement Timing Summary WNS=5.773. For the most accurate timing information please run report_timing.
Phase 4.1.1.2 Post Placement Timing Optimization | Checksum: 15e8174ab

Time (s): cpu = 00:00:04 ; elapsed = 00:00:03 . Memory (MB): peak = 3532.129 ; gain = 0.000 ; free physical = 4729 ; free virtual = 8351

Time (s): cpu = 00:00:04 ; elapsed = 00:00:03 . Memory (MB): peak = 3532.129 ; gain = 0.000 ; free physical = 4729 ; free virtual = 8351
Phase 4.1 Post Commit Optimization | Checksum: 15e8174ab

Time (s): cpu = 00:00:04 ; elapsed = 00:00:03 . Memory (MB): peak = 3532.129 ; gain = 0.000 ; free physical = 4729 ; free virtual = 8351

Phase 4.2 Post Placement Cleanup
Phase 4.2 Post Placement Cleanup | Checksum: 15e8174ab

Time (s): cpu = 00:00:04 ; elapsed = 00:00:03 . Memory (MB): peak = 3532.129 ; gain = 0.000 ; free physical = 4729 ; free virtual = 8351

Phase 4.3 Placer Reporting

Phase 4.3.1 Print Estimated Congestion
INFO: [Place 30-612] Post-Placement Estimated Congestion 
 ____________________________________________________
|           | Global Congestion | Short Congestion  |
| Direction | Region Size       | Region Size       |
|___________|___________________|___________________|
|      North|                1x1|                1x1|
|___________|___________________|___________________|
|      South|                1x1|                1x1|
|___________|___________________|___________________|
|       East|                1x1|                1x1|
|___________|___________________|___________________|
|       West|                1x1|                1x1|
|___________|___________________|___________________|

Phase 4.3.1 Print Estimated Congestion | Checksum: 15e8174ab

Time (s): cpu = 00:00:04 ; elapsed = 00:00:03 . Memory (MB): peak = 3532.129 ; gain = 0.000 ; free physical = 4729 ; free virtual = 8351
Phase 4.3 Placer Reporting | Checksum: 15e8174ab

Time (s): cpu = 00:00:04 ; elapsed = 00:00:03 . Memory (MB): peak = 3532.129 ; gain = 0.000 ; free physical = 4729 ; free virtual = 8351

Phase 4.4 Final Placement Cleanup
Netlist sorting complete. Time (s): cpu = 00:00:00 ; elapsed = 00:00:00 . Memory (MB): peak = 3532.129 ; gain = 0.000 ; free physical = 4729 ; free virtual = 8351

Time (s): cpu = 00:00:04 ; elapsed = 00:00:03 . Memory (MB): peak = 3532.129 ; gain = 0.000 ; free physical = 4729 ; free virtual = 8351
Phase 4 Post Placement Optimization and Clean-Up | Checksum: 10425573a

Time (s): cpu = 00:00:04 ; elapsed = 00:00:03 . Memory (MB): peak = 3532.129 ; gain = 0.000 ; free physical = 4729 ; free virtual = 8351
Ending Placer Task | Checksum: d692e025

Time (s): cpu = 00:00:04 ; elapsed = 00:00:03 . Memory (MB): peak = 3532.129 ; gain = 0.000 ; free physical = 4729 ; free virtual = 8351
64 Infos, 0 Warnings, 0 Critical Warnings and 0 Errors encountered.
place_design completed successfully
INFO: [Vivado 12-24838] Running report commands "report_control_sets, report_io, report_utilization" in parallel.
Running report generation with 3 threads.
INFO: [Vivado 12-24828] Executing command : report_control_sets -verbose -file top_stopwatch_clock_control_sets_placed.rpt
report_control_sets: Time (s): cpu = 00:00:00.28 ; elapsed = 00:00:00.35 . Memory (MB): peak = 3532.129 ; gain = 0.000 ; free physical = 4629 ; free virtual = 8252
INFO: [Vivado 12-24828] Executing command : report_utilization -file top_stopwatch_clock_utilization_placed.rpt -pb top_stopwatch_clock_utilization_placed.pb
INFO: [Vivado 12-24828] Executing command : report_io -file top_stopwatch_clock_io_placed.rpt
report_io: Time (s): cpu = 00:00:00.65 ; elapsed = 00:00:00.43 . Memory (MB): peak = 3532.129 ; gain = 0.000 ; free physical = 4657 ; free virtual = 8279
Write ShapeDB Complete: Time (s): cpu = 00:00:00 ; elapsed = 00:00:00 . Memory (MB): peak = 3532.129 ; gain = 0.000 ; free physical = 4656 ; free virtual = 8278
INFO: [Timing 38-480] Writing timing data to binary archive.
Wrote PlaceDB: Time (s): cpu = 00:00:00.09 ; elapsed = 00:00:00.05 . Memory (MB): peak = 3532.129 ; gain = 0.000 ; free physical = 4655 ; free virtual = 8278
Wrote PulsedLatchDB: Time (s): cpu = 00:00:00 ; elapsed = 00:00:00 . Memory (MB): peak = 3532.129 ; gain = 0.000 ; free physical = 4655 ; free virtual = 8278
Writing XDEF routing.
Writing XDEF routing logical nets.
Writing XDEF routing special nets.
Wrote RouteStorage: Time (s): cpu = 00:00:00.02 ; elapsed = 00:00:00.01 . Memory (MB): peak = 3532.129 ; gain = 0.000 ; free physical = 4655 ; free virtual = 8277
Wrote Netlist Cache: Time (s): cpu = 00:00:00.01 ; elapsed = 00:00:00 . Memory (MB): peak = 3532.129 ; gain = 0.000 ; free physical = 4655 ; free virtual = 8277
Wrote Device Cache: Time (s): cpu = 00:00:00.01 ; elapsed = 00:00:00.01 . Memory (MB): peak = 3532.129 ; gain = 0.000 ; free physical = 4655 ; free virtual = 8277
Write Physdb Complete: Time (s): cpu = 00:00:00.14 ; elapsed = 00:00:00.08 . Memory (MB): peak = 3532.129 ; gain = 0.000 ; free physical = 4655 ; free virtual = 8277
INFO: [Common 17-1381] The checkpoint '/home/user/project/Verilog/1112_clock_stopwatch/1112_clock_stopwatch.runs/impl_1/top_stopwatch_clock_placed.dcp' has been generated.
Command: phys_opt_design
Attempting to get a license for feature 'Implementation' and/or device 'xc7a35t'
INFO: [Common 17-349] Got license for feature 'Implementation' and/or device 'xc7a35t'

Starting Initial Update Timing Task

Time (s): cpu = 00:00:00.1 ; elapsed = 00:00:00.08 . Memory (MB): peak = 3532.129 ; gain = 0.000 ; free physical = 4616 ; free virtual = 8238
INFO: [Vivado_Tcl 4-2279] Estimated Timing Summary | WNS= 5.773 | TNS= 0.000 | 
INFO: [Vivado_Tcl 4-383] Design worst setup slack (WNS) is greater than or equal to 0.000 ns. All physical synthesis setup optimizations will be skipped.
INFO: [Vivado_Tcl 4-232] No setup violation found. The netlist was not modified.
INFO: [Common 17-83] Releasing license: Implementation
75 Infos, 0 Warnings, 0 Critical Warnings and 0 Errors encountered.
phys_opt_design completed successfully
Write ShapeDB Complete: Time (s): cpu = 00:00:00 ; elapsed = 00:00:00.01 . Memory (MB): peak = 3532.129 ; gain = 0.000 ; free physical = 4607 ; free virtual = 8229
INFO: [Timing 38-480] Writing timing data to binary archive.
Wrote PlaceDB: Time (s): cpu = 00:00:00.09 ; elapsed = 00:00:00.05 . Memory (MB): peak = 3532.129 ; gain = 0.000 ; free physical = 4596 ; free virtual = 8219
Wrote PulsedLatchDB: Time (s): cpu = 00:00:00 ; elapsed = 00:00:00 . Memory (MB): peak = 3532.129 ; gain = 0.000 ; free physical = 4596 ; free virtual = 8219
Writing XDEF routing.
Writing XDEF routing logical nets.
Writing XDEF routing special nets.
Wrote RouteStorage: Time (s): cpu = 00:00:00.03 ; elapsed = 00:00:00.01 . Memory (MB): peak = 3532.129 ; gain = 0.000 ; free physical = 4596 ; free virtual = 8219
Wrote Netlist Cache: Time (s): cpu = 00:00:00 ; elapsed = 00:00:00 . Memory (MB): peak = 3532.129 ; gain = 0.000 ; free physical = 4596 ; free virtual = 8219
Wrote Device Cache: Time (s): cpu = 00:00:00.01 ; elapsed = 00:00:00.01 . Memory (MB): peak = 3532.129 ; gain = 0.000 ; free physical = 4596 ; free virtual = 8219
Write Physdb Complete: Time (s): cpu = 00:00:00.14 ; elapsed = 00:00:00.09 . Memory (MB): peak = 3532.129 ; gain = 0.000 ; free physical = 4595 ; free virtual = 8218
INFO: [Common 17-1381] The checkpoint '/home/user/project/Verilog/1112_clock_stopwatch/1112_clock_stopwatch.runs/impl_1/top_stopwatch_clock_physopt.dcp' has been generated.
Command: route_design
Attempting to get a license for feature 'Implementation' and/or device 'xc7a35t'
INFO: [Common 17-349] Got license for feature 'Implementation' and/or device 'xc7a35t'
Running DRC as a precondition to command route_design
INFO: [DRC 23-27] Running DRC with 8 threads
INFO: [Vivado_Tcl 4-198] DRC finished with 0 Errors
INFO: [Vivado_Tcl 4-199] Please refer to the DRC report (report_drc) for more information.


Starting Routing Task
INFO: [Route 35-254] Multithreading enabled for route_design using a maximum of 8 CPUs

Phase 1 Build RT Design
Checksum: PlaceDB: 1f24a7af ConstDB: 0 ShapeSum: 16ecdc1f RouteDB: a0815c57
Post Restoration Checksum: NetGraph: cde2ff58 | NumContArr: 5e77c972 | Constraints: c2a8fa9d | Timing: c2a8fa9d
Phase 1 Build RT Design | Checksum: 2b1acbe04

Time (s): cpu = 00:00:14 ; elapsed = 00:00:13 . Memory (MB): peak = 3604.125 ; gain = 33.219 ; free physical = 4457 ; free virtual = 8083

Phase 2 Router Initialization

Phase 2.1 Fix Topology Constraints
Phase 2.1 Fix Topology Constraints | Checksum: 2b1acbe04

Time (s): cpu = 00:00:14 ; elapsed = 00:00:13 . Memory (MB): peak = 3604.426 ; gain = 33.520 ; free physical = 4457 ; free virtual = 8083

Phase 2.2 Pre Route Cleanup
Phase 2.2 Pre Route Cleanup | Checksum: 2b1acbe04

Time (s): cpu = 00:00:14 ; elapsed = 00:00:13 . Memory (MB): peak = 3604.500 ; gain = 33.594 ; free physical = 4457 ; free virtual = 8083
 Number of Nodes with overlaps = 0

Phase 2.3 Update Timing
Phase 2.3 Update Timing | Checksum: 1fab33e0c

Time (s): cpu = 00:00:15 ; elapsed = 00:00:13 . Memory (MB): peak = 3630.648 ; gain = 59.742 ; free physical = 4442 ; free virtual = 8068
INFO: [Route 35-416] Intermediate Timing Summary | WNS=5.744  | TNS=0.000  | WHS=-0.114 | THS=-2.331 |


Router Utilization Summary
  Global Vertical Routing Utilization    = 0.00159451 %
  Global Horizontal Routing Utilization  = 0.00104112 %
  Routable Net Status*
  *Does not include unroutable nets such as driverless and loadless.
  Run report_route_status for detailed report.
  Number of Failed Nets               = 485
    (Failed Nets is the sum of unrouted and partially routed nets)
  Number of Unrouted Nets             = 485
  Number of Partially Routed Nets     = 0
  Number of Node Overlaps             = 0

Phase 2 Router Initialization | Checksum: 15fcf3498

Time (s): cpu = 00:00:15 ; elapsed = 00:00:14 . Memory (MB): peak = 3630.980 ; gain = 60.074 ; free physical = 4438 ; free virtual = 8064

Phase 3 Global Routing
Phase 3 Global Routing | Checksum: 15fcf3498

Time (s): cpu = 00:00:15 ; elapsed = 00:00:14 . Memory (MB): peak = 3631.016 ; gain = 60.109 ; free physical = 4438 ; free virtual = 8064

Phase 4 Initial Routing

Phase 4.1 Initial Net Routing Pass
Phase 4.1 Initial Net Routing Pass | Checksum: 26730d40b

Time (s): cpu = 00:00:16 ; elapsed = 00:00:14 . Memory (MB): peak = 3631.465 ; gain = 60.559 ; free physical = 4437 ; free virtual = 8064
Phase 4 Initial Routing | Checksum: 26730d40b

Time (s): cpu = 00:00:16 ; elapsed = 00:00:14 . Memory (MB): peak = 3631.492 ; gain = 60.586 ; free physical = 4437 ; free virtual = 8064

Phase 5 Rip-up And Reroute

Phase 5.1 Global Iteration 0
 Number of Nodes with overlaps = 17
 Number of Nodes with overlaps = 0
INFO: [Route 35-416] Intermediate Timing Summary | WNS=5.527  | TNS=0.000  | WHS=N/A    | THS=N/A    |

Phase 5.1 Global Iteration 0 | Checksum: 2174ae961

Time (s): cpu = 00:00:16 ; elapsed = 00:00:14 . Memory (MB): peak = 3631.988 ; gain = 61.082 ; free physical = 4437 ; free virtual = 8064

Phase 5.2 Global Iteration 1
 Number of Nodes with overlaps = 1
 Number of Nodes with overlaps = 0
INFO: [Route 35-416] Intermediate Timing Summary | WNS=5.527  | TNS=0.000  | WHS=N/A    | THS=N/A    |

Phase 5.2 Global Iteration 1 | Checksum: 2f9313748

Time (s): cpu = 00:00:16 ; elapsed = 00:00:14 . Memory (MB): peak = 3632.023 ; gain = 61.117 ; free physical = 4437 ; free virtual = 8065
Phase 5 Rip-up And Reroute | Checksum: 2f9313748

Time (s): cpu = 00:00:16 ; elapsed = 00:00:14 . Memory (MB): peak = 3632.027 ; gain = 61.121 ; free physical = 4437 ; free virtual = 8065

Phase 6 Delay and Skew Optimization

Phase 6.1 Delay CleanUp
Phase 6.1 Delay CleanUp | Checksum: 2f9313748

Time (s): cpu = 00:00:16 ; elapsed = 00:00:14 . Memory (MB): peak = 3632.039 ; gain = 61.133 ; free physical = 4437 ; free virtual = 8065

Phase 6.2 Clock Skew Optimization
Phase 6.2 Clock Skew Optimization | Checksum: 2f9313748

Time (s): cpu = 00:00:16 ; elapsed = 00:00:14 . Memory (MB): peak = 3632.047 ; gain = 61.141 ; free physical = 4437 ; free virtual = 8065
Phase 6 Delay and Skew Optimization | Checksum: 2f9313748

Time (s): cpu = 00:00:16 ; elapsed = 00:00:14 . Memory (MB): peak = 3632.051 ; gain = 61.145 ; free physical = 4437 ; free virtual = 8065

Phase 7 Post Hold Fix

Phase 7.1 Hold Fix Iter
INFO: [Route 35-416] Intermediate Timing Summary | WNS=5.606  | TNS=0.000  | WHS=0.193  | THS=0.000  |

Phase 7.1 Hold Fix Iter | Checksum: 2b80a3249

Time (s): cpu = 00:00:16 ; elapsed = 00:00:14 . Memory (MB): peak = 3632.086 ; gain = 61.180 ; free physical = 4437 ; free virtual = 8065
Phase 7 Post Hold Fix | Checksum: 2b80a3249

Time (s): cpu = 00:00:16 ; elapsed = 00:00:14 . Memory (MB): peak = 3632.086 ; gain = 61.180 ; free physical = 4437 ; free virtual = 8065

Phase 8 Route finalize

Router Utilization Summary
  Global Vertical Routing Utilization    = 0.0578012 %
  Global Horizontal Routing Utilization  = 0.0909682 %
  Routable Net Status*
  *Does not include unroutable nets such as driverless and loadless.
  Run report_route_status for detailed report.
  Number of Failed Nets               = 0
    (Failed Nets is the sum of unrouted and partially routed nets)
  Number of Unrouted Nets             = 0
  Number of Partially Routed Nets     = 0
  Number of Node Overlaps             = 0

Phase 8 Route finalize | Checksum: 2b80a3249

Time (s): cpu = 00:00:16 ; elapsed = 00:00:14 . Memory (MB): peak = 3632.129 ; gain = 61.223 ; free physical = 4437 ; free virtual = 8064

Phase 9 Verifying routed nets

 Verification completed successfully
Phase 9 Verifying routed nets | Checksum: 2b80a3249

Time (s): cpu = 00:00:16 ; elapsed = 00:00:14 . Memory (MB): peak = 3632.145 ; gain = 61.238 ; free physical = 4437 ; free virtual = 8064

Phase 10 Depositing Routes
Phase 10 Depositing Routes | Checksum: 2ad693e41

Time (s): cpu = 00:00:16 ; elapsed = 00:00:14 . Memory (MB): peak = 3632.402 ; gain = 61.496 ; free physical = 4437 ; free virtual = 8065

Phase 11 Post Process Routing
Phase 11 Post Process Routing | Checksum: 2ad693e41

Time (s): cpu = 00:00:16 ; elapsed = 00:00:14 . Memory (MB): peak = 3759.590 ; gain = 188.684 ; free physical = 4437 ; free virtual = 8065

Phase 12 Post Router Timing
INFO: [Route 35-57] Estimated Timing Summary | WNS=5.606  | TNS=0.000  | WHS=0.193  | THS=0.000  |

INFO: [Route 35-327] The final timing numbers are based on the router estimated timing analysis. For a complete and accurate timing signoff, please run report_timing_summary.
Phase 12 Post Router Timing | Checksum: 2ad693e41

Time (s): cpu = 00:00:16 ; elapsed = 00:00:14 . Memory (MB): peak = 3759.590 ; gain = 188.684 ; free physical = 4437 ; free virtual = 8065
Total Elapsed time in route_design: 14.06 secs

Phase 13 Post-Route Event Processing
Phase 13 Post-Route Event Processing | Checksum: 109d2579f

Time (s): cpu = 00:00:16 ; elapsed = 00:00:14 . Memory (MB): peak = 3759.590 ; gain = 188.684 ; free physical = 4437 ; free virtual = 8065
INFO: [Route 35-16] Router Completed Successfully
Ending Routing Task | Checksum: 109d2579f

Time (s): cpu = 00:00:16 ; elapsed = 00:00:14 . Memory (MB): peak = 3759.590 ; gain = 188.684 ; free physical = 4437 ; free virtual = 8065

Routing Is Done.
INFO: [Common 17-83] Releasing license: Implementation
90 Infos, 0 Warnings, 0 Critical Warnings and 0 Errors encountered.
route_design completed successfully
route_design: Time (s): cpu = 00:00:17 ; elapsed = 00:00:15 . Memory (MB): peak = 3759.590 ; gain = 227.461 ; free physical = 4437 ; free virtual = 8065
INFO: [Vivado 12-24828] Executing command : report_drc -file top_stopwatch_clock_drc_routed.rpt -pb top_stopwatch_clock_drc_routed.pb -rpx top_stopwatch_clock_drc_routed.rpx
Command: report_drc -file top_stopwatch_clock_drc_routed.rpt -pb top_stopwatch_clock_drc_routed.pb -rpx top_stopwatch_clock_drc_routed.rpx
INFO: [IP_Flow 19-1839] IP Catalog is up to date.
INFO: [DRC 23-27] Running DRC with 8 threads
INFO: [Vivado_Tcl 2-168] The results of DRC are in file /home/user/project/Verilog/1112_clock_stopwatch/1112_clock_stopwatch.runs/impl_1/top_stopwatch_clock_drc_routed.rpt.
report_drc completed successfully
INFO: [Vivado 12-24828] Executing command : report_methodology -file top_stopwatch_clock_methodology_drc_routed.rpt -pb top_stopwatch_clock_methodology_drc_routed.pb -rpx top_stopwatch_clock_methodology_drc_routed.rpx
Command: report_methodology -file top_stopwatch_clock_methodology_drc_routed.rpt -pb top_stopwatch_clock_methodology_drc_routed.pb -rpx top_stopwatch_clock_methodology_drc_routed.rpx
INFO: [Timing 38-35] Done setting XDC timing constraints.
INFO: [DRC 23-133] Running Methodology with 8 threads
INFO: [Vivado_Tcl 2-1520] The results of Report Methodology are in file /home/user/project/Verilog/1112_clock_stopwatch/1112_clock_stopwatch.runs/impl_1/top_stopwatch_clock_methodology_drc_routed.rpt.
report_methodology completed successfully
INFO: [Vivado 12-24828] Executing command : report_timing_summary -max_paths 10 -file top_stopwatch_clock_timing_summary_routed.rpt -pb top_stopwatch_clock_timing_summary_routed.pb -rpx top_stopwatch_clock_timing_summary_routed.rpx -warn_on_violation 
INFO: [Timing 38-35] Done setting XDC timing constraints.
INFO: [Timing 38-91] UpdateTimingParams: Speed grade: -1, Delay Type: min_max.
INFO: [Timing 38-191] Multithreading enabled for timing update using a maximum of 8 CPUs
INFO: [Vivado 12-24838] Running report commands "report_bus_skew, report_incremental_reuse, report_route_status" in parallel.
Running report generation with 3 threads.
INFO: [Vivado 12-24828] Executing command : report_incremental_reuse -file top_stopwatch_clock_incremental_reuse_routed.rpt
INFO: [Vivado_Tcl 4-1062] Incremental flow is disabled. No incremental reuse Info to report.
INFO: [Vivado 12-24828] Executing command : report_route_status -file top_stopwatch_clock_route_status.rpt -pb top_stopwatch_clock_route_status.pb
INFO: [Vivado 12-24828] Executing command : report_bus_skew -warn_on_violation -file top_stopwatch_clock_bus_skew_routed.rpt -pb top_stopwatch_clock_bus_skew_routed.pb -rpx top_stopwatch_clock_bus_skew_routed.rpx
INFO: [Timing 38-91] UpdateTimingParams: Speed grade: -1, Delay Type: min_max.
INFO: [Timing 38-191] Multithreading enabled for timing update using a maximum of 8 CPUs
INFO: [Vivado 12-24828] Executing command : report_power -file top_stopwatch_clock_power_routed.rpt -pb top_stopwatch_clock_power_summary_routed.pb -rpx top_stopwatch_clock_power_routed.rpx
Command: report_power -file top_stopwatch_clock_power_routed.rpt -pb top_stopwatch_clock_power_summary_routed.pb -rpx top_stopwatch_clock_power_routed.rpx
Running Vector-less Activity Propagation...

Finished Running Vector-less Activity Propagation
110 Infos, 0 Warnings, 0 Critical Warnings and 0 Errors encountered.
report_power completed successfully
INFO: [Vivado 12-24828] Executing command : report_clock_utilization -file top_stopwatch_clock_clock_utilization_routed.rpt
WARNING: [Device 21-9320] Failed to find the Oracle tile group with name 'HSR_BOUNDARY_TOP'. This is required for Clock regions and Virtual grid.
WARNING: [Device 21-2174] Failed to initialize Virtual grid.
Write ShapeDB Complete: Time (s): cpu = 00:00:00.01 ; elapsed = 00:00:00 . Memory (MB): peak = 3872.797 ; gain = 0.000 ; free physical = 4343 ; free virtual = 7972
INFO: [Timing 38-480] Writing timing data to binary archive.
Wrote PlaceDB: Time (s): cpu = 00:00:00.11 ; elapsed = 00:00:00.04 . Memory (MB): peak = 3872.797 ; gain = 0.000 ; free physical = 4343 ; free virtual = 7972
Wrote PulsedLatchDB: Time (s): cpu = 00:00:00 ; elapsed = 00:00:00 . Memory (MB): peak = 3872.797 ; gain = 0.000 ; free physical = 4343 ; free virtual = 7972
Writing XDEF routing.
Writing XDEF routing logical nets.
Writing XDEF routing special nets.
Wrote RouteStorage: Time (s): cpu = 00:00:00.06 ; elapsed = 00:00:00.03 . Memory (MB): peak = 3872.797 ; gain = 0.000 ; free physical = 4343 ; free virtual = 7972
Wrote Netlist Cache: Time (s): cpu = 00:00:00 ; elapsed = 00:00:00 . Memory (MB): peak = 3872.797 ; gain = 0.000 ; free physical = 4343 ; free virtual = 7972
Wrote Device Cache: Time (s): cpu = 00:00:00 ; elapsed = 00:00:00.01 . Memory (MB): peak = 3872.797 ; gain = 0.000 ; free physical = 4343 ; free virtual = 7972
Write Physdb Complete: Time (s): cpu = 00:00:00.17 ; elapsed = 00:00:00.09 . Memory (MB): peak = 3872.797 ; gain = 0.000 ; free physical = 4343 ; free virtual = 7972
INFO: [Common 17-1381] The checkpoint '/home/user/project/Verilog/1112_clock_stopwatch/1112_clock_stopwatch.runs/impl_1/top_stopwatch_clock_routed.dcp' has been generated.
Command: write_bitstream -force top_stopwatch_clock.bit
Attempting to get a license for feature 'Implementation' and/or device 'xc7a35t'
INFO: [Common 17-349] Got license for feature 'Implementation' and/or device 'xc7a35t'
Running DRC as a precondition to command write_bitstream
INFO: [IP_Flow 19-1839] IP Catalog is up to date.
INFO: [DRC 23-27] Running DRC with 8 threads
INFO: [Vivado 12-3199] DRC finished with 0 Errors
INFO: [Vivado 12-3200] Please refer to the DRC report (report_drc) for more information.
INFO: [Designutils 20-2272] Running write_bitstream with 8 threads.
Loading data files...
Loading site data...
Loading route data...
Processing options...
Creating bitmap...
Creating bitstream...
Writing bitstream ./top_stopwatch_clock.bit...
INFO: [Vivado 12-1842] Bitgen Completed Successfully.
INFO: [Project 1-1876] WebTalk data collection is mandatory when using a ULT device. To see the specific WebTalk data collected for your design, open the usage_statistics_webtalk.html or usage_statistics_webtalk.xml file in the implementation directory.
INFO: [Common 17-83] Releasing license: Implementation
122 Infos, 2 Warnings, 0 Critical Warnings and 0 Errors encountered.
write_bitstream completed successfully
write_bitstream: Time (s): cpu = 00:00:11 ; elapsed = 00:00:19 . Memory (MB): peak = 4090.188 ; gain = 217.391 ; free physical = 4047 ; free virtual = 7677
INFO: [Common 17-206] Exiting Vivado at Tue Nov 12 16:24:23 2024...
