Time resolution is 1 ps
[GEN] address: 02d, w_data: a8, rw: 0, r_data: xx
[DRV] address: 02d, w_data: a8, rw: 0, r_data: xx
[MON] address: 02d, w_data: a8, rw: 0, r_data: xx
[SCB] address: 02d, w_data: a8, rw: 0, r_data: xx
 
[GEN] address: 0ec, w_data: 81, rw: 1, r_data: xx
[DRV] address: 0ec, w_data: 81, rw: 1, r_data: xx
[MON] address: 0ec, w_data: 81, rw: 1, r_data: xx
[SCB] address: 0ec, w_data: 81, rw: 1, r_data: xx
 
[GEN] address: 209, w_data: ae, rw: 1, r_data: xx
[DRV] address: 209, w_data: ae, rw: 1, r_data: xx
[MON] address: 209, w_data: ae, rw: 1, r_data: xx
[SCB] address: 209, w_data: ae, rw: 1, r_data: xx
 
[GEN] address: 06b, w_data: 9a, rw: 0, r_data: xx
[DRV] address: 06b, w_data: 9a, rw: 0, r_data: xx
[MON] address: 06b, w_data: 9a, rw: 0, r_data: xx
[SCB] address: 06b, w_data: 9a, rw: 0, r_data: xx
 
[GEN] address: 3be, w_data: a3, rw: 0, r_data: xx
[DRV] address: 3be, w_data: a3, rw: 0, r_data: xx
[MON] address: 3be, w_data: a3, rw: 0, r_data: xx
[SCB] address: 3be, w_data: a3, rw: 0, r_data: xx
 
[GEN] address: 2ba, w_data: 0f, rw: 0, r_data: xx
[DRV] address: 2ba, w_data: 0f, rw: 0, r_data: xx
[MON] address: 2ba, w_data: 0f, rw: 0, r_data: xx
[SCB] address: 2ba, w_data: 0f, rw: 0, r_data: xx
 
[GEN] address: 336, w_data: cd, rw: 0, r_data: xx
[DRV] address: 336, w_data: cd, rw: 0, r_data: xx
[MON] address: 336, w_data: cd, rw: 0, r_data: xx
[SCB] address: 336, w_data: cd, rw: 0, r_data: xx
 
[GEN] address: 161, w_data: 87, rw: 1, r_data: xx
[DRV] address: 161, w_data: 87, rw: 1, r_data: xx
[MON] address: 161, w_data: 87, rw: 1, r_data: xx
[SCB] address: 161, w_data: 87, rw: 1, r_data: xx
 
[GEN] address: 225, w_data: be, rw: 0, r_data: xx
[DRV] address: 225, w_data: be, rw: 0, r_data: xx
[MON] address: 225, w_data: be, rw: 0, r_data: xx
[SCB] address: 225, w_data: be, rw: 0, r_data: xx
 
[GEN] address: 38d, w_data: 1f, rw: 0, r_data: xx
[DRV] address: 38d, w_data: 1f, rw: 0, r_data: xx
[MON] address: 38d, w_data: 1f, rw: 0, r_data: xx
[SCB] address: 38d, w_data: 1f, rw: 0, r_data: xx
 
[GEN] address: 204, w_data: 44, rw: 0, r_data: xx
[DRV] address: 204, w_data: 44, rw: 0, r_data: xx
[MON] address: 204, w_data: 44, rw: 0, r_data: xx
[SCB] address: 204, w_data: 44, rw: 0, r_data: xx
 
[GEN] address: 149, w_data: d2, rw: 1, r_data: xx
[DRV] address: 149, w_data: d2, rw: 1, r_data: xx
[MON] address: 149, w_data: d2, rw: 1, r_data: xx
[SCB] address: 149, w_data: d2, rw: 1, r_data: xx
 
[GEN] address: 015, w_data: d6, rw: 1, r_data: xx
[DRV] address: 015, w_data: d6, rw: 1, r_data: xx
[MON] address: 015, w_data: d6, rw: 1, r_data: xx
[SCB] address: 015, w_data: d6, rw: 1, r_data: xx
 
[GEN] address: 19f, w_data: 1f, rw: 1, r_data: xx
[DRV] address: 19f, w_data: 1f, rw: 1, r_data: xx
[MON] address: 19f, w_data: 1f, rw: 1, r_data: xx
[SCB] address: 19f, w_data: 1f, rw: 1, r_data: xx
 
[GEN] address: 348, w_data: 34, rw: 0, r_data: xx
[DRV] address: 348, w_data: 34, rw: 0, r_data: xx
[MON] address: 348, w_data: 34, rw: 0, r_data: xx
[SCB] address: 348, w_data: 34, rw: 0, r_data: xx
 
[GEN] address: 335, w_data: d3, rw: 1, r_data: xx
[DRV] address: 335, w_data: d3, rw: 1, r_data: xx
[MON] address: 335, w_data: d3, rw: 1, r_data: xx
[SCB] address: 335, w_data: d3, rw: 1, r_data: xx
 
[GEN] address: 0f5, w_data: 1b, rw: 0, r_data: xx
[DRV] address: 0f5, w_data: 1b, rw: 0, r_data: xx
[MON] address: 0f5, w_data: 1b, rw: 0, r_data: xx
[SCB] address: 0f5, w_data: 1b, rw: 0, r_data: xx
 
[GEN] address: 28b, w_data: 51, rw: 1, r_data: xx
[DRV] address: 28b, w_data: 51, rw: 1, r_data: xx
[MON] address: 28b, w_data: 51, rw: 1, r_data: xx
[SCB] address: 28b, w_data: 51, rw: 1, r_data: xx
 
[GEN] address: 140, w_data: 46, rw: 1, r_data: xx
[DRV] address: 140, w_data: 46, rw: 1, r_data: xx
[MON] address: 140, w_data: 46, rw: 1, r_data: xx
[SCB] address: 140, w_data: 46, rw: 1, r_data: xx
 
[GEN] address: 12a, w_data: d1, rw: 0, r_data: xx
[DRV] address: 12a, w_data: d1, rw: 0, r_data: xx
[MON] address: 12a, w_data: d1, rw: 0, r_data: xx
[SCB] address: 12a, w_data: d1, rw: 0, r_data: xx
 
[GEN] address: 3e8, w_data: 11, rw: 0, r_data: xx
[DRV] address: 3e8, w_data: 11, rw: 0, r_data: xx
[MON] address: 3e8, w_data: 11, rw: 0, r_data: xx
[SCB] address: 3e8, w_data: 11, rw: 0, r_data: xx
 
[GEN] address: 0c1, w_data: 3c, rw: 1, r_data: xx
[DRV] address: 0c1, w_data: 3c, rw: 1, r_data: xx
[MON] address: 0c1, w_data: 3c, rw: 1, r_data: xx
[SCB] address: 0c1, w_data: 3c, rw: 1, r_data: xx
 
[GEN] address: 2eb, w_data: 24, rw: 0, r_data: xx
[DRV] address: 2eb, w_data: 24, rw: 0, r_data: xx
[MON] address: 2eb, w_data: 24, rw: 0, r_data: xx
[SCB] address: 2eb, w_data: 24, rw: 0, r_data: xx
 
[GEN] address: 35b, w_data: e5, rw: 0, r_data: xx
[DRV] address: 35b, w_data: e5, rw: 0, r_data: xx
[MON] address: 35b, w_data: e5, rw: 0, r_data: xx
[SCB] address: 35b, w_data: e5, rw: 0, r_data: xx
 
[GEN] address: 09c, w_data: d0, rw: 0, r_data: xx
[DRV] address: 09c, w_data: d0, rw: 0, r_data: xx
[MON] address: 09c, w_data: d0, rw: 0, r_data: xx
[SCB] address: 09c, w_data: d0, rw: 0, r_data: xx
 
[GEN] address: 3ee, w_data: 2b, rw: 1, r_data: xx
[DRV] address: 3ee, w_data: 2b, rw: 1, r_data: xx
[MON] address: 3ee, w_data: 2b, rw: 1, r_data: xx
[SCB] address: 3ee, w_data: 2b, rw: 1, r_data: xx
 
[GEN] address: 27d, w_data: c7, rw: 1, r_data: xx
[DRV] address: 27d, w_data: c7, rw: 1, r_data: xx
[MON] address: 27d, w_data: c7, rw: 1, r_data: xx
[SCB] address: 27d, w_data: c7, rw: 1, r_data: xx
 
[GEN] address: 02f, w_data: b5, rw: 0, r_data: xx
[DRV] address: 02f, w_data: b5, rw: 0, r_data: xx
[MON] address: 02f, w_data: b5, rw: 0, r_data: xx
[SCB] address: 02f, w_data: b5, rw: 0, r_data: xx
 
[GEN] address: 1c7, w_data: 32, rw: 1, r_data: xx
[DRV] address: 1c7, w_data: 32, rw: 1, r_data: xx
[MON] address: 1c7, w_data: 32, rw: 1, r_data: xx
[SCB] address: 1c7, w_data: 32, rw: 1, r_data: xx
 
[GEN] address: 22e, w_data: 62, rw: 1, r_data: xx
[DRV] address: 22e, w_data: 62, rw: 1, r_data: xx
[MON] address: 22e, w_data: 62, rw: 1, r_data: xx
[SCB] address: 22e, w_data: 62, rw: 1, r_data: xx
 
[GEN] address: 0c1, w_data: 29, rw: 1, r_data: xx
[DRV] address: 0c1, w_data: 29, rw: 1, r_data: xx
[MON] address: 0c1, w_data: 29, rw: 1, r_data: xx
[SCB] address: 0c1, w_data: 29, rw: 1, r_data: xx
 
[GEN] address: 21a, w_data: 57, rw: 1, r_data: xx
[DRV] address: 21a, w_data: 57, rw: 1, r_data: xx
[MON] address: 21a, w_data: 57, rw: 1, r_data: xx
[SCB] address: 21a, w_data: 57, rw: 1, r_data: xx
 
[GEN] address: 229, w_data: 18, rw: 0, r_data: xx
[DRV] address: 229, w_data: 18, rw: 0, r_data: xx
[MON] address: 229, w_data: 18, rw: 0, r_data: xx
[SCB] address: 229, w_data: 18, rw: 0, r_data: xx
 
[GEN] address: 36b, w_data: 33, rw: 0, r_data: xx
[DRV] address: 36b, w_data: 33, rw: 0, r_data: xx
[MON] address: 36b, w_data: 33, rw: 0, r_data: xx
[SCB] address: 36b, w_data: 33, rw: 0, r_data: xx
 
[GEN] address: 20e, w_data: 5c, rw: 0, r_data: xx
[DRV] address: 20e, w_data: 5c, rw: 0, r_data: xx
[MON] address: 20e, w_data: 5c, rw: 0, r_data: xx
[SCB] address: 20e, w_data: 5c, rw: 0, r_data: xx
 
[GEN] address: 3db, w_data: c7, rw: 1, r_data: xx
[DRV] address: 3db, w_data: c7, rw: 1, r_data: xx
[MON] address: 3db, w_data: c7, rw: 1, r_data: xx
[SCB] address: 3db, w_data: c7, rw: 1, r_data: xx
 
[GEN] address: 2ff, w_data: d6, rw: 0, r_data: xx
[DRV] address: 2ff, w_data: d6, rw: 0, r_data: xx
[MON] address: 2ff, w_data: d6, rw: 0, r_data: xx
[SCB] address: 2ff, w_data: d6, rw: 0, r_data: xx
 
[GEN] address: 03b, w_data: b1, rw: 1, r_data: xx
[DRV] address: 03b, w_data: b1, rw: 1, r_data: xx
[MON] address: 03b, w_data: b1, rw: 1, r_data: xx
[SCB] address: 03b, w_data: b1, rw: 1, r_data: xx
 
[GEN] address: 1ab, w_data: b0, rw: 1, r_data: xx
[DRV] address: 1ab, w_data: b0, rw: 1, r_data: xx
[MON] address: 1ab, w_data: b0, rw: 1, r_data: xx
[SCB] address: 1ab, w_data: b0, rw: 1, r_data: xx
 
[GEN] address: 177, w_data: eb, rw: 0, r_data: xx
[DRV] address: 177, w_data: eb, rw: 0, r_data: xx
[MON] address: 177, w_data: eb, rw: 0, r_data: xx
[SCB] address: 177, w_data: eb, rw: 0, r_data: xx
 
[GEN] address: 30a, w_data: 96, rw: 0, r_data: xx
[DRV] address: 30a, w_data: 96, rw: 0, r_data: xx
[MON] address: 30a, w_data: 96, rw: 0, r_data: xx
[SCB] address: 30a, w_data: 96, rw: 0, r_data: xx
 
[GEN] address: 074, w_data: 0d, rw: 0, r_data: xx
[DRV] address: 074, w_data: 0d, rw: 0, r_data: xx
[MON] address: 074, w_data: 0d, rw: 0, r_data: xx
[SCB] address: 074, w_data: 0d, rw: 0, r_data: xx
 
[GEN] address: 18e, w_data: 18, rw: 0, r_data: xx
[DRV] address: 18e, w_data: 18, rw: 0, r_data: xx
[MON] address: 18e, w_data: 18, rw: 0, r_data: xx
[SCB] address: 18e, w_data: 18, rw: 0, r_data: xx
 
[GEN] address: 159, w_data: 8c, rw: 0, r_data: xx
[DRV] address: 159, w_data: 8c, rw: 0, r_data: xx
[MON] address: 159, w_data: 8c, rw: 0, r_data: xx
[SCB] address: 159, w_data: 8c, rw: 0, r_data: xx
 
[GEN] address: 00f, w_data: 1a, rw: 0, r_data: xx
[DRV] address: 00f, w_data: 1a, rw: 0, r_data: xx
[MON] address: 00f, w_data: 1a, rw: 0, r_data: xx
[SCB] address: 00f, w_data: 1a, rw: 0, r_data: xx
 
[GEN] address: 35b, w_data: 73, rw: 0, r_data: xx
[DRV] address: 35b, w_data: 73, rw: 0, r_data: xx
[MON] address: 35b, w_data: 73, rw: 0, r_data: xx
[SCB] address: 35b, w_data: 73, rw: 0, r_data: xx
 
[GEN] address: 0b5, w_data: 82, rw: 0, r_data: xx
[DRV] address: 0b5, w_data: 82, rw: 0, r_data: xx
[MON] address: 0b5, w_data: 82, rw: 0, r_data: xx
[SCB] address: 0b5, w_data: 82, rw: 0, r_data: xx
 
[GEN] address: 327, w_data: de, rw: 0, r_data: xx
[DRV] address: 327, w_data: de, rw: 0, r_data: xx
[MON] address: 327, w_data: de, rw: 0, r_data: xx
[SCB] address: 327, w_data: de, rw: 0, r_data: xx
 
[GEN] address: 325, w_data: 93, rw: 0, r_data: xx
[DRV] address: 325, w_data: 93, rw: 0, r_data: xx
[MON] address: 325, w_data: 93, rw: 0, r_data: xx
[SCB] address: 325, w_data: 93, rw: 0, r_data: xx
 
[GEN] address: 23e, w_data: bb, rw: 0, r_data: xx
[DRV] address: 23e, w_data: bb, rw: 0, r_data: xx
[MON] address: 23e, w_data: bb, rw: 0, r_data: xx
[SCB] address: 23e, w_data: bb, rw: 0, r_data: xx
 
[GEN] address: 1ca, w_data: e0, rw: 0, r_data: xx
[DRV] address: 1ca, w_data: e0, rw: 0, r_data: xx
[MON] address: 1ca, w_data: e0, rw: 0, r_data: xx
[SCB] address: 1ca, w_data: e0, rw: 0, r_data: xx
 
[GEN] address: 1d8, w_data: 1e, rw: 1, r_data: xx
[DRV] address: 1d8, w_data: 1e, rw: 1, r_data: xx
[MON] address: 1d8, w_data: 1e, rw: 1, r_data: xx
[SCB] address: 1d8, w_data: 1e, rw: 1, r_data: xx
 
[GEN] address: 1c5, w_data: e8, rw: 1, r_data: xx
[DRV] address: 1c5, w_data: e8, rw: 1, r_data: xx
[MON] address: 1c5, w_data: e8, rw: 1, r_data: xx
[SCB] address: 1c5, w_data: e8, rw: 1, r_data: xx
 
[GEN] address: 245, w_data: c1, rw: 0, r_data: xx
[DRV] address: 245, w_data: c1, rw: 0, r_data: xx
[MON] address: 245, w_data: c1, rw: 0, r_data: xx
[SCB] address: 245, w_data: c1, rw: 0, r_data: xx
 
[GEN] address: 280, w_data: 86, rw: 0, r_data: xx
[DRV] address: 280, w_data: 86, rw: 0, r_data: xx
[MON] address: 280, w_data: 86, rw: 0, r_data: xx
[SCB] address: 280, w_data: 86, rw: 0, r_data: xx
 
[GEN] address: 19b, w_data: cb, rw: 1, r_data: xx
[DRV] address: 19b, w_data: cb, rw: 1, r_data: xx
[MON] address: 19b, w_data: cb, rw: 1, r_data: xx
[SCB] address: 19b, w_data: cb, rw: 1, r_data: xx
 
[GEN] address: 1d5, w_data: 4b, rw: 1, r_data: xx
[DRV] address: 1d5, w_data: 4b, rw: 1, r_data: xx
[MON] address: 1d5, w_data: 4b, rw: 1, r_data: xx
[SCB] address: 1d5, w_data: 4b, rw: 1, r_data: xx
 
[GEN] address: 0f8, w_data: e6, rw: 0, r_data: xx
[DRV] address: 0f8, w_data: e6, rw: 0, r_data: xx
[MON] address: 0f8, w_data: e6, rw: 0, r_data: xx
[SCB] address: 0f8, w_data: e6, rw: 0, r_data: xx
 
[GEN] address: 0db, w_data: bc, rw: 1, r_data: xx
[DRV] address: 0db, w_data: bc, rw: 1, r_data: xx
[MON] address: 0db, w_data: bc, rw: 1, r_data: xx
[SCB] address: 0db, w_data: bc, rw: 1, r_data: xx
 
[GEN] address: 345, w_data: b4, rw: 0, r_data: xx
[DRV] address: 345, w_data: b4, rw: 0, r_data: xx
[MON] address: 345, w_data: b4, rw: 0, r_data: xx
[SCB] address: 345, w_data: b4, rw: 0, r_data: xx
 
[GEN] address: 279, w_data: 8f, rw: 0, r_data: xx
[DRV] address: 279, w_data: 8f, rw: 0, r_data: xx
[MON] address: 279, w_data: 8f, rw: 0, r_data: xx
[SCB] address: 279, w_data: 8f, rw: 0, r_data: xx
 
[GEN] address: 0f9, w_data: d4, rw: 0, r_data: xx
[DRV] address: 0f9, w_data: d4, rw: 0, r_data: xx
[MON] address: 0f9, w_data: d4, rw: 0, r_data: xx
[SCB] address: 0f9, w_data: d4, rw: 0, r_data: xx
 
[GEN] address: 05f, w_data: 4e, rw: 1, r_data: xx
[DRV] address: 05f, w_data: 4e, rw: 1, r_data: xx
[MON] address: 05f, w_data: 4e, rw: 1, r_data: xx
[SCB] address: 05f, w_data: 4e, rw: 1, r_data: xx
 
[GEN] address: 281, w_data: 47, rw: 0, r_data: xx
[DRV] address: 281, w_data: 47, rw: 0, r_data: xx
[MON] address: 281, w_data: 47, rw: 0, r_data: xx
[SCB] address: 281, w_data: 47, rw: 0, r_data: xx
 
[GEN] address: 057, w_data: a6, rw: 0, r_data: xx
[DRV] address: 057, w_data: a6, rw: 0, r_data: xx
[MON] address: 057, w_data: a6, rw: 0, r_data: xx
[SCB] address: 057, w_data: a6, rw: 0, r_data: xx
 
[GEN] address: 2bc, w_data: 27, rw: 1, r_data: xx
[DRV] address: 2bc, w_data: 27, rw: 1, r_data: xx
[MON] address: 2bc, w_data: 27, rw: 1, r_data: xx
[SCB] address: 2bc, w_data: 27, rw: 1, r_data: xx
 
[GEN] address: 0f6, w_data: 7e, rw: 1, r_data: xx
[DRV] address: 0f6, w_data: 7e, rw: 1, r_data: xx
[MON] address: 0f6, w_data: 7e, rw: 1, r_data: xx
[SCB] address: 0f6, w_data: 7e, rw: 1, r_data: xx
 
[GEN] address: 17e, w_data: 3a, rw: 0, r_data: xx
[DRV] address: 17e, w_data: 3a, rw: 0, r_data: xx
[MON] address: 17e, w_data: 3a, rw: 0, r_data: xx
[SCB] address: 17e, w_data: 3a, rw: 0, r_data: xx
 
[GEN] address: 14d, w_data: 31, rw: 0, r_data: xx
[DRV] address: 14d, w_data: 31, rw: 0, r_data: xx
[MON] address: 14d, w_data: 31, rw: 0, r_data: xx
[SCB] address: 14d, w_data: 31, rw: 0, r_data: xx
 
[GEN] address: 0c2, w_data: af, rw: 0, r_data: xx
[DRV] address: 0c2, w_data: af, rw: 0, r_data: xx
[MON] address: 0c2, w_data: af, rw: 0, r_data: xx
[SCB] address: 0c2, w_data: af, rw: 0, r_data: xx
 
[GEN] address: 25e, w_data: fd, rw: 1, r_data: xx
[DRV] address: 25e, w_data: fd, rw: 1, r_data: xx
[MON] address: 25e, w_data: fd, rw: 1, r_data: xx
[SCB] address: 25e, w_data: fd, rw: 1, r_data: xx
 
[GEN] address: 278, w_data: bf, rw: 1, r_data: xx
[DRV] address: 278, w_data: bf, rw: 1, r_data: xx
[MON] address: 278, w_data: bf, rw: 1, r_data: xx
[SCB] address: 278, w_data: bf, rw: 1, r_data: xx
 
[GEN] address: 3cd, w_data: 1e, rw: 0, r_data: xx
[DRV] address: 3cd, w_data: 1e, rw: 0, r_data: xx
[MON] address: 3cd, w_data: 1e, rw: 0, r_data: xx
[SCB] address: 3cd, w_data: 1e, rw: 0, r_data: xx
 
[GEN] address: 352, w_data: 96, rw: 1, r_data: xx
[DRV] address: 352, w_data: 96, rw: 1, r_data: xx
[MON] address: 352, w_data: 96, rw: 1, r_data: xx
[SCB] address: 352, w_data: 96, rw: 1, r_data: xx
 
[GEN] address: 287, w_data: 63, rw: 1, r_data: xx
[DRV] address: 287, w_data: 63, rw: 1, r_data: xx
[MON] address: 287, w_data: 63, rw: 1, r_data: xx
[SCB] address: 287, w_data: 63, rw: 1, r_data: xx
 
[GEN] address: 2b9, w_data: b6, rw: 0, r_data: xx
[DRV] address: 2b9, w_data: b6, rw: 0, r_data: xx
[MON] address: 2b9, w_data: b6, rw: 0, r_data: xx
[SCB] address: 2b9, w_data: b6, rw: 0, r_data: xx
 
[GEN] address: 0ab, w_data: 3d, rw: 1, r_data: xx
[DRV] address: 0ab, w_data: 3d, rw: 1, r_data: xx
[MON] address: 0ab, w_data: 3d, rw: 1, r_data: xx
[SCB] address: 0ab, w_data: 3d, rw: 1, r_data: xx
 
[GEN] address: 2ba, w_data: f7, rw: 1, r_data: xx
[DRV] address: 2ba, w_data: f7, rw: 1, r_data: xx
[MON] address: 2ba, w_data: f7, rw: 1, r_data: xx
[SCB] address: 2ba, w_data: f7, rw: 1, r_data: xx
 
[GEN] address: 360, w_data: a2, rw: 1, r_data: xx
[DRV] address: 360, w_data: a2, rw: 1, r_data: xx
[MON] address: 360, w_data: a2, rw: 1, r_data: xx
[SCB] address: 360, w_data: a2, rw: 1, r_data: xx
 
[GEN] address: 26a, w_data: 5c, rw: 0, r_data: xx
[DRV] address: 26a, w_data: 5c, rw: 0, r_data: xx
[MON] address: 26a, w_data: 5c, rw: 0, r_data: xx
[SCB] address: 26a, w_data: 5c, rw: 0, r_data: xx
 
[GEN] address: 329, w_data: bd, rw: 0, r_data: xx
[DRV] address: 329, w_data: bd, rw: 0, r_data: xx
[MON] address: 329, w_data: bd, rw: 0, r_data: xx
[SCB] address: 329, w_data: bd, rw: 0, r_data: xx
 
[GEN] address: 026, w_data: 27, rw: 0, r_data: xx
[DRV] address: 026, w_data: 27, rw: 0, r_data: xx
[MON] address: 026, w_data: 27, rw: 0, r_data: xx
[SCB] address: 026, w_data: 27, rw: 0, r_data: xx
 
[GEN] address: 01a, w_data: 50, rw: 1, r_data: xx
[DRV] address: 01a, w_data: 50, rw: 1, r_data: xx
[MON] address: 01a, w_data: 50, rw: 1, r_data: xx
[SCB] address: 01a, w_data: 50, rw: 1, r_data: xx
 
[GEN] address: 3b0, w_data: 77, rw: 0, r_data: xx
[DRV] address: 3b0, w_data: 77, rw: 0, r_data: xx
[MON] address: 3b0, w_data: 77, rw: 0, r_data: xx
[SCB] address: 3b0, w_data: 77, rw: 0, r_data: xx
 
[GEN] address: 1a3, w_data: 91, rw: 1, r_data: xx
[DRV] address: 1a3, w_data: 91, rw: 1, r_data: xx
[MON] address: 1a3, w_data: 91, rw: 1, r_data: xx
[SCB] address: 1a3, w_data: 91, rw: 1, r_data: xx
 
[GEN] address: 152, w_data: 42, rw: 0, r_data: xx
[DRV] address: 152, w_data: 42, rw: 0, r_data: xx
[MON] address: 152, w_data: 42, rw: 0, r_data: xx
[SCB] address: 152, w_data: 42, rw: 0, r_data: xx
 
[GEN] address: 129, w_data: e5, rw: 1, r_data: xx
[DRV] address: 129, w_data: e5, rw: 1, r_data: xx
[MON] address: 129, w_data: e5, rw: 1, r_data: xx
[SCB] address: 129, w_data: e5, rw: 1, r_data: xx
 
[GEN] address: 050, w_data: 37, rw: 1, r_data: xx
[DRV] address: 050, w_data: 37, rw: 1, r_data: xx
[MON] address: 050, w_data: 37, rw: 1, r_data: xx
[SCB] address: 050, w_data: 37, rw: 1, r_data: xx
 
[GEN] address: 2ee, w_data: 60, rw: 0, r_data: xx
[DRV] address: 2ee, w_data: 60, rw: 0, r_data: xx
[MON] address: 2ee, w_data: 60, rw: 0, r_data: xx
[SCB] address: 2ee, w_data: 60, rw: 0, r_data: xx
 
[GEN] address: 11d, w_data: b0, rw: 0, r_data: xx
[DRV] address: 11d, w_data: b0, rw: 0, r_data: xx
[MON] address: 11d, w_data: b0, rw: 0, r_data: xx
[SCB] address: 11d, w_data: b0, rw: 0, r_data: xx
 
[GEN] address: 28f, w_data: 9e, rw: 0, r_data: xx
[DRV] address: 28f, w_data: 9e, rw: 0, r_data: xx
[MON] address: 28f, w_data: 9e, rw: 0, r_data: xx
[SCB] address: 28f, w_data: 9e, rw: 0, r_data: xx
 
[GEN] address: 0e5, w_data: bc, rw: 1, r_data: xx
[DRV] address: 0e5, w_data: bc, rw: 1, r_data: xx
[MON] address: 0e5, w_data: bc, rw: 1, r_data: xx
[SCB] address: 0e5, w_data: bc, rw: 1, r_data: xx
 
[GEN] address: 173, w_data: 4b, rw: 1, r_data: xx
[DRV] address: 173, w_data: 4b, rw: 1, r_data: xx
[MON] address: 173, w_data: 4b, rw: 1, r_data: xx
[SCB] address: 173, w_data: 4b, rw: 1, r_data: xx
 
[GEN] address: 162, w_data: 30, rw: 1, r_data: xx
[DRV] address: 162, w_data: 30, rw: 1, r_data: xx
[MON] address: 162, w_data: 30, rw: 1, r_data: xx
[SCB] address: 162, w_data: 30, rw: 1, r_data: xx
 
[GEN] address: 101, w_data: a4, rw: 0, r_data: xx
[DRV] address: 101, w_data: a4, rw: 0, r_data: xx
[MON] address: 101, w_data: a4, rw: 0, r_data: xx
[SCB] address: 101, w_data: a4, rw: 0, r_data: xx
 
[GEN] address: 33e, w_data: 06, rw: 1, r_data: xx
[DRV] address: 33e, w_data: 06, rw: 1, r_data: xx
[MON] address: 33e, w_data: 06, rw: 1, r_data: xx
[SCB] address: 33e, w_data: 06, rw: 1, r_data: xx
 
[GEN] address: 138, w_data: 07, rw: 1, r_data: xx
[DRV] address: 138, w_data: 07, rw: 1, r_data: xx
[MON] address: 138, w_data: 07, rw: 1, r_data: xx
[SCB] address: 138, w_data: 07, rw: 1, r_data: xx
 
[GEN] address: 17c, w_data: 45, rw: 1, r_data: xx
[DRV] address: 17c, w_data: 45, rw: 1, r_data: xx
[MON] address: 17c, w_data: 45, rw: 1, r_data: xx
[SCB] address: 17c, w_data: 45, rw: 1, r_data: xx
 
[GEN] address: 0f1, w_data: 7d, rw: 0, r_data: xx
[DRV] address: 0f1, w_data: 7d, rw: 0, r_data: xx
[MON] address: 0f1, w_data: 7d, rw: 0, r_data: xx
[SCB] address: 0f1, w_data: 7d, rw: 0, r_data: xx
 
[GEN] address: 10a, w_data: fa, rw: 1, r_data: xx
[DRV] address: 10a, w_data: fa, rw: 1, r_data: xx
[MON] address: 10a, w_data: fa, rw: 1, r_data: xx
[SCB] address: 10a, w_data: fa, rw: 1, r_data: xx
 
[GEN] address: 329, w_data: eb, rw: 1, r_data: xx
[DRV] address: 329, w_data: eb, rw: 1, r_data: xx
[MON] address: 329, w_data: eb, rw: 1, r_data: xx
[SCB] address: 329, w_data: eb, rw: 1, r_data: xx
 
[GEN] address: 04f, w_data: f6, rw: 1, r_data: xx
[DRV] address: 04f, w_data: f6, rw: 1, r_data: xx
[MON] address: 04f, w_data: f6, rw: 1, r_data: xx
[SCB] address: 04f, w_data: f6, rw: 1, r_data: xx
 
[GEN] address: 3bb, w_data: 1f, rw: 0, r_data: xx
[DRV] address: 3bb, w_data: 1f, rw: 0, r_data: xx
[MON] address: 3bb, w_data: 1f, rw: 0, r_data: xx
[SCB] address: 3bb, w_data: 1f, rw: 0, r_data: xx
 
[GEN] address: 2a4, w_data: 6f, rw: 0, r_data: xx
[DRV] address: 2a4, w_data: 6f, rw: 0, r_data: xx
[MON] address: 2a4, w_data: 6f, rw: 0, r_data: xx
[SCB] address: 2a4, w_data: 6f, rw: 0, r_data: xx
 
[GEN] address: 287, w_data: 2a, rw: 0, r_data: xx
[DRV] address: 287, w_data: 2a, rw: 0, r_data: xx
[MON] address: 287, w_data: 2a, rw: 0, r_data: xx
[SCB] address: 287, w_data: 2a, rw: 0, r_data: xx
 
[GEN] address: 055, w_data: ce, rw: 1, r_data: xx
[DRV] address: 055, w_data: ce, rw: 1, r_data: xx
[MON] address: 055, w_data: ce, rw: 1, r_data: 63
[SCB] address: 055, w_data: ce, rw: 1, r_data: 63
 
[GEN] address: 11a, w_data: 55, rw: 1, r_data: xx
[DRV] address: 11a, w_data: 55, rw: 1, r_data: xx
[MON] address: 11a, w_data: 55, rw: 1, r_data: 63
[SCB] address: 11a, w_data: 55, rw: 1, r_data: 63
 
[GEN] address: 3fe, w_data: aa, rw: 1, r_data: xx
[DRV] address: 3fe, w_data: aa, rw: 1, r_data: xx
[MON] address: 3fe, w_data: aa, rw: 1, r_data: 63
[SCB] address: 3fe, w_data: aa, rw: 1, r_data: 63
 
[GEN] address: 151, w_data: c4, rw: 0, r_data: xx
[DRV] address: 151, w_data: c4, rw: 0, r_data: xx
[MON] address: 151, w_data: c4, rw: 0, r_data: 63
[SCB] address: 151, w_data: c4, rw: 0, r_data: 63
 
[GEN] address: 0ce, w_data: c2, rw: 0, r_data: xx
[DRV] address: 0ce, w_data: c2, rw: 0, r_data: xx
[MON] address: 0ce, w_data: c2, rw: 0, r_data: xx
[SCB] address: 0ce, w_data: c2, rw: 0, r_data: xx
 
[GEN] address: 119, w_data: 13, rw: 1, r_data: xx
[DRV] address: 119, w_data: 13, rw: 1, r_data: xx
[MON] address: 119, w_data: 13, rw: 1, r_data: xx
[SCB] address: 119, w_data: 13, rw: 1, r_data: xx
 
[GEN] address: 0b9, w_data: e1, rw: 1, r_data: xx
[DRV] address: 0b9, w_data: e1, rw: 1, r_data: xx
[MON] address: 0b9, w_data: e1, rw: 1, r_data: xx
[SCB] address: 0b9, w_data: e1, rw: 1, r_data: xx
 
[GEN] address: 003, w_data: fa, rw: 1, r_data: xx
[DRV] address: 003, w_data: fa, rw: 1, r_data: xx
[MON] address: 003, w_data: fa, rw: 1, r_data: xx
[SCB] address: 003, w_data: fa, rw: 1, r_data: xx
 
[GEN] address: 012, w_data: b3, rw: 0, r_data: xx
[DRV] address: 012, w_data: b3, rw: 0, r_data: xx
[MON] address: 012, w_data: b3, rw: 0, r_data: xx
[SCB] address: 012, w_data: b3, rw: 0, r_data: xx
 
[GEN] address: 0e4, w_data: b7, rw: 1, r_data: xx
[DRV] address: 0e4, w_data: b7, rw: 1, r_data: xx
[MON] address: 0e4, w_data: b7, rw: 1, r_data: xx
[SCB] address: 0e4, w_data: b7, rw: 1, r_data: xx
 
[GEN] address: 3c9, w_data: c9, rw: 0, r_data: xx
[DRV] address: 3c9, w_data: c9, rw: 0, r_data: xx
[MON] address: 3c9, w_data: c9, rw: 0, r_data: xx
[SCB] address: 3c9, w_data: c9, rw: 0, r_data: xx
 
[GEN] address: 18f, w_data: ad, rw: 1, r_data: xx
[DRV] address: 18f, w_data: ad, rw: 1, r_data: xx
[MON] address: 18f, w_data: ad, rw: 1, r_data: xx
[SCB] address: 18f, w_data: ad, rw: 1, r_data: xx
 
[GEN] address: 350, w_data: 76, rw: 1, r_data: xx
[DRV] address: 350, w_data: 76, rw: 1, r_data: xx
[MON] address: 350, w_data: 76, rw: 1, r_data: xx
[SCB] address: 350, w_data: 76, rw: 1, r_data: xx
 
[GEN] address: 1c5, w_data: 06, rw: 0, r_data: xx
[DRV] address: 1c5, w_data: 06, rw: 0, r_data: xx
[MON] address: 1c5, w_data: 06, rw: 0, r_data: xx
[SCB] address: 1c5, w_data: 06, rw: 0, r_data: xx
 
[GEN] address: 0f0, w_data: 56, rw: 1, r_data: xx
[DRV] address: 0f0, w_data: 56, rw: 1, r_data: xx
[MON] address: 0f0, w_data: 56, rw: 1, r_data: e8
[SCB] address: 0f0, w_data: 56, rw: 1, r_data: e8
 
[GEN] address: 0e5, w_data: 1b, rw: 1, r_data: xx
[DRV] address: 0e5, w_data: 1b, rw: 1, r_data: xx
[MON] address: 0e5, w_data: 1b, rw: 1, r_data: e8
[SCB] address: 0e5, w_data: 1b, rw: 1, r_data: e8
 
[GEN] address: 288, w_data: 0c, rw: 1, r_data: xx
[DRV] address: 288, w_data: 0c, rw: 1, r_data: xx
[MON] address: 288, w_data: 0c, rw: 1, r_data: e8
[SCB] address: 288, w_data: 0c, rw: 1, r_data: e8
 
[GEN] address: 1a1, w_data: f1, rw: 1, r_data: xx
[DRV] address: 1a1, w_data: f1, rw: 1, r_data: xx
[MON] address: 1a1, w_data: f1, rw: 1, r_data: e8
[SCB] address: 1a1, w_data: f1, rw: 1, r_data: e8
 
[GEN] address: 3c0, w_data: 79, rw: 1, r_data: xx
[DRV] address: 3c0, w_data: 79, rw: 1, r_data: xx
[MON] address: 3c0, w_data: 79, rw: 1, r_data: e8
[SCB] address: 3c0, w_data: 79, rw: 1, r_data: e8
 
[GEN] address: 035, w_data: 1a, rw: 0, r_data: xx
[DRV] address: 035, w_data: 1a, rw: 0, r_data: xx
[MON] address: 035, w_data: 1a, rw: 0, r_data: e8
[SCB] address: 035, w_data: 1a, rw: 0, r_data: e8
 
[GEN] address: 0c6, w_data: da, rw: 0, r_data: xx
[DRV] address: 0c6, w_data: da, rw: 0, r_data: xx
[MON] address: 0c6, w_data: da, rw: 0, r_data: xx
[SCB] address: 0c6, w_data: da, rw: 0, r_data: xx
 
[GEN] address: 263, w_data: 10, rw: 0, r_data: xx
[DRV] address: 263, w_data: 10, rw: 0, r_data: xx
[MON] address: 263, w_data: 10, rw: 0, r_data: xx
[SCB] address: 263, w_data: 10, rw: 0, r_data: xx
 
[GEN] address: 1f2, w_data: d6, rw: 1, r_data: xx
[DRV] address: 1f2, w_data: d6, rw: 1, r_data: xx
[MON] address: 1f2, w_data: d6, rw: 1, r_data: xx
[SCB] address: 1f2, w_data: d6, rw: 1, r_data: xx
 
[GEN] address: 1fa, w_data: 3a, rw: 1, r_data: xx
[DRV] address: 1fa, w_data: 3a, rw: 1, r_data: xx
[MON] address: 1fa, w_data: 3a, rw: 1, r_data: xx
[SCB] address: 1fa, w_data: 3a, rw: 1, r_data: xx
 
[GEN] address: 01c, w_data: 2c, rw: 1, r_data: xx
[DRV] address: 01c, w_data: 2c, rw: 1, r_data: xx
[MON] address: 01c, w_data: 2c, rw: 1, r_data: xx
[SCB] address: 01c, w_data: 2c, rw: 1, r_data: xx
 
[GEN] address: 019, w_data: 26, rw: 1, r_data: xx
[DRV] address: 019, w_data: 26, rw: 1, r_data: xx
[MON] address: 019, w_data: 26, rw: 1, r_data: xx
[SCB] address: 019, w_data: 26, rw: 1, r_data: xx
 
[GEN] address: 226, w_data: 42, rw: 1, r_data: xx
[DRV] address: 226, w_data: 42, rw: 1, r_data: xx
[MON] address: 226, w_data: 42, rw: 1, r_data: xx
[SCB] address: 226, w_data: 42, rw: 1, r_data: xx
 
[GEN] address: 30a, w_data: 5c, rw: 1, r_data: xx
[DRV] address: 30a, w_data: 5c, rw: 1, r_data: xx
[MON] address: 30a, w_data: 5c, rw: 1, r_data: xx
[SCB] address: 30a, w_data: 5c, rw: 1, r_data: xx
 
[GEN] address: 127, w_data: 82, rw: 0, r_data: xx
[DRV] address: 127, w_data: 82, rw: 0, r_data: xx
[MON] address: 127, w_data: 82, rw: 0, r_data: xx
[SCB] address: 127, w_data: 82, rw: 0, r_data: xx
 
[GEN] address: 271, w_data: 8c, rw: 0, r_data: xx
[DRV] address: 271, w_data: 8c, rw: 0, r_data: xx
[MON] address: 271, w_data: 8c, rw: 0, r_data: xx
[SCB] address: 271, w_data: 8c, rw: 0, r_data: xx
 
[GEN] address: 0e0, w_data: b4, rw: 0, r_data: xx
[DRV] address: 0e0, w_data: b4, rw: 0, r_data: xx
[MON] address: 0e0, w_data: b4, rw: 0, r_data: xx
[SCB] address: 0e0, w_data: b4, rw: 0, r_data: xx
 
[GEN] address: 092, w_data: 25, rw: 1, r_data: xx
[DRV] address: 092, w_data: 25, rw: 1, r_data: xx
[MON] address: 092, w_data: 25, rw: 1, r_data: xx
[SCB] address: 092, w_data: 25, rw: 1, r_data: xx
 
[GEN] address: 1a0, w_data: 05, rw: 1, r_data: xx
[DRV] address: 1a0, w_data: 05, rw: 1, r_data: xx
[MON] address: 1a0, w_data: 05, rw: 1, r_data: xx
[SCB] address: 1a0, w_data: 05, rw: 1, r_data: xx
 
[GEN] address: 231, w_data: 98, rw: 0, r_data: xx
[DRV] address: 231, w_data: 98, rw: 0, r_data: xx
[MON] address: 231, w_data: 98, rw: 0, r_data: xx
[SCB] address: 231, w_data: 98, rw: 0, r_data: xx
 
[GEN] address: 14e, w_data: 38, rw: 1, r_data: xx
[DRV] address: 14e, w_data: 38, rw: 1, r_data: xx
[MON] address: 14e, w_data: 38, rw: 1, r_data: xx
[SCB] address: 14e, w_data: 38, rw: 1, r_data: xx
 
[GEN] address: 01f, w_data: 69, rw: 1, r_data: xx
[DRV] address: 01f, w_data: 69, rw: 1, r_data: xx
[MON] address: 01f, w_data: 69, rw: 1, r_data: xx
[SCB] address: 01f, w_data: 69, rw: 1, r_data: xx
 
[GEN] address: 115, w_data: b7, rw: 0, r_data: xx
[DRV] address: 115, w_data: b7, rw: 0, r_data: xx
[MON] address: 115, w_data: b7, rw: 0, r_data: xx
[SCB] address: 115, w_data: b7, rw: 0, r_data: xx
 
[GEN] address: 110, w_data: d6, rw: 1, r_data: xx
[DRV] address: 110, w_data: d6, rw: 1, r_data: xx
[MON] address: 110, w_data: d6, rw: 1, r_data: xx
[SCB] address: 110, w_data: d6, rw: 1, r_data: xx
 
[GEN] address: 0a4, w_data: eb, rw: 1, r_data: xx
[DRV] address: 0a4, w_data: eb, rw: 1, r_data: xx
[MON] address: 0a4, w_data: eb, rw: 1, r_data: xx
[SCB] address: 0a4, w_data: eb, rw: 1, r_data: xx
 
[GEN] address: 170, w_data: fc, rw: 1, r_data: xx
[DRV] address: 170, w_data: fc, rw: 1, r_data: xx
[MON] address: 170, w_data: fc, rw: 1, r_data: xx
[SCB] address: 170, w_data: fc, rw: 1, r_data: xx
 
[GEN] address: 1a5, w_data: a0, rw: 1, r_data: xx
[DRV] address: 1a5, w_data: a0, rw: 1, r_data: xx
[MON] address: 1a5, w_data: a0, rw: 1, r_data: xx
[SCB] address: 1a5, w_data: a0, rw: 1, r_data: xx
 
[GEN] address: 292, w_data: 10, rw: 1, r_data: xx
[DRV] address: 292, w_data: 10, rw: 1, r_data: xx
[MON] address: 292, w_data: 10, rw: 1, r_data: xx
[SCB] address: 292, w_data: 10, rw: 1, r_data: xx
 
[GEN] address: 056, w_data: b5, rw: 1, r_data: xx
[DRV] address: 056, w_data: b5, rw: 1, r_data: xx
[MON] address: 056, w_data: b5, rw: 1, r_data: xx
[SCB] address: 056, w_data: b5, rw: 1, r_data: xx
 
[GEN] address: 005, w_data: 48, rw: 1, r_data: xx
[DRV] address: 005, w_data: 48, rw: 1, r_data: xx
[MON] address: 005, w_data: 48, rw: 1, r_data: xx
[SCB] address: 005, w_data: 48, rw: 1, r_data: xx
 
[GEN] address: 2b0, w_data: 9e, rw: 0, r_data: xx
[DRV] address: 2b0, w_data: 9e, rw: 0, r_data: xx
[MON] address: 2b0, w_data: 9e, rw: 0, r_data: xx
[SCB] address: 2b0, w_data: 9e, rw: 0, r_data: xx
 
[GEN] address: 0fb, w_data: a3, rw: 0, r_data: xx
[DRV] address: 0fb, w_data: a3, rw: 0, r_data: xx
[MON] address: 0fb, w_data: a3, rw: 0, r_data: xx
[SCB] address: 0fb, w_data: a3, rw: 0, r_data: xx
 
[GEN] address: 056, w_data: 53, rw: 0, r_data: xx
[DRV] address: 056, w_data: 53, rw: 0, r_data: xx
[MON] address: 056, w_data: 53, rw: 0, r_data: xx
[SCB] address: 056, w_data: 53, rw: 0, r_data: xx
 
[GEN] address: 266, w_data: 4e, rw: 1, r_data: xx
[DRV] address: 266, w_data: 4e, rw: 1, r_data: xx
[MON] address: 266, w_data: 4e, rw: 1, r_data: b5
[SCB] address: 266, w_data: 4e, rw: 1, r_data: b5
 
[GEN] address: 1bf, w_data: a4, rw: 0, r_data: xx
[DRV] address: 1bf, w_data: a4, rw: 0, r_data: xx
[MON] address: 1bf, w_data: a4, rw: 0, r_data: b5
[SCB] address: 1bf, w_data: a4, rw: 0, r_data: b5
 
[GEN] address: 2b5, w_data: 0a, rw: 0, r_data: xx
[DRV] address: 2b5, w_data: 0a, rw: 0, r_data: xx
[MON] address: 2b5, w_data: 0a, rw: 0, r_data: xx
[SCB] address: 2b5, w_data: 0a, rw: 0, r_data: xx
 
[GEN] address: 14f, w_data: c9, rw: 0, r_data: xx
[DRV] address: 14f, w_data: c9, rw: 0, r_data: xx
[MON] address: 14f, w_data: c9, rw: 0, r_data: xx
[SCB] address: 14f, w_data: c9, rw: 0, r_data: xx
 
[GEN] address: 03b, w_data: 7f, rw: 1, r_data: xx
[DRV] address: 03b, w_data: 7f, rw: 1, r_data: xx
[MON] address: 03b, w_data: 7f, rw: 1, r_data: xx
[SCB] address: 03b, w_data: 7f, rw: 1, r_data: xx
 
[GEN] address: 076, w_data: ce, rw: 0, r_data: xx
[DRV] address: 076, w_data: ce, rw: 0, r_data: xx
[MON] address: 076, w_data: ce, rw: 0, r_data: xx
[SCB] address: 076, w_data: ce, rw: 0, r_data: xx
 
[GEN] address: 254, w_data: 09, rw: 1, r_data: xx
[DRV] address: 254, w_data: 09, rw: 1, r_data: xx
[MON] address: 254, w_data: 09, rw: 1, r_data: xx
[SCB] address: 254, w_data: 09, rw: 1, r_data: xx
 
[GEN] address: 03d, w_data: 7f, rw: 1, r_data: xx
[DRV] address: 03d, w_data: 7f, rw: 1, r_data: xx
[MON] address: 03d, w_data: 7f, rw: 1, r_data: xx
[SCB] address: 03d, w_data: 7f, rw: 1, r_data: xx
 
[GEN] address: 3f0, w_data: d4, rw: 1, r_data: xx
[DRV] address: 3f0, w_data: d4, rw: 1, r_data: xx
[MON] address: 3f0, w_data: d4, rw: 1, r_data: xx
[SCB] address: 3f0, w_data: d4, rw: 1, r_data: xx
 
[GEN] address: 021, w_data: 11, rw: 0, r_data: xx
[DRV] address: 021, w_data: 11, rw: 0, r_data: xx
[MON] address: 021, w_data: 11, rw: 0, r_data: xx
[SCB] address: 021, w_data: 11, rw: 0, r_data: xx
 
[GEN] address: 221, w_data: 01, rw: 0, r_data: xx
[DRV] address: 221, w_data: 01, rw: 0, r_data: xx
[MON] address: 221, w_data: 01, rw: 0, r_data: xx
[SCB] address: 221, w_data: 01, rw: 0, r_data: xx
 
[GEN] address: 22a, w_data: 23, rw: 0, r_data: xx
[DRV] address: 22a, w_data: 23, rw: 0, r_data: xx
[MON] address: 22a, w_data: 23, rw: 0, r_data: xx
[SCB] address: 22a, w_data: 23, rw: 0, r_data: xx
 
[GEN] address: 0b2, w_data: 44, rw: 1, r_data: xx
[DRV] address: 0b2, w_data: 44, rw: 1, r_data: xx
[MON] address: 0b2, w_data: 44, rw: 1, r_data: xx
[SCB] address: 0b2, w_data: 44, rw: 1, r_data: xx
 
[GEN] address: 00f, w_data: 6e, rw: 0, r_data: xx
[DRV] address: 00f, w_data: 6e, rw: 0, r_data: xx
[MON] address: 00f, w_data: 6e, rw: 0, r_data: xx
[SCB] address: 00f, w_data: 6e, rw: 0, r_data: xx
 
[GEN] address: 07d, w_data: 20, rw: 0, r_data: xx
[DRV] address: 07d, w_data: 20, rw: 0, r_data: xx
[MON] address: 07d, w_data: 20, rw: 0, r_data: xx
[SCB] address: 07d, w_data: 20, rw: 0, r_data: xx
 
[GEN] address: 1ec, w_data: 2f, rw: 0, r_data: xx
[DRV] address: 1ec, w_data: 2f, rw: 0, r_data: xx
[MON] address: 1ec, w_data: 2f, rw: 0, r_data: xx
[SCB] address: 1ec, w_data: 2f, rw: 0, r_data: xx
 
[GEN] address: 07f, w_data: ac, rw: 1, r_data: xx
[DRV] address: 07f, w_data: ac, rw: 1, r_data: xx
[MON] address: 07f, w_data: ac, rw: 1, r_data: xx
[SCB] address: 07f, w_data: ac, rw: 1, r_data: xx
 
[GEN] address: 255, w_data: 99, rw: 0, r_data: xx
[DRV] address: 255, w_data: 99, rw: 0, r_data: xx
[MON] address: 255, w_data: 99, rw: 0, r_data: xx
[SCB] address: 255, w_data: 99, rw: 0, r_data: xx
 
[GEN] address: 19a, w_data: 18, rw: 1, r_data: xx
[DRV] address: 19a, w_data: 18, rw: 1, r_data: xx
[MON] address: 19a, w_data: 18, rw: 1, r_data: xx
[SCB] address: 19a, w_data: 18, rw: 1, r_data: xx
 
[GEN] address: 2ff, w_data: 6d, rw: 0, r_data: xx
[DRV] address: 2ff, w_data: 6d, rw: 0, r_data: xx
[MON] address: 2ff, w_data: 6d, rw: 0, r_data: xx
[SCB] address: 2ff, w_data: 6d, rw: 0, r_data: xx
 
[GEN] address: 293, w_data: 07, rw: 0, r_data: xx
[DRV] address: 293, w_data: 07, rw: 0, r_data: xx
[MON] address: 293, w_data: 07, rw: 0, r_data: xx
[SCB] address: 293, w_data: 07, rw: 0, r_data: xx
 
[GEN] address: 0d4, w_data: 06, rw: 1, r_data: xx
[DRV] address: 0d4, w_data: 06, rw: 1, r_data: xx
[MON] address: 0d4, w_data: 06, rw: 1, r_data: xx
[SCB] address: 0d4, w_data: 06, rw: 1, r_data: xx
 
[GEN] address: 3ae, w_data: 9a, rw: 1, r_data: xx
[DRV] address: 3ae, w_data: 9a, rw: 1, r_data: xx
[MON] address: 3ae, w_data: 9a, rw: 1, r_data: xx
[SCB] address: 3ae, w_data: 9a, rw: 1, r_data: xx
 
[GEN] address: 3a0, w_data: 6e, rw: 1, r_data: xx
[DRV] address: 3a0, w_data: 6e, rw: 1, r_data: xx
[MON] address: 3a0, w_data: 6e, rw: 1, r_data: xx
[SCB] address: 3a0, w_data: 6e, rw: 1, r_data: xx
 
[GEN] address: 300, w_data: 1d, rw: 1, r_data: xx
[DRV] address: 300, w_data: 1d, rw: 1, r_data: xx
[MON] address: 300, w_data: 1d, rw: 1, r_data: xx
[SCB] address: 300, w_data: 1d, rw: 1, r_data: xx
 
[GEN] address: 367, w_data: bd, rw: 0, r_data: xx
[DRV] address: 367, w_data: bd, rw: 0, r_data: xx
[MON] address: 367, w_data: bd, rw: 0, r_data: xx
[SCB] address: 367, w_data: bd, rw: 0, r_data: xx
 
[GEN] address: 3d4, w_data: bd, rw: 1, r_data: xx
[DRV] address: 3d4, w_data: bd, rw: 1, r_data: xx
[MON] address: 3d4, w_data: bd, rw: 1, r_data: xx
[SCB] address: 3d4, w_data: bd, rw: 1, r_data: xx
 
[GEN] address: 2dc, w_data: 24, rw: 0, r_data: xx
[DRV] address: 2dc, w_data: 24, rw: 0, r_data: xx
[MON] address: 2dc, w_data: 24, rw: 0, r_data: xx
[SCB] address: 2dc, w_data: 24, rw: 0, r_data: xx
 
[GEN] address: 152, w_data: f9, rw: 0, r_data: xx
[DRV] address: 152, w_data: f9, rw: 0, r_data: xx
[MON] address: 152, w_data: f9, rw: 0, r_data: xx
[SCB] address: 152, w_data: f9, rw: 0, r_data: xx
 
[GEN] address: 2e5, w_data: d5, rw: 0, r_data: xx
[DRV] address: 2e5, w_data: d5, rw: 0, r_data: xx
[MON] address: 2e5, w_data: d5, rw: 0, r_data: xx
[SCB] address: 2e5, w_data: d5, rw: 0, r_data: xx
 
[GEN] address: 335, w_data: 27, rw: 1, r_data: xx
[DRV] address: 335, w_data: 27, rw: 1, r_data: xx
[MON] address: 335, w_data: 27, rw: 1, r_data: xx
[SCB] address: 335, w_data: 27, rw: 1, r_data: xx
 
[GEN] address: 143, w_data: 0c, rw: 0, r_data: xx
[DRV] address: 143, w_data: 0c, rw: 0, r_data: xx
[MON] address: 143, w_data: 0c, rw: 0, r_data: xx
[SCB] address: 143, w_data: 0c, rw: 0, r_data: xx
 
[GEN] address: 076, w_data: 41, rw: 1, r_data: xx
[DRV] address: 076, w_data: 41, rw: 1, r_data: xx
[MON] address: 076, w_data: 41, rw: 1, r_data: xx
[SCB] address: 076, w_data: 41, rw: 1, r_data: xx
 
[GEN] address: 0a1, w_data: 85, rw: 1, r_data: xx
[DRV] address: 0a1, w_data: 85, rw: 1, r_data: xx
[MON] address: 0a1, w_data: 85, rw: 1, r_data: xx
[SCB] address: 0a1, w_data: 85, rw: 1, r_data: xx
 
[GEN] address: 0a2, w_data: fb, rw: 1, r_data: xx
[DRV] address: 0a2, w_data: fb, rw: 1, r_data: xx
[MON] address: 0a2, w_data: fb, rw: 1, r_data: xx
[SCB] address: 0a2, w_data: fb, rw: 1, r_data: xx
 
[GEN] address: 1c9, w_data: 9c, rw: 0, r_data: xx
[DRV] address: 1c9, w_data: 9c, rw: 0, r_data: xx
[MON] address: 1c9, w_data: 9c, rw: 0, r_data: xx
[SCB] address: 1c9, w_data: 9c, rw: 0, r_data: xx
 
[GEN] address: 2fd, w_data: 3e, rw: 1, r_data: xx
[DRV] address: 2fd, w_data: 3e, rw: 1, r_data: xx
[MON] address: 2fd, w_data: 3e, rw: 1, r_data: xx
[SCB] address: 2fd, w_data: 3e, rw: 1, r_data: xx
 
[GEN] address: 372, w_data: 08, rw: 1, r_data: xx
[DRV] address: 372, w_data: 08, rw: 1, r_data: xx
[MON] address: 372, w_data: 08, rw: 1, r_data: xx
[SCB] address: 372, w_data: 08, rw: 1, r_data: xx
 
[GEN] address: 06c, w_data: 05, rw: 0, r_data: xx
[DRV] address: 06c, w_data: 05, rw: 0, r_data: xx
[MON] address: 06c, w_data: 05, rw: 0, r_data: xx
[SCB] address: 06c, w_data: 05, rw: 0, r_data: xx
 
[GEN] address: 261, w_data: 77, rw: 0, r_data: xx
[DRV] address: 261, w_data: 77, rw: 0, r_data: xx
[MON] address: 261, w_data: 77, rw: 0, r_data: xx
[SCB] address: 261, w_data: 77, rw: 0, r_data: xx
 
[GEN] address: 1f2, w_data: e3, rw: 1, r_data: xx
[DRV] address: 1f2, w_data: e3, rw: 1, r_data: xx
[MON] address: 1f2, w_data: e3, rw: 1, r_data: xx
[SCB] address: 1f2, w_data: e3, rw: 1, r_data: xx
 
[GEN] address: 3c2, w_data: 44, rw: 0, r_data: xx
[DRV] address: 3c2, w_data: 44, rw: 0, r_data: xx
[MON] address: 3c2, w_data: 44, rw: 0, r_data: xx
[SCB] address: 3c2, w_data: 44, rw: 0, r_data: xx
 
[GEN] address: 19a, w_data: 36, rw: 1, r_data: xx
[DRV] address: 19a, w_data: 36, rw: 1, r_data: xx
[MON] address: 19a, w_data: 36, rw: 1, r_data: xx
[SCB] address: 19a, w_data: 36, rw: 1, r_data: xx
 
[GEN] address: 277, w_data: f9, rw: 1, r_data: xx
[DRV] address: 277, w_data: f9, rw: 1, r_data: xx
[MON] address: 277, w_data: f9, rw: 1, r_data: xx
[SCB] address: 277, w_data: f9, rw: 1, r_data: xx
 
[GEN] address: 1cb, w_data: 93, rw: 1, r_data: xx
[DRV] address: 1cb, w_data: 93, rw: 1, r_data: xx
[MON] address: 1cb, w_data: 93, rw: 1, r_data: xx
[SCB] address: 1cb, w_data: 93, rw: 1, r_data: xx
 
[GEN] address: 002, w_data: 0b, rw: 0, r_data: xx
[DRV] address: 002, w_data: 0b, rw: 0, r_data: xx
[MON] address: 002, w_data: 0b, rw: 0, r_data: xx
[SCB] address: 002, w_data: 0b, rw: 0, r_data: xx
 
[GEN] address: 37d, w_data: d6, rw: 0, r_data: xx
[DRV] address: 37d, w_data: d6, rw: 0, r_data: xx
[MON] address: 37d, w_data: d6, rw: 0, r_data: xx
[SCB] address: 37d, w_data: d6, rw: 0, r_data: xx
 
[GEN] address: 22f, w_data: d9, rw: 1, r_data: xx
INFO: xsimkernel Simulation Memory Usage: 558212 KB (Peak: 606408 KB), Simulation CPU Usage: 100 ms
