
*** Running vivado
    with args -log top_up_counter.vds -m64 -product Vivado -mode batch -messageDb vivado.pb -notrace -source top_up_counter.tcl



****** Vivado v2020.2 (64-bit)
  **** SW Build 3064766 on Wed Nov 18 09:12:45 MST 2020
  **** IP Build 3064653 on Wed Nov 18 14:17:31 MST 2020
    ** Copyright 1986-2020 Xilinx, Inc. All Rights Reserved.

source top_up_counter.tcl -notrace
Command: synth_design -top top_up_counter -part xc7a35tcpg236-1
Starting synth_design
Attempting to get a license for feature 'Synthesis' and/or device 'xc7a35t'
INFO: [Common 17-349] Got license for feature 'Synthesis' and/or device 'xc7a35t'
INFO: [Device 21-403] Loading part xc7a35tcpg236-1
INFO: [Synth 8-7079] Multithreading enabled for synth_design using a maximum of 2 processes.
INFO: [Synth 8-7078] Launching helper process for spawning children vivado processes
INFO: [Synth 8-7075] Helper process launched with PID 3248
---------------------------------------------------------------------------------
Starting RTL Elaboration : Time (s): cpu = 00:00:02 ; elapsed = 00:00:03 . Memory (MB): peak = 1107.117 ; gain = 0.000
---------------------------------------------------------------------------------
INFO: [Synth 8-6157] synthesizing module 'top_up_counter' [D:/GitHub/harman_Verilog/1106_up_counter/1106_up_counter.srcs/sources_1/new/top_up_counter.v:22]
INFO: [Synth 8-6157] synthesizing module 'clk_div_10' [D:/GitHub/harman_Verilog/1106_up_counter/1106_up_counter.srcs/sources_1/new/top_up_counter.v:53]
INFO: [Synth 8-6155] done synthesizing module 'clk_div_10' (1#1) [D:/GitHub/harman_Verilog/1106_up_counter/1106_up_counter.srcs/sources_1/new/top_up_counter.v:53]
INFO: [Synth 8-6157] synthesizing module 'up_counter' [D:/GitHub/harman_Verilog/1106_up_counter/1106_up_counter.srcs/sources_1/new/top_up_counter.v:80]
INFO: [Synth 8-6155] done synthesizing module 'up_counter' (2#1) [D:/GitHub/harman_Verilog/1106_up_counter/1106_up_counter.srcs/sources_1/new/top_up_counter.v:80]
INFO: [Synth 8-6157] synthesizing module 'fnd_controller' [D:/GitHub/harman_Verilog/1106_up_counter/1106_up_counter.srcs/sources_1/imports/new/fnd_controller.v:22]
INFO: [Synth 8-6157] synthesizing module 'clk_div' [D:/GitHub/harman_Verilog/1106_up_counter/1106_up_counter.srcs/sources_1/imports/new/fnd_controller.v:90]
INFO: [Synth 8-6155] done synthesizing module 'clk_div' (3#1) [D:/GitHub/harman_Verilog/1106_up_counter/1106_up_counter.srcs/sources_1/imports/new/fnd_controller.v:90]
INFO: [Synth 8-6157] synthesizing module 'counter' [D:/GitHub/harman_Verilog/1106_up_counter/1106_up_counter.srcs/sources_1/imports/new/fnd_controller.v:75]
INFO: [Synth 8-6155] done synthesizing module 'counter' (4#1) [D:/GitHub/harman_Verilog/1106_up_counter/1106_up_counter.srcs/sources_1/imports/new/fnd_controller.v:75]
INFO: [Synth 8-6157] synthesizing module 'decoder_2x4' [D:/GitHub/harman_Verilog/1106_up_counter/1106_up_counter.srcs/sources_1/imports/new/fnd_controller.v:152]
INFO: [Synth 8-226] default block is never used [D:/GitHub/harman_Verilog/1106_up_counter/1106_up_counter.srcs/sources_1/imports/new/fnd_controller.v:158]
INFO: [Synth 8-6155] done synthesizing module 'decoder_2x4' (5#1) [D:/GitHub/harman_Verilog/1106_up_counter/1106_up_counter.srcs/sources_1/imports/new/fnd_controller.v:152]
WARNING: [Synth 8-689] width (4) of port connection 'switch_out' does not match port width (5) of module 'decoder_2x4' [D:/GitHub/harman_Verilog/1106_up_counter/1106_up_counter.srcs/sources_1/imports/new/fnd_controller.v:48]
INFO: [Synth 8-6157] synthesizing module 'digit_splitter' [D:/GitHub/harman_Verilog/1106_up_counter/1106_up_counter.srcs/sources_1/imports/new/fnd_controller.v:118]
INFO: [Synth 8-6155] done synthesizing module 'digit_splitter' (6#1) [D:/GitHub/harman_Verilog/1106_up_counter/1106_up_counter.srcs/sources_1/imports/new/fnd_controller.v:118]
INFO: [Synth 8-6157] synthesizing module 'mux_4x1' [D:/GitHub/harman_Verilog/1106_up_counter/1106_up_counter.srcs/sources_1/imports/new/fnd_controller.v:132]
INFO: [Synth 8-226] default block is never used [D:/GitHub/harman_Verilog/1106_up_counter/1106_up_counter.srcs/sources_1/imports/new/fnd_controller.v:141]
INFO: [Synth 8-6155] done synthesizing module 'mux_4x1' (7#1) [D:/GitHub/harman_Verilog/1106_up_counter/1106_up_counter.srcs/sources_1/imports/new/fnd_controller.v:132]
INFO: [Synth 8-6157] synthesizing module 'BCDtoSEG_decoder' [D:/GitHub/harman_Verilog/1106_up_counter/1106_up_counter.srcs/sources_1/imports/new/fnd_controller.v:169]
INFO: [Synth 8-226] default block is never used [D:/GitHub/harman_Verilog/1106_up_counter/1106_up_counter.srcs/sources_1/imports/new/fnd_controller.v:176]
INFO: [Synth 8-6155] done synthesizing module 'BCDtoSEG_decoder' (8#1) [D:/GitHub/harman_Verilog/1106_up_counter/1106_up_counter.srcs/sources_1/imports/new/fnd_controller.v:169]
INFO: [Synth 8-6155] done synthesizing module 'fnd_controller' (9#1) [D:/GitHub/harman_Verilog/1106_up_counter/1106_up_counter.srcs/sources_1/imports/new/fnd_controller.v:22]
INFO: [Synth 8-6155] done synthesizing module 'top_up_counter' (10#1) [D:/GitHub/harman_Verilog/1106_up_counter/1106_up_counter.srcs/sources_1/new/top_up_counter.v:22]
---------------------------------------------------------------------------------
Finished RTL Elaboration : Time (s): cpu = 00:00:02 ; elapsed = 00:00:04 . Memory (MB): peak = 1107.117 ; gain = 0.000
---------------------------------------------------------------------------------
---------------------------------------------------------------------------------
Start Handling Custom Attributes
---------------------------------------------------------------------------------
---------------------------------------------------------------------------------
Finished Handling Custom Attributes : Time (s): cpu = 00:00:03 ; elapsed = 00:00:04 . Memory (MB): peak = 1107.117 ; gain = 0.000
---------------------------------------------------------------------------------
---------------------------------------------------------------------------------
Finished RTL Optimization Phase 1 : Time (s): cpu = 00:00:03 ; elapsed = 00:00:04 . Memory (MB): peak = 1107.117 ; gain = 0.000
---------------------------------------------------------------------------------
Netlist sorting complete. Time (s): cpu = 00:00:00 ; elapsed = 00:00:00.002 . Memory (MB): peak = 1107.117 ; gain = 0.000
INFO: [Project 1-570] Preparing netlist for logic optimization

Processing XDC Constraints
Initializing timing engine
Parsing XDC File [D:/GitHub/harman_Verilog/1106_up_counter/1106_up_counter.srcs/constrs_1/imports/Downloads/MY_Basys-3-Master.xdc]
Finished Parsing XDC File [D:/GitHub/harman_Verilog/1106_up_counter/1106_up_counter.srcs/constrs_1/imports/Downloads/MY_Basys-3-Master.xdc]
INFO: [Project 1-236] Implementation specific constraints were found while reading constraint file [D:/GitHub/harman_Verilog/1106_up_counter/1106_up_counter.srcs/constrs_1/imports/Downloads/MY_Basys-3-Master.xdc]. These constraints will be ignored for synthesis but will be used in implementation. Impacted constraints are listed in the file [.Xil/top_up_counter_propImpl.xdc].
Resolution: To avoid this warning, move constraints listed in [.Xil/top_up_counter_propImpl.xdc] to another XDC file and exclude this new file from synthesis with the used_in_synthesis property (File Properties dialog in GUI) and re-run elaboration/synthesis.
Completed Processing XDC Constraints

Netlist sorting complete. Time (s): cpu = 00:00:00 ; elapsed = 00:00:00 . Memory (MB): peak = 1164.516 ; gain = 0.000
INFO: [Project 1-111] Unisim Transformation Summary:
No Unisim elements were transformed.

Constraint Validation Runtime : Time (s): cpu = 00:00:00 ; elapsed = 00:00:00.001 . Memory (MB): peak = 1164.516 ; gain = 0.000
---------------------------------------------------------------------------------
Finished Constraint Validation : Time (s): cpu = 00:00:05 ; elapsed = 00:00:08 . Memory (MB): peak = 1164.516 ; gain = 57.398
---------------------------------------------------------------------------------
---------------------------------------------------------------------------------
Start Loading Part and Timing Information
---------------------------------------------------------------------------------
Loading part: xc7a35tcpg236-1
---------------------------------------------------------------------------------
Finished Loading Part and Timing Information : Time (s): cpu = 00:00:05 ; elapsed = 00:00:08 . Memory (MB): peak = 1164.516 ; gain = 57.398
---------------------------------------------------------------------------------
---------------------------------------------------------------------------------
Start Applying 'set_property' XDC Constraints
---------------------------------------------------------------------------------
---------------------------------------------------------------------------------
Finished applying 'set_property' XDC Constraints : Time (s): cpu = 00:00:05 ; elapsed = 00:00:08 . Memory (MB): peak = 1164.516 ; gain = 57.398
---------------------------------------------------------------------------------
---------------------------------------------------------------------------------
Finished RTL Optimization Phase 2 : Time (s): cpu = 00:00:06 ; elapsed = 00:00:08 . Memory (MB): peak = 1164.516 ; gain = 57.398
---------------------------------------------------------------------------------
---------------------------------------------------------------------------------
Start RTL Component Statistics 
---------------------------------------------------------------------------------
Detailed RTL Component Info : 
+---Adders : 
	   2 Input   24 Bit       Adders := 1     
	   2 Input   17 Bit       Adders := 1     
	   2 Input   14 Bit       Adders := 1     
	   2 Input    2 Bit       Adders := 1     
+---Registers : 
	               24 Bit    Registers := 1     
	               17 Bit    Registers := 1     
	               14 Bit    Registers := 1     
	                2 Bit    Registers := 1     
	                1 Bit    Registers := 2     
+---Muxes : 
	   2 Input   24 Bit        Muxes := 1     
	   2 Input   17 Bit        Muxes := 1     
	   2 Input   14 Bit        Muxes := 1     
	   4 Input    4 Bit        Muxes := 2     
---------------------------------------------------------------------------------
Finished RTL Component Statistics 
---------------------------------------------------------------------------------
---------------------------------------------------------------------------------
Start Part Resource Summary
---------------------------------------------------------------------------------
Part Resources:
DSPs: 90 (col length:60)
BRAMs: 100 (col length: RAMB18 60 RAMB36 30)
---------------------------------------------------------------------------------
Finished Part Resource Summary
---------------------------------------------------------------------------------
---------------------------------------------------------------------------------
Start Cross Boundary and Area Optimization
---------------------------------------------------------------------------------
---------------------------------------------------------------------------------
Finished Cross Boundary and Area Optimization : Time (s): cpu = 00:00:09 ; elapsed = 00:00:14 . Memory (MB): peak = 1164.516 ; gain = 57.398
---------------------------------------------------------------------------------
---------------------------------------------------------------------------------
Start Applying XDC Timing Constraints
---------------------------------------------------------------------------------
---------------------------------------------------------------------------------
Finished Applying XDC Timing Constraints : Time (s): cpu = 00:00:13 ; elapsed = 00:00:18 . Memory (MB): peak = 1164.516 ; gain = 57.398
---------------------------------------------------------------------------------
---------------------------------------------------------------------------------
Start Timing Optimization
---------------------------------------------------------------------------------
---------------------------------------------------------------------------------
Finished Timing Optimization : Time (s): cpu = 00:00:13 ; elapsed = 00:00:18 . Memory (MB): peak = 1172.434 ; gain = 65.316
---------------------------------------------------------------------------------
---------------------------------------------------------------------------------
Start Technology Mapping
---------------------------------------------------------------------------------
---------------------------------------------------------------------------------
Finished Technology Mapping : Time (s): cpu = 00:00:13 ; elapsed = 00:00:18 . Memory (MB): peak = 1190.281 ; gain = 83.164
---------------------------------------------------------------------------------
---------------------------------------------------------------------------------
Start IO Insertion
---------------------------------------------------------------------------------
---------------------------------------------------------------------------------
Start Flattening Before IO Insertion
---------------------------------------------------------------------------------
---------------------------------------------------------------------------------
Finished Flattening Before IO Insertion
---------------------------------------------------------------------------------
---------------------------------------------------------------------------------
Start Final Netlist Cleanup
---------------------------------------------------------------------------------
---------------------------------------------------------------------------------
Finished Final Netlist Cleanup
---------------------------------------------------------------------------------
---------------------------------------------------------------------------------
Finished IO Insertion : Time (s): cpu = 00:00:14 ; elapsed = 00:00:20 . Memory (MB): peak = 1206.082 ; gain = 98.965
---------------------------------------------------------------------------------
---------------------------------------------------------------------------------
Start Renaming Generated Instances
---------------------------------------------------------------------------------
---------------------------------------------------------------------------------
Finished Renaming Generated Instances : Time (s): cpu = 00:00:14 ; elapsed = 00:00:20 . Memory (MB): peak = 1206.082 ; gain = 98.965
---------------------------------------------------------------------------------
---------------------------------------------------------------------------------
Start Rebuilding User Hierarchy
---------------------------------------------------------------------------------
---------------------------------------------------------------------------------
Finished Rebuilding User Hierarchy : Time (s): cpu = 00:00:14 ; elapsed = 00:00:20 . Memory (MB): peak = 1206.082 ; gain = 98.965
---------------------------------------------------------------------------------
---------------------------------------------------------------------------------
Start Renaming Generated Ports
---------------------------------------------------------------------------------
---------------------------------------------------------------------------------
Finished Renaming Generated Ports : Time (s): cpu = 00:00:14 ; elapsed = 00:00:20 . Memory (MB): peak = 1206.082 ; gain = 98.965
---------------------------------------------------------------------------------
---------------------------------------------------------------------------------
Start Handling Custom Attributes
---------------------------------------------------------------------------------
---------------------------------------------------------------------------------
Finished Handling Custom Attributes : Time (s): cpu = 00:00:14 ; elapsed = 00:00:20 . Memory (MB): peak = 1206.082 ; gain = 98.965
---------------------------------------------------------------------------------
---------------------------------------------------------------------------------
Start Renaming Generated Nets
---------------------------------------------------------------------------------
---------------------------------------------------------------------------------
Finished Renaming Generated Nets : Time (s): cpu = 00:00:14 ; elapsed = 00:00:20 . Memory (MB): peak = 1206.082 ; gain = 98.965
---------------------------------------------------------------------------------
---------------------------------------------------------------------------------
Start Writing Synthesis Report
---------------------------------------------------------------------------------

Report BlackBoxes: 
+-+--------------+----------+
| |BlackBox name |Instances |
+-+--------------+----------+
+-+--------------+----------+

Report Cell Usage: 
+------+-------+------+
|      |Cell   |Count |
+------+-------+------+
|1     |BUFG   |     1|
|2     |CARRY4 |    34|
|3     |LUT1   |     7|
|4     |LUT2   |    99|
|5     |LUT3   |    35|
|6     |LUT4   |    50|
|7     |LUT5   |    30|
|8     |LUT6   |    68|
|9     |FDCE   |    59|
|10    |IBUF   |     2|
|11    |OBUF   |    12|
+------+-------+------+
---------------------------------------------------------------------------------
Finished Writing Synthesis Report : Time (s): cpu = 00:00:14 ; elapsed = 00:00:20 . Memory (MB): peak = 1206.082 ; gain = 98.965
---------------------------------------------------------------------------------
Synthesis finished with 0 errors, 0 critical warnings and 0 warnings.
Synthesis Optimization Runtime : Time (s): cpu = 00:00:10 ; elapsed = 00:00:19 . Memory (MB): peak = 1206.082 ; gain = 41.566
Synthesis Optimization Complete : Time (s): cpu = 00:00:14 ; elapsed = 00:00:20 . Memory (MB): peak = 1206.082 ; gain = 98.965
INFO: [Project 1-571] Translating synthesized netlist
Netlist sorting complete. Time (s): cpu = 00:00:00 ; elapsed = 00:00:00.007 . Memory (MB): peak = 1218.148 ; gain = 0.000
INFO: [Netlist 29-17] Analyzing 34 Unisim elements for replacement
INFO: [Netlist 29-28] Unisim Transformation completed in 0 CPU seconds
INFO: [Project 1-570] Preparing netlist for logic optimization
INFO: [Opt 31-138] Pushed 0 inverter(s) to 0 load pin(s).
Netlist sorting complete. Time (s): cpu = 00:00:00 ; elapsed = 00:00:00 . Memory (MB): peak = 1218.148 ; gain = 0.000
INFO: [Project 1-111] Unisim Transformation Summary:
No Unisim elements were transformed.

INFO: [Common 17-83] Releasing license: Synthesis
38 Infos, 1 Warnings, 0 Critical Warnings and 0 Errors encountered.
synth_design completed successfully
synth_design: Time (s): cpu = 00:00:16 ; elapsed = 00:00:25 . Memory (MB): peak = 1218.148 ; gain = 111.031
INFO: [Common 17-1381] The checkpoint 'D:/GitHub/harman_Verilog/1106_up_counter/1106_up_counter.runs/synth_1/top_up_counter.dcp' has been generated.
INFO: [runtcl-4] Executing : report_utilization -file top_up_counter_utilization_synth.rpt -pb top_up_counter_utilization_synth.pb
INFO: [Common 17-206] Exiting Vivado at Wed Nov  6 14:45:46 2024...
