
*** Running vivado
    with args -log top_VGA_CAMERA.vds -m64 -product Vivado -mode batch -messageDb vivado.pb -notrace -source top_VGA_CAMERA.tcl



****** Vivado v2020.2 (64-bit)
  **** SW Build 3064766 on Wed Nov 18 09:12:45 MST 2020
  **** IP Build 3064653 on Wed Nov 18 14:17:31 MST 2020
    ** Copyright 1986-2020 Xilinx, Inc. All Rights Reserved.

source top_VGA_CAMERA.tcl -notrace
Command: synth_design -top top_VGA_CAMERA -part xc7a35tcpg236-1
Starting synth_design
Attempting to get a license for feature 'Synthesis' and/or device 'xc7a35t'
INFO: [Common 17-349] Got license for feature 'Synthesis' and/or device 'xc7a35t'
INFO: [Device 21-403] Loading part xc7a35tcpg236-1
INFO: [Synth 8-7079] Multithreading enabled for synth_design using a maximum of 2 processes.
INFO: [Synth 8-7078] Launching helper process for spawning children vivado processes
INFO: [Synth 8-7075] Helper process launched with PID 19544
---------------------------------------------------------------------------------
Starting RTL Elaboration : Time (s): cpu = 00:00:01 ; elapsed = 00:00:03 . Memory (MB): peak = 1106.648 ; gain = 0.000
---------------------------------------------------------------------------------
INFO: [Synth 8-6157] synthesizing module 'top_VGA_CAMERA' [D:/GitHub/verilog/Verilog/TeamProject_StereoDepth/TeamProject_StereoDepth.srcs/sources_1/imports/new/top_VGA_CAMERA.sv:3]
INFO: [Synth 8-6157] synthesizing module 'clk_wiz_0' [D:/GitHub/verilog/Verilog/TeamProject_StereoDepth/TeamProject_StereoDepth.runs/synth_1/.Xil/Vivado-7384-DESKTOP-7CFQ9ND/realtime/clk_wiz_0_stub.v:5]
INFO: [Synth 8-6155] done synthesizing module 'clk_wiz_0' (1#1) [D:/GitHub/verilog/Verilog/TeamProject_StereoDepth/TeamProject_StereoDepth.runs/synth_1/.Xil/Vivado-7384-DESKTOP-7CFQ9ND/realtime/clk_wiz_0_stub.v:5]
INFO: [Synth 8-6157] synthesizing module 'rbt2gray' [D:/GitHub/verilog/Verilog/TeamProject_StereoDepth/TeamProject_StereoDepth.srcs/sources_1/imports/new/top_VGA_CAMERA.sv:186]
	Parameter RW bound to: 8'b01001100 
	Parameter GW bound to: 8'b10010110 
	Parameter BW bound to: 8'b00011110 
INFO: [Synth 8-6155] done synthesizing module 'rbt2gray' (2#1) [D:/GitHub/verilog/Verilog/TeamProject_StereoDepth/TeamProject_StereoDepth.srcs/sources_1/imports/new/top_VGA_CAMERA.sv:186]
INFO: [Synth 8-6157] synthesizing module 'display_mux_2x1' [D:/GitHub/verilog/Verilog/TeamProject_StereoDepth/TeamProject_StereoDepth.srcs/sources_1/imports/new/top_VGA_CAMERA.sv:164]
INFO: [Synth 8-6155] done synthesizing module 'display_mux_2x1' (3#1) [D:/GitHub/verilog/Verilog/TeamProject_StereoDepth/TeamProject_StereoDepth.srcs/sources_1/imports/new/top_VGA_CAMERA.sv:164]
INFO: [Synth 8-6157] synthesizing module 'ov7670_SetData' [D:/GitHub/verilog/Verilog/TeamProject_StereoDepth/TeamProject_StereoDepth.srcs/sources_1/imports/new/ov7670_SetData.sv:3]
INFO: [Synth 8-6155] done synthesizing module 'ov7670_SetData' (4#1) [D:/GitHub/verilog/Verilog/TeamProject_StereoDepth/TeamProject_StereoDepth.srcs/sources_1/imports/new/ov7670_SetData.sv:3]
WARNING: [Synth 8-689] width (15) of port connection 'wAddr' does not match port width (17) of module 'ov7670_SetData' [D:/GitHub/verilog/Verilog/TeamProject_StereoDepth/TeamProject_StereoDepth.srcs/sources_1/imports/new/top_VGA_CAMERA.sv:68]
WARNING: [Synth 8-689] width (15) of port connection 'wAddr' does not match port width (17) of module 'ov7670_SetData' [D:/GitHub/verilog/Verilog/TeamProject_StereoDepth/TeamProject_StereoDepth.srcs/sources_1/imports/new/top_VGA_CAMERA.sv:79]
INFO: [Synth 8-6157] synthesizing module 'frameBuffer' [D:/GitHub/verilog/Verilog/TeamProject_StereoDepth/TeamProject_StereoDepth.srcs/sources_1/imports/new/FrameBuffer.sv:5]
INFO: [Synth 8-6155] done synthesizing module 'frameBuffer' (5#1) [D:/GitHub/verilog/Verilog/TeamProject_StereoDepth/TeamProject_StereoDepth.srcs/sources_1/imports/new/FrameBuffer.sv:5]
INFO: [Synth 8-6157] synthesizing module 'qvga_addr_decoder' [D:/GitHub/verilog/Verilog/TeamProject_StereoDepth/TeamProject_StereoDepth.srcs/sources_1/imports/new/top_VGA_CAMERA.sv:129]
INFO: [Synth 8-6155] done synthesizing module 'qvga_addr_decoder' (6#1) [D:/GitHub/verilog/Verilog/TeamProject_StereoDepth/TeamProject_StereoDepth.srcs/sources_1/imports/new/top_VGA_CAMERA.sv:129]
INFO: [Synth 8-6157] synthesizing module 'vga_controller' [D:/GitHub/verilog/Verilog/TeamProject_StereoDepth/TeamProject_StereoDepth.srcs/sources_1/imports/new/vga_controller.sv:3]
INFO: [Synth 8-6157] synthesizing module 'pixel_counter' [D:/GitHub/verilog/Verilog/TeamProject_StereoDepth/TeamProject_StereoDepth.srcs/sources_1/imports/new/vga_controller.sv:62]
	Parameter H_PIX_MAX bound to: 800 - type: integer 
	Parameter V_LINE_MAX bound to: 525 - type: integer 
INFO: [Synth 8-6155] done synthesizing module 'pixel_counter' (7#1) [D:/GitHub/verilog/Verilog/TeamProject_StereoDepth/TeamProject_StereoDepth.srcs/sources_1/imports/new/vga_controller.sv:62]
INFO: [Synth 8-6157] synthesizing module 'vga_decoder' [D:/GitHub/verilog/Verilog/TeamProject_StereoDepth/TeamProject_StereoDepth.srcs/sources_1/imports/new/vga_controller.sv:34]
	Parameter H_Visible_area bound to: 640 - type: integer 
	Parameter H_Front_porch bound to: 16 - type: integer 
	Parameter H_Sync_pulse bound to: 96 - type: integer 
	Parameter H_Back_porch bound to: 48 - type: integer 
	Parameter H_Whole_line bound to: 800 - type: integer 
	Parameter V_Visible_area bound to: 480 - type: integer 
	Parameter V_Front_porch bound to: 10 - type: integer 
	Parameter V_Sync_pulse bound to: 2 - type: integer 
	Parameter V_Back_porch bound to: 33 - type: integer 
	Parameter V_Whole_frame bound to: 525 - type: integer 
INFO: [Synth 8-6155] done synthesizing module 'vga_decoder' (8#1) [D:/GitHub/verilog/Verilog/TeamProject_StereoDepth/TeamProject_StereoDepth.srcs/sources_1/imports/new/vga_controller.sv:34]
INFO: [Synth 8-6155] done synthesizing module 'vga_controller' (9#1) [D:/GitHub/verilog/Verilog/TeamProject_StereoDepth/TeamProject_StereoDepth.srcs/sources_1/imports/new/vga_controller.sv:3]
INFO: [Synth 8-6155] done synthesizing module 'top_VGA_CAMERA' (10#1) [D:/GitHub/verilog/Verilog/TeamProject_StereoDepth/TeamProject_StereoDepth.srcs/sources_1/imports/new/top_VGA_CAMERA.sv:3]
---------------------------------------------------------------------------------
Finished RTL Elaboration : Time (s): cpu = 00:00:01 ; elapsed = 00:00:04 . Memory (MB): peak = 1106.648 ; gain = 0.000
---------------------------------------------------------------------------------
---------------------------------------------------------------------------------
Start Handling Custom Attributes
---------------------------------------------------------------------------------
---------------------------------------------------------------------------------
Finished Handling Custom Attributes : Time (s): cpu = 00:00:01 ; elapsed = 00:00:04 . Memory (MB): peak = 1106.648 ; gain = 0.000
---------------------------------------------------------------------------------
---------------------------------------------------------------------------------
Finished RTL Optimization Phase 1 : Time (s): cpu = 00:00:01 ; elapsed = 00:00:04 . Memory (MB): peak = 1106.648 ; gain = 0.000
---------------------------------------------------------------------------------
Netlist sorting complete. Time (s): cpu = 00:00:00 ; elapsed = 00:00:00.005 . Memory (MB): peak = 1106.648 ; gain = 0.000
INFO: [Project 1-570] Preparing netlist for logic optimization

Processing XDC Constraints
Initializing timing engine
Parsing XDC File [d:/GitHub/verilog/Verilog/TeamProject_StereoDepth/TeamProject_StereoDepth.gen/sources_1/ip/clk_wiz_0/clk_wiz_0/clk_wiz_0_in_context.xdc] for cell 'U_clk_wiz_0'
Finished Parsing XDC File [d:/GitHub/verilog/Verilog/TeamProject_StereoDepth/TeamProject_StereoDepth.gen/sources_1/ip/clk_wiz_0/clk_wiz_0/clk_wiz_0_in_context.xdc] for cell 'U_clk_wiz_0'
Parsing XDC File [D:/GitHub/verilog/Verilog/TeamProject_StereoDepth/TeamProject_StereoDepth.srcs/constrs_1/imports/Downloads/MY_Basys-3-Master.xdc]
Finished Parsing XDC File [D:/GitHub/verilog/Verilog/TeamProject_StereoDepth/TeamProject_StereoDepth.srcs/constrs_1/imports/Downloads/MY_Basys-3-Master.xdc]
INFO: [Project 1-236] Implementation specific constraints were found while reading constraint file [D:/GitHub/verilog/Verilog/TeamProject_StereoDepth/TeamProject_StereoDepth.srcs/constrs_1/imports/Downloads/MY_Basys-3-Master.xdc]. These constraints will be ignored for synthesis but will be used in implementation. Impacted constraints are listed in the file [.Xil/top_VGA_CAMERA_propImpl.xdc].
Resolution: To avoid this warning, move constraints listed in [.Xil/top_VGA_CAMERA_propImpl.xdc] to another XDC file and exclude this new file from synthesis with the used_in_synthesis property (File Properties dialog in GUI) and re-run elaboration/synthesis.
Completed Processing XDC Constraints

Netlist sorting complete. Time (s): cpu = 00:00:00 ; elapsed = 00:00:00.001 . Memory (MB): peak = 1188.781 ; gain = 0.000
INFO: [Project 1-111] Unisim Transformation Summary:
No Unisim elements were transformed.

Constraint Validation Runtime : Time (s): cpu = 00:00:00 ; elapsed = 00:00:00.002 . Memory (MB): peak = 1188.781 ; gain = 0.000
---------------------------------------------------------------------------------
Finished Constraint Validation : Time (s): cpu = 00:00:03 ; elapsed = 00:00:09 . Memory (MB): peak = 1188.781 ; gain = 82.133
---------------------------------------------------------------------------------
---------------------------------------------------------------------------------
Start Loading Part and Timing Information
---------------------------------------------------------------------------------
Loading part: xc7a35tcpg236-1
---------------------------------------------------------------------------------
Finished Loading Part and Timing Information : Time (s): cpu = 00:00:03 ; elapsed = 00:00:09 . Memory (MB): peak = 1188.781 ; gain = 82.133
---------------------------------------------------------------------------------
---------------------------------------------------------------------------------
Start Applying 'set_property' XDC Constraints
---------------------------------------------------------------------------------
Applied set_property IO_BUFFER_TYPE = NONE for clk. (constraint file  d:/GitHub/verilog/Verilog/TeamProject_StereoDepth/TeamProject_StereoDepth.gen/sources_1/ip/clk_wiz_0/clk_wiz_0/clk_wiz_0_in_context.xdc, line 5).
Applied set_property CLOCK_BUFFER_TYPE = NONE for clk. (constraint file  d:/GitHub/verilog/Verilog/TeamProject_StereoDepth/TeamProject_StereoDepth.gen/sources_1/ip/clk_wiz_0/clk_wiz_0/clk_wiz_0_in_context.xdc, line 6).
Applied set_property KEEP_HIERARCHY = SOFT for U_clk_wiz_0. (constraint file  auto generated constraint).
---------------------------------------------------------------------------------
Finished applying 'set_property' XDC Constraints : Time (s): cpu = 00:00:03 ; elapsed = 00:00:09 . Memory (MB): peak = 1188.781 ; gain = 82.133
---------------------------------------------------------------------------------
---------------------------------------------------------------------------------
Finished RTL Optimization Phase 2 : Time (s): cpu = 00:00:03 ; elapsed = 00:00:09 . Memory (MB): peak = 1188.781 ; gain = 82.133
---------------------------------------------------------------------------------
---------------------------------------------------------------------------------
Start RTL Component Statistics 
---------------------------------------------------------------------------------
Detailed RTL Component Info : 
+---Adders : 
	   2 Input   10 Bit       Adders := 4     
	   2 Input    8 Bit       Adders := 2     
+---Registers : 
	               16 Bit    Registers := 4     
	               10 Bit    Registers := 4     
	                8 Bit    Registers := 2     
	                1 Bit    Registers := 2     
+---RAMs : 
	             300K Bit	(19200 X 16 bit)          RAMs := 2     
+---Muxes : 
	   2 Input   16 Bit        Muxes := 6     
	   3 Input   16 Bit        Muxes := 2     
	   2 Input   15 Bit        Muxes := 4     
	   2 Input   12 Bit        Muxes := 2     
	   2 Input   10 Bit        Muxes := 4     
	   2 Input    8 Bit        Muxes := 2     
	   3 Input    1 Bit        Muxes := 2     
---------------------------------------------------------------------------------
Finished RTL Component Statistics 
---------------------------------------------------------------------------------
---------------------------------------------------------------------------------
Start Part Resource Summary
---------------------------------------------------------------------------------
Part Resources:
DSPs: 90 (col length:60)
BRAMs: 100 (col length: RAMB18 60 RAMB36 30)
---------------------------------------------------------------------------------
Finished Part Resource Summary
---------------------------------------------------------------------------------
---------------------------------------------------------------------------------
Start Cross Boundary and Area Optimization
---------------------------------------------------------------------------------
---------------------------------------------------------------------------------
Finished Cross Boundary and Area Optimization : Time (s): cpu = 00:00:04 ; elapsed = 00:00:10 . Memory (MB): peak = 1188.781 ; gain = 82.133
---------------------------------------------------------------------------------
---------------------------------------------------------------------------------
Start ROM, RAM, DSP, Shift Register and Retiming Reporting
---------------------------------------------------------------------------------

Block RAM: Preliminary Mapping	Report (see note below)
+---------------+----------------------------+------------------------+---+---+------------------------+---+---+------------------+--------+--------+
|Module Name    | RTL Object                 | PORT A (Depth x Width) | W | R | PORT B (Depth x Width) | W | R | Ports driving FF | RAMB18 | RAMB36 | 
+---------------+----------------------------+------------------------+---+---+------------------------+---+---+------------------+--------+--------+
|top_VGA_CAMERA | U_FrameBufferLeft/mem_reg  | 18 K x 16(NO_CHANGE)   | W |   | 18 K x 16(WRITE_FIRST) |   | R | Port A and B     | 0      | 16     | 
|top_VGA_CAMERA | U_FrameBufferRight/mem_reg | 18 K x 16(NO_CHANGE)   | W |   | 18 K x 16(WRITE_FIRST) |   | R | Port A and B     | 0      | 16     | 
+---------------+----------------------------+------------------------+---+---+------------------------+---+---+------------------+--------+--------+

Note: The table above is a preliminary report that shows the Block RAMs at the current stage of the synthesis flow. Some Block RAMs may be reimplemented as non Block RAM primitives later in the synthesis flow. Multiple instantiated Block RAMs are reported only once. 
---------------------------------------------------------------------------------
Finished ROM, RAM, DSP, Shift Register and Retiming Reporting
---------------------------------------------------------------------------------
---------------------------------------------------------------------------------
Start Applying XDC Timing Constraints
---------------------------------------------------------------------------------
---------------------------------------------------------------------------------
Finished Applying XDC Timing Constraints : Time (s): cpu = 00:00:05 ; elapsed = 00:00:15 . Memory (MB): peak = 1188.781 ; gain = 82.133
---------------------------------------------------------------------------------
---------------------------------------------------------------------------------
Start Timing Optimization
---------------------------------------------------------------------------------
---------------------------------------------------------------------------------
Finished Timing Optimization : Time (s): cpu = 00:00:05 ; elapsed = 00:00:15 . Memory (MB): peak = 1199.066 ; gain = 92.418
---------------------------------------------------------------------------------
---------------------------------------------------------------------------------
Start ROM, RAM, DSP, Shift Register and Retiming Reporting
---------------------------------------------------------------------------------

Block RAM: Final Mapping	Report
+---------------+----------------------------+------------------------+---+---+------------------------+---+---+------------------+--------+--------+
|Module Name    | RTL Object                 | PORT A (Depth x Width) | W | R | PORT B (Depth x Width) | W | R | Ports driving FF | RAMB18 | RAMB36 | 
+---------------+----------------------------+------------------------+---+---+------------------------+---+---+------------------+--------+--------+
|top_VGA_CAMERA | U_FrameBufferLeft/mem_reg  | 18 K x 16(NO_CHANGE)   | W |   | 18 K x 16(WRITE_FIRST) |   | R | Port A and B     | 0      | 16     | 
|top_VGA_CAMERA | U_FrameBufferRight/mem_reg | 18 K x 16(NO_CHANGE)   | W |   | 18 K x 16(WRITE_FIRST) |   | R | Port A and B     | 0      | 16     | 
+---------------+----------------------------+------------------------+---+---+------------------------+---+---+------------------+--------+--------+

---------------------------------------------------------------------------------
Finished ROM, RAM, DSP, Shift Register and Retiming Reporting
---------------------------------------------------------------------------------
---------------------------------------------------------------------------------
Start Technology Mapping
---------------------------------------------------------------------------------
INFO: [Synth 8-7052] The timing for the instance U_FrameBufferLeft/mem_reg_0_1 (implemented as a Block RAM) might be sub-optimal as no optional output register could be merged into the ram block. Providing additional output register may help in improving timing.
INFO: [Synth 8-7052] The timing for the instance U_FrameBufferLeft/mem_reg_0_2 (implemented as a Block RAM) might be sub-optimal as no optional output register could be merged into the ram block. Providing additional output register may help in improving timing.
INFO: [Synth 8-7052] The timing for the instance U_FrameBufferLeft/mem_reg_0_3 (implemented as a Block RAM) might be sub-optimal as no optional output register could be merged into the ram block. Providing additional output register may help in improving timing.
INFO: [Synth 8-7052] The timing for the instance U_FrameBufferLeft/mem_reg_0_4 (implemented as a Block RAM) might be sub-optimal as no optional output register could be merged into the ram block. Providing additional output register may help in improving timing.
INFO: [Synth 8-7052] The timing for the instance U_FrameBufferLeft/mem_reg_0_7 (implemented as a Block RAM) might be sub-optimal as no optional output register could be merged into the ram block. Providing additional output register may help in improving timing.
INFO: [Synth 8-7052] The timing for the instance U_FrameBufferLeft/mem_reg_0_8 (implemented as a Block RAM) might be sub-optimal as no optional output register could be merged into the ram block. Providing additional output register may help in improving timing.
INFO: [Synth 8-7052] The timing for the instance U_FrameBufferLeft/mem_reg_0_9 (implemented as a Block RAM) might be sub-optimal as no optional output register could be merged into the ram block. Providing additional output register may help in improving timing.
INFO: [Synth 8-7052] The timing for the instance U_FrameBufferLeft/mem_reg_0_10 (implemented as a Block RAM) might be sub-optimal as no optional output register could be merged into the ram block. Providing additional output register may help in improving timing.
INFO: [Synth 8-7052] The timing for the instance U_FrameBufferLeft/mem_reg_0_12 (implemented as a Block RAM) might be sub-optimal as no optional output register could be merged into the ram block. Providing additional output register may help in improving timing.
INFO: [Synth 8-7052] The timing for the instance U_FrameBufferLeft/mem_reg_0_13 (implemented as a Block RAM) might be sub-optimal as no optional output register could be merged into the ram block. Providing additional output register may help in improving timing.
INFO: [Synth 8-7052] The timing for the instance U_FrameBufferLeft/mem_reg_0_14 (implemented as a Block RAM) might be sub-optimal as no optional output register could be merged into the ram block. Providing additional output register may help in improving timing.
INFO: [Synth 8-7052] The timing for the instance U_FrameBufferLeft/mem_reg_0_15 (implemented as a Block RAM) might be sub-optimal as no optional output register could be merged into the ram block. Providing additional output register may help in improving timing.
INFO: [Synth 8-7052] The timing for the instance U_FrameBufferRight/mem_reg_0_1 (implemented as a Block RAM) might be sub-optimal as no optional output register could be merged into the ram block. Providing additional output register may help in improving timing.
INFO: [Synth 8-7052] The timing for the instance U_FrameBufferRight/mem_reg_0_2 (implemented as a Block RAM) might be sub-optimal as no optional output register could be merged into the ram block. Providing additional output register may help in improving timing.
INFO: [Synth 8-7052] The timing for the instance U_FrameBufferRight/mem_reg_0_3 (implemented as a Block RAM) might be sub-optimal as no optional output register could be merged into the ram block. Providing additional output register may help in improving timing.
INFO: [Synth 8-7052] The timing for the instance U_FrameBufferRight/mem_reg_0_4 (implemented as a Block RAM) might be sub-optimal as no optional output register could be merged into the ram block. Providing additional output register may help in improving timing.
INFO: [Synth 8-7052] The timing for the instance U_FrameBufferRight/mem_reg_0_7 (implemented as a Block RAM) might be sub-optimal as no optional output register could be merged into the ram block. Providing additional output register may help in improving timing.
INFO: [Synth 8-7052] The timing for the instance U_FrameBufferRight/mem_reg_0_8 (implemented as a Block RAM) might be sub-optimal as no optional output register could be merged into the ram block. Providing additional output register may help in improving timing.
INFO: [Synth 8-7052] The timing for the instance U_FrameBufferRight/mem_reg_0_9 (implemented as a Block RAM) might be sub-optimal as no optional output register could be merged into the ram block. Providing additional output register may help in improving timing.
INFO: [Synth 8-7052] The timing for the instance U_FrameBufferRight/mem_reg_0_10 (implemented as a Block RAM) might be sub-optimal as no optional output register could be merged into the ram block. Providing additional output register may help in improving timing.
INFO: [Synth 8-7052] The timing for the instance U_FrameBufferRight/mem_reg_0_12 (implemented as a Block RAM) might be sub-optimal as no optional output register could be merged into the ram block. Providing additional output register may help in improving timing.
INFO: [Synth 8-7052] The timing for the instance U_FrameBufferRight/mem_reg_0_13 (implemented as a Block RAM) might be sub-optimal as no optional output register could be merged into the ram block. Providing additional output register may help in improving timing.
INFO: [Synth 8-7052] The timing for the instance U_FrameBufferRight/mem_reg_0_14 (implemented as a Block RAM) might be sub-optimal as no optional output register could be merged into the ram block. Providing additional output register may help in improving timing.
INFO: [Synth 8-7052] The timing for the instance U_FrameBufferRight/mem_reg_0_15 (implemented as a Block RAM) might be sub-optimal as no optional output register could be merged into the ram block. Providing additional output register may help in improving timing.
---------------------------------------------------------------------------------
Finished Technology Mapping : Time (s): cpu = 00:00:05 ; elapsed = 00:00:15 . Memory (MB): peak = 1204.621 ; gain = 97.973
---------------------------------------------------------------------------------
---------------------------------------------------------------------------------
Start IO Insertion
---------------------------------------------------------------------------------
---------------------------------------------------------------------------------
Start Flattening Before IO Insertion
---------------------------------------------------------------------------------
---------------------------------------------------------------------------------
Finished Flattening Before IO Insertion
---------------------------------------------------------------------------------
---------------------------------------------------------------------------------
Start Final Netlist Cleanup
---------------------------------------------------------------------------------
---------------------------------------------------------------------------------
Finished Final Netlist Cleanup
---------------------------------------------------------------------------------
---------------------------------------------------------------------------------
Finished IO Insertion : Time (s): cpu = 00:00:05 ; elapsed = 00:00:17 . Memory (MB): peak = 1212.387 ; gain = 105.738
---------------------------------------------------------------------------------
---------------------------------------------------------------------------------
Start Renaming Generated Instances
---------------------------------------------------------------------------------
---------------------------------------------------------------------------------
Finished Renaming Generated Instances : Time (s): cpu = 00:00:05 ; elapsed = 00:00:17 . Memory (MB): peak = 1212.387 ; gain = 105.738
---------------------------------------------------------------------------------
---------------------------------------------------------------------------------
Start Rebuilding User Hierarchy
---------------------------------------------------------------------------------
---------------------------------------------------------------------------------
Finished Rebuilding User Hierarchy : Time (s): cpu = 00:00:05 ; elapsed = 00:00:17 . Memory (MB): peak = 1212.387 ; gain = 105.738
---------------------------------------------------------------------------------
---------------------------------------------------------------------------------
Start Renaming Generated Ports
---------------------------------------------------------------------------------
---------------------------------------------------------------------------------
Finished Renaming Generated Ports : Time (s): cpu = 00:00:05 ; elapsed = 00:00:17 . Memory (MB): peak = 1212.387 ; gain = 105.738
---------------------------------------------------------------------------------
---------------------------------------------------------------------------------
Start Handling Custom Attributes
---------------------------------------------------------------------------------
---------------------------------------------------------------------------------
Finished Handling Custom Attributes : Time (s): cpu = 00:00:05 ; elapsed = 00:00:17 . Memory (MB): peak = 1212.422 ; gain = 105.773
---------------------------------------------------------------------------------
---------------------------------------------------------------------------------
Start Renaming Generated Nets
---------------------------------------------------------------------------------
---------------------------------------------------------------------------------
Finished Renaming Generated Nets : Time (s): cpu = 00:00:05 ; elapsed = 00:00:17 . Memory (MB): peak = 1212.422 ; gain = 105.773
---------------------------------------------------------------------------------
---------------------------------------------------------------------------------
Start Writing Synthesis Report
---------------------------------------------------------------------------------

Report BlackBoxes: 
+------+--------------+----------+
|      |BlackBox name |Instances |
+------+--------------+----------+
|1     |clk_wiz_0     |         1|
+------+--------------+----------+

Report Cell Usage: 
+------+---------+------+
|      |Cell     |Count |
+------+---------+------+
|1     |clk_wiz  |     1|
|2     |BUFG     |     2|
|3     |CARRY4   |    31|
|4     |LUT1     |     4|
|5     |LUT2     |    92|
|6     |LUT3     |    24|
|7     |LUT4     |    40|
|8     |LUT5     |    49|
|9     |LUT6     |    48|
|10    |RAMB36E1 |    24|
|11    |FDCE     |    90|
|12    |IBUF     |    24|
|13    |OBUF     |    16|
+------+---------+------+
---------------------------------------------------------------------------------
Finished Writing Synthesis Report : Time (s): cpu = 00:00:05 ; elapsed = 00:00:17 . Memory (MB): peak = 1212.422 ; gain = 105.773
---------------------------------------------------------------------------------
Synthesis finished with 0 errors, 0 critical warnings and 0 warnings.
Synthesis Optimization Runtime : Time (s): cpu = 00:00:04 ; elapsed = 00:00:16 . Memory (MB): peak = 1212.422 ; gain = 23.641
Synthesis Optimization Complete : Time (s): cpu = 00:00:06 ; elapsed = 00:00:17 . Memory (MB): peak = 1212.422 ; gain = 105.773
INFO: [Project 1-571] Translating synthesized netlist
Netlist sorting complete. Time (s): cpu = 00:00:00 ; elapsed = 00:00:00.008 . Memory (MB): peak = 1222.613 ; gain = 0.000
INFO: [Netlist 29-17] Analyzing 55 Unisim elements for replacement
INFO: [Netlist 29-28] Unisim Transformation completed in 0 CPU seconds
INFO: [Project 1-570] Preparing netlist for logic optimization
INFO: [Opt 31-138] Pushed 0 inverter(s) to 0 load pin(s).
Netlist sorting complete. Time (s): cpu = 00:00:00 ; elapsed = 00:00:00.001 . Memory (MB): peak = 1222.613 ; gain = 0.000
INFO: [Project 1-111] Unisim Transformation Summary:
No Unisim elements were transformed.

INFO: [Common 17-83] Releasing license: Synthesis
59 Infos, 2 Warnings, 0 Critical Warnings and 0 Errors encountered.
synth_design completed successfully
synth_design: Time (s): cpu = 00:00:08 ; elapsed = 00:00:22 . Memory (MB): peak = 1222.613 ; gain = 115.965
INFO: [Common 17-1381] The checkpoint 'D:/GitHub/verilog/Verilog/TeamProject_StereoDepth/TeamProject_StereoDepth.runs/synth_1/top_VGA_CAMERA.dcp' has been generated.
INFO: [runtcl-4] Executing : report_utilization -file top_VGA_CAMERA_utilization_synth.rpt -pb top_VGA_CAMERA_utilization_synth.pb
INFO: [Common 17-206] Exiting Vivado at Mon Dec 30 16:51:47 2024...
