
*** Running vivado
    with args -log MCU.vds -m64 -product Vivado -mode batch -messageDb vivado.pb -notrace -source MCU.tcl



****** Vivado v2024.2 (64-bit)
  **** SW Build 5239630 on Fri Nov 08 22:35:27 MST 2024
  **** IP Build 5239520 on Sun Nov 10 16:12:51 MST 2024
  **** SharedData Build 5239561 on Fri Nov 08 14:39:27 MST 2024
  **** Start of session at: Thu Dec 19 09:42:04 2024
    ** Copyright 1986-2022 Xilinx, Inc. All Rights Reserved.
    ** Copyright 2022-2024 Advanced Micro Devices, Inc. All Rights Reserved.

source MCU.tcl -notrace
create_project: Time (s): cpu = 00:00:01 ; elapsed = 00:00:07 . Memory (MB): peak = 619.398 ; gain = 190.496
Command: synth_design -top MCU -part xc7a35tcpg236-1
Starting synth_design
Attempting to get a license for feature 'Synthesis' and/or device 'xc7a35t'
INFO: [Common 17-349] Got license for feature 'Synthesis' and/or device 'xc7a35t'
INFO: [Device 21-403] Loading part xc7a35tcpg236-1
INFO: [Synth 8-7079] Multithreading enabled for synth_design using a maximum of 2 processes.
INFO: [Synth 8-7078] Launching helper process for spawning children vivado processes
INFO: [Synth 8-7075] Helper process launched with PID 3824
---------------------------------------------------------------------------------
Starting RTL Elaboration : Time (s): cpu = 00:00:01 ; elapsed = 00:00:04 . Memory (MB): peak = 1277.969 ; gain = 467.148
---------------------------------------------------------------------------------
CRITICAL WARNING: [Synth 8-9873] overwriting previous definition of module 'APB_Intf_gpio' [D:/GitHub/harman_Verilog/1218GPIO/1218GPIO.srcs/sources_1/new/gpio.sv:132]
INFO: [Synth 8-9937] previous definition of design element 'APB_Intf_gpio' is here [D:/GitHub/harman_Verilog/1218GPIO/1218GPIO.srcs/sources_1/new/fnd_control.sv:111]
INFO: [Synth 8-6157] synthesizing module 'MCU' [D:/GitHub/harman_Verilog/1218GPIO/1218GPIO.srcs/sources_1/imports/RV32I_APB_GPIO_24_12_27/MCU.sv:3]
INFO: [Synth 8-6157] synthesizing module 'RV32I_Core' [D:/GitHub/harman_Verilog/1218GPIO/1218GPIO.srcs/sources_1/imports/RV32I_APB_GPIO_24_12_27/RV32I_Core.sv:4]
INFO: [Synth 8-6157] synthesizing module 'ControlUnit' [D:/GitHub/harman_Verilog/1218GPIO/1218GPIO.srcs/sources_1/imports/RV32I_APB_GPIO_24_12_27/RV32I_Core.sv:28]
INFO: [Synth 8-155] case statement is not full and has no default [D:/GitHub/harman_Verilog/1218GPIO/1218GPIO.srcs/sources_1/imports/RV32I_APB_GPIO_24_12_27/RV32I_Core.sv:130]
INFO: [Synth 8-6155] done synthesizing module 'ControlUnit' (0#1) [D:/GitHub/harman_Verilog/1218GPIO/1218GPIO.srcs/sources_1/imports/RV32I_APB_GPIO_24_12_27/RV32I_Core.sv:28]
INFO: [Synth 8-6157] synthesizing module 'DataPath' [D:/GitHub/harman_Verilog/1218GPIO/1218GPIO.srcs/sources_1/imports/RV32I_APB_GPIO_24_12_27/RV32I_Core.sv:167]
INFO: [Synth 8-6157] synthesizing module 'register' [D:/GitHub/harman_Verilog/1218GPIO/1218GPIO.srcs/sources_1/imports/RV32I_APB_GPIO_24_12_27/RV32I_Core.sv:336]
INFO: [Synth 8-6155] done synthesizing module 'register' (0#1) [D:/GitHub/harman_Verilog/1218GPIO/1218GPIO.srcs/sources_1/imports/RV32I_APB_GPIO_24_12_27/RV32I_Core.sv:336]
INFO: [Synth 8-6157] synthesizing module 'mux_2x1' [D:/GitHub/harman_Verilog/1218GPIO/1218GPIO.srcs/sources_1/imports/RV32I_APB_GPIO_24_12_27/RV32I_Core.sv:457]
INFO: [Synth 8-226] default block is never used [D:/GitHub/harman_Verilog/1218GPIO/1218GPIO.srcs/sources_1/imports/RV32I_APB_GPIO_24_12_27/RV32I_Core.sv:464]
INFO: [Synth 8-6155] done synthesizing module 'mux_2x1' (0#1) [D:/GitHub/harman_Verilog/1218GPIO/1218GPIO.srcs/sources_1/imports/RV32I_APB_GPIO_24_12_27/RV32I_Core.sv:457]
INFO: [Synth 8-6157] synthesizing module 'adder' [D:/GitHub/harman_Verilog/1218GPIO/1218GPIO.srcs/sources_1/imports/RV32I_APB_GPIO_24_12_27/RV32I_Core.sv:413]
INFO: [Synth 8-6155] done synthesizing module 'adder' (0#1) [D:/GitHub/harman_Verilog/1218GPIO/1218GPIO.srcs/sources_1/imports/RV32I_APB_GPIO_24_12_27/RV32I_Core.sv:413]
INFO: [Synth 8-6157] synthesizing module 'RegisterFile' [D:/GitHub/harman_Verilog/1218GPIO/1218GPIO.srcs/sources_1/imports/RV32I_APB_GPIO_24_12_27/RV32I_Core.sv:349]
INFO: [Synth 8-6155] done synthesizing module 'RegisterFile' (0#1) [D:/GitHub/harman_Verilog/1218GPIO/1218GPIO.srcs/sources_1/imports/RV32I_APB_GPIO_24_12_27/RV32I_Core.sv:349]
INFO: [Synth 8-6157] synthesizing module 'alu' [D:/GitHub/harman_Verilog/1218GPIO/1218GPIO.srcs/sources_1/imports/RV32I_APB_GPIO_24_12_27/RV32I_Core.sv:375]
INFO: [Synth 8-6155] done synthesizing module 'alu' (0#1) [D:/GitHub/harman_Verilog/1218GPIO/1218GPIO.srcs/sources_1/imports/RV32I_APB_GPIO_24_12_27/RV32I_Core.sv:375]
INFO: [Synth 8-6157] synthesizing module 'mux_5x1' [D:/GitHub/harman_Verilog/1218GPIO/1218GPIO.srcs/sources_1/imports/RV32I_APB_GPIO_24_12_27/RV32I_Core.sv:472]
INFO: [Synth 8-6155] done synthesizing module 'mux_5x1' (0#1) [D:/GitHub/harman_Verilog/1218GPIO/1218GPIO.srcs/sources_1/imports/RV32I_APB_GPIO_24_12_27/RV32I_Core.sv:472]
INFO: [Synth 8-6157] synthesizing module 'extend' [D:/GitHub/harman_Verilog/1218GPIO/1218GPIO.srcs/sources_1/imports/RV32I_APB_GPIO_24_12_27/RV32I_Core.sv:421]
INFO: [Synth 8-6155] done synthesizing module 'extend' (0#1) [D:/GitHub/harman_Verilog/1218GPIO/1218GPIO.srcs/sources_1/imports/RV32I_APB_GPIO_24_12_27/RV32I_Core.sv:421]
INFO: [Synth 8-6155] done synthesizing module 'DataPath' (0#1) [D:/GitHub/harman_Verilog/1218GPIO/1218GPIO.srcs/sources_1/imports/RV32I_APB_GPIO_24_12_27/RV32I_Core.sv:167]
INFO: [Synth 8-6155] done synthesizing module 'RV32I_Core' (0#1) [D:/GitHub/harman_Verilog/1218GPIO/1218GPIO.srcs/sources_1/imports/RV32I_APB_GPIO_24_12_27/RV32I_Core.sv:4]
INFO: [Synth 8-6157] synthesizing module 'decoder_mem_map' [D:/GitHub/harman_Verilog/1218GPIO/1218GPIO.srcs/sources_1/imports/RV32I_APB_GPIO_24_12_27/MCU.sv:141]
INFO: [Synth 8-6155] done synthesizing module 'decoder_mem_map' (0#1) [D:/GitHub/harman_Verilog/1218GPIO/1218GPIO.srcs/sources_1/imports/RV32I_APB_GPIO_24_12_27/MCU.sv:141]
INFO: [Synth 8-6157] synthesizing module 'mux_mem_map' [D:/GitHub/harman_Verilog/1218GPIO/1218GPIO.srcs/sources_1/imports/RV32I_APB_GPIO_24_12_27/MCU.sv:157]
INFO: [Synth 8-6155] done synthesizing module 'mux_mem_map' (0#1) [D:/GitHub/harman_Verilog/1218GPIO/1218GPIO.srcs/sources_1/imports/RV32I_APB_GPIO_24_12_27/MCU.sv:157]
INFO: [Synth 8-6157] synthesizing module 'ROM' [D:/GitHub/harman_Verilog/1218GPIO/1218GPIO.srcs/sources_1/imports/RV32I_APB_GPIO_24_12_27/ROM.sv:3]
INFO: [Synth 8-3876] $readmem data file 'code.mem' is read successfully [D:/GitHub/harman_Verilog/1218GPIO/1218GPIO.srcs/sources_1/imports/RV32I_APB_GPIO_24_12_27/ROM.sv:21]
INFO: [Synth 8-6155] done synthesizing module 'ROM' (0#1) [D:/GitHub/harman_Verilog/1218GPIO/1218GPIO.srcs/sources_1/imports/RV32I_APB_GPIO_24_12_27/ROM.sv:3]
WARNING: [Synth 8-689] width (32) of port connection 'addr' does not match port width (13) of module 'ROM' [D:/GitHub/harman_Verilog/1218GPIO/1218GPIO.srcs/sources_1/imports/RV32I_APB_GPIO_24_12_27/MCU.sv:71]
INFO: [Synth 8-6157] synthesizing module 'ram' [D:/GitHub/harman_Verilog/1218GPIO/1218GPIO.srcs/sources_1/imports/RV32I_APB_GPIO_24_12_27/ram.sv:3]
INFO: [Synth 8-6155] done synthesizing module 'ram' (0#1) [D:/GitHub/harman_Verilog/1218GPIO/1218GPIO.srcs/sources_1/imports/RV32I_APB_GPIO_24_12_27/ram.sv:3]
WARNING: [Synth 8-689] width (32) of port connection 'addr' does not match port width (13) of module 'ram' [D:/GitHub/harman_Verilog/1218GPIO/1218GPIO.srcs/sources_1/imports/RV32I_APB_GPIO_24_12_27/MCU.sv:81]
INFO: [Synth 8-6157] synthesizing module 'gpo' [D:/GitHub/harman_Verilog/1218GPIO/1218GPIO.srcs/sources_1/imports/RV32I_APB_GPIO_24_12_27/gpo.sv:3]
INFO: [Synth 8-6157] synthesizing module 'APB_Intf' [D:/GitHub/harman_Verilog/1218GPIO/1218GPIO.srcs/sources_1/imports/RV32I_APB_GPIO_24_12_27/gpo.sv:152]
INFO: [Synth 8-6155] done synthesizing module 'APB_Intf' (0#1) [D:/GitHub/harman_Verilog/1218GPIO/1218GPIO.srcs/sources_1/imports/RV32I_APB_GPIO_24_12_27/gpo.sv:152]
INFO: [Synth 8-6157] synthesizing module 'gpo_ip' [D:/GitHub/harman_Verilog/1218GPIO/1218GPIO.srcs/sources_1/imports/RV32I_APB_GPIO_24_12_27/gpo.sv:199]
INFO: [Synth 8-6155] done synthesizing module 'gpo_ip' (0#1) [D:/GitHub/harman_Verilog/1218GPIO/1218GPIO.srcs/sources_1/imports/RV32I_APB_GPIO_24_12_27/gpo.sv:199]
INFO: [Synth 8-6155] done synthesizing module 'gpo' (0#1) [D:/GitHub/harman_Verilog/1218GPIO/1218GPIO.srcs/sources_1/imports/RV32I_APB_GPIO_24_12_27/gpo.sv:3]
WARNING: [Synth 8-689] width (32) of port connection 'PADDR' does not match port width (3) of module 'gpo' [D:/GitHub/harman_Verilog/1218GPIO/1218GPIO.srcs/sources_1/imports/RV32I_APB_GPIO_24_12_27/MCU.sv:90]
INFO: [Synth 8-6157] synthesizing module 'gpio' [D:/GitHub/harman_Verilog/1218GPIO/1218GPIO.srcs/sources_1/new/gpio.sv:23]
INFO: [Synth 8-6157] synthesizing module 'APB_Intf_gpio' [D:/GitHub/harman_Verilog/1218GPIO/1218GPIO.srcs/sources_1/new/gpio.sv:63]
INFO: [Synth 8-6155] done synthesizing module 'APB_Intf_gpio' (0#1) [D:/GitHub/harman_Verilog/1218GPIO/1218GPIO.srcs/sources_1/new/gpio.sv:63]
INFO: [Synth 8-6157] synthesizing module 'gpio_ip' [D:/GitHub/harman_Verilog/1218GPIO/1218GPIO.srcs/sources_1/new/gpio.sv:134]
INFO: [Synth 8-6155] done synthesizing module 'gpio_ip' (0#1) [D:/GitHub/harman_Verilog/1218GPIO/1218GPIO.srcs/sources_1/new/gpio.sv:134]
INFO: [Synth 8-6155] done synthesizing module 'gpio' (0#1) [D:/GitHub/harman_Verilog/1218GPIO/1218GPIO.srcs/sources_1/new/gpio.sv:23]
WARNING: [Synth 8-689] width (32) of port connection 'PADDR' does not match port width (4) of module 'gpio' [D:/GitHub/harman_Verilog/1218GPIO/1218GPIO.srcs/sources_1/imports/RV32I_APB_GPIO_24_12_27/MCU.sv:103]
WARNING: [Synth 8-689] width (32) of port connection 'PADDR' does not match port width (4) of module 'gpio' [D:/GitHub/harman_Verilog/1218GPIO/1218GPIO.srcs/sources_1/imports/RV32I_APB_GPIO_24_12_27/MCU.sv:116]
INFO: [Synth 8-6157] synthesizing module 'fnd' [D:/GitHub/harman_Verilog/1218GPIO/1218GPIO.srcs/sources_1/new/fnd_control.sv:22]
WARNING: [Synth 8-689] width (3) of port connection 'paddr' does not match port width (4) of module 'APB_Intf_gpio' [D:/GitHub/harman_Verilog/1218GPIO/1218GPIO.srcs/sources_1/new/fnd_control.sv:44]
WARNING: [Synth 8-689] width (14) of port connection 'mode' does not match port width (4) of module 'APB_Intf_gpio' [D:/GitHub/harman_Verilog/1218GPIO/1218GPIO.srcs/sources_1/new/fnd_control.sv:52]
WARNING: [Synth 8-7071] port 'inData' of module 'APB_Intf_gpio' is unconnected for instance 'apb_int_gpio' [D:/GitHub/harman_Verilog/1218GPIO/1218GPIO.srcs/sources_1/new/fnd_control.sv:39]
WARNING: [Synth 8-7023] instance 'apb_int_gpio' of module 'APB_Intf_gpio' has 12 connections declared, but only 11 given [D:/GitHub/harman_Verilog/1218GPIO/1218GPIO.srcs/sources_1/new/fnd_control.sv:39]
INFO: [Synth 8-6157] synthesizing module 'fnd_control_ip' [D:/GitHub/harman_Verilog/1218GPIO/1218GPIO.srcs/sources_1/new/fnd_control.sv:113]
INFO: [Synth 8-6157] synthesizing module 'clk_div' [D:/GitHub/harman_Verilog/1218GPIO/1218GPIO.srcs/sources_1/new/fnd_control.sv:191]
INFO: [Synth 8-6155] done synthesizing module 'clk_div' (0#1) [D:/GitHub/harman_Verilog/1218GPIO/1218GPIO.srcs/sources_1/new/fnd_control.sv:191]
INFO: [Synth 8-6157] synthesizing module 'counter' [D:/GitHub/harman_Verilog/1218GPIO/1218GPIO.srcs/sources_1/new/fnd_control.sv:177]
INFO: [Synth 8-6155] done synthesizing module 'counter' (0#1) [D:/GitHub/harman_Verilog/1218GPIO/1218GPIO.srcs/sources_1/new/fnd_control.sv:177]
INFO: [Synth 8-6157] synthesizing module 'decoder_3x8' [D:/GitHub/harman_Verilog/1218GPIO/1218GPIO.srcs/sources_1/new/fnd_control.sv:277]
INFO: [Synth 8-226] default block is never used [D:/GitHub/harman_Verilog/1218GPIO/1218GPIO.srcs/sources_1/new/fnd_control.sv:283]
INFO: [Synth 8-6155] done synthesizing module 'decoder_3x8' (0#1) [D:/GitHub/harman_Verilog/1218GPIO/1218GPIO.srcs/sources_1/new/fnd_control.sv:277]
INFO: [Synth 8-6157] synthesizing module 'digit_splitter' [D:/GitHub/harman_Verilog/1218GPIO/1218GPIO.srcs/sources_1/new/fnd_control.sv:218]
INFO: [Synth 8-6155] done synthesizing module 'digit_splitter' (0#1) [D:/GitHub/harman_Verilog/1218GPIO/1218GPIO.srcs/sources_1/new/fnd_control.sv:218]
INFO: [Synth 8-6157] synthesizing module 'mux_8x1' [D:/GitHub/harman_Verilog/1218GPIO/1218GPIO.srcs/sources_1/new/fnd_control.sv:233]
INFO: [Synth 8-226] default block is never used [D:/GitHub/harman_Verilog/1218GPIO/1218GPIO.srcs/sources_1/new/fnd_control.sv:246]
INFO: [Synth 8-6155] done synthesizing module 'mux_8x1' (0#1) [D:/GitHub/harman_Verilog/1218GPIO/1218GPIO.srcs/sources_1/new/fnd_control.sv:233]
INFO: [Synth 8-6157] synthesizing module 'BCDtoSEG_decoder' [D:/GitHub/harman_Verilog/1218GPIO/1218GPIO.srcs/sources_1/new/fnd_control.sv:298]
INFO: [Synth 8-226] default block is never used [D:/GitHub/harman_Verilog/1218GPIO/1218GPIO.srcs/sources_1/new/fnd_control.sv:304]
INFO: [Synth 8-6155] done synthesizing module 'BCDtoSEG_decoder' (0#1) [D:/GitHub/harman_Verilog/1218GPIO/1218GPIO.srcs/sources_1/new/fnd_control.sv:298]
INFO: [Synth 8-6155] done synthesizing module 'fnd_control_ip' (0#1) [D:/GitHub/harman_Verilog/1218GPIO/1218GPIO.srcs/sources_1/new/fnd_control.sv:113]
INFO: [Synth 8-6155] done synthesizing module 'fnd' (0#1) [D:/GitHub/harman_Verilog/1218GPIO/1218GPIO.srcs/sources_1/new/fnd_control.sv:22]
WARNING: [Synth 8-689] width (32) of port connection 'PADDR' does not match port width (3) of module 'fnd' [D:/GitHub/harman_Verilog/1218GPIO/1218GPIO.srcs/sources_1/imports/RV32I_APB_GPIO_24_12_27/MCU.sv:129]
INFO: [Synth 8-6155] done synthesizing module 'MCU' (0#1) [D:/GitHub/harman_Verilog/1218GPIO/1218GPIO.srcs/sources_1/imports/RV32I_APB_GPIO_24_12_27/MCU.sv:3]
WARNING: [Synth 8-87] always_comb on 'ready_reg' did not result in combinational logic [D:/GitHub/harman_Verilog/1218GPIO/1218GPIO.srcs/sources_1/imports/RV32I_APB_GPIO_24_12_27/MCU.sv:177]
WARNING: [Synth 8-7129] Port paddr[1] in module APB_Intf_gpio is either unconnected or has no load
WARNING: [Synth 8-7129] Port paddr[0] in module APB_Intf_gpio is either unconnected or has no load
WARNING: [Synth 8-7129] Port preset in module APB_Intf is either unconnected or has no load
WARNING: [Synth 8-7129] Port paddr[1] in module APB_Intf is either unconnected or has no load
WARNING: [Synth 8-7129] Port paddr[0] in module APB_Intf is either unconnected or has no load
WARNING: [Synth 8-7129] Port addr[12] in module ram is either unconnected or has no load
WARNING: [Synth 8-7129] Port addr[1] in module ram is either unconnected or has no load
WARNING: [Synth 8-7129] Port addr[0] in module ram is either unconnected or has no load
WARNING: [Synth 8-7129] Port addr[1] in module ROM is either unconnected or has no load
WARNING: [Synth 8-7129] Port addr[0] in module ROM is either unconnected or has no load
WARNING: [Synth 8-7129] Port instrCode[31] in module ControlUnit is either unconnected or has no load
WARNING: [Synth 8-7129] Port instrCode[29] in module ControlUnit is either unconnected or has no load
WARNING: [Synth 8-7129] Port instrCode[28] in module ControlUnit is either unconnected or has no load
WARNING: [Synth 8-7129] Port instrCode[27] in module ControlUnit is either unconnected or has no load
WARNING: [Synth 8-7129] Port instrCode[26] in module ControlUnit is either unconnected or has no load
WARNING: [Synth 8-7129] Port instrCode[25] in module ControlUnit is either unconnected or has no load
WARNING: [Synth 8-7129] Port instrCode[24] in module ControlUnit is either unconnected or has no load
WARNING: [Synth 8-7129] Port instrCode[23] in module ControlUnit is either unconnected or has no load
WARNING: [Synth 8-7129] Port instrCode[22] in module ControlUnit is either unconnected or has no load
WARNING: [Synth 8-7129] Port instrCode[21] in module ControlUnit is either unconnected or has no load
WARNING: [Synth 8-7129] Port instrCode[20] in module ControlUnit is either unconnected or has no load
WARNING: [Synth 8-7129] Port instrCode[19] in module ControlUnit is either unconnected or has no load
WARNING: [Synth 8-7129] Port instrCode[18] in module ControlUnit is either unconnected or has no load
WARNING: [Synth 8-7129] Port instrCode[17] in module ControlUnit is either unconnected or has no load
WARNING: [Synth 8-7129] Port instrCode[16] in module ControlUnit is either unconnected or has no load
WARNING: [Synth 8-7129] Port instrCode[15] in module ControlUnit is either unconnected or has no load
WARNING: [Synth 8-7129] Port instrCode[11] in module ControlUnit is either unconnected or has no load
WARNING: [Synth 8-7129] Port instrCode[10] in module ControlUnit is either unconnected or has no load
WARNING: [Synth 8-7129] Port instrCode[9] in module ControlUnit is either unconnected or has no load
WARNING: [Synth 8-7129] Port instrCode[8] in module ControlUnit is either unconnected or has no load
WARNING: [Synth 8-7129] Port instrCode[7] in module ControlUnit is either unconnected or has no load
---------------------------------------------------------------------------------
Finished RTL Elaboration : Time (s): cpu = 00:00:02 ; elapsed = 00:00:06 . Memory (MB): peak = 1386.070 ; gain = 575.250
---------------------------------------------------------------------------------
---------------------------------------------------------------------------------
Start Handling Custom Attributes
---------------------------------------------------------------------------------
---------------------------------------------------------------------------------
Finished Handling Custom Attributes : Time (s): cpu = 00:00:02 ; elapsed = 00:00:06 . Memory (MB): peak = 1386.070 ; gain = 575.250
---------------------------------------------------------------------------------
---------------------------------------------------------------------------------
Finished RTL Optimization Phase 1 : Time (s): cpu = 00:00:02 ; elapsed = 00:00:06 . Memory (MB): peak = 1386.070 ; gain = 575.250
---------------------------------------------------------------------------------
Netlist sorting complete. Time (s): cpu = 00:00:00 ; elapsed = 00:00:00.029 . Memory (MB): peak = 1386.070 ; gain = 0.000
INFO: [Project 1-570] Preparing netlist for logic optimization

Processing XDC Constraints
Initializing timing engine
Parsing XDC File [D:/GitHub/harman_Verilog/1218GPIO/1218GPIO.srcs/constrs_1/imports/Downloads/MY_Basys-3-Master.xdc]
Finished Parsing XDC File [D:/GitHub/harman_Verilog/1218GPIO/1218GPIO.srcs/constrs_1/imports/Downloads/MY_Basys-3-Master.xdc]
INFO: [Project 1-236] Implementation specific constraints were found while reading constraint file [D:/GitHub/harman_Verilog/1218GPIO/1218GPIO.srcs/constrs_1/imports/Downloads/MY_Basys-3-Master.xdc]. These constraints will be ignored for synthesis but will be used in implementation. Impacted constraints are listed in the file [.Xil/MCU_propImpl.xdc].
Resolution: To avoid this warning, move constraints listed in [.Xil/MCU_propImpl.xdc] to another XDC file and exclude this new file from synthesis with the used_in_synthesis property (File Properties dialog in GUI) and re-run elaboration/synthesis.
Completed Processing XDC Constraints

Netlist sorting complete. Time (s): cpu = 00:00:00 ; elapsed = 00:00:00.001 . Memory (MB): peak = 1475.930 ; gain = 0.000
INFO: [Project 1-111] Unisim Transformation Summary:
No Unisim elements were transformed.

Constraint Validation Runtime : Time (s): cpu = 00:00:00 ; elapsed = 00:00:00.003 . Memory (MB): peak = 1475.930 ; gain = 0.000
---------------------------------------------------------------------------------
Finished Constraint Validation : Time (s): cpu = 00:00:04 ; elapsed = 00:00:12 . Memory (MB): peak = 1475.930 ; gain = 665.109
---------------------------------------------------------------------------------
---------------------------------------------------------------------------------
Start Loading Part and Timing Information
---------------------------------------------------------------------------------
Loading part: xc7a35tcpg236-1
---------------------------------------------------------------------------------
Finished Loading Part and Timing Information : Time (s): cpu = 00:00:04 ; elapsed = 00:00:12 . Memory (MB): peak = 1475.930 ; gain = 665.109
---------------------------------------------------------------------------------
---------------------------------------------------------------------------------
Start Applying 'set_property' XDC Constraints
---------------------------------------------------------------------------------
---------------------------------------------------------------------------------
Finished applying 'set_property' XDC Constraints : Time (s): cpu = 00:00:04 ; elapsed = 00:00:12 . Memory (MB): peak = 1475.930 ; gain = 665.109
---------------------------------------------------------------------------------
INFO: [Synth 8-802] inferred FSM for state register 'state_reg' in module 'ControlUnit'
---------------------------------------------------------------------------------------------------
                   State |                     New Encoding |                Previous Encoding 
---------------------------------------------------------------------------------------------------
                   FETCH |                             0000 | 00000000000000000000000000000000
                  DECODE |                             0001 | 00000000000000000000000000000001
                   R_EXE |                             0010 | 00000000000000000000000000000010
                  IL_EXE |                             0011 | 00000000000000000000000000000011
            IL_MEM_SETUP |                             0100 | 00000000000000000000000000000100
           IL_MEM_ACCESS |                             0101 | 00000000000000000000000000000101
                   IL_WB |                             0110 | 00000000000000000000000000000110
                   I_EXE |                             0111 | 00000000000000000000000000000111
                   S_EXE |                             1000 | 00000000000000000000000000001000
             S_MEM_SETUP |                             1001 | 00000000000000000000000000001001
            S_MEM_ACCESS |                             1010 | 00000000000000000000000000001010
                   B_EXE |                             1011 | 00000000000000000000000000001011
                   U_EXE |                             1100 | 00000000000000000000000000001100
                  UA_EXE |                             1101 | 00000000000000000000000000001101
                   J_EXE |                             1110 | 00000000000000000000000000001110
                  JI_EXE |                             1111 | 00000000000000000000000000001111
---------------------------------------------------------------------------------------------------
INFO: [Synth 8-3354] encoded FSM with state register 'state_reg' using encoding 'sequential' in module 'ControlUnit'
WARNING: [Synth 8-327] inferring latch for variable 'ready_reg' [D:/GitHub/harman_Verilog/1218GPIO/1218GPIO.srcs/sources_1/imports/RV32I_APB_GPIO_24_12_27/MCU.sv:177]
---------------------------------------------------------------------------------
Finished RTL Optimization Phase 2 : Time (s): cpu = 00:00:04 ; elapsed = 00:00:13 . Memory (MB): peak = 1475.930 ; gain = 665.109
---------------------------------------------------------------------------------
---------------------------------------------------------------------------------
Start RTL Component Statistics 
---------------------------------------------------------------------------------
Detailed RTL Component Info : 
+---Adders : 
	   2 Input   32 Bit       Adders := 3     
	   3 Input   32 Bit       Adders := 1     
	   2 Input   17 Bit       Adders := 1     
	   2 Input    3 Bit       Adders := 1     
+---XORs : 
	   2 Input     32 Bit         XORs := 1     
+---Registers : 
	               32 Bit    Registers := 21    
	               17 Bit    Registers := 1     
	                3 Bit    Registers := 1     
	                1 Bit    Registers := 6     
+---RAMs : 
	              32K Bit	(1024 X 32 bit)          RAMs := 1     
+---Muxes : 
	   2 Input   32 Bit        Muxes := 7     
	   4 Input   32 Bit        Muxes := 4     
	  16 Input   15 Bit        Muxes := 1     
	   2 Input    4 Bit        Muxes := 3     
	  16 Input    4 Bit        Muxes := 2     
	  10 Input    4 Bit        Muxes := 1     
	   8 Input    4 Bit        Muxes := 1     
	   2 Input    1 Bit        Muxes := 2     
	   3 Input    1 Bit        Muxes := 6     
---------------------------------------------------------------------------------
Finished RTL Component Statistics 
---------------------------------------------------------------------------------
---------------------------------------------------------------------------------
Start Part Resource Summary
---------------------------------------------------------------------------------
Part Resources:
DSPs: 90 (col length:60)
BRAMs: 100 (col length: RAMB18 60 RAMB36 30)
---------------------------------------------------------------------------------
Finished Part Resource Summary
---------------------------------------------------------------------------------
---------------------------------------------------------------------------------
Start Cross Boundary and Area Optimization
---------------------------------------------------------------------------------
WARNING: [Synth 8-7080] Parallel synthesis criteria is not met
WARNING: [Synth 8-7129] Port PADDR[1] in module fnd is either unconnected or has no load
WARNING: [Synth 8-7129] Port PADDR[0] in module fnd is either unconnected or has no load
WARNING: [Synth 8-7129] Port paddr[1] in module APB_Intf_gpio is either unconnected or has no load
WARNING: [Synth 8-7129] Port paddr[0] in module APB_Intf_gpio is either unconnected or has no load
WARNING: [Synth 8-7129] Port paddr[1] in module APB_Intf_gpio__1 is either unconnected or has no load
WARNING: [Synth 8-7129] Port paddr[0] in module APB_Intf_gpio__1 is either unconnected or has no load
WARNING: [Synth 8-7129] Port PRESET in module gpo is either unconnected or has no load
WARNING: [Synth 8-7129] Port PADDR[1] in module gpo is either unconnected or has no load
WARNING: [Synth 8-7129] Port PADDR[0] in module gpo is either unconnected or has no load
---------------------------------------------------------------------------------
Finished Cross Boundary and Area Optimization : Time (s): cpu = 00:00:06 ; elapsed = 00:00:18 . Memory (MB): peak = 1516.055 ; gain = 705.234
---------------------------------------------------------------------------------
---------------------------------------------------------------------------------
Start ROM, RAM, DSP, Shift Register and Retiming Reporting
---------------------------------------------------------------------------------

ROM: Preliminary Mapping Report
+------------+------------+---------------+----------------+
|Module Name | RTL Object | Depth x Width | Implemented As | 
+------------+------------+---------------+----------------+
|ROM         | rom        | 64x32         | LUT            | 
|MCU         | p_0_out    | 64x32         | LUT            | 
+------------+------------+---------------+----------------+


Block RAM: Preliminary Mapping Report (see note below)
+------------+----------------------+------------------------+---+---+------------------------+---+---+------------------+--------+--------+
|Module Name | RTL Object           | PORT A (Depth x Width) | W | R | PORT B (Depth x Width) | W | R | Ports driving FF | RAMB18 | RAMB36 | 
+------------+----------------------+------------------------+---+---+------------------------+---+---+------------------+--------+--------+
|MCU         | U_DataMemory/mem_reg | 1 K x 32(READ_FIRST)   | W |   | 1 K x 32(WRITE_FIRST)  |   | R | Port A and B     | 0      | 1      | 
+------------+----------------------+------------------------+---+---+------------------------+---+---+------------------+--------+--------+

Note: The table above is a preliminary report that shows the Block RAMs at the current stage of the synthesis flow. Some Block RAMs may be reimplemented as non Block RAM primitives later in the synthesis flow. Multiple instantiated Block RAMs are reported only once. 

Distributed RAM: Preliminary Mapping Report (see note below)
+------------+----------------------------------------------------+-----------+----------------------+--------------+
|Module Name | RTL Object                                         | Inference | Size (Depth x Width) | Primitives   | 
+------------+----------------------------------------------------+-----------+----------------------+--------------+
|MCU         | U_RV32I_CORE/U_DataPath/U_RegisterFile/RegFile_reg | Implied   | 32 x 32              | RAM32M x 12  | 
+------------+----------------------------------------------------+-----------+----------------------+--------------+

Note: The table above is a preliminary report that shows the Distributed RAMs at the current stage of the synthesis flow. Some Distributed RAMs may be reimplemented as non Distributed RAM primitives later in the synthesis flow. Multiple instantiated RAMs are reported only once.
---------------------------------------------------------------------------------
Finished ROM, RAM, DSP, Shift Register and Retiming Reporting
---------------------------------------------------------------------------------
---------------------------------------------------------------------------------
Start Applying XDC Timing Constraints
---------------------------------------------------------------------------------
---------------------------------------------------------------------------------
Finished Applying XDC Timing Constraints : Time (s): cpu = 00:00:07 ; elapsed = 00:00:22 . Memory (MB): peak = 1588.277 ; gain = 777.457
---------------------------------------------------------------------------------
---------------------------------------------------------------------------------
Start Timing Optimization
---------------------------------------------------------------------------------
---------------------------------------------------------------------------------
Finished Timing Optimization : Time (s): cpu = 00:00:09 ; elapsed = 00:00:28 . Memory (MB): peak = 1710.422 ; gain = 899.602
---------------------------------------------------------------------------------
---------------------------------------------------------------------------------
Start ROM, RAM, DSP, Shift Register and Retiming Reporting
---------------------------------------------------------------------------------

Block RAM: Final Mapping Report
+------------+----------------------+------------------------+---+---+------------------------+---+---+------------------+--------+--------+
|Module Name | RTL Object           | PORT A (Depth x Width) | W | R | PORT B (Depth x Width) | W | R | Ports driving FF | RAMB18 | RAMB36 | 
+------------+----------------------+------------------------+---+---+------------------------+---+---+------------------+--------+--------+
|MCU         | U_DataMemory/mem_reg | 1 K x 32(READ_FIRST)   | W |   | 1 K x 32(WRITE_FIRST)  |   | R | Port A and B     | 0      | 1      | 
+------------+----------------------+------------------------+---+---+------------------------+---+---+------------------+--------+--------+


Distributed RAM: Final Mapping Report
+------------+----------------------------------------------------+-----------+----------------------+--------------+
|Module Name | RTL Object                                         | Inference | Size (Depth x Width) | Primitives   | 
+------------+----------------------------------------------------+-----------+----------------------+--------------+
|MCU         | U_RV32I_CORE/U_DataPath/U_RegisterFile/RegFile_reg | Implied   | 32 x 32              | RAM32M x 12  | 
+------------+----------------------------------------------------+-----------+----------------------+--------------+

---------------------------------------------------------------------------------
Finished ROM, RAM, DSP, Shift Register and Retiming Reporting
---------------------------------------------------------------------------------
---------------------------------------------------------------------------------
Start Technology Mapping
---------------------------------------------------------------------------------
INFO: [Synth 8-7052] The timing for the instance U_DataMemory/mem_reg (implemented as a Block RAM) might be sub-optimal as no optional output register could be merged into the ram block. Providing additional output register may help in improving timing.
---------------------------------------------------------------------------------
Finished Technology Mapping : Time (s): cpu = 00:00:09 ; elapsed = 00:00:28 . Memory (MB): peak = 1719.477 ; gain = 908.656
---------------------------------------------------------------------------------
---------------------------------------------------------------------------------
Start IO Insertion
---------------------------------------------------------------------------------
---------------------------------------------------------------------------------
Start Flattening Before IO Insertion
---------------------------------------------------------------------------------
---------------------------------------------------------------------------------
Finished Flattening Before IO Insertion
---------------------------------------------------------------------------------
---------------------------------------------------------------------------------
Start Final Netlist Cleanup
---------------------------------------------------------------------------------
---------------------------------------------------------------------------------
Finished Final Netlist Cleanup
---------------------------------------------------------------------------------
---------------------------------------------------------------------------------
Finished IO Insertion : Time (s): cpu = 00:00:10 ; elapsed = 00:00:31 . Memory (MB): peak = 1834.789 ; gain = 1023.969
---------------------------------------------------------------------------------
---------------------------------------------------------------------------------
Start Renaming Generated Instances
---------------------------------------------------------------------------------
---------------------------------------------------------------------------------
Finished Renaming Generated Instances : Time (s): cpu = 00:00:10 ; elapsed = 00:00:31 . Memory (MB): peak = 1834.789 ; gain = 1023.969
---------------------------------------------------------------------------------
---------------------------------------------------------------------------------
Start Rebuilding User Hierarchy
---------------------------------------------------------------------------------
---------------------------------------------------------------------------------
Finished Rebuilding User Hierarchy : Time (s): cpu = 00:00:10 ; elapsed = 00:00:31 . Memory (MB): peak = 1834.789 ; gain = 1023.969
---------------------------------------------------------------------------------
---------------------------------------------------------------------------------
Start Renaming Generated Ports
---------------------------------------------------------------------------------
---------------------------------------------------------------------------------
Finished Renaming Generated Ports : Time (s): cpu = 00:00:10 ; elapsed = 00:00:31 . Memory (MB): peak = 1834.789 ; gain = 1023.969
---------------------------------------------------------------------------------
---------------------------------------------------------------------------------
Start Handling Custom Attributes
---------------------------------------------------------------------------------
---------------------------------------------------------------------------------
Finished Handling Custom Attributes : Time (s): cpu = 00:00:10 ; elapsed = 00:00:31 . Memory (MB): peak = 1838.789 ; gain = 1027.969
---------------------------------------------------------------------------------
---------------------------------------------------------------------------------
Start Renaming Generated Nets
---------------------------------------------------------------------------------
---------------------------------------------------------------------------------
Finished Renaming Generated Nets : Time (s): cpu = 00:00:10 ; elapsed = 00:00:31 . Memory (MB): peak = 1838.789 ; gain = 1027.969
---------------------------------------------------------------------------------
---------------------------------------------------------------------------------
Start Writing Synthesis Report
---------------------------------------------------------------------------------

Report BlackBoxes: 
+-+--------------+----------+
| |BlackBox name |Instances |
+-+--------------+----------+
+-+--------------+----------+

Report Cell Usage: 
+------+---------+------+
|      |Cell     |Count |
+------+---------+------+
|1     |BUFG     |     1|
|2     |CARRY4   |    54|
|3     |LUT1     |     7|
|4     |LUT2     |    73|
|5     |LUT3     |   115|
|6     |LUT4     |   221|
|7     |LUT5     |   226|
|8     |LUT6     |   514|
|9     |RAM32M   |    10|
|10    |RAM32X1D |     4|
|11    |RAMB36E1 |     1|
|12    |FDCE     |   528|
|13    |FDPE     |     8|
|14    |FDRE     |    98|
|15    |LD       |     1|
|16    |IBUF     |     2|
|17    |IOBUF    |     8|
|18    |OBUF     |    12|
|19    |OBUFT    |     4|
+------+---------+------+
---------------------------------------------------------------------------------
Finished Writing Synthesis Report : Time (s): cpu = 00:00:10 ; elapsed = 00:00:31 . Memory (MB): peak = 1838.789 ; gain = 1027.969
---------------------------------------------------------------------------------
Synthesis finished with 0 errors, 0 critical warnings and 11 warnings.
Synthesis Optimization Runtime : Time (s): cpu = 00:00:08 ; elapsed = 00:00:30 . Memory (MB): peak = 1838.789 ; gain = 938.109
Synthesis Optimization Complete : Time (s): cpu = 00:00:10 ; elapsed = 00:00:32 . Memory (MB): peak = 1838.789 ; gain = 1027.969
INFO: [Project 1-571] Translating synthesized netlist
Netlist sorting complete. Time (s): cpu = 00:00:00 ; elapsed = 00:00:00.034 . Memory (MB): peak = 1847.980 ; gain = 0.000
INFO: [Netlist 29-17] Analyzing 78 Unisim elements for replacement
INFO: [Netlist 29-28] Unisim Transformation completed in 0 CPU seconds
INFO: [Project 1-570] Preparing netlist for logic optimization
INFO: [Opt 31-138] Pushed 0 inverter(s) to 0 load pin(s).
Netlist sorting complete. Time (s): cpu = 00:00:00 ; elapsed = 00:00:00 . Memory (MB): peak = 1851.621 ; gain = 0.000
INFO: [Project 1-111] Unisim Transformation Summary:
  A total of 23 instances were transformed.
  IOBUF => IOBUF (IBUF, OBUFT): 8 instances
  LD => LDCE: 1 instance 
  RAM32M => RAM32M (RAMD32(x6), RAMS32(x2)): 10 instances
  RAM32X1D => RAM32X1D (RAMD32(x2)): 4 instances

Synth Design complete | Checksum: 20de3952
INFO: [Common 17-83] Releasing license: Synthesis
83 Infos, 53 Warnings, 1 Critical Warnings and 0 Errors encountered.
synth_design completed successfully
synth_design: Time (s): cpu = 00:00:12 ; elapsed = 00:00:43 . Memory (MB): peak = 1851.621 ; gain = 1232.223
INFO: [runtcl-6] Synthesis results are not added to the cache due to CRITICAL_WARNING
Write ShapeDB Complete: Time (s): cpu = 00:00:00 ; elapsed = 00:00:00.002 . Memory (MB): peak = 1851.621 ; gain = 0.000
INFO: [Common 17-1381] The checkpoint 'D:/GitHub/harman_Verilog/1218GPIO/1218GPIO.runs/synth_1/MCU.dcp' has been generated.
INFO: [Vivado 12-24828] Executing command : report_utilization -file MCU_utilization_synth.rpt -pb MCU_utilization_synth.pb
INFO: [Common 17-206] Exiting Vivado at Thu Dec 19 09:43:04 2024...
