#-----------------------------------------------------------
# Vivado v2020.2 (64-bit)
# SW Build 3064766 on Wed Nov 18 09:12:45 MST 2020
# IP Build 3064653 on Wed Nov 18 14:17:31 MST 2020
# Start of session at: Sat Nov 30 02:35:32 2024
# Process ID: 28896
# Current directory: D:/Verilog/Verilog/DHT11_FINAL
# Command line: vivado.exe -gui_launcher_event rodinguilauncherevent7368 D:\Verilog\Verilog\DHT11_FINAL\DHT11_FINAL.xpr
# Log file: D:/Verilog/Verilog/DHT11_FINAL/vivado.log
# Journal file: D:/Verilog/Verilog/DHT11_FINAL\vivado.jou
#-----------------------------------------------------------
start_gui
open_project D:/Verilog/Verilog/DHT11_FINAL/DHT11_FINAL.xpr
WARNING: [filemgmt 56-3] Board Part Repository Path: Could not find the directory 'C:/Users/kccistc/AppData/Roaming/Xilinx/Vivado/2020.2/xhub/board_store/xilinx_board_store'.
Scanning sources...
Finished scanning sources
INFO: [IP_Flow 19-234] Refreshing IP repositories
INFO: [IP_Flow 19-1704] No user IP repositories specified
INFO: [IP_Flow 19-2313] Loaded Vivado IP repository 'C:/Xilinx/Vivado/2020.2/data/ip'.
open_project: Time (s): cpu = 00:00:16 ; elapsed = 00:00:08 . Memory (MB): peak = 1102.395 ; gain = 0.000
