
*** Running vivado
    with args -log VGA_SW_Test.vds -m64 -product Vivado -mode batch -messageDb vivado.pb -notrace -source VGA_SW_Test.tcl



****** Vivado v2020.2 (64-bit)
  **** SW Build 3064766 on Wed Nov 18 09:12:45 MST 2020
  **** IP Build 3064653 on Wed Nov 18 14:17:31 MST 2020
    ** Copyright 1986-2020 Xilinx, Inc. All Rights Reserved.

source VGA_SW_Test.tcl -notrace
Command: synth_design -top VGA_SW_Test -part xc7a35tcpg236-1
Starting synth_design
Attempting to get a license for feature 'Synthesis' and/or device 'xc7a35t'
INFO: [Common 17-349] Got license for feature 'Synthesis' and/or device 'xc7a35t'
INFO: [Device 21-403] Loading part xc7a35tcpg236-1
INFO: [Synth 8-7079] Multithreading enabled for synth_design using a maximum of 2 processes.
INFO: [Synth 8-7078] Launching helper process for spawning children vivado processes
INFO: [Synth 8-7075] Helper process launched with PID 10868
---------------------------------------------------------------------------------
Starting RTL Elaboration : Time (s): cpu = 00:00:01 ; elapsed = 00:00:03 . Memory (MB): peak = 1107.984 ; gain = 0.000
---------------------------------------------------------------------------------
INFO: [Synth 8-6157] synthesizing module 'VGA_SW_Test' [D:/GitHub/verilog/Verilog/1223/1223.srcs/sources_1/new/VGA_SW_Test.sv:23]
INFO: [Synth 8-6157] synthesizing module 'mux_final' [D:/GitHub/verilog/Verilog/1223/1223.srcs/sources_1/new/VGA_SW_Test.sv:190]
INFO: [Synth 8-6155] done synthesizing module 'mux_final' (1#1) [D:/GitHub/verilog/Verilog/1223/1223.srcs/sources_1/new/VGA_SW_Test.sv:190]
INFO: [Synth 8-6157] synthesizing module 'rbt2gray' [D:/GitHub/verilog/Verilog/1223/1223.srcs/sources_1/new/VGA_SW_Test.sv:289]
	Parameter RW bound to: 8'b01000111 
	Parameter GW bound to: 8'b10010110 
	Parameter BW bound to: 8'b00011101 
INFO: [Synth 8-6155] done synthesizing module 'rbt2gray' (2#1) [D:/GitHub/verilog/Verilog/1223/1223.srcs/sources_1/new/VGA_SW_Test.sv:289]
WARNING: [Synth 8-689] width (1) of port connection 'gray_rgb' does not match port width (12) of module 'rbt2gray' [D:/GitHub/verilog/Verilog/1223/1223.srcs/sources_1/new/VGA_SW_Test.sv:85]
INFO: [Synth 8-6157] synthesizing module 'image_red' [D:/GitHub/verilog/Verilog/1223/1223.srcs/sources_1/new/VGA_SW_Test.sv:234]
INFO: [Synth 8-6155] done synthesizing module 'image_red' (3#1) [D:/GitHub/verilog/Verilog/1223/1223.srcs/sources_1/new/VGA_SW_Test.sv:234]
INFO: [Synth 8-6157] synthesizing module 'image_green' [D:/GitHub/verilog/Verilog/1223/1223.srcs/sources_1/new/VGA_SW_Test.sv:243]
INFO: [Synth 8-6155] done synthesizing module 'image_green' (4#1) [D:/GitHub/verilog/Verilog/1223/1223.srcs/sources_1/new/VGA_SW_Test.sv:243]
INFO: [Synth 8-6157] synthesizing module 'image_blue' [D:/GitHub/verilog/Verilog/1223/1223.srcs/sources_1/new/VGA_SW_Test.sv:252]
INFO: [Synth 8-6155] done synthesizing module 'image_blue' (5#1) [D:/GitHub/verilog/Verilog/1223/1223.srcs/sources_1/new/VGA_SW_Test.sv:252]
INFO: [Synth 8-6157] synthesizing module 'image_bright' [D:/GitHub/verilog/Verilog/1223/1223.srcs/sources_1/new/VGA_SW_Test.sv:261]
INFO: [Synth 8-6155] done synthesizing module 'image_bright' (6#1) [D:/GitHub/verilog/Verilog/1223/1223.srcs/sources_1/new/VGA_SW_Test.sv:261]
INFO: [Synth 8-6157] synthesizing module 'image_dark' [D:/GitHub/verilog/Verilog/1223/1223.srcs/sources_1/new/VGA_SW_Test.sv:275]
INFO: [Synth 8-6155] done synthesizing module 'image_dark' (7#1) [D:/GitHub/verilog/Verilog/1223/1223.srcs/sources_1/new/VGA_SW_Test.sv:275]
INFO: [Synth 8-6157] synthesizing module 'mux_6x3' [D:/GitHub/verilog/Verilog/1223/1223.srcs/sources_1/new/VGA_SW_Test.sv:351]
INFO: [Synth 8-6155] done synthesizing module 'mux_6x3' (8#1) [D:/GitHub/verilog/Verilog/1223/1223.srcs/sources_1/new/VGA_SW_Test.sv:351]
INFO: [Synth 8-6157] synthesizing module 'VGA_Color_load_display' [D:/GitHub/verilog/Verilog/1223/1223.srcs/sources_1/new/VGA_Color_load_display.sv:23]
	Parameter H_Visible_area bound to: 640 - type: integer 
	Parameter H_Front_porch bound to: 16 - type: integer 
	Parameter H_Sync_pulse bound to: 96 - type: integer 
	Parameter H_Back_porch bound to: 48 - type: integer 
	Parameter H_Whole_line bound to: 800 - type: integer 
	Parameter V_Visible_area bound to: 480 - type: integer 
	Parameter V_Front_porch bound to: 10 - type: integer 
	Parameter V_Sync_pulse bound to: 2 - type: integer 
	Parameter V_Back_porch bound to: 33 - type: integer 
	Parameter V_Whole_frame bound to: 525 - type: integer 
INFO: [Synth 8-6155] done synthesizing module 'VGA_Color_load_display' (9#1) [D:/GitHub/verilog/Verilog/1223/1223.srcs/sources_1/new/VGA_Color_load_display.sv:23]
INFO: [Synth 8-6157] synthesizing module 'vga_sw_data' [D:/GitHub/verilog/Verilog/1223/1223.srcs/sources_1/new/vga_sw_data.sv:23]
INFO: [Synth 8-6155] done synthesizing module 'vga_sw_data' (10#1) [D:/GitHub/verilog/Verilog/1223/1223.srcs/sources_1/new/vga_sw_data.sv:23]
INFO: [Synth 8-6157] synthesizing module 'vga_controller' [D:/GitHub/verilog/Verilog/1223/1223.srcs/sources_1/new/vga_controller.sv:23]
INFO: [Synth 8-6157] synthesizing module 'pixel_clk_gen' [D:/GitHub/verilog/Verilog/1223/1223.srcs/sources_1/new/vga_controller.sv:132]
INFO: [Synth 8-6155] done synthesizing module 'pixel_clk_gen' (11#1) [D:/GitHub/verilog/Verilog/1223/1223.srcs/sources_1/new/vga_controller.sv:132]
INFO: [Synth 8-6157] synthesizing module 'pixel_counter' [D:/GitHub/verilog/Verilog/1223/1223.srcs/sources_1/new/vga_controller.sv:96]
	Parameter H_PIX_MAX bound to: 800 - type: integer 
	Parameter V_LINE_MAX bound to: 525 - type: integer 
INFO: [Synth 8-6155] done synthesizing module 'pixel_counter' (12#1) [D:/GitHub/verilog/Verilog/1223/1223.srcs/sources_1/new/vga_controller.sv:96]
INFO: [Synth 8-6157] synthesizing module 'vga_decoder' [D:/GitHub/verilog/Verilog/1223/1223.srcs/sources_1/new/vga_controller.sv:62]
	Parameter H_Visible_area bound to: 640 - type: integer 
	Parameter H_Front_porch bound to: 16 - type: integer 
	Parameter H_Sync_pulse bound to: 96 - type: integer 
	Parameter H_Back_porch bound to: 48 - type: integer 
	Parameter H_Whole_line bound to: 800 - type: integer 
	Parameter V_Visible_area bound to: 480 - type: integer 
	Parameter V_Front_porch bound to: 10 - type: integer 
	Parameter V_Sync_pulse bound to: 2 - type: integer 
	Parameter V_Back_porch bound to: 33 - type: integer 
	Parameter V_Whole_frame bound to: 525 - type: integer 
INFO: [Synth 8-6155] done synthesizing module 'vga_decoder' (13#1) [D:/GitHub/verilog/Verilog/1223/1223.srcs/sources_1/new/vga_controller.sv:62]
INFO: [Synth 8-6155] done synthesizing module 'vga_controller' (14#1) [D:/GitHub/verilog/Verilog/1223/1223.srcs/sources_1/new/vga_controller.sv:23]
INFO: [Synth 8-6157] synthesizing module 'addr_comparator' [D:/GitHub/verilog/Verilog/1223/1223.srcs/sources_1/new/VGA_SW_Test.sv:303]
INFO: [Synth 8-6155] done synthesizing module 'addr_comparator' (15#1) [D:/GitHub/verilog/Verilog/1223/1223.srcs/sources_1/new/VGA_SW_Test.sv:303]
INFO: [Synth 8-6157] synthesizing module 'rom_lenna' [D:/GitHub/verilog/Verilog/1223/1223.srcs/sources_1/new/VGA_SW_Test.sv:324]
INFO: [Synth 8-3876] $readmem data file 'phaka.mem' is read successfully [D:/GitHub/verilog/Verilog/1223/1223.srcs/sources_1/new/VGA_SW_Test.sv:331]
INFO: [Synth 8-6155] done synthesizing module 'rom_lenna' (16#1) [D:/GitHub/verilog/Verilog/1223/1223.srcs/sources_1/new/VGA_SW_Test.sv:324]
INFO: [Synth 8-6157] synthesizing module 'RGB_Conv' [D:/GitHub/verilog/Verilog/1223/1223.srcs/sources_1/new/VGA_SW_Test.sv:337]
INFO: [Synth 8-6155] done synthesizing module 'RGB_Conv' (17#1) [D:/GitHub/verilog/Verilog/1223/1223.srcs/sources_1/new/VGA_SW_Test.sv:337]
INFO: [Synth 8-6155] done synthesizing module 'VGA_SW_Test' (18#1) [D:/GitHub/verilog/Verilog/1223/1223.srcs/sources_1/new/VGA_SW_Test.sv:23]
---------------------------------------------------------------------------------
Finished RTL Elaboration : Time (s): cpu = 00:00:02 ; elapsed = 00:00:04 . Memory (MB): peak = 1117.992 ; gain = 10.008
---------------------------------------------------------------------------------
---------------------------------------------------------------------------------
Start Handling Custom Attributes
---------------------------------------------------------------------------------
---------------------------------------------------------------------------------
Finished Handling Custom Attributes : Time (s): cpu = 00:00:02 ; elapsed = 00:00:04 . Memory (MB): peak = 1117.992 ; gain = 10.008
---------------------------------------------------------------------------------
---------------------------------------------------------------------------------
Finished RTL Optimization Phase 1 : Time (s): cpu = 00:00:02 ; elapsed = 00:00:04 . Memory (MB): peak = 1117.992 ; gain = 10.008
---------------------------------------------------------------------------------
Netlist sorting complete. Time (s): cpu = 00:00:00 ; elapsed = 00:00:00.004 . Memory (MB): peak = 1117.992 ; gain = 0.000
INFO: [Project 1-570] Preparing netlist for logic optimization

Processing XDC Constraints
Initializing timing engine
Parsing XDC File [D:/GitHub/verilog/Verilog/1223/1223.srcs/constrs_1/imports/Downloads/MY_Basys-3-Master.xdc]
Finished Parsing XDC File [D:/GitHub/verilog/Verilog/1223/1223.srcs/constrs_1/imports/Downloads/MY_Basys-3-Master.xdc]
INFO: [Project 1-236] Implementation specific constraints were found while reading constraint file [D:/GitHub/verilog/Verilog/1223/1223.srcs/constrs_1/imports/Downloads/MY_Basys-3-Master.xdc]. These constraints will be ignored for synthesis but will be used in implementation. Impacted constraints are listed in the file [.Xil/VGA_SW_Test_propImpl.xdc].
Resolution: To avoid this warning, move constraints listed in [.Xil/VGA_SW_Test_propImpl.xdc] to another XDC file and exclude this new file from synthesis with the used_in_synthesis property (File Properties dialog in GUI) and re-run elaboration/synthesis.
Completed Processing XDC Constraints

Netlist sorting complete. Time (s): cpu = 00:00:00 ; elapsed = 00:00:00 . Memory (MB): peak = 1216.148 ; gain = 0.000
INFO: [Project 1-111] Unisim Transformation Summary:
No Unisim elements were transformed.

Constraint Validation Runtime : Time (s): cpu = 00:00:00 ; elapsed = 00:00:00.005 . Memory (MB): peak = 1216.148 ; gain = 0.000
---------------------------------------------------------------------------------
Finished Constraint Validation : Time (s): cpu = 00:00:04 ; elapsed = 00:00:08 . Memory (MB): peak = 1216.148 ; gain = 108.164
---------------------------------------------------------------------------------
---------------------------------------------------------------------------------
Start Loading Part and Timing Information
---------------------------------------------------------------------------------
Loading part: xc7a35tcpg236-1
---------------------------------------------------------------------------------
Finished Loading Part and Timing Information : Time (s): cpu = 00:00:04 ; elapsed = 00:00:08 . Memory (MB): peak = 1216.148 ; gain = 108.164
---------------------------------------------------------------------------------
---------------------------------------------------------------------------------
Start Applying 'set_property' XDC Constraints
---------------------------------------------------------------------------------
---------------------------------------------------------------------------------
Finished applying 'set_property' XDC Constraints : Time (s): cpu = 00:00:04 ; elapsed = 00:00:08 . Memory (MB): peak = 1216.148 ; gain = 108.164
---------------------------------------------------------------------------------
---------------------------------------------------------------------------------
Finished RTL Optimization Phase 2 : Time (s): cpu = 00:00:06 ; elapsed = 00:00:12 . Memory (MB): peak = 1216.148 ; gain = 108.164
---------------------------------------------------------------------------------
---------------------------------------------------------------------------------
Start RTL Component Statistics 
---------------------------------------------------------------------------------
Detailed RTL Component Info : 
+---Adders : 
	   2 Input   10 Bit       Adders := 2     
	   2 Input    4 Bit       Adders := 3     
	   3 Input    4 Bit       Adders := 3     
	   2 Input    2 Bit       Adders := 1     
+---Registers : 
	               10 Bit    Registers := 2     
	                2 Bit    Registers := 1     
	                1 Bit    Registers := 1     
+---Muxes : 
	   2 Input   10 Bit        Muxes := 2     
	   2 Input    4 Bit        Muxes := 16    
	   6 Input    4 Bit        Muxes := 1     
	   7 Input    4 Bit        Muxes := 2     
	   5 Input    4 Bit        Muxes := 2     
	   2 Input    2 Bit        Muxes := 1     
	   2 Input    1 Bit        Muxes := 2     
---------------------------------------------------------------------------------
Finished RTL Component Statistics 
---------------------------------------------------------------------------------
---------------------------------------------------------------------------------
Start Part Resource Summary
---------------------------------------------------------------------------------
Part Resources:
DSPs: 90 (col length:60)
BRAMs: 100 (col length: RAMB18 60 RAMB36 30)
---------------------------------------------------------------------------------
Finished Part Resource Summary
---------------------------------------------------------------------------------
---------------------------------------------------------------------------------
Start Cross Boundary and Area Optimization
---------------------------------------------------------------------------------
DSP Report: Generating DSP U_addr_comparator/addr0, operation Mode is: C+A*(B:0x140).
DSP Report: operator U_addr_comparator/addr0 is absorbed into DSP U_addr_comparator/addr0.
DSP Report: operator U_addr_comparator/addr1 is absorbed into DSP U_addr_comparator/addr0.
---------------------------------------------------------------------------------
Finished Cross Boundary and Area Optimization : Time (s): cpu = 00:00:08 ; elapsed = 00:00:17 . Memory (MB): peak = 1216.148 ; gain = 108.164
---------------------------------------------------------------------------------
---------------------------------------------------------------------------------
Start ROM, RAM, DSP, Shift Register and Retiming Reporting
---------------------------------------------------------------------------------

ROM: Preliminary Mapping	Report
+------------+------------+---------------+----------------+
|Module Name | RTL Object | Depth x Width | Implemented As | 
+------------+------------+---------------+----------------+
|rom_lenna   | p_0_out    | 131072x16     | LUT            | 
+------------+------------+---------------+----------------+


DSP: Preliminary Mapping	Report (see note below)
+----------------+---------------+--------+--------+--------+--------+--------+------+------+------+------+-------+------+------+
|Module Name     | DSP Mapping   | A Size | B Size | C Size | D Size | P Size | AREG | BREG | CREG | DREG | ADREG | MREG | PREG | 
+----------------+---------------+--------+--------+--------+--------+--------+------+------+------+------+-------+------+------+
|addr_comparator | C+A*(B:0x140) | 10     | 9      | 10     | -      | 17     | 0    | 0    | 0    | -    | -     | 0    | 0    | 
+----------------+---------------+--------+--------+--------+--------+--------+------+------+------+------+-------+------+------+

Note: The table above is a preliminary report that shows the DSPs inferred at the current stage of the synthesis flow. Some DSP may be reimplemented as non DSP primitives later in the synthesis flow. Multiple instantiated DSPs are reported only once.
---------------------------------------------------------------------------------
Finished ROM, RAM, DSP, Shift Register and Retiming Reporting
---------------------------------------------------------------------------------
---------------------------------------------------------------------------------
Start Applying XDC Timing Constraints
---------------------------------------------------------------------------------
---------------------------------------------------------------------------------
Finished Applying XDC Timing Constraints : Time (s): cpu = 00:00:10 ; elapsed = 00:00:24 . Memory (MB): peak = 1284.953 ; gain = 176.969
---------------------------------------------------------------------------------
---------------------------------------------------------------------------------
Start Timing Optimization
---------------------------------------------------------------------------------
---------------------------------------------------------------------------------
Finished Timing Optimization : Time (s): cpu = 00:00:10 ; elapsed = 00:00:25 . Memory (MB): peak = 1317.102 ; gain = 209.117
---------------------------------------------------------------------------------
---------------------------------------------------------------------------------
Start Technology Mapping
---------------------------------------------------------------------------------
---------------------------------------------------------------------------------
Finished Technology Mapping : Time (s): cpu = 00:00:11 ; elapsed = 00:00:27 . Memory (MB): peak = 1347.531 ; gain = 239.547
---------------------------------------------------------------------------------
---------------------------------------------------------------------------------
Start IO Insertion
---------------------------------------------------------------------------------
---------------------------------------------------------------------------------
Start Flattening Before IO Insertion
---------------------------------------------------------------------------------
---------------------------------------------------------------------------------
Finished Flattening Before IO Insertion
---------------------------------------------------------------------------------
---------------------------------------------------------------------------------
Start Final Netlist Cleanup
---------------------------------------------------------------------------------
---------------------------------------------------------------------------------
Finished Final Netlist Cleanup
---------------------------------------------------------------------------------
---------------------------------------------------------------------------------
Finished IO Insertion : Time (s): cpu = 00:00:12 ; elapsed = 00:00:30 . Memory (MB): peak = 1357.477 ; gain = 249.492
---------------------------------------------------------------------------------
---------------------------------------------------------------------------------
Start Renaming Generated Instances
---------------------------------------------------------------------------------
---------------------------------------------------------------------------------
Finished Renaming Generated Instances : Time (s): cpu = 00:00:12 ; elapsed = 00:00:30 . Memory (MB): peak = 1357.477 ; gain = 249.492
---------------------------------------------------------------------------------
---------------------------------------------------------------------------------
Start Rebuilding User Hierarchy
---------------------------------------------------------------------------------
---------------------------------------------------------------------------------
Finished Rebuilding User Hierarchy : Time (s): cpu = 00:00:13 ; elapsed = 00:00:31 . Memory (MB): peak = 1357.477 ; gain = 249.492
---------------------------------------------------------------------------------
---------------------------------------------------------------------------------
Start Renaming Generated Ports
---------------------------------------------------------------------------------
---------------------------------------------------------------------------------
Finished Renaming Generated Ports : Time (s): cpu = 00:00:21 ; elapsed = 00:00:51 . Memory (MB): peak = 1357.477 ; gain = 249.492
---------------------------------------------------------------------------------
---------------------------------------------------------------------------------
Start Handling Custom Attributes
---------------------------------------------------------------------------------
---------------------------------------------------------------------------------
Finished Handling Custom Attributes : Time (s): cpu = 00:00:21 ; elapsed = 00:00:52 . Memory (MB): peak = 1357.477 ; gain = 249.492
---------------------------------------------------------------------------------
---------------------------------------------------------------------------------
Start Renaming Generated Nets
---------------------------------------------------------------------------------
---------------------------------------------------------------------------------
Finished Renaming Generated Nets : Time (s): cpu = 00:00:21 ; elapsed = 00:00:52 . Memory (MB): peak = 1357.477 ; gain = 249.492
---------------------------------------------------------------------------------
---------------------------------------------------------------------------------
Start Writing Synthesis Report
---------------------------------------------------------------------------------

Report BlackBoxes: 
+-+--------------+----------+
| |BlackBox name |Instances |
+-+--------------+----------+
+-+--------------+----------+

Report Cell Usage: 
+------+--------+------+
|      |Cell    |Count |
+------+--------+------+
|1     |BUFG    |     1|
|2     |CARRY4  |    10|
|3     |DSP48E1 |     1|
|4     |LUT1    |     3|
|5     |LUT2    |    47|
|6     |LUT3    |    95|
|7     |LUT4    |   189|
|8     |LUT5    |   938|
|9     |LUT6    | 15253|
|10    |MUXF7   |  6418|
|11    |MUXF8   |   474|
|12    |FDCE    |    23|
|13    |IBUF    |     9|
|14    |OBUF    |    14|
+------+--------+------+
---------------------------------------------------------------------------------
Finished Writing Synthesis Report : Time (s): cpu = 00:00:21 ; elapsed = 00:00:52 . Memory (MB): peak = 1357.477 ; gain = 249.492
---------------------------------------------------------------------------------
Synthesis finished with 0 errors, 0 critical warnings and 0 warnings.
Synthesis Optimization Runtime : Time (s): cpu = 00:00:18 ; elapsed = 00:00:50 . Memory (MB): peak = 1357.477 ; gain = 151.336
Synthesis Optimization Complete : Time (s): cpu = 00:00:21 ; elapsed = 00:00:52 . Memory (MB): peak = 1357.477 ; gain = 249.492
INFO: [Project 1-571] Translating synthesized netlist
Netlist sorting complete. Time (s): cpu = 00:00:00 ; elapsed = 00:00:00.281 . Memory (MB): peak = 1375.625 ; gain = 0.000
INFO: [Netlist 29-17] Analyzing 6903 Unisim elements for replacement
INFO: [Netlist 29-28] Unisim Transformation completed in 0 CPU seconds
INFO: [Project 1-570] Preparing netlist for logic optimization
INFO: [Opt 31-138] Pushed 0 inverter(s) to 0 load pin(s).
Netlist sorting complete. Time (s): cpu = 00:00:00 ; elapsed = 00:00:00.003 . Memory (MB): peak = 1375.625 ; gain = 0.000
INFO: [Project 1-111] Unisim Transformation Summary:
No Unisim elements were transformed.

INFO: [Common 17-83] Releasing license: Synthesis
52 Infos, 1 Warnings, 0 Critical Warnings and 0 Errors encountered.
synth_design completed successfully
synth_design: Time (s): cpu = 00:00:26 ; elapsed = 00:01:02 . Memory (MB): peak = 1375.625 ; gain = 267.641
INFO: [Common 17-1381] The checkpoint 'D:/GitHub/verilog/Verilog/1223/1223.runs/synth_1/VGA_SW_Test.dcp' has been generated.
INFO: [runtcl-4] Executing : report_utilization -file VGA_SW_Test_utilization_synth.rpt -pb VGA_SW_Test_utilization_synth.pb
INFO: [Common 17-206] Exiting Vivado at Tue Dec 24 17:07:58 2024...
