#-----------------------------------------------------------
# Vivado v2020.2 (64-bit)
# SW Build 3064766 on Wed Nov 18 09:12:45 MST 2020
# IP Build 3064653 on Wed Nov 18 14:17:31 MST 2020
# Start of session at: Mon Nov  4 15:03:25 2024
# Process ID: 13684
# Current directory: D:/GitHub/Verilog/project_1
# Command line: vivado.exe -gui_launcher_event rodinguilauncherevent13288 D:\GitHub\Verilog\project_1\project_1.xpr
# Log file: D:/GitHub/Verilog/project_1/vivado.log
# Journal file: D:/GitHub/Verilog/project_1\vivado.jou
#-----------------------------------------------------------
start_gui
open_project D:/GitHub/Verilog/project_1/project_1.xpr
INFO: [Project 1-313] Project file moved from 'C:/Users/kccistc/Documents/GitHub/Verilog/project_1' since last save.
WARNING: [filemgmt 56-2] Default IP Output Path : Could not find the directory 'D:/GitHub/Verilog/project_1/project_1.gen/sources_1', nor could it be found using path 'C:/Users/kccistc/Documents/GitHub/Verilog/project_1/project_1.gen/sources_1'.
Scanning sources...
Finished scanning sources
INFO: [IP_Flow 19-234] Refreshing IP repositories
INFO: [IP_Flow 19-1704] No user IP repositories specified
INFO: [IP_Flow 19-2313] Loaded Vivado IP repository 'C:/Xilinx/Vivado/2020.2/data/ip'.
update_compile_order -fileset sources_1
exit
INFO: [Common 17-206] Exiting Vivado at Mon Nov  4 15:03:57 2024...
