
*** Running vivado
    with args -log dedicated.vdi -applog -m64 -product Vivado -messageDb vivado.pb -mode batch -source dedicated.tcl -notrace



****** Vivado v2020.2 (64-bit)
  **** SW Build 3064766 on Wed Nov 18 09:12:45 MST 2020
  **** IP Build 3064653 on Wed Nov 18 14:17:31 MST 2020
    ** Copyright 1986-2020 Xilinx, Inc. All Rights Reserved.

source dedicated.tcl -notrace
Command: link_design -top dedicated -part xc7a35tcpg236-1
Design is defaulting to srcset: sources_1
Design is defaulting to constrset: constrs_1
INFO: [Device 21-403] Loading part xc7a35tcpg236-1
Netlist sorting complete. Time (s): cpu = 00:00:00 ; elapsed = 00:00:00.001 . Memory (MB): peak = 1106.168 ; gain = 0.000
INFO: [Netlist 29-17] Analyzing 17 Unisim elements for replacement
INFO: [Netlist 29-28] Unisim Transformation completed in 0 CPU seconds
INFO: [Project 1-479] Netlist was created with Vivado 2020.2
INFO: [Project 1-570] Preparing netlist for logic optimization
Parsing XDC File [D:/GitHub/harman_Verilog/1205dedicated_processer_counter/1205dedicated_processer_counter.srcs/constrs_1/imports/Downloads/MY_Basys-3-Master.xdc]
Finished Parsing XDC File [D:/GitHub/harman_Verilog/1205dedicated_processer_counter/1205dedicated_processer_counter.srcs/constrs_1/imports/Downloads/MY_Basys-3-Master.xdc]
INFO: [Opt 31-138] Pushed 0 inverter(s) to 0 load pin(s).
Netlist sorting complete. Time (s): cpu = 00:00:00 ; elapsed = 00:00:00 . Memory (MB): peak = 1106.168 ; gain = 0.000
INFO: [Project 1-111] Unisim Transformation Summary:
No Unisim elements were transformed.

7 Infos, 0 Warnings, 0 Critical Warnings and 0 Errors encountered.
link_design completed successfully
link_design: Time (s): cpu = 00:00:02 ; elapsed = 00:00:05 . Memory (MB): peak = 1106.168 ; gain = 0.000
Command: opt_design
Attempting to get a license for feature 'Implementation' and/or device 'xc7a35t'
INFO: [Common 17-349] Got license for feature 'Implementation' and/or device 'xc7a35t'
Running DRC as a precondition to command opt_design

Starting DRC Task
INFO: [DRC 23-27] Running DRC with 2 threads
INFO: [Project 1-461] DRC finished with 0 Errors
INFO: [Project 1-462] Please refer to the DRC report (report_drc) for more information.

Time (s): cpu = 00:00:01 ; elapsed = 00:00:00.664 . Memory (MB): peak = 1106.168 ; gain = 0.000

Starting Cache Timing Information Task
INFO: [Timing 38-35] Done setting XDC timing constraints.
Ending Cache Timing Information Task | Checksum: 17e181e76

Time (s): cpu = 00:00:02 ; elapsed = 00:00:05 . Memory (MB): peak = 1444.949 ; gain = 338.781

Starting Logic Optimization Task

Phase 1 Retarget
INFO: [Opt 31-138] Pushed 0 inverter(s) to 0 load pin(s).
INFO: [Opt 31-49] Retargeted 0 cell(s).
Phase 1 Retarget | Checksum: bf95762f

Time (s): cpu = 00:00:00 ; elapsed = 00:00:00.010 . Memory (MB): peak = 1654.449 ; gain = 0.000
INFO: [Opt 31-389] Phase Retarget created 0 cells and removed 1 cells

Phase 2 Constant propagation
INFO: [Opt 31-138] Pushed 0 inverter(s) to 0 load pin(s).
Phase 2 Constant propagation | Checksum: 1139abb4b

Time (s): cpu = 00:00:00 ; elapsed = 00:00:00.013 . Memory (MB): peak = 1654.449 ; gain = 0.000
INFO: [Opt 31-389] Phase Constant propagation created 8 cells and removed 9 cells

Phase 3 Sweep
Phase 3 Sweep | Checksum: af863df0

Time (s): cpu = 00:00:00 ; elapsed = 00:00:00.018 . Memory (MB): peak = 1654.449 ; gain = 0.000
INFO: [Opt 31-389] Phase Sweep created 8 cells and removed 0 cells

Phase 4 BUFG optimization
Phase 4 BUFG optimization | Checksum: af863df0

Time (s): cpu = 00:00:00 ; elapsed = 00:00:00.020 . Memory (MB): peak = 1654.449 ; gain = 0.000
INFO: [Opt 31-662] Phase BUFG optimization created 0 cells of which 0 are BUFGs and removed 0 cells.

Phase 5 Shift Register Optimization
INFO: [Opt 31-1064] SRL Remap converted 0 SRLs to 0 registers and converted 0 registers of register chains to 0 SRLs
Phase 5 Shift Register Optimization | Checksum: af863df0

Time (s): cpu = 00:00:00 ; elapsed = 00:00:00.021 . Memory (MB): peak = 1654.449 ; gain = 0.000
INFO: [Opt 31-389] Phase Shift Register Optimization created 0 cells and removed 0 cells

Phase 6 Post Processing Netlist
Phase 6 Post Processing Netlist | Checksum: e9912a7b

Time (s): cpu = 00:00:00 ; elapsed = 00:00:00.022 . Memory (MB): peak = 1654.449 ; gain = 0.000
INFO: [Opt 31-389] Phase Post Processing Netlist created 0 cells and removed 0 cells
Opt_design Change Summary
=========================


-------------------------------------------------------------------------------------------------------------------------
|  Phase                        |  #Cells created  |  #Cells Removed  |  #Constrained objects preventing optimizations  |
-------------------------------------------------------------------------------------------------------------------------
|  Retarget                     |               0  |               1  |                                              0  |
|  Constant propagation         |               8  |               9  |                                              0  |
|  Sweep                        |               8  |               0  |                                              0  |
|  BUFG optimization            |               0  |               0  |                                              0  |
|  Shift Register Optimization  |               0  |               0  |                                              0  |
|  Post Processing Netlist      |               0  |               0  |                                              0  |
-------------------------------------------------------------------------------------------------------------------------



Starting Connectivity Check Task

Time (s): cpu = 00:00:00 ; elapsed = 00:00:00 . Memory (MB): peak = 1654.449 ; gain = 0.000
Ending Logic Optimization Task | Checksum: 6b76ef85

Time (s): cpu = 00:00:00 ; elapsed = 00:00:00.028 . Memory (MB): peak = 1654.449 ; gain = 0.000

Starting Power Optimization Task
INFO: [Pwropt 34-132] Skipping clock gating for clocks with a period < 2.00 ns.
Ending Power Optimization Task | Checksum: 6b76ef85

Time (s): cpu = 00:00:00 ; elapsed = 00:00:00.005 . Memory (MB): peak = 1654.449 ; gain = 0.000

Starting Final Cleanup Task
Ending Final Cleanup Task | Checksum: 6b76ef85

Time (s): cpu = 00:00:00 ; elapsed = 00:00:00 . Memory (MB): peak = 1654.449 ; gain = 0.000

Starting Netlist Obfuscation Task
Netlist sorting complete. Time (s): cpu = 00:00:00 ; elapsed = 00:00:00 . Memory (MB): peak = 1654.449 ; gain = 0.000
Ending Netlist Obfuscation Task | Checksum: 6b76ef85

Time (s): cpu = 00:00:00 ; elapsed = 00:00:00 . Memory (MB): peak = 1654.449 ; gain = 0.000
INFO: [Common 17-83] Releasing license: Implementation
24 Infos, 0 Warnings, 0 Critical Warnings and 0 Errors encountered.
opt_design completed successfully
opt_design: Time (s): cpu = 00:00:04 ; elapsed = 00:00:08 . Memory (MB): peak = 1654.449 ; gain = 548.281
INFO: [Timing 38-480] Writing timing data to binary archive.
Writing placer database...
Writing XDEF routing.
Writing XDEF routing logical nets.
Writing XDEF routing special nets.
Write XDEF Complete: Time (s): cpu = 00:00:00 ; elapsed = 00:00:00.026 . Memory (MB): peak = 1654.449 ; gain = 0.000
INFO: [Common 17-1381] The checkpoint 'D:/GitHub/harman_Verilog/1205dedicated_processer_counter/1205dedicated_processer_counter.runs/impl_1/dedicated_opt.dcp' has been generated.
INFO: [runtcl-4] Executing : report_drc -file dedicated_drc_opted.rpt -pb dedicated_drc_opted.pb -rpx dedicated_drc_opted.rpx
Command: report_drc -file dedicated_drc_opted.rpt -pb dedicated_drc_opted.pb -rpx dedicated_drc_opted.rpx
INFO: [IP_Flow 19-234] Refreshing IP repositories
INFO: [IP_Flow 19-1704] No user IP repositories specified
INFO: [IP_Flow 19-2313] Loaded Vivado IP repository 'C:/Xilinx/Vivado/2020.2/data/ip'.
INFO: [Timing 38-35] Done setting XDC timing constraints.
INFO: [DRC 23-27] Running DRC with 2 threads
INFO: [Coretcl 2-168] The results of DRC are in file D:/GitHub/harman_Verilog/1205dedicated_processer_counter/1205dedicated_processer_counter.runs/impl_1/dedicated_drc_opted.rpt.
report_drc completed successfully
Command: place_design
Attempting to get a license for feature 'Implementation' and/or device 'xc7a35t'
INFO: [Common 17-349] Got license for feature 'Implementation' and/or device 'xc7a35t'
INFO: [DRC 23-27] Running DRC with 2 threads
INFO: [Vivado_Tcl 4-198] DRC finished with 0 Errors
INFO: [Vivado_Tcl 4-199] Please refer to the DRC report (report_drc) for more information.
Running DRC as a precondition to command place_design
INFO: [DRC 23-27] Running DRC with 2 threads
INFO: [Vivado_Tcl 4-198] DRC finished with 0 Errors
INFO: [Vivado_Tcl 4-199] Please refer to the DRC report (report_drc) for more information.

Starting Placer Task
INFO: [Place 30-611] Multithreading enabled for place_design using a maximum of 2 CPUs

Phase 1 Placer Initialization

Phase 1.1 Placer Initialization Netlist Sorting
Netlist sorting complete. Time (s): cpu = 00:00:00 ; elapsed = 00:00:00 . Memory (MB): peak = 1701.586 ; gain = 0.000
Phase 1.1 Placer Initialization Netlist Sorting | Checksum: 0c08cdf1

Time (s): cpu = 00:00:00 ; elapsed = 00:00:00.003 . Memory (MB): peak = 1701.586 ; gain = 0.000
Netlist sorting complete. Time (s): cpu = 00:00:00 ; elapsed = 00:00:00 . Memory (MB): peak = 1701.586 ; gain = 0.000

Phase 1.2 IO Placement/ Clock Placement/ Build Placer Device
Phase 1.2 IO Placement/ Clock Placement/ Build Placer Device | Checksum: ab48e317

Time (s): cpu = 00:00:00 ; elapsed = 00:00:00.166 . Memory (MB): peak = 1701.586 ; gain = 0.000

Phase 1.3 Build Placer Netlist Model
Phase 1.3 Build Placer Netlist Model | Checksum: 132ee0b73

Time (s): cpu = 00:00:00 ; elapsed = 00:00:00.231 . Memory (MB): peak = 1701.586 ; gain = 0.000

Phase 1.4 Constrain Clocks/Macros
Phase 1.4 Constrain Clocks/Macros | Checksum: 132ee0b73

Time (s): cpu = 00:00:00 ; elapsed = 00:00:00.233 . Memory (MB): peak = 1701.586 ; gain = 0.000
Phase 1 Placer Initialization | Checksum: 132ee0b73

Time (s): cpu = 00:00:00 ; elapsed = 00:00:00.234 . Memory (MB): peak = 1701.586 ; gain = 0.000

Phase 2 Global Placement

Phase 2.1 Floorplanning

Phase 2.1.1 Partition Driven Placement

Phase 2.1.1.1 PBP: Partition Driven Placement
Phase 2.1.1.1 PBP: Partition Driven Placement | Checksum: 18d4c2a18

Time (s): cpu = 00:00:00 ; elapsed = 00:00:00.325 . Memory (MB): peak = 1701.586 ; gain = 0.000

Phase 2.1.1.2 PBP: Clock Region Placement
Phase 2.1.1.2 PBP: Clock Region Placement | Checksum: 18d4c2a18

Time (s): cpu = 00:00:00 ; elapsed = 00:00:00.326 . Memory (MB): peak = 1701.586 ; gain = 0.000

Phase 2.1.1.3 PBP: Compute Congestion
Phase 2.1.1.3 PBP: Compute Congestion | Checksum: 18d4c2a18

Time (s): cpu = 00:00:00 ; elapsed = 00:00:00.329 . Memory (MB): peak = 1701.586 ; gain = 0.000

Phase 2.1.1.4 PBP: UpdateTiming
Phase 2.1.1.4 PBP: UpdateTiming | Checksum: 14632d2db

Time (s): cpu = 00:00:00 ; elapsed = 00:00:00.391 . Memory (MB): peak = 1701.586 ; gain = 0.000

Phase 2.1.1.5 PBP: Add part constraints
Phase 2.1.1.5 PBP: Add part constraints | Checksum: 14632d2db

Time (s): cpu = 00:00:00 ; elapsed = 00:00:00.391 . Memory (MB): peak = 1701.586 ; gain = 0.000
Phase 2.1.1 Partition Driven Placement | Checksum: 14632d2db

Time (s): cpu = 00:00:00 ; elapsed = 00:00:00.392 . Memory (MB): peak = 1701.586 ; gain = 0.000
Phase 2.1 Floorplanning | Checksum: 14632d2db

Time (s): cpu = 00:00:00 ; elapsed = 00:00:00.392 . Memory (MB): peak = 1701.586 ; gain = 0.000

Phase 2.2 Update Timing before SLR Path Opt
Phase 2.2 Update Timing before SLR Path Opt | Checksum: 14632d2db

Time (s): cpu = 00:00:00 ; elapsed = 00:00:00.393 . Memory (MB): peak = 1701.586 ; gain = 0.000

Phase 2.3 Global Placement Core

Phase 2.3.1 Physical Synthesis In Placer
INFO: [Physopt 32-1044] Break lutnm for timing: one critical 0, two critical 0, total 0, new lutff created 0
INFO: [Physopt 32-775] End 1 Pass. Optimized 0 net or cell. Created 0 new cell, deleted 0 existing cell and moved 0 existing cell
INFO: [Physopt 32-65] No nets found for high-fanout optimization.
INFO: [Physopt 32-232] Optimized 0 net. Created 0 new instance.
INFO: [Physopt 32-775] End 1 Pass. Optimized 0 net or cell. Created 0 new cell, deleted 0 existing cell and moved 0 existing cell
INFO: [Physopt 32-670] No setup violation found.  DSP Register Optimization was not performed.
INFO: [Physopt 32-670] No setup violation found.  Shift Register to Pipeline Optimization was not performed.
INFO: [Physopt 32-670] No setup violation found.  Shift Register Optimization was not performed.
INFO: [Physopt 32-670] No setup violation found.  BRAM Register Optimization was not performed.
INFO: [Physopt 32-670] No setup violation found.  URAM Register Optimization was not performed.
INFO: [Physopt 32-949] No candidate nets found for dynamic/static region interface net replication
INFO: [Physopt 32-775] End 1 Pass. Optimized 0 net or cell. Created 0 new cell, deleted 0 existing cell and moved 0 existing cell
Netlist sorting complete. Time (s): cpu = 00:00:00 ; elapsed = 00:00:00 . Memory (MB): peak = 1701.586 ; gain = 0.000

Summary of Physical Synthesis Optimizations
============================================


-----------------------------------------------------------------------------------------------------------------------------------------------------------
|  Optimization                                     |  Added Cells  |  Removed Cells  |  Optimized Cells/Nets  |  Dont Touch  |  Iterations  |  Elapsed   |
-----------------------------------------------------------------------------------------------------------------------------------------------------------
|  LUT Combining                                    |            0  |              0  |                     0  |           0  |           1  |  00:00:00  |
|  Very High Fanout                                 |            0  |              0  |                     0  |           0  |           1  |  00:00:00  |
|  DSP Register                                     |            0  |              0  |                     0  |           0  |           0  |  00:00:00  |
|  Shift Register to Pipeline                       |            0  |              0  |                     0  |           0  |           0  |  00:00:00  |
|  Shift Register                                   |            0  |              0  |                     0  |           0  |           0  |  00:00:00  |
|  BRAM Register                                    |            0  |              0  |                     0  |           0  |           0  |  00:00:00  |
|  URAM Register                                    |            0  |              0  |                     0  |           0  |           0  |  00:00:00  |
|  Dynamic/Static Region Interface Net Replication  |            0  |              0  |                     0  |           0  |           1  |  00:00:00  |
|  Total                                            |            0  |              0  |                     0  |           0  |           3  |  00:00:00  |
-----------------------------------------------------------------------------------------------------------------------------------------------------------


Phase 2.3.1 Physical Synthesis In Placer | Checksum: 167989ef9

Time (s): cpu = 00:00:00 ; elapsed = 00:00:00.961 . Memory (MB): peak = 1701.586 ; gain = 0.000
Phase 2.3 Global Placement Core | Checksum: 17f30fcf7

Time (s): cpu = 00:00:00 ; elapsed = 00:00:00.981 . Memory (MB): peak = 1701.586 ; gain = 0.000
Phase 2 Global Placement | Checksum: 17f30fcf7

Time (s): cpu = 00:00:00 ; elapsed = 00:00:00.982 . Memory (MB): peak = 1701.586 ; gain = 0.000

Phase 3 Detail Placement

Phase 3.1 Commit Multi Column Macros
Phase 3.1 Commit Multi Column Macros | Checksum: f98134c4

Time (s): cpu = 00:00:00 ; elapsed = 00:00:01 . Memory (MB): peak = 1701.586 ; gain = 0.000

Phase 3.2 Commit Most Macros & LUTRAMs
Phase 3.2 Commit Most Macros & LUTRAMs | Checksum: 1a5d4953f

Time (s): cpu = 00:00:00 ; elapsed = 00:00:01 . Memory (MB): peak = 1701.586 ; gain = 0.000

Phase 3.3 Area Swap Optimization
Phase 3.3 Area Swap Optimization | Checksum: 178283b6c

Time (s): cpu = 00:00:00 ; elapsed = 00:00:01 . Memory (MB): peak = 1701.586 ; gain = 0.000

Phase 3.4 Pipeline Register Optimization
Phase 3.4 Pipeline Register Optimization | Checksum: 11f7b075e

Time (s): cpu = 00:00:00 ; elapsed = 00:00:01 . Memory (MB): peak = 1701.586 ; gain = 0.000

Phase 3.5 Small Shape Detail Placement
Phase 3.5 Small Shape Detail Placement | Checksum: 12bd61026

Time (s): cpu = 00:00:00 ; elapsed = 00:00:01 . Memory (MB): peak = 1701.586 ; gain = 0.000

Phase 3.6 Re-assign LUT pins
Phase 3.6 Re-assign LUT pins | Checksum: 152ac5657

Time (s): cpu = 00:00:00 ; elapsed = 00:00:01 . Memory (MB): peak = 1701.586 ; gain = 0.000

Phase 3.7 Pipeline Register Optimization
Phase 3.7 Pipeline Register Optimization | Checksum: faf6e9a9

Time (s): cpu = 00:00:00 ; elapsed = 00:00:01 . Memory (MB): peak = 1701.586 ; gain = 0.000
Phase 3 Detail Placement | Checksum: faf6e9a9

Time (s): cpu = 00:00:00 ; elapsed = 00:00:01 . Memory (MB): peak = 1701.586 ; gain = 0.000

Phase 4 Post Placement Optimization and Clean-Up

Phase 4.1 Post Commit Optimization
INFO: [Timing 38-35] Done setting XDC timing constraints.

Phase 4.1.1 Post Placement Optimization
Post Placement Optimization Initialization | Checksum: 12cac792f

Phase 4.1.1.1 BUFG Insertion

Starting Physical Synthesis Task

Phase 1 Physical Synthesis Initialization
INFO: [Physopt 32-721] Multithreading enabled for phys_opt_design using a maximum of 2 CPUs
INFO: [Physopt 32-619] Estimated Timing Summary | WNS=6.179 | TNS=0.000 |
Phase 1 Physical Synthesis Initialization | Checksum: 1378583b3

Time (s): cpu = 00:00:00 ; elapsed = 00:00:00.007 . Memory (MB): peak = 1701.586 ; gain = 0.000
INFO: [Place 46-56] BUFG insertion identified 0 candidate nets. Inserted BUFG: 0, Replicated BUFG Driver: 0, Skipped due to Placement/Routing Conflicts: 0, Skipped due to Timing Degradation: 0, Skipped due to Illegal Netlist: 0.
Ending Physical Synthesis Task | Checksum: 126ed7bdb

Time (s): cpu = 00:00:00 ; elapsed = 00:00:00.008 . Memory (MB): peak = 1701.586 ; gain = 0.000
Phase 4.1.1.1 BUFG Insertion | Checksum: 12cac792f

Time (s): cpu = 00:00:00 ; elapsed = 00:00:01 . Memory (MB): peak = 1701.586 ; gain = 0.000
INFO: [Place 30-746] Post Placement Timing Summary WNS=6.179. For the most accurate timing information please run report_timing.

Time (s): cpu = 00:00:00 ; elapsed = 00:00:01 . Memory (MB): peak = 1701.586 ; gain = 0.000
Phase 4.1 Post Commit Optimization | Checksum: f47aa5e8

Time (s): cpu = 00:00:00 ; elapsed = 00:00:01 . Memory (MB): peak = 1701.586 ; gain = 0.000

Phase 4.2 Post Placement Cleanup
Phase 4.2 Post Placement Cleanup | Checksum: f47aa5e8

Time (s): cpu = 00:00:00 ; elapsed = 00:00:01 . Memory (MB): peak = 1701.586 ; gain = 0.000

Phase 4.3 Placer Reporting

Phase 4.3.1 Print Estimated Congestion
INFO: [Place 30-612] Post-Placement Estimated Congestion 
 ____________________________________________________
|           | Global Congestion | Short Congestion  |
| Direction | Region Size       | Region Size       |
|___________|___________________|___________________|
|      North|                1x1|                1x1|
|___________|___________________|___________________|
|      South|                1x1|                1x1|
|___________|___________________|___________________|
|       East|                1x1|                1x1|
|___________|___________________|___________________|
|       West|                1x1|                1x1|
|___________|___________________|___________________|

Phase 4.3.1 Print Estimated Congestion | Checksum: f47aa5e8

Time (s): cpu = 00:00:00 ; elapsed = 00:00:01 . Memory (MB): peak = 1701.586 ; gain = 0.000
Phase 4.3 Placer Reporting | Checksum: f47aa5e8

Time (s): cpu = 00:00:00 ; elapsed = 00:00:01 . Memory (MB): peak = 1701.586 ; gain = 0.000

Phase 4.4 Final Placement Cleanup
Netlist sorting complete. Time (s): cpu = 00:00:00 ; elapsed = 00:00:00.001 . Memory (MB): peak = 1701.586 ; gain = 0.000

Time (s): cpu = 00:00:00 ; elapsed = 00:00:01 . Memory (MB): peak = 1701.586 ; gain = 0.000
Phase 4 Post Placement Optimization and Clean-Up | Checksum: 970a32f2

Time (s): cpu = 00:00:00 ; elapsed = 00:00:01 . Memory (MB): peak = 1701.586 ; gain = 0.000
Ending Placer Task | Checksum: 6a0ee751

Time (s): cpu = 00:00:00 ; elapsed = 00:00:01 . Memory (MB): peak = 1701.586 ; gain = 0.000
INFO: [Common 17-83] Releasing license: Implementation
60 Infos, 0 Warnings, 0 Critical Warnings and 0 Errors encountered.
place_design completed successfully
INFO: [Timing 38-480] Writing timing data to binary archive.
Writing placer database...
Writing XDEF routing.
Writing XDEF routing logical nets.
Writing XDEF routing special nets.
Write XDEF Complete: Time (s): cpu = 00:00:00 ; elapsed = 00:00:00.029 . Memory (MB): peak = 1701.586 ; gain = 0.000
INFO: [Common 17-1381] The checkpoint 'D:/GitHub/harman_Verilog/1205dedicated_processer_counter/1205dedicated_processer_counter.runs/impl_1/dedicated_placed.dcp' has been generated.
INFO: [runtcl-4] Executing : report_io -file dedicated_io_placed.rpt
report_io: Time (s): cpu = 00:00:00 ; elapsed = 00:00:00.020 . Memory (MB): peak = 1701.586 ; gain = 0.000
INFO: [runtcl-4] Executing : report_utilization -file dedicated_utilization_placed.rpt -pb dedicated_utilization_placed.pb
INFO: [runtcl-4] Executing : report_control_sets -verbose -file dedicated_control_sets_placed.rpt
report_control_sets: Time (s): cpu = 00:00:00 ; elapsed = 00:00:00.001 . Memory (MB): peak = 1701.586 ; gain = 0.000
Command: phys_opt_design
Attempting to get a license for feature 'Implementation' and/or device 'xc7a35t'
INFO: [Common 17-349] Got license for feature 'Implementation' and/or device 'xc7a35t'
INFO: [Vivado_Tcl 4-383] Design worst setup slack (WNS) is greater than or equal to 0.000 ns. Skipping all physical synthesis optimizations.
INFO: [Vivado_Tcl 4-232] No setup violation found. The netlist was not modified.
INFO: [Common 17-83] Releasing license: Implementation
69 Infos, 0 Warnings, 0 Critical Warnings and 0 Errors encountered.
phys_opt_design completed successfully
INFO: [Timing 38-480] Writing timing data to binary archive.
Writing placer database...
Writing XDEF routing.
Writing XDEF routing logical nets.
Writing XDEF routing special nets.
Write XDEF Complete: Time (s): cpu = 00:00:00 ; elapsed = 00:00:00.029 . Memory (MB): peak = 1701.586 ; gain = 0.000
INFO: [Common 17-1381] The checkpoint 'D:/GitHub/harman_Verilog/1205dedicated_processer_counter/1205dedicated_processer_counter.runs/impl_1/dedicated_physopt.dcp' has been generated.
Command: route_design
Attempting to get a license for feature 'Implementation' and/or device 'xc7a35t'
INFO: [Common 17-349] Got license for feature 'Implementation' and/or device 'xc7a35t'
Running DRC as a precondition to command route_design
INFO: [DRC 23-27] Running DRC with 2 threads
INFO: [Vivado_Tcl 4-198] DRC finished with 0 Errors
INFO: [Vivado_Tcl 4-199] Please refer to the DRC report (report_drc) for more information.


Starting Routing Task
INFO: [Route 35-254] Multithreading enabled for route_design using a maximum of 2 CPUs
Checksum: PlaceDB: 54951710 ConstDB: 0 ShapeSum: 1579d041 RouteDB: 0

Phase 1 Build RT Design
Phase 1 Build RT Design | Checksum: 12ed21084

Time (s): cpu = 00:00:06 ; elapsed = 00:00:11 . Memory (MB): peak = 1782.406 ; gain = 72.742
Post Restoration Checksum: NetGraph: 43a5b44c NumContArr: eb2c5c38 Constraints: 0 Timing: 0

Phase 2 Router Initialization

Phase 2.1 Create Timer
Phase 2.1 Create Timer | Checksum: 12ed21084

Time (s): cpu = 00:00:06 ; elapsed = 00:00:11 . Memory (MB): peak = 1782.406 ; gain = 72.742

Phase 2.2 Fix Topology Constraints
Phase 2.2 Fix Topology Constraints | Checksum: 12ed21084

Time (s): cpu = 00:00:06 ; elapsed = 00:00:11 . Memory (MB): peak = 1788.410 ; gain = 78.746

Phase 2.3 Pre Route Cleanup
Phase 2.3 Pre Route Cleanup | Checksum: 12ed21084

Time (s): cpu = 00:00:06 ; elapsed = 00:00:11 . Memory (MB): peak = 1788.410 ; gain = 78.746
 Number of Nodes with overlaps = 0

Phase 2.4 Update Timing
Phase 2.4 Update Timing | Checksum: 134128c3b

Time (s): cpu = 00:00:06 ; elapsed = 00:00:11 . Memory (MB): peak = 1793.102 ; gain = 83.438
INFO: [Route 35-416] Intermediate Timing Summary | WNS=6.110  | TNS=0.000  | WHS=-0.070 | THS=-0.523 |

Phase 2 Router Initialization | Checksum: 218592bb2

Time (s): cpu = 00:00:06 ; elapsed = 00:00:11 . Memory (MB): peak = 1793.102 ; gain = 83.438

Router Utilization Summary
  Global Vertical Routing Utilization    = 7.97257e-05 %
  Global Horizontal Routing Utilization  = 0.000260281 %
  Routable Net Status*
  *Does not include unroutable nets such as driverless and loadless.
  Run report_route_status for detailed report.
  Number of Failed Nets               = 190
    (Failed Nets is the sum of unrouted and partially routed nets)
  Number of Unrouted Nets             = 190
  Number of Partially Routed Nets     = 0
  Number of Node Overlaps             = 0


Phase 3 Initial Routing

Phase 3.1 Global Routing
Phase 3.1 Global Routing | Checksum: 218592bb2

Time (s): cpu = 00:00:06 ; elapsed = 00:00:11 . Memory (MB): peak = 1794.816 ; gain = 85.152
Phase 3 Initial Routing | Checksum: 220e910b5

Time (s): cpu = 00:00:06 ; elapsed = 00:00:11 . Memory (MB): peak = 1794.816 ; gain = 85.152

Phase 4 Rip-up And Reroute

Phase 4.1 Global Iteration 0
 Number of Nodes with overlaps = 10
 Number of Nodes with overlaps = 0
INFO: [Route 35-416] Intermediate Timing Summary | WNS=5.942  | TNS=0.000  | WHS=N/A    | THS=N/A    |

Phase 4.1 Global Iteration 0 | Checksum: 204415115

Time (s): cpu = 00:00:06 ; elapsed = 00:00:11 . Memory (MB): peak = 1794.816 ; gain = 85.152
Phase 4 Rip-up And Reroute | Checksum: 204415115

Time (s): cpu = 00:00:06 ; elapsed = 00:00:11 . Memory (MB): peak = 1794.816 ; gain = 85.152

Phase 5 Delay and Skew Optimization

Phase 5.1 Delay CleanUp

Phase 5.1.1 Update Timing
Phase 5.1.1 Update Timing | Checksum: 1b019dcf3

Time (s): cpu = 00:00:06 ; elapsed = 00:00:11 . Memory (MB): peak = 1794.816 ; gain = 85.152
INFO: [Route 35-416] Intermediate Timing Summary | WNS=6.035  | TNS=0.000  | WHS=N/A    | THS=N/A    |

Phase 5.1 Delay CleanUp | Checksum: 1b019dcf3

Time (s): cpu = 00:00:06 ; elapsed = 00:00:11 . Memory (MB): peak = 1794.816 ; gain = 85.152

Phase 5.2 Clock Skew Optimization
Phase 5.2 Clock Skew Optimization | Checksum: 1b019dcf3

Time (s): cpu = 00:00:06 ; elapsed = 00:00:11 . Memory (MB): peak = 1794.816 ; gain = 85.152
Phase 5 Delay and Skew Optimization | Checksum: 1b019dcf3

Time (s): cpu = 00:00:06 ; elapsed = 00:00:11 . Memory (MB): peak = 1794.816 ; gain = 85.152

Phase 6 Post Hold Fix

Phase 6.1 Hold Fix Iter

Phase 6.1.1 Update Timing
Phase 6.1.1 Update Timing | Checksum: 27dc6f807

Time (s): cpu = 00:00:06 ; elapsed = 00:00:11 . Memory (MB): peak = 1794.816 ; gain = 85.152
INFO: [Route 35-416] Intermediate Timing Summary | WNS=6.035  | TNS=0.000  | WHS=0.202  | THS=0.000  |

Phase 6.1 Hold Fix Iter | Checksum: 268aa30b0

Time (s): cpu = 00:00:06 ; elapsed = 00:00:11 . Memory (MB): peak = 1794.816 ; gain = 85.152
Phase 6 Post Hold Fix | Checksum: 268aa30b0

Time (s): cpu = 00:00:06 ; elapsed = 00:00:11 . Memory (MB): peak = 1794.816 ; gain = 85.152

Phase 7 Route finalize

Router Utilization Summary
  Global Vertical Routing Utilization    = 0.0293391 %
  Global Horizontal Routing Utilization  = 0.0633784 %
  Routable Net Status*
  *Does not include unroutable nets such as driverless and loadless.
  Run report_route_status for detailed report.
  Number of Failed Nets               = 0
    (Failed Nets is the sum of unrouted and partially routed nets)
  Number of Unrouted Nets             = 0
  Number of Partially Routed Nets     = 0
  Number of Node Overlaps             = 0

Phase 7 Route finalize | Checksum: 1a7079bf1

Time (s): cpu = 00:00:06 ; elapsed = 00:00:11 . Memory (MB): peak = 1794.816 ; gain = 85.152

Phase 8 Verifying routed nets

 Verification completed successfully
Phase 8 Verifying routed nets | Checksum: 1a7079bf1

Time (s): cpu = 00:00:06 ; elapsed = 00:00:11 . Memory (MB): peak = 1795.508 ; gain = 85.844

Phase 9 Depositing Routes
Phase 9 Depositing Routes | Checksum: 197665e18

Time (s): cpu = 00:00:06 ; elapsed = 00:00:11 . Memory (MB): peak = 1795.508 ; gain = 85.844

Phase 10 Post Router Timing
INFO: [Route 35-57] Estimated Timing Summary | WNS=6.035  | TNS=0.000  | WHS=0.202  | THS=0.000  |

INFO: [Route 35-327] The final timing numbers are based on the router estimated timing analysis. For a complete and accurate timing signoff, please run report_timing_summary.
Phase 10 Post Router Timing | Checksum: 197665e18

Time (s): cpu = 00:00:06 ; elapsed = 00:00:11 . Memory (MB): peak = 1795.508 ; gain = 85.844
INFO: [Route 35-16] Router Completed Successfully

Time (s): cpu = 00:00:06 ; elapsed = 00:00:11 . Memory (MB): peak = 1795.508 ; gain = 85.844

Routing Is Done.
INFO: [Common 17-83] Releasing license: Implementation
84 Infos, 0 Warnings, 0 Critical Warnings and 0 Errors encountered.
route_design completed successfully
route_design: Time (s): cpu = 00:00:07 ; elapsed = 00:00:12 . Memory (MB): peak = 1795.508 ; gain = 93.922
INFO: [Timing 38-480] Writing timing data to binary archive.
Writing placer database...
Writing XDEF routing.
Writing XDEF routing logical nets.
Writing XDEF routing special nets.
Write XDEF Complete: Time (s): cpu = 00:00:00 ; elapsed = 00:00:00.031 . Memory (MB): peak = 1805.328 ; gain = 9.820
INFO: [Common 17-1381] The checkpoint 'D:/GitHub/harman_Verilog/1205dedicated_processer_counter/1205dedicated_processer_counter.runs/impl_1/dedicated_routed.dcp' has been generated.
INFO: [runtcl-4] Executing : report_drc -file dedicated_drc_routed.rpt -pb dedicated_drc_routed.pb -rpx dedicated_drc_routed.rpx
Command: report_drc -file dedicated_drc_routed.rpt -pb dedicated_drc_routed.pb -rpx dedicated_drc_routed.rpx
INFO: [IP_Flow 19-1839] IP Catalog is up to date.
INFO: [DRC 23-27] Running DRC with 2 threads
INFO: [Coretcl 2-168] The results of DRC are in file D:/GitHub/harman_Verilog/1205dedicated_processer_counter/1205dedicated_processer_counter.runs/impl_1/dedicated_drc_routed.rpt.
report_drc completed successfully
INFO: [runtcl-4] Executing : report_methodology -file dedicated_methodology_drc_routed.rpt -pb dedicated_methodology_drc_routed.pb -rpx dedicated_methodology_drc_routed.rpx
Command: report_methodology -file dedicated_methodology_drc_routed.rpt -pb dedicated_methodology_drc_routed.pb -rpx dedicated_methodology_drc_routed.rpx
INFO: [Timing 38-35] Done setting XDC timing constraints.
INFO: [DRC 23-133] Running Methodology with 2 threads
INFO: [Coretcl 2-1520] The results of Report Methodology are in file D:/GitHub/harman_Verilog/1205dedicated_processer_counter/1205dedicated_processer_counter.runs/impl_1/dedicated_methodology_drc_routed.rpt.
report_methodology completed successfully
INFO: [runtcl-4] Executing : report_power -file dedicated_power_routed.rpt -pb dedicated_power_summary_routed.pb -rpx dedicated_power_routed.rpx
Command: report_power -file dedicated_power_routed.rpt -pb dedicated_power_summary_routed.pb -rpx dedicated_power_routed.rpx
INFO: [Timing 38-35] Done setting XDC timing constraints.
Running Vector-less Activity Propagation...

Finished Running Vector-less Activity Propagation
96 Infos, 0 Warnings, 0 Critical Warnings and 0 Errors encountered.
report_power completed successfully
INFO: [runtcl-4] Executing : report_route_status -file dedicated_route_status.rpt -pb dedicated_route_status.pb
INFO: [runtcl-4] Executing : report_timing_summary -max_paths 10 -file dedicated_timing_summary_routed.rpt -pb dedicated_timing_summary_routed.pb -rpx dedicated_timing_summary_routed.rpx -warn_on_violation 
INFO: [Timing 38-91] UpdateTimingParams: Speed grade: -1, Delay Type: min_max.
INFO: [Timing 38-191] Multithreading enabled for timing update using a maximum of 2 CPUs
INFO: [runtcl-4] Executing : report_incremental_reuse -file dedicated_incremental_reuse_routed.rpt
INFO: [Vivado_Tcl 4-1062] Incremental flow is disabled. No incremental reuse Info to report.
INFO: [runtcl-4] Executing : report_clock_utilization -file dedicated_clock_utilization_routed.rpt
INFO: [runtcl-4] Executing : report_bus_skew -warn_on_violation -file dedicated_bus_skew_routed.rpt -pb dedicated_bus_skew_routed.pb -rpx dedicated_bus_skew_routed.rpx
INFO: [Timing 38-91] UpdateTimingParams: Speed grade: -1, Delay Type: min_max.
INFO: [Timing 38-191] Multithreading enabled for timing update using a maximum of 2 CPUs
Command: write_bitstream -force dedicated.bit
Attempting to get a license for feature 'Implementation' and/or device 'xc7a35t'
INFO: [Common 17-349] Got license for feature 'Implementation' and/or device 'xc7a35t'
Running DRC as a precondition to command write_bitstream
INFO: [IP_Flow 19-1839] IP Catalog is up to date.
INFO: [DRC 23-27] Running DRC with 2 threads
INFO: [Vivado 12-3199] DRC finished with 0 Errors
INFO: [Vivado 12-3200] Please refer to the DRC report (report_drc) for more information.
INFO: [Designutils 20-2272] Running write_bitstream with 2 threads.
Loading data files...
Loading site data...
Loading route data...
Processing options...
Creating bitmap...
Creating bitstream...
Writing bitstream ./dedicated.bit...
INFO: [Vivado 12-1842] Bitgen Completed Successfully.
INFO: [Project 1-120] WebTalk data collection is mandatory when using a WebPACK part without a full Vivado license. To see the specific WebTalk data collected for your design, open the usage_statistics_webtalk.html or usage_statistics_webtalk.xml file in the implementation directory.
INFO: [Common 17-83] Releasing license: Implementation
12 Infos, 0 Warnings, 0 Critical Warnings and 0 Errors encountered.
write_bitstream completed successfully
write_bitstream: Time (s): cpu = 00:00:03 ; elapsed = 00:00:08 . Memory (MB): peak = 2277.992 ; gain = 438.812
INFO: [Common 17-206] Exiting Vivado at Thu Dec  5 15:32:56 2024...
