
*** Running vivado
    with args -log counter_10000.vdi -applog -m64 -product Vivado -messageDb vivado.pb -mode batch -source counter_10000.tcl -notrace


****** Vivado v2024.1 (64-bit)
  **** SW Build 5076996 on Wed May 22 18:36:09 MDT 2024
  **** IP Build 5075265 on Wed May 22 21:45:21 MDT 2024
  **** SharedData Build 5076995 on Wed May 22 18:29:18 MDT 2024
  **** Start of session at: Sun Nov 10 10:20:46 2024
    ** Copyright 1986-2022 Xilinx, Inc. All Rights Reserved.
    ** Copyright 2022-2024 Advanced Micro Devices, Inc. All Rights Reserved.

source counter_10000.tcl -notrace
create_project: Time (s): cpu = 00:00:09 ; elapsed = 00:00:10 . Memory (MB): peak = 1997.848 ; gain = 82.996 ; free physical = 4571 ; free virtual = 8331
Command: link_design -top counter_10000 -part xc7a35tcpg236-1
Design is defaulting to srcset: sources_1
Design is defaulting to constrset: constrs_1
INFO: [Device 21-403] Loading part xc7a35tcpg236-1
INFO: [Device 21-9227] Part: xc7a35tcpg236-1 does not have CEAM library.
Netlist sorting complete. Time (s): cpu = 00:00:00.01 ; elapsed = 00:00:00.02 . Memory (MB): peak = 2374.883 ; gain = 0.055 ; free physical = 4138 ; free virtual = 7899
INFO: [Netlist 29-17] Analyzing 41 Unisim elements for replacement
INFO: [Netlist 29-28] Unisim Transformation completed in 0 CPU seconds
INFO: [Project 1-479] Netlist was created with Vivado 2024.1
INFO: [Project 1-570] Preparing netlist for logic optimization
Parsing XDC File [/home/user/project/Verilog/1108_stopwatch/1108_stopwatch.srcs/constrs_1/imports/Downloads/MY_Basys-3-Master.xdc]
Finished Parsing XDC File [/home/user/project/Verilog/1108_stopwatch/1108_stopwatch.srcs/constrs_1/imports/Downloads/MY_Basys-3-Master.xdc]
INFO: [Opt 31-138] Pushed 0 inverter(s) to 0 load pin(s).
Netlist sorting complete. Time (s): cpu = 00:00:00 ; elapsed = 00:00:00 . Memory (MB): peak = 2609.199 ; gain = 0.000 ; free physical = 4014 ; free virtual = 7782
INFO: [Project 1-111] Unisim Transformation Summary:
No Unisim elements were transformed.

8 Infos, 0 Warnings, 0 Critical Warnings and 0 Errors encountered.
link_design completed successfully
link_design: Time (s): cpu = 00:00:07 ; elapsed = 00:00:09 . Memory (MB): peak = 2615.234 ; gain = 616.699 ; free physical = 4006 ; free virtual = 7774
Command: opt_design
Attempting to get a license for feature 'Implementation' and/or device 'xc7a35t'
INFO: [Common 17-349] Got license for feature 'Implementation' and/or device 'xc7a35t'
Running DRC as a precondition to command opt_design

Starting DRC Task
INFO: [DRC 23-27] Running DRC with 8 threads
INFO: [Project 1-461] DRC finished with 0 Errors
INFO: [Project 1-462] Please refer to the DRC report (report_drc) for more information.

Time (s): cpu = 00:00:01 ; elapsed = 00:00:00.81 . Memory (MB): peak = 2686.438 ; gain = 71.113 ; free physical = 3983 ; free virtual = 7750

Starting Cache Timing Information Task
INFO: [Timing 38-35] Done setting XDC timing constraints.
Ending Cache Timing Information Task | Checksum: 32c43d8b0

Time (s): cpu = 00:00:08 ; elapsed = 00:00:09 . Memory (MB): peak = 3230.605 ; gain = 544.168 ; free physical = 3590 ; free virtual = 7358

Starting Logic Optimization Task

Phase 1 Initialization

Phase 1.1 Core Generation And Design Setup
Phase 1.1 Core Generation And Design Setup | Checksum: 32c43d8b0

Time (s): cpu = 00:00:00.01 ; elapsed = 00:00:00.01 . Memory (MB): peak = 3447.898 ; gain = 0.000 ; free physical = 3324 ; free virtual = 7092

Phase 1.2 Setup Constraints And Sort Netlist
Phase 1.2 Setup Constraints And Sort Netlist | Checksum: 32c43d8b0

Time (s): cpu = 00:00:00.01 ; elapsed = 00:00:00.01 . Memory (MB): peak = 3447.898 ; gain = 0.000 ; free physical = 3324 ; free virtual = 7092
Phase 1 Initialization | Checksum: 32c43d8b0

Time (s): cpu = 00:00:00.01 ; elapsed = 00:00:00.01 . Memory (MB): peak = 3447.898 ; gain = 0.000 ; free physical = 3324 ; free virtual = 7092

Phase 2 Timer Update And Timing Data Collection

Phase 2.1 Timer Update
Phase 2.1 Timer Update | Checksum: 32c43d8b0

Time (s): cpu = 00:00:00.09 ; elapsed = 00:00:00.11 . Memory (MB): peak = 3448.348 ; gain = 0.449 ; free physical = 3324 ; free virtual = 7092

Phase 2.2 Timing Data Collection
Phase 2.2 Timing Data Collection | Checksum: 32c43d8b0

Time (s): cpu = 00:00:00.09 ; elapsed = 00:00:00.11 . Memory (MB): peak = 3448.398 ; gain = 0.500 ; free physical = 3324 ; free virtual = 7092
Phase 2 Timer Update And Timing Data Collection | Checksum: 32c43d8b0

Time (s): cpu = 00:00:00.09 ; elapsed = 00:00:00.12 . Memory (MB): peak = 3448.398 ; gain = 0.500 ; free physical = 3324 ; free virtual = 7092

Phase 3 Retarget
INFO: [Opt 31-1834] Total Chains To Be Transformed Were: 0 AND Number of Transformed insts Created are: 0
INFO: [Opt 31-1566] Pulled 3 inverters resulting in an inversion of 51 pins
INFO: [Opt 31-138] Pushed 0 inverter(s) to 0 load pin(s).
INFO: [Opt 31-49] Retargeted 0 cell(s).
Phase 3 Retarget | Checksum: 25d6b92ba

Time (s): cpu = 00:00:00.27 ; elapsed = 00:00:00.2 . Memory (MB): peak = 3448.766 ; gain = 0.867 ; free physical = 3324 ; free virtual = 7092
Retarget | Checksum: 25d6b92ba
INFO: [Opt 31-389] Phase Retarget created 0 cells and removed 3 cells

Phase 4 Constant propagation
INFO: [Opt 31-138] Pushed 0 inverter(s) to 0 load pin(s).
Phase 4 Constant propagation | Checksum: 2a9e384cb

Time (s): cpu = 00:00:00.28 ; elapsed = 00:00:00.21 . Memory (MB): peak = 3448.812 ; gain = 0.914 ; free physical = 3324 ; free virtual = 7092
Constant propagation | Checksum: 2a9e384cb
INFO: [Opt 31-389] Phase Constant propagation created 0 cells and removed 0 cells

Phase 5 Sweep
Phase 5 Sweep | Checksum: 30104f1d5

Time (s): cpu = 00:00:00.3 ; elapsed = 00:00:00.22 . Memory (MB): peak = 3448.914 ; gain = 1.016 ; free physical = 3324 ; free virtual = 7092
Sweep | Checksum: 30104f1d5
INFO: [Opt 31-389] Phase Sweep created 0 cells and removed 0 cells

Phase 6 BUFG optimization
Phase 6 BUFG optimization | Checksum: 30104f1d5

Time (s): cpu = 00:00:00.32 ; elapsed = 00:00:00.25 . Memory (MB): peak = 3449.117 ; gain = 1.219 ; free physical = 3323 ; free virtual = 7092
BUFG optimization | Checksum: 30104f1d5
INFO: [Opt 31-662] Phase BUFG optimization created 0 cells of which 0 are BUFGs and removed 0 cells.

Phase 7 Shift Register Optimization
INFO: [Opt 31-1064] SRL Remap converted 0 SRLs to 0 registers and converted 0 registers of register chains to 0 SRLs
Phase 7 Shift Register Optimization | Checksum: 30104f1d5

Time (s): cpu = 00:00:00.33 ; elapsed = 00:00:00.26 . Memory (MB): peak = 3449.117 ; gain = 1.219 ; free physical = 3323 ; free virtual = 7092
Shift Register Optimization | Checksum: 30104f1d5
INFO: [Opt 31-389] Phase Shift Register Optimization created 0 cells and removed 0 cells

Phase 8 Post Processing Netlist
Phase 8 Post Processing Netlist | Checksum: 30104f1d5

Time (s): cpu = 00:00:00.33 ; elapsed = 00:00:00.26 . Memory (MB): peak = 3449.117 ; gain = 1.219 ; free physical = 3323 ; free virtual = 7091
Post Processing Netlist | Checksum: 30104f1d5
INFO: [Opt 31-389] Phase Post Processing Netlist created 0 cells and removed 0 cells

Phase 9 Finalization

Phase 9.1 Finalizing Design Cores and Updating Shapes
Phase 9.1 Finalizing Design Cores and Updating Shapes | Checksum: 28268c9e9

Time (s): cpu = 00:00:00.35 ; elapsed = 00:00:00.28 . Memory (MB): peak = 3449.117 ; gain = 1.219 ; free physical = 3323 ; free virtual = 7091

Phase 9.2 Verifying Netlist Connectivity

Starting Connectivity Check Task

Time (s): cpu = 00:00:00 ; elapsed = 00:00:00 . Memory (MB): peak = 3449.117 ; gain = 0.000 ; free physical = 3323 ; free virtual = 7091
Phase 9.2 Verifying Netlist Connectivity | Checksum: 28268c9e9

Time (s): cpu = 00:00:00.35 ; elapsed = 00:00:00.28 . Memory (MB): peak = 3449.117 ; gain = 1.219 ; free physical = 3323 ; free virtual = 7091
Phase 9 Finalization | Checksum: 28268c9e9

Time (s): cpu = 00:00:00.35 ; elapsed = 00:00:00.28 . Memory (MB): peak = 3449.117 ; gain = 1.219 ; free physical = 3323 ; free virtual = 7091
Opt_design Change Summary
=========================


-------------------------------------------------------------------------------------------------------------------------
|  Phase                        |  #Cells created  |  #Cells Removed  |  #Constrained objects preventing optimizations  |
-------------------------------------------------------------------------------------------------------------------------
|  Retarget                     |               0  |               3  |                                              0  |
|  Constant propagation         |               0  |               0  |                                              0  |
|  Sweep                        |               0  |               0  |                                              0  |
|  BUFG optimization            |               0  |               0  |                                              0  |
|  Shift Register Optimization  |               0  |               0  |                                              0  |
|  Post Processing Netlist      |               0  |               0  |                                              0  |
-------------------------------------------------------------------------------------------------------------------------


Ending Logic Optimization Task | Checksum: 28268c9e9

Time (s): cpu = 00:00:00.35 ; elapsed = 00:00:00.29 . Memory (MB): peak = 3449.117 ; gain = 1.219 ; free physical = 3323 ; free virtual = 7091

Starting Power Optimization Task
INFO: [Pwropt 34-132] Skipping clock gating for clocks with a period < 2.00 ns.
Ending Power Optimization Task | Checksum: 28268c9e9

Time (s): cpu = 00:00:00.01 ; elapsed = 00:00:00.02 . Memory (MB): peak = 3449.117 ; gain = 0.000 ; free physical = 3322 ; free virtual = 7090

Starting Final Cleanup Task
Ending Final Cleanup Task | Checksum: 28268c9e9

Time (s): cpu = 00:00:00 ; elapsed = 00:00:00 . Memory (MB): peak = 3449.117 ; gain = 0.000 ; free physical = 3322 ; free virtual = 7090

Starting Netlist Obfuscation Task
Netlist sorting complete. Time (s): cpu = 00:00:00 ; elapsed = 00:00:00 . Memory (MB): peak = 3449.117 ; gain = 0.000 ; free physical = 3322 ; free virtual = 7090
Ending Netlist Obfuscation Task | Checksum: 28268c9e9

Time (s): cpu = 00:00:00 ; elapsed = 00:00:00 . Memory (MB): peak = 3449.117 ; gain = 0.000 ; free physical = 3322 ; free virtual = 7090
INFO: [Common 17-83] Releasing license: Implementation
27 Infos, 0 Warnings, 0 Critical Warnings and 0 Errors encountered.
opt_design completed successfully
opt_design: Time (s): cpu = 00:00:12 ; elapsed = 00:00:13 . Memory (MB): peak = 3449.117 ; gain = 833.867 ; free physical = 3322 ; free virtual = 7090
INFO: [Vivado 12-24828] Executing command : report_drc -file counter_10000_drc_opted.rpt -pb counter_10000_drc_opted.pb -rpx counter_10000_drc_opted.rpx
Command: report_drc -file counter_10000_drc_opted.rpt -pb counter_10000_drc_opted.pb -rpx counter_10000_drc_opted.rpx
INFO: [IP_Flow 19-234] Refreshing IP repositories
INFO: [IP_Flow 19-1704] No user IP repositories specified
INFO: [IP_Flow 19-2313] Loaded Vivado IP repository '/home/user/Xilinx/Vivado/2024.1/data/ip'.
INFO: [DRC 23-27] Running DRC with 8 threads
INFO: [Vivado_Tcl 2-168] The results of DRC are in file /home/user/project/Verilog/1108_stopwatch/1108_stopwatch.runs/impl_1/counter_10000_drc_opted.rpt.
report_drc completed successfully
INFO: [Timing 38-480] Writing timing data to binary archive.
Wrote PlaceDB: Time (s): cpu = 00:00:00.05 ; elapsed = 00:00:00.04 . Memory (MB): peak = 3531.164 ; gain = 0.000 ; free physical = 3220 ; free virtual = 6989
Write ShapeDB Complete: Time (s): cpu = 00:00:00.12 ; elapsed = 00:00:00.09 . Memory (MB): peak = 3531.164 ; gain = 0.000 ; free physical = 3220 ; free virtual = 6989
Wrote PulsedLatchDB: Time (s): cpu = 00:00:00.01 ; elapsed = 00:00:00.01 . Memory (MB): peak = 3531.164 ; gain = 0.000 ; free physical = 3220 ; free virtual = 6989
Writing XDEF routing.
Writing XDEF routing logical nets.
Writing XDEF routing special nets.
Wrote RouteStorage: Time (s): cpu = 00:00:00.06 ; elapsed = 00:00:00.04 . Memory (MB): peak = 3531.164 ; gain = 0.000 ; free physical = 3219 ; free virtual = 6988
Wrote Netlist Cache: Time (s): cpu = 00:00:00 ; elapsed = 00:00:00 . Memory (MB): peak = 3531.164 ; gain = 0.000 ; free physical = 3219 ; free virtual = 6988
Wrote Device Cache: Time (s): cpu = 00:00:00.02 ; elapsed = 00:00:00.01 . Memory (MB): peak = 3531.164 ; gain = 0.000 ; free physical = 3219 ; free virtual = 6988
Write Physdb Complete: Time (s): cpu = 00:00:00.2 ; elapsed = 00:00:00.14 . Memory (MB): peak = 3531.164 ; gain = 0.000 ; free physical = 3219 ; free virtual = 6988
INFO: [Common 17-1381] The checkpoint '/home/user/project/Verilog/1108_stopwatch/1108_stopwatch.runs/impl_1/counter_10000_opt.dcp' has been generated.
Command: place_design
Attempting to get a license for feature 'Implementation' and/or device 'xc7a35t'
INFO: [Common 17-349] Got license for feature 'Implementation' and/or device 'xc7a35t'
INFO: [Common 17-83] Releasing license: Implementation
INFO: [DRC 23-27] Running DRC with 8 threads
INFO: [Vivado_Tcl 4-198] DRC finished with 0 Errors
INFO: [Vivado_Tcl 4-199] Please refer to the DRC report (report_drc) for more information.
Running DRC as a precondition to command place_design
INFO: [DRC 23-27] Running DRC with 8 threads
INFO: [Vivado_Tcl 4-198] DRC finished with 0 Errors
INFO: [Vivado_Tcl 4-199] Please refer to the DRC report (report_drc) for more information.
INFO: [Place 30-611] Multithreading enabled for place_design using a maximum of 8 CPUs

Starting Placer Task

Phase 1 Placer Initialization

Phase 1.1 Placer Initialization Netlist Sorting
Netlist sorting complete. Time (s): cpu = 00:00:00.01 ; elapsed = 00:00:00 . Memory (MB): peak = 3531.164 ; gain = 0.000 ; free physical = 3189 ; free virtual = 6959
Phase 1.1 Placer Initialization Netlist Sorting | Checksum: 1c92effbe

Time (s): cpu = 00:00:00.01 ; elapsed = 00:00:00.01 . Memory (MB): peak = 3531.164 ; gain = 0.000 ; free physical = 3189 ; free virtual = 6959
Netlist sorting complete. Time (s): cpu = 00:00:00 ; elapsed = 00:00:00.01 . Memory (MB): peak = 3531.164 ; gain = 0.000 ; free physical = 3189 ; free virtual = 6959

Phase 1.2 IO Placement/ Clock Placement/ Build Placer Device
INFO: [Timing 38-35] Done setting XDC timing constraints.
Phase 1.2 IO Placement/ Clock Placement/ Build Placer Device | Checksum: 18af1f74b

Time (s): cpu = 00:00:00.42 ; elapsed = 00:00:00.25 . Memory (MB): peak = 3531.164 ; gain = 0.000 ; free physical = 3179 ; free virtual = 6953

Phase 1.3 Build Placer Netlist Model
Phase 1.3 Build Placer Netlist Model | Checksum: 23b88053d

Time (s): cpu = 00:00:00.71 ; elapsed = 00:00:00.56 . Memory (MB): peak = 3531.164 ; gain = 0.000 ; free physical = 3177 ; free virtual = 6952

Phase 1.4 Constrain Clocks/Macros
Phase 1.4 Constrain Clocks/Macros | Checksum: 23b88053d

Time (s): cpu = 00:00:00.72 ; elapsed = 00:00:00.57 . Memory (MB): peak = 3531.164 ; gain = 0.000 ; free physical = 3177 ; free virtual = 6952
Phase 1 Placer Initialization | Checksum: 23b88053d

Time (s): cpu = 00:00:00.73 ; elapsed = 00:00:00.58 . Memory (MB): peak = 3531.164 ; gain = 0.000 ; free physical = 3177 ; free virtual = 6953

Phase 2 Global Placement

Phase 2.1 Floorplanning
Phase 2.1 Floorplanning | Checksum: 1fc11473f

Time (s): cpu = 00:00:00.87 ; elapsed = 00:00:00.73 . Memory (MB): peak = 3531.164 ; gain = 0.000 ; free physical = 3242 ; free virtual = 7018

Phase 2.2 Update Timing before SLR Path Opt
Phase 2.2 Update Timing before SLR Path Opt | Checksum: 19ba720b7

Time (s): cpu = 00:00:00.89 ; elapsed = 00:00:00.76 . Memory (MB): peak = 3531.164 ; gain = 0.000 ; free physical = 3240 ; free virtual = 7016

Phase 2.3 Post-Processing in Floorplanning
Phase 2.3 Post-Processing in Floorplanning | Checksum: 19ba720b7

Time (s): cpu = 00:00:00.9 ; elapsed = 00:00:00.76 . Memory (MB): peak = 3531.164 ; gain = 0.000 ; free physical = 3240 ; free virtual = 7016

Phase 2.4 Global Placement Core

Phase 2.4.1 UpdateTiming Before Physical Synthesis
Phase 2.4.1 UpdateTiming Before Physical Synthesis | Checksum: 237496f6f

Time (s): cpu = 00:00:03 ; elapsed = 00:00:02 . Memory (MB): peak = 3531.164 ; gain = 0.000 ; free physical = 3263 ; free virtual = 7039

Phase 2.4.2 Physical Synthesis In Placer
INFO: [Physopt 32-1035] Found 0 LUTNM shape to break, 12 LUT instances to create LUTNM shape
INFO: [Physopt 32-1044] Break lutnm for timing: one critical 0, two critical 0, total 0, new lutff created 0
INFO: [Physopt 32-1138] End 1 Pass. Optimized 5 nets or LUTs. Breaked 0 LUT, combined 5 existing LUTs and moved 0 existing LUT
INFO: [Physopt 32-65] No nets found for high-fanout optimization.
INFO: [Physopt 32-232] Optimized 0 net. Created 0 new instance.
INFO: [Physopt 32-775] End 1 Pass. Optimized 0 net or cell. Created 0 new cell, deleted 0 existing cell and moved 0 existing cell
INFO: [Physopt 32-670] No setup violation found.  DSP Register Optimization was not performed.
INFO: [Physopt 32-670] No setup violation found.  Shift Register to Pipeline Optimization was not performed.
INFO: [Physopt 32-670] No setup violation found.  Shift Register Optimization was not performed.
INFO: [Physopt 32-670] No setup violation found.  BRAM Register Optimization was not performed.
INFO: [Physopt 32-670] No setup violation found.  URAM Register Optimization was not performed.
INFO: [Physopt 32-949] No candidate nets found for dynamic/static region interface net replication
INFO: [Physopt 32-775] End 1 Pass. Optimized 0 net or cell. Created 0 new cell, deleted 0 existing cell and moved 0 existing cell
Netlist sorting complete. Time (s): cpu = 00:00:00 ; elapsed = 00:00:00 . Memory (MB): peak = 3531.164 ; gain = 0.000 ; free physical = 3253 ; free virtual = 7032

Summary of Physical Synthesis Optimizations
============================================


-----------------------------------------------------------------------------------------------------------------------------------------------------------
|  Optimization                                     |  Added Cells  |  Removed Cells  |  Optimized Cells/Nets  |  Dont Touch  |  Iterations  |  Elapsed   |
-----------------------------------------------------------------------------------------------------------------------------------------------------------
|  LUT Combining                                    |            0  |              5  |                     5  |           0  |           1  |  00:00:00  |
|  Retime                                           |            0  |              0  |                     0  |           0  |           1  |  00:00:00  |
|  Very High Fanout                                 |            0  |              0  |                     0  |           0  |           1  |  00:00:00  |
|  DSP Register                                     |            0  |              0  |                     0  |           0  |           0  |  00:00:00  |
|  Shift Register to Pipeline                       |            0  |              0  |                     0  |           0  |           0  |  00:00:00  |
|  Shift Register                                   |            0  |              0  |                     0  |           0  |           0  |  00:00:00  |
|  BRAM Register                                    |            0  |              0  |                     0  |           0  |           0  |  00:00:00  |
|  URAM Register                                    |            0  |              0  |                     0  |           0  |           0  |  00:00:00  |
|  Dynamic/Static Region Interface Net Replication  |            0  |              0  |                     0  |           0  |           1  |  00:00:00  |
|  Total                                            |            0  |              5  |                     5  |           0  |           4  |  00:00:00  |
-----------------------------------------------------------------------------------------------------------------------------------------------------------


Phase 2.4.2 Physical Synthesis In Placer | Checksum: 1fb5a4ac2

Time (s): cpu = 00:00:03 ; elapsed = 00:00:03 . Memory (MB): peak = 3531.164 ; gain = 0.000 ; free physical = 3253 ; free virtual = 7032
Phase 2.4 Global Placement Core | Checksum: 1e979973f

Time (s): cpu = 00:00:03 ; elapsed = 00:00:03 . Memory (MB): peak = 3531.164 ; gain = 0.000 ; free physical = 3250 ; free virtual = 7030
Phase 2 Global Placement | Checksum: 1e979973f

Time (s): cpu = 00:00:03 ; elapsed = 00:00:03 . Memory (MB): peak = 3531.164 ; gain = 0.000 ; free physical = 3250 ; free virtual = 7030

Phase 3 Detail Placement

Phase 3.1 Commit Multi Column Macros
Phase 3.1 Commit Multi Column Macros | Checksum: 27a4c6da0

Time (s): cpu = 00:00:03 ; elapsed = 00:00:03 . Memory (MB): peak = 3531.164 ; gain = 0.000 ; free physical = 3250 ; free virtual = 7029

Phase 3.2 Commit Most Macros & LUTRAMs
Phase 3.2 Commit Most Macros & LUTRAMs | Checksum: 146c05929

Time (s): cpu = 00:00:03 ; elapsed = 00:00:03 . Memory (MB): peak = 3531.164 ; gain = 0.000 ; free physical = 3249 ; free virtual = 7028

Phase 3.3 Area Swap Optimization
Phase 3.3 Area Swap Optimization | Checksum: 1a9805b9e

Time (s): cpu = 00:00:03 ; elapsed = 00:00:03 . Memory (MB): peak = 3531.164 ; gain = 0.000 ; free physical = 3249 ; free virtual = 7028

Phase 3.4 Pipeline Register Optimization
Phase 3.4 Pipeline Register Optimization | Checksum: ee70aba5

Time (s): cpu = 00:00:03 ; elapsed = 00:00:03 . Memory (MB): peak = 3531.164 ; gain = 0.000 ; free physical = 3249 ; free virtual = 7028

Phase 3.5 Small Shape Detail Placement
Phase 3.5 Small Shape Detail Placement | Checksum: 14fc70d08

Time (s): cpu = 00:00:03 ; elapsed = 00:00:03 . Memory (MB): peak = 3531.164 ; gain = 0.000 ; free physical = 3252 ; free virtual = 7032

Phase 3.6 Re-assign LUT pins
Phase 3.6 Re-assign LUT pins | Checksum: 182bef542

Time (s): cpu = 00:00:03 ; elapsed = 00:00:03 . Memory (MB): peak = 3531.164 ; gain = 0.000 ; free physical = 3252 ; free virtual = 7032

Phase 3.7 Pipeline Register Optimization
Phase 3.7 Pipeline Register Optimization | Checksum: 1c570452b

Time (s): cpu = 00:00:03 ; elapsed = 00:00:03 . Memory (MB): peak = 3531.164 ; gain = 0.000 ; free physical = 3252 ; free virtual = 7032
Phase 3 Detail Placement | Checksum: 1c570452b

Time (s): cpu = 00:00:03 ; elapsed = 00:00:03 . Memory (MB): peak = 3531.164 ; gain = 0.000 ; free physical = 3252 ; free virtual = 7032

Phase 4 Post Placement Optimization and Clean-Up

Phase 4.1 Post Commit Optimization
INFO: [Timing 38-35] Done setting XDC timing constraints.

Phase 4.1.1 Post Placement Optimization
Post Placement Optimization Initialization | Checksum: 24a88a533

Phase 4.1.1.1 BUFG Insertion

Starting Physical Synthesis Task

Phase 1 Physical Synthesis Initialization
INFO: [Physopt 32-721] Multithreading enabled for phys_opt_design using a maximum of 8 CPUs
INFO: [Physopt 32-619] Estimated Timing Summary | WNS=5.239 | TNS=0.000 |
Phase 1 Physical Synthesis Initialization | Checksum: 224e2cecd

Time (s): cpu = 00:00:00.03 ; elapsed = 00:00:00.02 . Memory (MB): peak = 3531.164 ; gain = 0.000 ; free physical = 3250 ; free virtual = 7029
INFO: [Place 46-56] BUFG insertion identified 0 candidate nets. Inserted BUFG: 0, Replicated BUFG Driver: 0, Skipped due to Placement/Routing Conflicts: 0, Skipped due to Timing Degradation: 0, Skipped due to netlist editing failed: 0.
Ending Physical Synthesis Task | Checksum: 21557f6bf

Time (s): cpu = 00:00:00.03 ; elapsed = 00:00:00.03 . Memory (MB): peak = 3531.164 ; gain = 0.000 ; free physical = 3250 ; free virtual = 7029
Phase 4.1.1.1 BUFG Insertion | Checksum: 24a88a533

Time (s): cpu = 00:00:04 ; elapsed = 00:00:03 . Memory (MB): peak = 3531.164 ; gain = 0.000 ; free physical = 3250 ; free virtual = 7029

Phase 4.1.1.2 Post Placement Timing Optimization
INFO: [Place 30-746] Post Placement Timing Summary WNS=5.239. For the most accurate timing information please run report_timing.
Phase 4.1.1.2 Post Placement Timing Optimization | Checksum: 22f4775e1

Time (s): cpu = 00:00:04 ; elapsed = 00:00:03 . Memory (MB): peak = 3531.164 ; gain = 0.000 ; free physical = 3250 ; free virtual = 7029

Time (s): cpu = 00:00:04 ; elapsed = 00:00:03 . Memory (MB): peak = 3531.164 ; gain = 0.000 ; free physical = 3250 ; free virtual = 7029
Phase 4.1 Post Commit Optimization | Checksum: 22f4775e1

Time (s): cpu = 00:00:04 ; elapsed = 00:00:03 . Memory (MB): peak = 3531.164 ; gain = 0.000 ; free physical = 3250 ; free virtual = 7029

Phase 4.2 Post Placement Cleanup
Phase 4.2 Post Placement Cleanup | Checksum: 22f4775e1

Time (s): cpu = 00:00:04 ; elapsed = 00:00:03 . Memory (MB): peak = 3531.164 ; gain = 0.000 ; free physical = 3250 ; free virtual = 7029

Phase 4.3 Placer Reporting

Phase 4.3.1 Print Estimated Congestion
INFO: [Place 30-612] Post-Placement Estimated Congestion 
 ____________________________________________________
|           | Global Congestion | Short Congestion  |
| Direction | Region Size       | Region Size       |
|___________|___________________|___________________|
|      North|                1x1|                1x1|
|___________|___________________|___________________|
|      South|                1x1|                1x1|
|___________|___________________|___________________|
|       East|                1x1|                1x1|
|___________|___________________|___________________|
|       West|                1x1|                1x1|
|___________|___________________|___________________|

Phase 4.3.1 Print Estimated Congestion | Checksum: 22f4775e1

Time (s): cpu = 00:00:04 ; elapsed = 00:00:03 . Memory (MB): peak = 3531.164 ; gain = 0.000 ; free physical = 3250 ; free virtual = 7029
Phase 4.3 Placer Reporting | Checksum: 22f4775e1

Time (s): cpu = 00:00:04 ; elapsed = 00:00:03 . Memory (MB): peak = 3531.164 ; gain = 0.000 ; free physical = 3250 ; free virtual = 7029

Phase 4.4 Final Placement Cleanup
Netlist sorting complete. Time (s): cpu = 00:00:00 ; elapsed = 00:00:00 . Memory (MB): peak = 3531.164 ; gain = 0.000 ; free physical = 3250 ; free virtual = 7029

Time (s): cpu = 00:00:04 ; elapsed = 00:00:03 . Memory (MB): peak = 3531.164 ; gain = 0.000 ; free physical = 3250 ; free virtual = 7029
Phase 4 Post Placement Optimization and Clean-Up | Checksum: 1d518a516

Time (s): cpu = 00:00:04 ; elapsed = 00:00:03 . Memory (MB): peak = 3531.164 ; gain = 0.000 ; free physical = 3250 ; free virtual = 7029
Ending Placer Task | Checksum: 101ef5bc9

Time (s): cpu = 00:00:04 ; elapsed = 00:00:03 . Memory (MB): peak = 3531.164 ; gain = 0.000 ; free physical = 3250 ; free virtual = 7029
64 Infos, 0 Warnings, 0 Critical Warnings and 0 Errors encountered.
place_design completed successfully
INFO: [Vivado 12-24838] Running report commands "report_control_sets, report_io, report_utilization" in parallel.
Running report generation with 3 threads.
INFO: [Vivado 12-24828] Executing command : report_control_sets -verbose -file counter_10000_control_sets_placed.rpt
report_control_sets: Time (s): cpu = 00:00:00.26 ; elapsed = 00:00:00.34 . Memory (MB): peak = 3531.164 ; gain = 0.000 ; free physical = 3158 ; free virtual = 6938
INFO: [Vivado 12-24828] Executing command : report_utilization -file counter_10000_utilization_placed.rpt -pb counter_10000_utilization_placed.pb
INFO: [Vivado 12-24828] Executing command : report_io -file counter_10000_io_placed.rpt
report_io: Time (s): cpu = 00:00:00.64 ; elapsed = 00:00:00.44 . Memory (MB): peak = 3531.164 ; gain = 0.000 ; free physical = 3208 ; free virtual = 6988
Write ShapeDB Complete: Time (s): cpu = 00:00:00 ; elapsed = 00:00:00 . Memory (MB): peak = 3531.164 ; gain = 0.000 ; free physical = 3213 ; free virtual = 6993
INFO: [Timing 38-480] Writing timing data to binary archive.
Wrote PlaceDB: Time (s): cpu = 00:00:00.09 ; elapsed = 00:00:00.04 . Memory (MB): peak = 3531.164 ; gain = 0.000 ; free physical = 3210 ; free virtual = 6991
Wrote PulsedLatchDB: Time (s): cpu = 00:00:00 ; elapsed = 00:00:00 . Memory (MB): peak = 3531.164 ; gain = 0.000 ; free physical = 3210 ; free virtual = 6991
Writing XDEF routing.
Writing XDEF routing logical nets.
Writing XDEF routing special nets.
Wrote RouteStorage: Time (s): cpu = 00:00:00.03 ; elapsed = 00:00:00.01 . Memory (MB): peak = 3531.164 ; gain = 0.000 ; free physical = 3210 ; free virtual = 6991
Wrote Netlist Cache: Time (s): cpu = 00:00:00 ; elapsed = 00:00:00.01 . Memory (MB): peak = 3531.164 ; gain = 0.000 ; free physical = 3210 ; free virtual = 6991
Wrote Device Cache: Time (s): cpu = 00:00:00.02 ; elapsed = 00:00:00.01 . Memory (MB): peak = 3531.164 ; gain = 0.000 ; free physical = 3210 ; free virtual = 6990
Write Physdb Complete: Time (s): cpu = 00:00:00.14 ; elapsed = 00:00:00.08 . Memory (MB): peak = 3531.164 ; gain = 0.000 ; free physical = 3210 ; free virtual = 6990
INFO: [Common 17-1381] The checkpoint '/home/user/project/Verilog/1108_stopwatch/1108_stopwatch.runs/impl_1/counter_10000_placed.dcp' has been generated.
Command: phys_opt_design
Attempting to get a license for feature 'Implementation' and/or device 'xc7a35t'
INFO: [Common 17-349] Got license for feature 'Implementation' and/or device 'xc7a35t'

Starting Initial Update Timing Task

Time (s): cpu = 00:00:00.09 ; elapsed = 00:00:00.05 . Memory (MB): peak = 3531.164 ; gain = 0.000 ; free physical = 3162 ; free virtual = 6942
INFO: [Vivado_Tcl 4-2279] Estimated Timing Summary | WNS= 5.239 | TNS= 0.000 | 
INFO: [Vivado_Tcl 4-383] Design worst setup slack (WNS) is greater than or equal to 0.000 ns. All physical synthesis setup optimizations will be skipped.
INFO: [Vivado_Tcl 4-232] No setup violation found. The netlist was not modified.
INFO: [Common 17-83] Releasing license: Implementation
75 Infos, 0 Warnings, 0 Critical Warnings and 0 Errors encountered.
phys_opt_design completed successfully
Write ShapeDB Complete: Time (s): cpu = 00:00:00 ; elapsed = 00:00:00.01 . Memory (MB): peak = 3531.164 ; gain = 0.000 ; free physical = 3158 ; free virtual = 6938
INFO: [Timing 38-480] Writing timing data to binary archive.
Wrote PlaceDB: Time (s): cpu = 00:00:00.08 ; elapsed = 00:00:00.04 . Memory (MB): peak = 3531.164 ; gain = 0.000 ; free physical = 3146 ; free virtual = 6926
Wrote PulsedLatchDB: Time (s): cpu = 00:00:00 ; elapsed = 00:00:00 . Memory (MB): peak = 3531.164 ; gain = 0.000 ; free physical = 3146 ; free virtual = 6926
Writing XDEF routing.
Writing XDEF routing logical nets.
Writing XDEF routing special nets.
Wrote RouteStorage: Time (s): cpu = 00:00:00.03 ; elapsed = 00:00:00.02 . Memory (MB): peak = 3531.164 ; gain = 0.000 ; free physical = 3146 ; free virtual = 6926
Wrote Netlist Cache: Time (s): cpu = 00:00:00.01 ; elapsed = 00:00:00 . Memory (MB): peak = 3531.164 ; gain = 0.000 ; free physical = 3146 ; free virtual = 6926
Wrote Device Cache: Time (s): cpu = 00:00:00 ; elapsed = 00:00:00.01 . Memory (MB): peak = 3531.164 ; gain = 0.000 ; free physical = 3146 ; free virtual = 6926
Write Physdb Complete: Time (s): cpu = 00:00:00.13 ; elapsed = 00:00:00.07 . Memory (MB): peak = 3531.164 ; gain = 0.000 ; free physical = 3146 ; free virtual = 6927
INFO: [Common 17-1381] The checkpoint '/home/user/project/Verilog/1108_stopwatch/1108_stopwatch.runs/impl_1/counter_10000_physopt.dcp' has been generated.
Command: route_design
Attempting to get a license for feature 'Implementation' and/or device 'xc7a35t'
INFO: [Common 17-349] Got license for feature 'Implementation' and/or device 'xc7a35t'
Running DRC as a precondition to command route_design
INFO: [DRC 23-27] Running DRC with 8 threads
INFO: [Vivado_Tcl 4-198] DRC finished with 0 Errors
INFO: [Vivado_Tcl 4-199] Please refer to the DRC report (report_drc) for more information.


Starting Routing Task
INFO: [Route 35-254] Multithreading enabled for route_design using a maximum of 8 CPUs

Phase 1 Build RT Design
Checksum: PlaceDB: 3e5e443a ConstDB: 0 ShapeSum: 230fbb38 RouteDB: a0815c57
Post Restoration Checksum: NetGraph: 91883e1d | NumContArr: 1d5feee0 | Constraints: c2a8fa9d | Timing: c2a8fa9d
Phase 1 Build RT Design | Checksum: 2343a2237

Time (s): cpu = 00:00:15 ; elapsed = 00:00:13 . Memory (MB): peak = 3606.059 ; gain = 33.199 ; free physical = 2970 ; free virtual = 6753

Phase 2 Router Initialization

Phase 2.1 Fix Topology Constraints
Phase 2.1 Fix Topology Constraints | Checksum: 2343a2237

Time (s): cpu = 00:00:15 ; elapsed = 00:00:13 . Memory (MB): peak = 3606.363 ; gain = 33.504 ; free physical = 2970 ; free virtual = 6753

Phase 2.2 Pre Route Cleanup
Phase 2.2 Pre Route Cleanup | Checksum: 2343a2237

Time (s): cpu = 00:00:15 ; elapsed = 00:00:13 . Memory (MB): peak = 3606.441 ; gain = 33.582 ; free physical = 2970 ; free virtual = 6753
 Number of Nodes with overlaps = 0

Phase 2.3 Update Timing
Phase 2.3 Update Timing | Checksum: 23063702d

Time (s): cpu = 00:00:15 ; elapsed = 00:00:14 . Memory (MB): peak = 3632.551 ; gain = 59.691 ; free physical = 2950 ; free virtual = 6735
INFO: [Route 35-416] Intermediate Timing Summary | WNS=5.303  | TNS=0.000  | WHS=-0.088 | THS=-0.489 |


Router Utilization Summary
  Global Vertical Routing Utilization    = 0.000159451 %
  Global Horizontal Routing Utilization  = 0.000910984 %
  Routable Net Status*
  *Does not include unroutable nets such as driverless and loadless.
  Run report_route_status for detailed report.
  Number of Failed Nets               = 410
    (Failed Nets is the sum of unrouted and partially routed nets)
  Number of Unrouted Nets             = 410
  Number of Partially Routed Nets     = 0
  Number of Node Overlaps             = 0

Phase 2 Router Initialization | Checksum: 23902ed25

Time (s): cpu = 00:00:16 ; elapsed = 00:00:14 . Memory (MB): peak = 3632.875 ; gain = 60.016 ; free physical = 2946 ; free virtual = 6731

Phase 3 Global Routing
Phase 3 Global Routing | Checksum: 23902ed25

Time (s): cpu = 00:00:16 ; elapsed = 00:00:14 . Memory (MB): peak = 3632.910 ; gain = 60.051 ; free physical = 2946 ; free virtual = 6731

Phase 4 Initial Routing

Phase 4.1 Initial Net Routing Pass
Phase 4.1 Initial Net Routing Pass | Checksum: 30facd5fc

Time (s): cpu = 00:00:16 ; elapsed = 00:00:14 . Memory (MB): peak = 3633.395 ; gain = 60.535 ; free physical = 2946 ; free virtual = 6731
Phase 4 Initial Routing | Checksum: 30facd5fc

Time (s): cpu = 00:00:16 ; elapsed = 00:00:14 . Memory (MB): peak = 3633.422 ; gain = 60.562 ; free physical = 2946 ; free virtual = 6731

Phase 5 Rip-up And Reroute

Phase 5.1 Global Iteration 0
 Number of Nodes with overlaps = 18
 Number of Nodes with overlaps = 0
INFO: [Route 35-416] Intermediate Timing Summary | WNS=5.134  | TNS=0.000  | WHS=N/A    | THS=N/A    |

Phase 5.1 Global Iteration 0 | Checksum: 1e7547c4f

Time (s): cpu = 00:00:16 ; elapsed = 00:00:14 . Memory (MB): peak = 3633.914 ; gain = 61.055 ; free physical = 2945 ; free virtual = 6730

Phase 5.2 Global Iteration 1
 Number of Nodes with overlaps = 2
 Number of Nodes with overlaps = 1
 Number of Nodes with overlaps = 2
 Number of Nodes with overlaps = 1
 Number of Nodes with overlaps = 1
 Number of Nodes with overlaps = 1
 Number of Nodes with overlaps = 0
INFO: [Route 35-416] Intermediate Timing Summary | WNS=5.134  | TNS=0.000  | WHS=N/A    | THS=N/A    |

Phase 5.2 Global Iteration 1 | Checksum: 23ec517d9

Time (s): cpu = 00:00:16 ; elapsed = 00:00:14 . Memory (MB): peak = 3633.965 ; gain = 61.105 ; free physical = 2945 ; free virtual = 6730
Phase 5 Rip-up And Reroute | Checksum: 23ec517d9

Time (s): cpu = 00:00:16 ; elapsed = 00:00:14 . Memory (MB): peak = 3633.965 ; gain = 61.105 ; free physical = 2945 ; free virtual = 6730

Phase 6 Delay and Skew Optimization

Phase 6.1 Delay CleanUp
Phase 6.1 Delay CleanUp | Checksum: 23ec517d9

Time (s): cpu = 00:00:16 ; elapsed = 00:00:14 . Memory (MB): peak = 3633.980 ; gain = 61.121 ; free physical = 2945 ; free virtual = 6730

Phase 6.2 Clock Skew Optimization
Phase 6.2 Clock Skew Optimization | Checksum: 23ec517d9

Time (s): cpu = 00:00:16 ; elapsed = 00:00:14 . Memory (MB): peak = 3633.988 ; gain = 61.129 ; free physical = 2945 ; free virtual = 6730
Phase 6 Delay and Skew Optimization | Checksum: 23ec517d9

Time (s): cpu = 00:00:16 ; elapsed = 00:00:14 . Memory (MB): peak = 3633.988 ; gain = 61.129 ; free physical = 2945 ; free virtual = 6730

Phase 7 Post Hold Fix

Phase 7.1 Hold Fix Iter
INFO: [Route 35-416] Intermediate Timing Summary | WNS=5.227  | TNS=0.000  | WHS=0.196  | THS=0.000  |

Phase 7.1 Hold Fix Iter | Checksum: 16fabafc9

Time (s): cpu = 00:00:16 ; elapsed = 00:00:14 . Memory (MB): peak = 3634.023 ; gain = 61.164 ; free physical = 2945 ; free virtual = 6730
Phase 7 Post Hold Fix | Checksum: 16fabafc9

Time (s): cpu = 00:00:16 ; elapsed = 00:00:14 . Memory (MB): peak = 3634.023 ; gain = 61.164 ; free physical = 2945 ; free virtual = 6730

Phase 8 Route finalize

Router Utilization Summary
  Global Vertical Routing Utilization    = 0.0562864 %
  Global Horizontal Routing Utilization  = 0.0692348 %
  Routable Net Status*
  *Does not include unroutable nets such as driverless and loadless.
  Run report_route_status for detailed report.
  Number of Failed Nets               = 0
    (Failed Nets is the sum of unrouted and partially routed nets)
  Number of Unrouted Nets             = 0
  Number of Partially Routed Nets     = 0
  Number of Node Overlaps             = 0

Phase 8 Route finalize | Checksum: 16fabafc9

Time (s): cpu = 00:00:16 ; elapsed = 00:00:14 . Memory (MB): peak = 3634.070 ; gain = 61.211 ; free physical = 2945 ; free virtual = 6730

Phase 9 Verifying routed nets

 Verification completed successfully
Phase 9 Verifying routed nets | Checksum: 16fabafc9

Time (s): cpu = 00:00:17 ; elapsed = 00:00:14 . Memory (MB): peak = 3634.086 ; gain = 61.227 ; free physical = 2945 ; free virtual = 6730

Phase 10 Depositing Routes
Phase 10 Depositing Routes | Checksum: 20c18e748

Time (s): cpu = 00:00:17 ; elapsed = 00:00:15 . Memory (MB): peak = 3761.434 ; gain = 188.574 ; free physical = 2944 ; free virtual = 6729

Phase 11 Post Process Routing
Phase 11 Post Process Routing | Checksum: 20c18e748

Time (s): cpu = 00:00:17 ; elapsed = 00:00:15 . Memory (MB): peak = 3761.434 ; gain = 188.574 ; free physical = 2944 ; free virtual = 6729

Phase 12 Post Router Timing
INFO: [Route 35-57] Estimated Timing Summary | WNS=5.227  | TNS=0.000  | WHS=0.196  | THS=0.000  |

INFO: [Route 35-327] The final timing numbers are based on the router estimated timing analysis. For a complete and accurate timing signoff, please run report_timing_summary.
Phase 12 Post Router Timing | Checksum: 20c18e748

Time (s): cpu = 00:00:17 ; elapsed = 00:00:15 . Memory (MB): peak = 3761.434 ; gain = 188.574 ; free physical = 2944 ; free virtual = 6729
Total Elapsed time in route_design: 14.55 secs

Phase 13 Post-Route Event Processing
Phase 13 Post-Route Event Processing | Checksum: 166b6d417

Time (s): cpu = 00:00:17 ; elapsed = 00:00:15 . Memory (MB): peak = 3761.434 ; gain = 188.574 ; free physical = 2944 ; free virtual = 6729
INFO: [Route 35-16] Router Completed Successfully
Ending Routing Task | Checksum: 166b6d417

Time (s): cpu = 00:00:17 ; elapsed = 00:00:15 . Memory (MB): peak = 3761.434 ; gain = 188.574 ; free physical = 2944 ; free virtual = 6729

Routing Is Done.
INFO: [Common 17-83] Releasing license: Implementation
90 Infos, 0 Warnings, 0 Critical Warnings and 0 Errors encountered.
route_design completed successfully
route_design: Time (s): cpu = 00:00:18 ; elapsed = 00:00:15 . Memory (MB): peak = 3761.434 ; gain = 230.270 ; free physical = 2944 ; free virtual = 6729
INFO: [Vivado 12-24828] Executing command : report_drc -file counter_10000_drc_routed.rpt -pb counter_10000_drc_routed.pb -rpx counter_10000_drc_routed.rpx
Command: report_drc -file counter_10000_drc_routed.rpt -pb counter_10000_drc_routed.pb -rpx counter_10000_drc_routed.rpx
INFO: [IP_Flow 19-1839] IP Catalog is up to date.
INFO: [DRC 23-27] Running DRC with 8 threads
INFO: [Vivado_Tcl 2-168] The results of DRC are in file /home/user/project/Verilog/1108_stopwatch/1108_stopwatch.runs/impl_1/counter_10000_drc_routed.rpt.
report_drc completed successfully
INFO: [Vivado 12-24828] Executing command : report_methodology -file counter_10000_methodology_drc_routed.rpt -pb counter_10000_methodology_drc_routed.pb -rpx counter_10000_methodology_drc_routed.rpx
Command: report_methodology -file counter_10000_methodology_drc_routed.rpt -pb counter_10000_methodology_drc_routed.pb -rpx counter_10000_methodology_drc_routed.rpx
INFO: [Timing 38-35] Done setting XDC timing constraints.
INFO: [DRC 23-133] Running Methodology with 8 threads
INFO: [Vivado_Tcl 2-1520] The results of Report Methodology are in file /home/user/project/Verilog/1108_stopwatch/1108_stopwatch.runs/impl_1/counter_10000_methodology_drc_routed.rpt.
report_methodology completed successfully
INFO: [Vivado 12-24828] Executing command : report_timing_summary -max_paths 10 -report_unconstrained -file counter_10000_timing_summary_routed.rpt -pb counter_10000_timing_summary_routed.pb -rpx counter_10000_timing_summary_routed.rpx -warn_on_violation 
INFO: [Timing 38-35] Done setting XDC timing constraints.
INFO: [Timing 38-91] UpdateTimingParams: Speed grade: -1, Delay Type: min_max.
INFO: [Timing 38-191] Multithreading enabled for timing update using a maximum of 8 CPUs
INFO: [Vivado 12-24838] Running report commands "report_bus_skew, report_incremental_reuse, report_route_status" in parallel.
Running report generation with 3 threads.
INFO: [Vivado 12-24828] Executing command : report_incremental_reuse -file counter_10000_incremental_reuse_routed.rpt
INFO: [Vivado_Tcl 4-1062] Incremental flow is disabled. No incremental reuse Info to report.
INFO: [Vivado 12-24828] Executing command : report_route_status -file counter_10000_route_status.rpt -pb counter_10000_route_status.pb
INFO: [Vivado 12-24828] Executing command : report_bus_skew -warn_on_violation -file counter_10000_bus_skew_routed.rpt -pb counter_10000_bus_skew_routed.pb -rpx counter_10000_bus_skew_routed.rpx
INFO: [Timing 38-91] UpdateTimingParams: Speed grade: -1, Delay Type: min_max.
INFO: [Timing 38-191] Multithreading enabled for timing update using a maximum of 8 CPUs
INFO: [Vivado 12-24828] Executing command : report_power -file counter_10000_power_routed.rpt -pb counter_10000_power_summary_routed.pb -rpx counter_10000_power_routed.rpx
Command: report_power -file counter_10000_power_routed.rpt -pb counter_10000_power_summary_routed.pb -rpx counter_10000_power_routed.rpx
Running Vector-less Activity Propagation...

Finished Running Vector-less Activity Propagation
110 Infos, 0 Warnings, 0 Critical Warnings and 0 Errors encountered.
report_power completed successfully
INFO: [Vivado 12-24828] Executing command : report_clock_utilization -file counter_10000_clock_utilization_routed.rpt
WARNING: [Device 21-9320] Failed to find the Oracle tile group with name 'HSR_BOUNDARY_TOP'. This is required for Clock regions and Virtual grid.
WARNING: [Device 21-2174] Failed to initialize Virtual grid.
Write ShapeDB Complete: Time (s): cpu = 00:00:00 ; elapsed = 00:00:00 . Memory (MB): peak = 3870.230 ; gain = 0.000 ; free physical = 2822 ; free virtual = 6607
INFO: [Timing 38-480] Writing timing data to binary archive.
Wrote PlaceDB: Time (s): cpu = 00:00:00.11 ; elapsed = 00:00:00.05 . Memory (MB): peak = 3870.230 ; gain = 0.000 ; free physical = 2817 ; free virtual = 6604
Wrote PulsedLatchDB: Time (s): cpu = 00:00:00 ; elapsed = 00:00:00 . Memory (MB): peak = 3870.230 ; gain = 0.000 ; free physical = 2817 ; free virtual = 6604
Writing XDEF routing.
Writing XDEF routing logical nets.
Writing XDEF routing special nets.
Wrote RouteStorage: Time (s): cpu = 00:00:00.06 ; elapsed = 00:00:00.04 . Memory (MB): peak = 3870.230 ; gain = 0.000 ; free physical = 2817 ; free virtual = 6603
Wrote Netlist Cache: Time (s): cpu = 00:00:00 ; elapsed = 00:00:00 . Memory (MB): peak = 3870.230 ; gain = 0.000 ; free physical = 2817 ; free virtual = 6603
Wrote Device Cache: Time (s): cpu = 00:00:00.01 ; elapsed = 00:00:00.01 . Memory (MB): peak = 3870.230 ; gain = 0.000 ; free physical = 2817 ; free virtual = 6603
Write Physdb Complete: Time (s): cpu = 00:00:00.19 ; elapsed = 00:00:00.11 . Memory (MB): peak = 3870.230 ; gain = 0.000 ; free physical = 2817 ; free virtual = 6603
INFO: [Common 17-1381] The checkpoint '/home/user/project/Verilog/1108_stopwatch/1108_stopwatch.runs/impl_1/counter_10000_routed.dcp' has been generated.
Command: write_bitstream -force counter_10000.bit
Attempting to get a license for feature 'Implementation' and/or device 'xc7a35t'
INFO: [Common 17-349] Got license for feature 'Implementation' and/or device 'xc7a35t'
Running DRC as a precondition to command write_bitstream
INFO: [IP_Flow 19-1839] IP Catalog is up to date.
INFO: [DRC 23-27] Running DRC with 8 threads
INFO: [Vivado 12-3199] DRC finished with 0 Errors
INFO: [Vivado 12-3200] Please refer to the DRC report (report_drc) for more information.
INFO: [Designutils 20-2272] Running write_bitstream with 8 threads.
Loading data files...
Loading site data...
Loading route data...
Processing options...
Creating bitmap...
Creating bitstream...
Writing bitstream ./counter_10000.bit...
INFO: [Vivado 12-1842] Bitgen Completed Successfully.
INFO: [Project 1-1876] WebTalk data collection is mandatory when using a ULT device. To see the specific WebTalk data collected for your design, open the usage_statistics_webtalk.html or usage_statistics_webtalk.xml file in the implementation directory.
INFO: [Common 17-83] Releasing license: Implementation
122 Infos, 2 Warnings, 0 Critical Warnings and 0 Errors encountered.
write_bitstream completed successfully
write_bitstream: Time (s): cpu = 00:00:11 ; elapsed = 00:00:19 . Memory (MB): peak = 4090.977 ; gain = 220.746 ; free physical = 2534 ; free virtual = 6320
INFO: [Common 17-206] Exiting Vivado at Sun Nov 10 10:22:13 2024...
