#-----------------------------------------------------------
# Vivado v2020.2 (64-bit)
# SW Build 3064766 on Wed Nov 18 09:12:45 MST 2020
# IP Build 3064653 on Wed Nov 18 14:17:31 MST 2020
# Start of session at: Mon Dec 30 02:58:55 2024
# Process ID: 8992
# Current directory: D:/Verilog/Verilog/vga_camera_1
# Command line: vivado.exe -gui_launcher_event rodinguilauncherevent9968 D:\Verilog\Verilog\vga_camera_1\vga_camera_1.xpr
# Log file: D:/Verilog/Verilog/vga_camera_1/vivado.log
# Journal file: D:/Verilog/Verilog/vga_camera_1\vivado.jou
#-----------------------------------------------------------
start_gui
open_project D:/Verilog/Verilog/vga_camera_1/vga_camera_1.xpr
Scanning sources...
Finished scanning sources
WARNING: [Project 1-509] GeneratedRun file for 'synth_1' not found
INFO: [IP_Flow 19-234] Refreshing IP repositories
INFO: [IP_Flow 19-1704] No user IP repositories specified
INFO: [IP_Flow 19-2313] Loaded Vivado IP repository 'C:/Xilinx/Vivado/2020.2/data/ip'.
open_project: Time (s): cpu = 00:00:15 ; elapsed = 00:00:08 . Memory (MB): peak = 1089.121 ; gain = 0.000
update_compile_order -fileset sources_1
launch_runs impl_1 -to_step write_bitstream -jobs 4
INFO: [Vivado 12-4149] The synthesis checkpoint for IP 'D:/Verilog/Verilog/vga_camera_1/vga_camera_1.srcs/sources_1/ip/clk_wiz_0/clk_wiz_0.xci' is already up-to-date
[Mon Dec 30 02:59:28 2024] Launched synth_1...
Run output will be captured here: D:/Verilog/Verilog/vga_camera_1/vga_camera_1.runs/synth_1/runme.log
[Mon Dec 30 02:59:28 2024] Launched impl_1...
Run output will be captured here: D:/Verilog/Verilog/vga_camera_1/vga_camera_1.runs/impl_1/runme.log
