
*** Running vivado
    with args -log top_dht11.vds -m64 -product Vivado -mode batch -messageDb vivado.pb -notrace -source top_dht11.tcl


****** Vivado v2024.1 (64-bit)
  **** SW Build 5076996 on Wed May 22 18:36:09 MDT 2024
  **** IP Build 5075265 on Wed May 22 21:45:21 MDT 2024
  **** SharedData Build 5076995 on Wed May 22 18:29:18 MDT 2024
  **** Start of session at: Sat Nov 23 17:44:55 2024
    ** Copyright 1986-2022 Xilinx, Inc. All Rights Reserved.
    ** Copyright 2022-2024 Advanced Micro Devices, Inc. All Rights Reserved.

source top_dht11.tcl -notrace
create_project: Time (s): cpu = 00:00:09 ; elapsed = 00:00:10 . Memory (MB): peak = 1997.836 ; gain = 83.000 ; free physical = 3986 ; free virtual = 7605
Command: read_checkpoint -auto_incremental -incremental /home/user/project/Verilog/DHT11/DHT11.srcs/utils_1/imports/synth_1/top_dht11.dcp
INFO: [Vivado 12-5825] Read reference checkpoint from /home/user/project/Verilog/DHT11/DHT11.srcs/utils_1/imports/synth_1/top_dht11.dcp for incremental synthesis
INFO: [Vivado 12-7989] Please ensure there are no constraint changes
Command: synth_design -top top_dht11 -part xc7a35tcpg236-1
Starting synth_design
Attempting to get a license for feature 'Synthesis' and/or device 'xc7a35t'
INFO: [Common 17-349] Got license for feature 'Synthesis' and/or device 'xc7a35t'
INFO: [Device 21-403] Loading part xc7a35tcpg236-1
INFO: [Device 21-9227] Part: xc7a35tcpg236-1 does not have CEAM library.
INFO: [Designutils 20-5440] No compile time benefit to using incremental synthesis; A full resynthesis will be run
INFO: [Designutils 20-4379] Flow is switching to default flow due to incremental criteria not met. If you would like to alter this behaviour and have the flow terminate instead, please set the following parameter config_implementation {autoIncr.Synth.RejectBehavior Terminate}
INFO: [Synth 8-7079] Multithreading enabled for synth_design using a maximum of 4 processes.
INFO: [Synth 8-7078] Launching helper process for spawning children vivado processes
INFO: [Synth 8-7075] Helper process launched with PID 7994
---------------------------------------------------------------------------------
Starting RTL Elaboration : Time (s): cpu = 00:00:05 ; elapsed = 00:00:05 . Memory (MB): peak = 2787.270 ; gain = 411.648 ; free physical = 3038 ; free virtual = 6427
---------------------------------------------------------------------------------
INFO: [Synth 8-11241] undeclared symbol 'temp_out', assumed default net type 'wire' [/home/user/project/Verilog/DHT11/DHT11.srcs/sources_1/new/top_dht11.v:40]
INFO: [Synth 8-6157] synthesizing module 'top_dht11' [/home/user/project/Verilog/DHT11/DHT11.srcs/sources_1/new/top_dht11.v:23]
INFO: [Synth 8-6157] synthesizing module 'dht11_control' [/home/user/project/Verilog/DHT11/DHT11.srcs/sources_1/new/dht11_control.v:23]
INFO: [Synth 8-6157] synthesizing module 'clock_divider' [/home/user/project/Verilog/DHT11/DHT11.srcs/sources_1/new/dht11_control.v:160]
INFO: [Synth 8-6155] done synthesizing module 'clock_divider' (0#1) [/home/user/project/Verilog/DHT11/DHT11.srcs/sources_1/new/dht11_control.v:160]
INFO: [Synth 8-6157] synthesizing module 'count_5sec' [/home/user/project/Verilog/DHT11/DHT11.srcs/sources_1/new/dht11_control.v:92]
INFO: [Synth 8-6155] done synthesizing module 'count_5sec' (0#1) [/home/user/project/Verilog/DHT11/DHT11.srcs/sources_1/new/dht11_control.v:92]
INFO: [Synth 8-6157] synthesizing module 'start_signal' [/home/user/project/Verilog/DHT11/DHT11.srcs/sources_1/new/dht11_control.v:188]
INFO: [Synth 8-6155] done synthesizing module 'start_signal' (0#1) [/home/user/project/Verilog/DHT11/DHT11.srcs/sources_1/new/dht11_control.v:188]
INFO: [Synth 8-6157] synthesizing module 'receive_data' [/home/user/project/Verilog/DHT11/DHT11.srcs/sources_1/new/dht11_control.v:268]
INFO: [Synth 8-6155] done synthesizing module 'receive_data' (0#1) [/home/user/project/Verilog/DHT11/DHT11.srcs/sources_1/new/dht11_control.v:268]
INFO: [Synth 8-6155] done synthesizing module 'dht11_control' (0#1) [/home/user/project/Verilog/DHT11/DHT11.srcs/sources_1/new/dht11_control.v:23]
INFO: [Synth 8-6157] synthesizing module 'fifo' [/home/user/project/Verilog/DHT11/DHT11.srcs/sources_1/new/fifo.v:23]
INFO: [Synth 8-6157] synthesizing module 'register_file' [/home/user/project/Verilog/DHT11/DHT11.srcs/sources_1/new/fifo.v:57]
INFO: [Synth 8-6155] done synthesizing module 'register_file' (0#1) [/home/user/project/Verilog/DHT11/DHT11.srcs/sources_1/new/fifo.v:57]
INFO: [Synth 8-6157] synthesizing module 'fifo_control_unit' [/home/user/project/Verilog/DHT11/DHT11.srcs/sources_1/new/fifo.v:77]
INFO: [Synth 8-6155] done synthesizing module 'fifo_control_unit' (0#1) [/home/user/project/Verilog/DHT11/DHT11.srcs/sources_1/new/fifo.v:77]
INFO: [Synth 8-6155] done synthesizing module 'fifo' (0#1) [/home/user/project/Verilog/DHT11/DHT11.srcs/sources_1/new/fifo.v:23]
WARNING: [Synth 8-689] width (40) of port connection 'wdata' does not match port width (8) of module 'fifo' [/home/user/project/Verilog/DHT11/DHT11.srcs/sources_1/new/top_dht11.v:46]
INFO: [Synth 8-6157] synthesizing module 'uart' [/home/user/project/Verilog/DHT11/DHT11.srcs/sources_1/new/uart.v:23]
INFO: [Synth 8-6157] synthesizing module 'baudrate_generator' [/home/user/project/Verilog/DHT11/DHT11.srcs/sources_1/new/uart.v:71]
INFO: [Synth 8-6155] done synthesizing module 'baudrate_generator' (0#1) [/home/user/project/Verilog/DHT11/DHT11.srcs/sources_1/new/uart.v:71]
INFO: [Synth 8-6157] synthesizing module 'transmitter' [/home/user/project/Verilog/DHT11/DHT11.srcs/sources_1/new/uart.v:101]
INFO: [Synth 8-6155] done synthesizing module 'transmitter' (0#1) [/home/user/project/Verilog/DHT11/DHT11.srcs/sources_1/new/uart.v:101]
INFO: [Synth 8-6157] synthesizing module 'reciever' [/home/user/project/Verilog/DHT11/DHT11.srcs/sources_1/new/uart.v:291]
INFO: [Synth 8-6155] done synthesizing module 'reciever' (0#1) [/home/user/project/Verilog/DHT11/DHT11.srcs/sources_1/new/uart.v:291]
INFO: [Synth 8-6155] done synthesizing module 'uart' (0#1) [/home/user/project/Verilog/DHT11/DHT11.srcs/sources_1/new/uart.v:23]
INFO: [Synth 8-6155] done synthesizing module 'top_dht11' (0#1) [/home/user/project/Verilog/DHT11/DHT11.srcs/sources_1/new/top_dht11.v:23]
WARNING: [Synth 8-7129] Port tx_data[7] in module uart is either unconnected or has no load
WARNING: [Synth 8-7129] Port tx_data[6] in module uart is either unconnected or has no load
WARNING: [Synth 8-7129] Port tx_data[5] in module uart is either unconnected or has no load
WARNING: [Synth 8-7129] Port tx_data[4] in module uart is either unconnected or has no load
WARNING: [Synth 8-7129] Port tx_data[3] in module uart is either unconnected or has no load
WARNING: [Synth 8-7129] Port tx_data[2] in module uart is either unconnected or has no load
WARNING: [Synth 8-7129] Port tx_data[1] in module uart is either unconnected or has no load
WARNING: [Synth 8-7129] Port tx_data[0] in module uart is either unconnected or has no load
---------------------------------------------------------------------------------
Finished RTL Elaboration : Time (s): cpu = 00:00:07 ; elapsed = 00:00:08 . Memory (MB): peak = 2870.281 ; gain = 494.660 ; free physical = 2713 ; free virtual = 6116
---------------------------------------------------------------------------------
---------------------------------------------------------------------------------
Start Handling Custom Attributes
---------------------------------------------------------------------------------
---------------------------------------------------------------------------------
Finished Handling Custom Attributes : Time (s): cpu = 00:00:07 ; elapsed = 00:00:08 . Memory (MB): peak = 2885.285 ; gain = 509.664 ; free physical = 2693 ; free virtual = 6097
---------------------------------------------------------------------------------
---------------------------------------------------------------------------------
Finished RTL Optimization Phase 1 : Time (s): cpu = 00:00:07 ; elapsed = 00:00:08 . Memory (MB): peak = 2885.285 ; gain = 509.664 ; free physical = 2693 ; free virtual = 6097
---------------------------------------------------------------------------------
Netlist sorting complete. Time (s): cpu = 00:00:00.01 ; elapsed = 00:00:00.02 . Memory (MB): peak = 2893.957 ; gain = 8.059 ; free physical = 2660 ; free virtual = 6071
INFO: [Project 1-570] Preparing netlist for logic optimization

Processing XDC Constraints
Initializing timing engine
Parsing XDC File [/home/user/project/Verilog/DHT11/DHT11.srcs/constrs_1/imports/Downloads/MY_Basys-3-Master.xdc]
Finished Parsing XDC File [/home/user/project/Verilog/DHT11/DHT11.srcs/constrs_1/imports/Downloads/MY_Basys-3-Master.xdc]
INFO: [Project 1-236] Implementation specific constraints were found while reading constraint file [/home/user/project/Verilog/DHT11/DHT11.srcs/constrs_1/imports/Downloads/MY_Basys-3-Master.xdc]. These constraints will be ignored for synthesis but will be used in implementation. Impacted constraints are listed in the file [.Xil/top_dht11_propImpl.xdc].
Resolution: To avoid this warning, move constraints listed in [.Xil/top_dht11_propImpl.xdc] to another XDC file and exclude this new file from synthesis with the used_in_synthesis property (File Properties dialog in GUI) and re-run elaboration/synthesis.
Completed Processing XDC Constraints

Netlist sorting complete. Time (s): cpu = 00:00:00 ; elapsed = 00:00:00 . Memory (MB): peak = 3045.395 ; gain = 0.000 ; free physical = 2533 ; free virtual = 6082
INFO: [Project 1-111] Unisim Transformation Summary:
No Unisim elements were transformed.

Constraint Validation Runtime : Time (s): cpu = 00:00:00 ; elapsed = 00:00:00.01 . Memory (MB): peak = 3045.527 ; gain = 0.074 ; free physical = 2531 ; free virtual = 6083
INFO: [Designutils 20-5440] No compile time benefit to using incremental synthesis; A full resynthesis will be run
INFO: [Designutils 20-4379] Flow is switching to default flow due to incremental criteria not met. If you would like to alter this behaviour and have the flow terminate instead, please set the following parameter config_implementation {autoIncr.Synth.RejectBehavior Terminate}
---------------------------------------------------------------------------------
Finished Constraint Validation : Time (s): cpu = 00:00:15 ; elapsed = 00:00:16 . Memory (MB): peak = 3046.762 ; gain = 671.141 ; free physical = 2390 ; free virtual = 6010
---------------------------------------------------------------------------------
---------------------------------------------------------------------------------
Start Loading Part and Timing Information
---------------------------------------------------------------------------------
Loading part: xc7a35tcpg236-1
---------------------------------------------------------------------------------
Finished Loading Part and Timing Information : Time (s): cpu = 00:00:15 ; elapsed = 00:00:16 . Memory (MB): peak = 3054.891 ; gain = 679.270 ; free physical = 2390 ; free virtual = 6010
---------------------------------------------------------------------------------
---------------------------------------------------------------------------------
Start Applying 'set_property' XDC Constraints
---------------------------------------------------------------------------------
---------------------------------------------------------------------------------
Finished applying 'set_property' XDC Constraints : Time (s): cpu = 00:00:15 ; elapsed = 00:00:16 . Memory (MB): peak = 3054.926 ; gain = 679.305 ; free physical = 2390 ; free virtual = 6010
---------------------------------------------------------------------------------
INFO: [Synth 8-802] inferred FSM for state register 'state_reg_reg' in module 'receive_data'
INFO: [Synth 8-802] inferred FSM for state register 'state_reg' in module 'transmitter'
INFO: [Synth 8-802] inferred FSM for state register 'state_reg' in module 'reciever'
WARNING: [Synth 8-327] inferring latch for variable 'start_dht11_next_reg' [/home/user/project/Verilog/DHT11/DHT11.srcs/sources_1/new/dht11_control.v:116]
---------------------------------------------------------------------------------------------------
                   State |                     New Encoding |                Previous Encoding 
---------------------------------------------------------------------------------------------------
                    NONE |                               00 |                               00
                    WAIT |                               01 |                               01
            WAIT_RECEIVE |                               10 |                               10
                 RECEIVE |                               11 |                               11
---------------------------------------------------------------------------------------------------
INFO: [Synth 8-3354] encoded FSM with state register 'state_reg_reg' using encoding 'sequential' in module 'receive_data'
WARNING: [Synth 8-327] inferring latch for variable 'i_reg' [/home/user/project/Verilog/DHT11/DHT11.srcs/sources_1/new/dht11_control.v:347]
WARNING: [Synth 8-327] inferring latch for variable 'receive_dht11_data_reg' [/home/user/project/Verilog/DHT11/DHT11.srcs/sources_1/new/dht11_control.v:44]
---------------------------------------------------------------------------------------------------
                   State |                     New Encoding |                Previous Encoding 
---------------------------------------------------------------------------------------------------
                    IDLE |                               00 |                               00
                   START |                               01 |                               01
                    DATA |                               10 |                               10
                    STOP |                               11 |                               11
---------------------------------------------------------------------------------------------------
INFO: [Synth 8-3354] encoded FSM with state register 'state_reg' using encoding 'sequential' in module 'transmitter'
---------------------------------------------------------------------------------------------------
                   State |                     New Encoding |                Previous Encoding 
---------------------------------------------------------------------------------------------------
                    IDLE |                               00 |                               00
                   START |                               01 |                               01
                    DATA |                               10 |                               10
                    STOP |                               11 |                               11
---------------------------------------------------------------------------------------------------
INFO: [Synth 8-3354] encoded FSM with state register 'state_reg' using encoding 'sequential' in module 'reciever'
---------------------------------------------------------------------------------
Finished RTL Optimization Phase 2 : Time (s): cpu = 00:00:16 ; elapsed = 00:00:17 . Memory (MB): peak = 3056.359 ; gain = 680.738 ; free physical = 2382 ; free virtual = 6002
---------------------------------------------------------------------------------
---------------------------------------------------------------------------------
Start RTL Component Statistics 
---------------------------------------------------------------------------------
Detailed RTL Component Info : 
+---Adders : 
	   2 Input   32 Bit       Adders := 1     
	   2 Input   23 Bit       Adders := 1     
	   2 Input   15 Bit       Adders := 1     
	   2 Input   10 Bit       Adders := 1     
	   2 Input    8 Bit       Adders := 2     
	   2 Input    7 Bit       Adders := 1     
	   2 Input    4 Bit       Adders := 6     
	   2 Input    3 Bit       Adders := 2     
+---Registers : 
	               40 Bit    Registers := 1     
	               23 Bit    Registers := 1     
	               15 Bit    Registers := 1     
	               10 Bit    Registers := 1     
	                8 Bit    Registers := 3     
	                7 Bit    Registers := 1     
	                4 Bit    Registers := 4     
	                3 Bit    Registers := 2     
	                1 Bit    Registers := 15    
+---Muxes : 
	   2 Input   40 Bit        Muxes := 2     
	   4 Input   40 Bit        Muxes := 1     
	   4 Input   32 Bit        Muxes := 1     
	   2 Input   15 Bit        Muxes := 4     
	   2 Input    8 Bit        Muxes := 4     
	   4 Input    8 Bit        Muxes := 2     
	   2 Input    4 Bit        Muxes := 3     
	   4 Input    4 Bit        Muxes := 2     
	   2 Input    3 Bit        Muxes := 2     
	   4 Input    3 Bit        Muxes := 1     
	   4 Input    2 Bit        Muxes := 3     
	   2 Input    2 Bit        Muxes := 6     
	   2 Input    1 Bit        Muxes := 26    
	   4 Input    1 Bit        Muxes := 24    
---------------------------------------------------------------------------------
Finished RTL Component Statistics 
---------------------------------------------------------------------------------
---------------------------------------------------------------------------------
Start Part Resource Summary
---------------------------------------------------------------------------------
Part Resources:
DSPs: 90 (col length:60)
BRAMs: 100 (col length: RAMB18 60 RAMB36 30)
---------------------------------------------------------------------------------
Finished Part Resource Summary
---------------------------------------------------------------------------------
---------------------------------------------------------------------------------
Start Cross Boundary and Area Optimization
---------------------------------------------------------------------------------
WARNING: [Synth 8-7080] Parallel synthesis criteria is not met
WARNING: [Synth 8-7129] Port tx_data[7] in module uart is either unconnected or has no load
WARNING: [Synth 8-7129] Port tx_data[6] in module uart is either unconnected or has no load
WARNING: [Synth 8-7129] Port tx_data[5] in module uart is either unconnected or has no load
WARNING: [Synth 8-7129] Port tx_data[4] in module uart is either unconnected or has no load
WARNING: [Synth 8-7129] Port tx_data[3] in module uart is either unconnected or has no load
WARNING: [Synth 8-7129] Port tx_data[2] in module uart is either unconnected or has no load
WARNING: [Synth 8-7129] Port tx_data[1] in module uart is either unconnected or has no load
WARNING: [Synth 8-7129] Port tx_data[0] in module uart is either unconnected or has no load
WARNING: [Synth 8-6014] Unused sequential element U_fifo/U_register_file/mem_reg was removed. 
WARNING: [Synth 8-3332] Sequential element (U_dht11_control/U_receive_data/i_reg[31]) is unused and will be removed from module top_dht11.
WARNING: [Synth 8-3332] Sequential element (U_dht11_control/U_receive_data/i_reg[30]) is unused and will be removed from module top_dht11.
WARNING: [Synth 8-3332] Sequential element (U_dht11_control/U_receive_data/i_reg[29]) is unused and will be removed from module top_dht11.
WARNING: [Synth 8-3332] Sequential element (U_dht11_control/U_receive_data/i_reg[28]) is unused and will be removed from module top_dht11.
WARNING: [Synth 8-3332] Sequential element (U_dht11_control/U_receive_data/i_reg[27]) is unused and will be removed from module top_dht11.
WARNING: [Synth 8-3332] Sequential element (U_dht11_control/U_receive_data/i_reg[26]) is unused and will be removed from module top_dht11.
WARNING: [Synth 8-3332] Sequential element (U_dht11_control/U_receive_data/i_reg[25]) is unused and will be removed from module top_dht11.
WARNING: [Synth 8-3332] Sequential element (U_dht11_control/U_receive_data/i_reg[24]) is unused and will be removed from module top_dht11.
WARNING: [Synth 8-3332] Sequential element (U_dht11_control/U_receive_data/i_reg[23]) is unused and will be removed from module top_dht11.
WARNING: [Synth 8-3332] Sequential element (U_dht11_control/U_receive_data/i_reg[22]) is unused and will be removed from module top_dht11.
WARNING: [Synth 8-3332] Sequential element (U_dht11_control/U_receive_data/i_reg[21]) is unused and will be removed from module top_dht11.
WARNING: [Synth 8-3332] Sequential element (U_dht11_control/U_receive_data/i_reg[20]) is unused and will be removed from module top_dht11.
WARNING: [Synth 8-3332] Sequential element (U_dht11_control/U_receive_data/i_reg[19]) is unused and will be removed from module top_dht11.
WARNING: [Synth 8-3332] Sequential element (U_dht11_control/U_receive_data/i_reg[18]) is unused and will be removed from module top_dht11.
WARNING: [Synth 8-3332] Sequential element (U_dht11_control/U_receive_data/i_reg[17]) is unused and will be removed from module top_dht11.
WARNING: [Synth 8-3332] Sequential element (U_dht11_control/U_receive_data/i_reg[16]) is unused and will be removed from module top_dht11.
WARNING: [Synth 8-3332] Sequential element (U_dht11_control/U_receive_data/i_reg[15]) is unused and will be removed from module top_dht11.
WARNING: [Synth 8-3332] Sequential element (U_dht11_control/U_receive_data/i_reg[14]) is unused and will be removed from module top_dht11.
WARNING: [Synth 8-3332] Sequential element (U_dht11_control/U_receive_data/i_reg[13]) is unused and will be removed from module top_dht11.
WARNING: [Synth 8-3332] Sequential element (U_dht11_control/U_receive_data/i_reg[12]) is unused and will be removed from module top_dht11.
WARNING: [Synth 8-3332] Sequential element (U_dht11_control/U_receive_data/i_reg[11]) is unused and will be removed from module top_dht11.
WARNING: [Synth 8-3332] Sequential element (U_dht11_control/U_receive_data/i_reg[10]) is unused and will be removed from module top_dht11.
WARNING: [Synth 8-3332] Sequential element (U_dht11_control/U_receive_data/i_reg[9]) is unused and will be removed from module top_dht11.
WARNING: [Synth 8-3332] Sequential element (U_dht11_control/U_receive_data/i_reg[8]) is unused and will be removed from module top_dht11.
WARNING: [Synth 8-3332] Sequential element (U_dht11_control/U_receive_data/i_reg[7]) is unused and will be removed from module top_dht11.
WARNING: [Synth 8-3332] Sequential element (U_dht11_control/U_receive_data/i_reg[6]) is unused and will be removed from module top_dht11.
WARNING: [Synth 8-3332] Sequential element (U_dht11_control/U_receive_data/i_reg[5]) is unused and will be removed from module top_dht11.
WARNING: [Synth 8-3332] Sequential element (U_dht11_control/U_receive_data/i_reg[4]) is unused and will be removed from module top_dht11.
WARNING: [Synth 8-3332] Sequential element (U_dht11_control/U_receive_data/i_reg[3]) is unused and will be removed from module top_dht11.
WARNING: [Synth 8-3332] Sequential element (U_dht11_control/U_receive_data/i_reg[2]) is unused and will be removed from module top_dht11.
WARNING: [Synth 8-3332] Sequential element (U_dht11_control/U_receive_data/i_reg[1]) is unused and will be removed from module top_dht11.
WARNING: [Synth 8-3332] Sequential element (U_dht11_control/U_receive_data/i_reg[0]) is unused and will be removed from module top_dht11.
CRITICAL WARNING: [Synth 8-6859] multi-driven net on pin Q with 1st driver pin 'U_dht11_control/U_receive_data/i_reg[31]__0/Q' [/home/user/project/Verilog/DHT11/DHT11.srcs/sources_1/new/dht11_control.v:301]
CRITICAL WARNING: [Synth 8-6859] multi-driven net on pin Q with 2nd driver pin 'GND' [/home/user/project/Verilog/DHT11/DHT11.srcs/sources_1/new/dht11_control.v:301]
CRITICAL WARNING: [Synth 8-6858] multi-driven net Q is connected to at least one constant driver which has been preserved, other driver is ignored [/home/user/project/Verilog/DHT11/DHT11.srcs/sources_1/new/dht11_control.v:301]
CRITICAL WARNING: [Synth 8-6859] multi-driven net on pin Q with 1st driver pin 'U_dht11_control/U_receive_data/i_reg[30]__0/Q' [/home/user/project/Verilog/DHT11/DHT11.srcs/sources_1/new/dht11_control.v:301]
CRITICAL WARNING: [Synth 8-6859] multi-driven net on pin Q with 2nd driver pin 'GND' [/home/user/project/Verilog/DHT11/DHT11.srcs/sources_1/new/dht11_control.v:301]
CRITICAL WARNING: [Synth 8-6858] multi-driven net Q is connected to at least one constant driver which has been preserved, other driver is ignored [/home/user/project/Verilog/DHT11/DHT11.srcs/sources_1/new/dht11_control.v:301]
CRITICAL WARNING: [Synth 8-6859] multi-driven net on pin Q with 1st driver pin 'U_dht11_control/U_receive_data/i_reg[29]__0/Q' [/home/user/project/Verilog/DHT11/DHT11.srcs/sources_1/new/dht11_control.v:301]
CRITICAL WARNING: [Synth 8-6859] multi-driven net on pin Q with 2nd driver pin 'GND' [/home/user/project/Verilog/DHT11/DHT11.srcs/sources_1/new/dht11_control.v:301]
CRITICAL WARNING: [Synth 8-6858] multi-driven net Q is connected to at least one constant driver which has been preserved, other driver is ignored [/home/user/project/Verilog/DHT11/DHT11.srcs/sources_1/new/dht11_control.v:301]
CRITICAL WARNING: [Synth 8-6859] multi-driven net on pin Q with 1st driver pin 'U_dht11_control/U_receive_data/i_reg[28]__0/Q' [/home/user/project/Verilog/DHT11/DHT11.srcs/sources_1/new/dht11_control.v:301]
CRITICAL WARNING: [Synth 8-6859] multi-driven net on pin Q with 2nd driver pin 'GND' [/home/user/project/Verilog/DHT11/DHT11.srcs/sources_1/new/dht11_control.v:301]
CRITICAL WARNING: [Synth 8-6858] multi-driven net Q is connected to at least one constant driver which has been preserved, other driver is ignored [/home/user/project/Verilog/DHT11/DHT11.srcs/sources_1/new/dht11_control.v:301]
CRITICAL WARNING: [Synth 8-6859] multi-driven net on pin Q with 1st driver pin 'U_dht11_control/U_receive_data/i_reg[27]__0/Q' [/home/user/project/Verilog/DHT11/DHT11.srcs/sources_1/new/dht11_control.v:301]
CRITICAL WARNING: [Synth 8-6859] multi-driven net on pin Q with 2nd driver pin 'GND' [/home/user/project/Verilog/DHT11/DHT11.srcs/sources_1/new/dht11_control.v:301]
CRITICAL WARNING: [Synth 8-6858] multi-driven net Q is connected to at least one constant driver which has been preserved, other driver is ignored [/home/user/project/Verilog/DHT11/DHT11.srcs/sources_1/new/dht11_control.v:301]
CRITICAL WARNING: [Synth 8-6859] multi-driven net on pin Q with 1st driver pin 'U_dht11_control/U_receive_data/i_reg[26]__0/Q' [/home/user/project/Verilog/DHT11/DHT11.srcs/sources_1/new/dht11_control.v:301]
CRITICAL WARNING: [Synth 8-6859] multi-driven net on pin Q with 2nd driver pin 'GND' [/home/user/project/Verilog/DHT11/DHT11.srcs/sources_1/new/dht11_control.v:301]
CRITICAL WARNING: [Synth 8-6858] multi-driven net Q is connected to at least one constant driver which has been preserved, other driver is ignored [/home/user/project/Verilog/DHT11/DHT11.srcs/sources_1/new/dht11_control.v:301]
CRITICAL WARNING: [Synth 8-6859] multi-driven net on pin Q with 1st driver pin 'U_dht11_control/U_receive_data/i_reg[25]__0/Q' [/home/user/project/Verilog/DHT11/DHT11.srcs/sources_1/new/dht11_control.v:301]
CRITICAL WARNING: [Synth 8-6859] multi-driven net on pin Q with 2nd driver pin 'GND' [/home/user/project/Verilog/DHT11/DHT11.srcs/sources_1/new/dht11_control.v:301]
CRITICAL WARNING: [Synth 8-6858] multi-driven net Q is connected to at least one constant driver which has been preserved, other driver is ignored [/home/user/project/Verilog/DHT11/DHT11.srcs/sources_1/new/dht11_control.v:301]
CRITICAL WARNING: [Synth 8-6859] multi-driven net on pin Q with 1st driver pin 'U_dht11_control/U_receive_data/i_reg[24]__0/Q' [/home/user/project/Verilog/DHT11/DHT11.srcs/sources_1/new/dht11_control.v:301]
CRITICAL WARNING: [Synth 8-6859] multi-driven net on pin Q with 2nd driver pin 'GND' [/home/user/project/Verilog/DHT11/DHT11.srcs/sources_1/new/dht11_control.v:301]
CRITICAL WARNING: [Synth 8-6858] multi-driven net Q is connected to at least one constant driver which has been preserved, other driver is ignored [/home/user/project/Verilog/DHT11/DHT11.srcs/sources_1/new/dht11_control.v:301]
CRITICAL WARNING: [Synth 8-6859] multi-driven net on pin Q with 1st driver pin 'U_dht11_control/U_receive_data/i_reg[23]__0/Q' [/home/user/project/Verilog/DHT11/DHT11.srcs/sources_1/new/dht11_control.v:301]
CRITICAL WARNING: [Synth 8-6859] multi-driven net on pin Q with 2nd driver pin 'GND' [/home/user/project/Verilog/DHT11/DHT11.srcs/sources_1/new/dht11_control.v:301]
CRITICAL WARNING: [Synth 8-6858] multi-driven net Q is connected to at least one constant driver which has been preserved, other driver is ignored [/home/user/project/Verilog/DHT11/DHT11.srcs/sources_1/new/dht11_control.v:301]
CRITICAL WARNING: [Synth 8-6859] multi-driven net on pin Q with 1st driver pin 'U_dht11_control/U_receive_data/i_reg[22]__0/Q' [/home/user/project/Verilog/DHT11/DHT11.srcs/sources_1/new/dht11_control.v:301]
CRITICAL WARNING: [Synth 8-6859] multi-driven net on pin Q with 2nd driver pin 'GND' [/home/user/project/Verilog/DHT11/DHT11.srcs/sources_1/new/dht11_control.v:301]
CRITICAL WARNING: [Synth 8-6858] multi-driven net Q is connected to at least one constant driver which has been preserved, other driver is ignored [/home/user/project/Verilog/DHT11/DHT11.srcs/sources_1/new/dht11_control.v:301]
CRITICAL WARNING: [Synth 8-6859] multi-driven net on pin Q with 1st driver pin 'U_dht11_control/U_receive_data/i_reg[21]__0/Q' [/home/user/project/Verilog/DHT11/DHT11.srcs/sources_1/new/dht11_control.v:301]
CRITICAL WARNING: [Synth 8-6859] multi-driven net on pin Q with 2nd driver pin 'GND' [/home/user/project/Verilog/DHT11/DHT11.srcs/sources_1/new/dht11_control.v:301]
CRITICAL WARNING: [Synth 8-6858] multi-driven net Q is connected to at least one constant driver which has been preserved, other driver is ignored [/home/user/project/Verilog/DHT11/DHT11.srcs/sources_1/new/dht11_control.v:301]
CRITICAL WARNING: [Synth 8-6859] multi-driven net on pin Q with 1st driver pin 'U_dht11_control/U_receive_data/i_reg[20]__0/Q' [/home/user/project/Verilog/DHT11/DHT11.srcs/sources_1/new/dht11_control.v:301]
CRITICAL WARNING: [Synth 8-6859] multi-driven net on pin Q with 2nd driver pin 'GND' [/home/user/project/Verilog/DHT11/DHT11.srcs/sources_1/new/dht11_control.v:301]
CRITICAL WARNING: [Synth 8-6858] multi-driven net Q is connected to at least one constant driver which has been preserved, other driver is ignored [/home/user/project/Verilog/DHT11/DHT11.srcs/sources_1/new/dht11_control.v:301]
CRITICAL WARNING: [Synth 8-6859] multi-driven net on pin Q with 1st driver pin 'U_dht11_control/U_receive_data/i_reg[19]__0/Q' [/home/user/project/Verilog/DHT11/DHT11.srcs/sources_1/new/dht11_control.v:301]
CRITICAL WARNING: [Synth 8-6859] multi-driven net on pin Q with 2nd driver pin 'GND' [/home/user/project/Verilog/DHT11/DHT11.srcs/sources_1/new/dht11_control.v:301]
CRITICAL WARNING: [Synth 8-6858] multi-driven net Q is connected to at least one constant driver which has been preserved, other driver is ignored [/home/user/project/Verilog/DHT11/DHT11.srcs/sources_1/new/dht11_control.v:301]
CRITICAL WARNING: [Synth 8-6859] multi-driven net on pin Q with 1st driver pin 'U_dht11_control/U_receive_data/i_reg[18]__0/Q' [/home/user/project/Verilog/DHT11/DHT11.srcs/sources_1/new/dht11_control.v:301]
CRITICAL WARNING: [Synth 8-6859] multi-driven net on pin Q with 2nd driver pin 'GND' [/home/user/project/Verilog/DHT11/DHT11.srcs/sources_1/new/dht11_control.v:301]
CRITICAL WARNING: [Synth 8-6858] multi-driven net Q is connected to at least one constant driver which has been preserved, other driver is ignored [/home/user/project/Verilog/DHT11/DHT11.srcs/sources_1/new/dht11_control.v:301]
CRITICAL WARNING: [Synth 8-6859] multi-driven net on pin Q with 1st driver pin 'U_dht11_control/U_receive_data/i_reg[17]__0/Q' [/home/user/project/Verilog/DHT11/DHT11.srcs/sources_1/new/dht11_control.v:301]
CRITICAL WARNING: [Synth 8-6859] multi-driven net on pin Q with 2nd driver pin 'GND' [/home/user/project/Verilog/DHT11/DHT11.srcs/sources_1/new/dht11_control.v:301]
CRITICAL WARNING: [Synth 8-6858] multi-driven net Q is connected to at least one constant driver which has been preserved, other driver is ignored [/home/user/project/Verilog/DHT11/DHT11.srcs/sources_1/new/dht11_control.v:301]
CRITICAL WARNING: [Synth 8-6859] multi-driven net on pin Q with 1st driver pin 'U_dht11_control/U_receive_data/i_reg[16]__0/Q' [/home/user/project/Verilog/DHT11/DHT11.srcs/sources_1/new/dht11_control.v:301]
CRITICAL WARNING: [Synth 8-6859] multi-driven net on pin Q with 2nd driver pin 'GND' [/home/user/project/Verilog/DHT11/DHT11.srcs/sources_1/new/dht11_control.v:301]
CRITICAL WARNING: [Synth 8-6858] multi-driven net Q is connected to at least one constant driver which has been preserved, other driver is ignored [/home/user/project/Verilog/DHT11/DHT11.srcs/sources_1/new/dht11_control.v:301]
CRITICAL WARNING: [Synth 8-6859] multi-driven net on pin Q with 1st driver pin 'U_dht11_control/U_receive_data/i_reg[15]__0/Q' [/home/user/project/Verilog/DHT11/DHT11.srcs/sources_1/new/dht11_control.v:301]
CRITICAL WARNING: [Synth 8-6859] multi-driven net on pin Q with 2nd driver pin 'GND' [/home/user/project/Verilog/DHT11/DHT11.srcs/sources_1/new/dht11_control.v:301]
CRITICAL WARNING: [Synth 8-6858] multi-driven net Q is connected to at least one constant driver which has been preserved, other driver is ignored [/home/user/project/Verilog/DHT11/DHT11.srcs/sources_1/new/dht11_control.v:301]
CRITICAL WARNING: [Synth 8-6859] multi-driven net on pin Q with 1st driver pin 'U_dht11_control/U_receive_data/i_reg[14]__0/Q' [/home/user/project/Verilog/DHT11/DHT11.srcs/sources_1/new/dht11_control.v:301]
CRITICAL WARNING: [Synth 8-6859] multi-driven net on pin Q with 2nd driver pin 'GND' [/home/user/project/Verilog/DHT11/DHT11.srcs/sources_1/new/dht11_control.v:301]
CRITICAL WARNING: [Synth 8-6858] multi-driven net Q is connected to at least one constant driver which has been preserved, other driver is ignored [/home/user/project/Verilog/DHT11/DHT11.srcs/sources_1/new/dht11_control.v:301]
CRITICAL WARNING: [Synth 8-6859] multi-driven net on pin Q with 1st driver pin 'U_dht11_control/U_receive_data/i_reg[13]__0/Q' [/home/user/project/Verilog/DHT11/DHT11.srcs/sources_1/new/dht11_control.v:301]
CRITICAL WARNING: [Synth 8-6859] multi-driven net on pin Q with 2nd driver pin 'GND' [/home/user/project/Verilog/DHT11/DHT11.srcs/sources_1/new/dht11_control.v:301]
CRITICAL WARNING: [Synth 8-6858] multi-driven net Q is connected to at least one constant driver which has been preserved, other driver is ignored [/home/user/project/Verilog/DHT11/DHT11.srcs/sources_1/new/dht11_control.v:301]
CRITICAL WARNING: [Synth 8-6859] multi-driven net on pin Q with 1st driver pin 'U_dht11_control/U_receive_data/i_reg[12]__0/Q' [/home/user/project/Verilog/DHT11/DHT11.srcs/sources_1/new/dht11_control.v:301]
CRITICAL WARNING: [Synth 8-6859] multi-driven net on pin Q with 2nd driver pin 'GND' [/home/user/project/Verilog/DHT11/DHT11.srcs/sources_1/new/dht11_control.v:301]
CRITICAL WARNING: [Synth 8-6858] multi-driven net Q is connected to at least one constant driver which has been preserved, other driver is ignored [/home/user/project/Verilog/DHT11/DHT11.srcs/sources_1/new/dht11_control.v:301]
CRITICAL WARNING: [Synth 8-6859] multi-driven net on pin Q with 1st driver pin 'U_dht11_control/U_receive_data/i_reg[11]__0/Q' [/home/user/project/Verilog/DHT11/DHT11.srcs/sources_1/new/dht11_control.v:301]
CRITICAL WARNING: [Synth 8-6859] multi-driven net on pin Q with 2nd driver pin 'GND' [/home/user/project/Verilog/DHT11/DHT11.srcs/sources_1/new/dht11_control.v:301]
CRITICAL WARNING: [Synth 8-6858] multi-driven net Q is connected to at least one constant driver which has been preserved, other driver is ignored [/home/user/project/Verilog/DHT11/DHT11.srcs/sources_1/new/dht11_control.v:301]
CRITICAL WARNING: [Synth 8-6859] multi-driven net on pin Q with 1st driver pin 'U_dht11_control/U_receive_data/i_reg[10]__0/Q' [/home/user/project/Verilog/DHT11/DHT11.srcs/sources_1/new/dht11_control.v:301]
CRITICAL WARNING: [Synth 8-6859] multi-driven net on pin Q with 2nd driver pin 'GND' [/home/user/project/Verilog/DHT11/DHT11.srcs/sources_1/new/dht11_control.v:301]
CRITICAL WARNING: [Synth 8-6858] multi-driven net Q is connected to at least one constant driver which has been preserved, other driver is ignored [/home/user/project/Verilog/DHT11/DHT11.srcs/sources_1/new/dht11_control.v:301]
CRITICAL WARNING: [Synth 8-6859] multi-driven net on pin Q with 1st driver pin 'U_dht11_control/U_receive_data/i_reg[9]__0/Q' [/home/user/project/Verilog/DHT11/DHT11.srcs/sources_1/new/dht11_control.v:301]
CRITICAL WARNING: [Synth 8-6859] multi-driven net on pin Q with 2nd driver pin 'GND' [/home/user/project/Verilog/DHT11/DHT11.srcs/sources_1/new/dht11_control.v:301]
CRITICAL WARNING: [Synth 8-6858] multi-driven net Q is connected to at least one constant driver which has been preserved, other driver is ignored [/home/user/project/Verilog/DHT11/DHT11.srcs/sources_1/new/dht11_control.v:301]
CRITICAL WARNING: [Synth 8-6859] multi-driven net on pin Q with 1st driver pin 'U_dht11_control/U_receive_data/i_reg[8]__0/Q' [/home/user/project/Verilog/DHT11/DHT11.srcs/sources_1/new/dht11_control.v:301]
CRITICAL WARNING: [Synth 8-6859] multi-driven net on pin Q with 2nd driver pin 'GND' [/home/user/project/Verilog/DHT11/DHT11.srcs/sources_1/new/dht11_control.v:301]
CRITICAL WARNING: [Synth 8-6858] multi-driven net Q is connected to at least one constant driver which has been preserved, other driver is ignored [/home/user/project/Verilog/DHT11/DHT11.srcs/sources_1/new/dht11_control.v:301]
CRITICAL WARNING: [Synth 8-6859] multi-driven net on pin Q with 1st driver pin 'U_dht11_control/U_receive_data/i_reg[7]__0/Q' [/home/user/project/Verilog/DHT11/DHT11.srcs/sources_1/new/dht11_control.v:301]
CRITICAL WARNING: [Synth 8-6859] multi-driven net on pin Q with 2nd driver pin 'GND' [/home/user/project/Verilog/DHT11/DHT11.srcs/sources_1/new/dht11_control.v:301]
CRITICAL WARNING: [Synth 8-6858] multi-driven net Q is connected to at least one constant driver which has been preserved, other driver is ignored [/home/user/project/Verilog/DHT11/DHT11.srcs/sources_1/new/dht11_control.v:301]
CRITICAL WARNING: [Synth 8-6859] multi-driven net on pin Q with 1st driver pin 'U_dht11_control/U_receive_data/i_reg[6]__0/Q' [/home/user/project/Verilog/DHT11/DHT11.srcs/sources_1/new/dht11_control.v:301]
CRITICAL WARNING: [Synth 8-6859] multi-driven net on pin Q with 2nd driver pin 'GND' [/home/user/project/Verilog/DHT11/DHT11.srcs/sources_1/new/dht11_control.v:301]
CRITICAL WARNING: [Synth 8-6858] multi-driven net Q is connected to at least one constant driver which has been preserved, other driver is ignored [/home/user/project/Verilog/DHT11/DHT11.srcs/sources_1/new/dht11_control.v:301]
CRITICAL WARNING: [Synth 8-6859] multi-driven net on pin Q with 1st driver pin 'U_dht11_control/U_receive_data/i_reg[5]__0/Q' [/home/user/project/Verilog/DHT11/DHT11.srcs/sources_1/new/dht11_control.v:301]
CRITICAL WARNING: [Synth 8-6859] multi-driven net on pin Q with 2nd driver pin 'GND' [/home/user/project/Verilog/DHT11/DHT11.srcs/sources_1/new/dht11_control.v:301]
CRITICAL WARNING: [Synth 8-6858] multi-driven net Q is connected to at least one constant driver which has been preserved, other driver is ignored [/home/user/project/Verilog/DHT11/DHT11.srcs/sources_1/new/dht11_control.v:301]
CRITICAL WARNING: [Synth 8-6859] multi-driven net on pin Q with 1st driver pin 'U_dht11_control/U_receive_data/i_reg[4]__0/Q' [/home/user/project/Verilog/DHT11/DHT11.srcs/sources_1/new/dht11_control.v:301]
CRITICAL WARNING: [Synth 8-6859] multi-driven net on pin Q with 2nd driver pin 'GND' [/home/user/project/Verilog/DHT11/DHT11.srcs/sources_1/new/dht11_control.v:301]
CRITICAL WARNING: [Synth 8-6858] multi-driven net Q is connected to at least one constant driver which has been preserved, other driver is ignored [/home/user/project/Verilog/DHT11/DHT11.srcs/sources_1/new/dht11_control.v:301]
CRITICAL WARNING: [Synth 8-6859] multi-driven net on pin Q with 1st driver pin 'U_dht11_control/U_receive_data/i_reg[3]__0/Q' [/home/user/project/Verilog/DHT11/DHT11.srcs/sources_1/new/dht11_control.v:301]
CRITICAL WARNING: [Synth 8-6859] multi-driven net on pin Q with 2nd driver pin 'GND' [/home/user/project/Verilog/DHT11/DHT11.srcs/sources_1/new/dht11_control.v:301]
CRITICAL WARNING: [Synth 8-6858] multi-driven net Q is connected to at least one constant driver which has been preserved, other driver is ignored [/home/user/project/Verilog/DHT11/DHT11.srcs/sources_1/new/dht11_control.v:301]
CRITICAL WARNING: [Synth 8-6859] multi-driven net on pin Q with 1st driver pin 'U_dht11_control/U_receive_data/i_reg[2]__0/Q' [/home/user/project/Verilog/DHT11/DHT11.srcs/sources_1/new/dht11_control.v:301]
CRITICAL WARNING: [Synth 8-6859] multi-driven net on pin Q with 2nd driver pin 'GND' [/home/user/project/Verilog/DHT11/DHT11.srcs/sources_1/new/dht11_control.v:301]
CRITICAL WARNING: [Synth 8-6858] multi-driven net Q is connected to at least one constant driver which has been preserved, other driver is ignored [/home/user/project/Verilog/DHT11/DHT11.srcs/sources_1/new/dht11_control.v:301]
CRITICAL WARNING: [Synth 8-6859] multi-driven net on pin Q with 1st driver pin 'U_dht11_control/U_receive_data/i_reg[1]__0/Q' [/home/user/project/Verilog/DHT11/DHT11.srcs/sources_1/new/dht11_control.v:301]
CRITICAL WARNING: [Synth 8-6859] multi-driven net on pin Q with 2nd driver pin 'GND' [/home/user/project/Verilog/DHT11/DHT11.srcs/sources_1/new/dht11_control.v:301]
CRITICAL WARNING: [Synth 8-6858] multi-driven net Q is connected to at least one constant driver which has been preserved, other driver is ignored [/home/user/project/Verilog/DHT11/DHT11.srcs/sources_1/new/dht11_control.v:301]
CRITICAL WARNING: [Synth 8-6859] multi-driven net on pin Q with 1st driver pin 'U_dht11_control/U_receive_data/i_reg[0]__0/Q' [/home/user/project/Verilog/DHT11/DHT11.srcs/sources_1/new/dht11_control.v:301]
CRITICAL WARNING: [Synth 8-6859] multi-driven net on pin Q with 2nd driver pin 'GND' [/home/user/project/Verilog/DHT11/DHT11.srcs/sources_1/new/dht11_control.v:301]
CRITICAL WARNING: [Synth 8-6858] multi-driven net Q is connected to at least one constant driver which has been preserved, other driver is ignored [/home/user/project/Verilog/DHT11/DHT11.srcs/sources_1/new/dht11_control.v:301]
WARNING: [Synth 8-3332] Sequential element (U_uart/U_reciever/FSM_sequential_state_reg[1]) is unused and will be removed from module top_dht11.
WARNING: [Synth 8-3332] Sequential element (U_uart/U_reciever/FSM_sequential_state_reg[0]) is unused and will be removed from module top_dht11.
---------------------------------------------------------------------------------
Finished Cross Boundary and Area Optimization : Time (s): cpu = 00:00:18 ; elapsed = 00:00:19 . Memory (MB): peak = 3058.016 ; gain = 682.395 ; free physical = 2359 ; free virtual = 5981
---------------------------------------------------------------------------------
---------------------------------------------------------------------------------
Start Applying XDC Timing Constraints
---------------------------------------------------------------------------------
---------------------------------------------------------------------------------
Finished Applying XDC Timing Constraints : Time (s): cpu = 00:00:26 ; elapsed = 00:00:27 . Memory (MB): peak = 3102.570 ; gain = 726.949 ; free physical = 2353 ; free virtual = 5974
---------------------------------------------------------------------------------
---------------------------------------------------------------------------------
Start Timing Optimization
---------------------------------------------------------------------------------
---------------------------------------------------------------------------------
Finished Timing Optimization : Time (s): cpu = 00:00:26 ; elapsed = 00:00:27 . Memory (MB): peak = 3102.570 ; gain = 726.949 ; free physical = 2353 ; free virtual = 5974
---------------------------------------------------------------------------------
---------------------------------------------------------------------------------
Start Technology Mapping
---------------------------------------------------------------------------------
---------------------------------------------------------------------------------
Finished Technology Mapping : Time (s): cpu = 00:00:26 ; elapsed = 00:00:28 . Memory (MB): peak = 3102.570 ; gain = 726.949 ; free physical = 2353 ; free virtual = 5974
---------------------------------------------------------------------------------
---------------------------------------------------------------------------------
Start IO Insertion
---------------------------------------------------------------------------------
---------------------------------------------------------------------------------
Start Flattening Before IO Insertion
---------------------------------------------------------------------------------
---------------------------------------------------------------------------------
Finished Flattening Before IO Insertion
---------------------------------------------------------------------------------
---------------------------------------------------------------------------------
Start Final Netlist Cleanup
---------------------------------------------------------------------------------
---------------------------------------------------------------------------------
Finished Final Netlist Cleanup
---------------------------------------------------------------------------------
---------------------------------------------------------------------------------
Finished IO Insertion : Time (s): cpu = 00:00:29 ; elapsed = 00:00:31 . Memory (MB): peak = 3102.570 ; gain = 726.949 ; free physical = 2349 ; free virtual = 5970
---------------------------------------------------------------------------------
---------------------------------------------------------------------------------
Start Renaming Generated Instances
---------------------------------------------------------------------------------
---------------------------------------------------------------------------------
Finished Renaming Generated Instances : Time (s): cpu = 00:00:29 ; elapsed = 00:00:31 . Memory (MB): peak = 3102.570 ; gain = 726.949 ; free physical = 2349 ; free virtual = 5970
---------------------------------------------------------------------------------
---------------------------------------------------------------------------------
Start Rebuilding User Hierarchy
---------------------------------------------------------------------------------
---------------------------------------------------------------------------------
Finished Rebuilding User Hierarchy : Time (s): cpu = 00:00:29 ; elapsed = 00:00:31 . Memory (MB): peak = 3102.570 ; gain = 726.949 ; free physical = 2349 ; free virtual = 5970
---------------------------------------------------------------------------------
---------------------------------------------------------------------------------
Start Renaming Generated Ports
---------------------------------------------------------------------------------
---------------------------------------------------------------------------------
Finished Renaming Generated Ports : Time (s): cpu = 00:00:29 ; elapsed = 00:00:31 . Memory (MB): peak = 3102.570 ; gain = 726.949 ; free physical = 2349 ; free virtual = 5970
---------------------------------------------------------------------------------
---------------------------------------------------------------------------------
Start Handling Custom Attributes
---------------------------------------------------------------------------------
---------------------------------------------------------------------------------
Finished Handling Custom Attributes : Time (s): cpu = 00:00:29 ; elapsed = 00:00:31 . Memory (MB): peak = 3102.570 ; gain = 726.949 ; free physical = 2349 ; free virtual = 5970
---------------------------------------------------------------------------------
---------------------------------------------------------------------------------
Start Renaming Generated Nets
---------------------------------------------------------------------------------
---------------------------------------------------------------------------------
Finished Renaming Generated Nets : Time (s): cpu = 00:00:29 ; elapsed = 00:00:31 . Memory (MB): peak = 3102.570 ; gain = 726.949 ; free physical = 2349 ; free virtual = 5970
---------------------------------------------------------------------------------
---------------------------------------------------------------------------------
Start Writing Synthesis Report
---------------------------------------------------------------------------------

Report BlackBoxes: 
+-+--------------+----------+
| |BlackBox name |Instances |
+-+--------------+----------+
+-+--------------+----------+

Report Cell Usage: 
+------+-------+------+
|      |Cell   |Count |
+------+-------+------+
|1     |BUFG   |     1|
|2     |CARRY4 |    10|
|3     |LUT1   |     6|
|4     |LUT2   |    29|
|5     |LUT3   |    12|
|6     |LUT4   |    45|
|7     |LUT5   |    19|
|8     |LUT6   |    29|
|9     |FDCE   |    92|
|10    |FDPE   |     2|
|11    |LD     |     2|
|12    |IBUF   |     2|
|13    |IOBUF  |     1|
|14    |OBUF   |     1|
+------+-------+------+
---------------------------------------------------------------------------------
Finished Writing Synthesis Report : Time (s): cpu = 00:00:29 ; elapsed = 00:00:31 . Memory (MB): peak = 3102.570 ; gain = 726.949 ; free physical = 2349 ; free virtual = 5970
---------------------------------------------------------------------------------
Synthesis finished with 0 errors, 96 critical warnings and 47 warnings.
Synthesis Optimization Runtime : Time (s): cpu = 00:00:27 ; elapsed = 00:00:28 . Memory (MB): peak = 3102.570 ; gain = 566.250 ; free physical = 2349 ; free virtual = 5970
Synthesis Optimization Complete : Time (s): cpu = 00:00:29 ; elapsed = 00:00:31 . Memory (MB): peak = 3102.570 ; gain = 726.949 ; free physical = 2348 ; free virtual = 5970
INFO: [Project 1-571] Translating synthesized netlist
Netlist sorting complete. Time (s): cpu = 00:00:00.01 ; elapsed = 00:00:00 . Memory (MB): peak = 3102.570 ; gain = 0.000 ; free physical = 2348 ; free virtual = 5973
INFO: [Netlist 29-17] Analyzing 13 Unisim elements for replacement
INFO: [Netlist 29-28] Unisim Transformation completed in 0 CPU seconds
INFO: [Project 1-570] Preparing netlist for logic optimization
INFO: [Opt 31-138] Pushed 0 inverter(s) to 0 load pin(s).
Netlist sorting complete. Time (s): cpu = 00:00:00 ; elapsed = 00:00:00 . Memory (MB): peak = 3102.570 ; gain = 0.000 ; free physical = 2769 ; free virtual = 6396
INFO: [Project 1-111] Unisim Transformation Summary:
  A total of 3 instances were transformed.
  IOBUF => IOBUF (IBUF, OBUFT): 1 instance 
  LD => LDCE: 2 instances

Synth Design complete | Checksum: 23c724c2
INFO: [Common 17-83] Releasing license: Synthesis
55 Infos, 56 Warnings, 96 Critical Warnings and 0 Errors encountered.
synth_design completed successfully
synth_design: Time (s): cpu = 00:00:45 ; elapsed = 00:00:40 . Memory (MB): peak = 3102.570 ; gain = 1097.008 ; free physical = 2769 ; free virtual = 6396
INFO: [Common 17-2834] synth_design peak Physical Memory [PSS] (MB): overall = 2488.683; main = 1855.272; forked = 662.135
INFO: [Common 17-2834] synth_design peak Virtual Memory [VSS] (MB): overall = 5459.016; main = 3088.840; forked = 2400.848
INFO: [runtcl-6] Synthesis results are not added to the cache due to CRITICAL_WARNING
Write ShapeDB Complete: Time (s): cpu = 00:00:00.05 ; elapsed = 00:00:00.06 . Memory (MB): peak = 3114.270 ; gain = 0.383 ; free physical = 2769 ; free virtual = 6395
INFO: [Common 17-1381] The checkpoint '/home/user/project/Verilog/DHT11/DHT11.runs/synth_1/top_dht11.dcp' has been generated.
INFO: [Vivado 12-24828] Executing command : report_utilization -file top_dht11_utilization_synth.rpt -pb top_dht11_utilization_synth.pb
INFO: [Common 17-206] Exiting Vivado at Sat Nov 23 17:45:54 2024...
