Copyright 1986-2020 Xilinx, Inc. All Rights Reserved.
------------------------------------------------------------------------------------
| Tool Version : Vivado v.2020.2 (win64) Build 3064766 Wed Nov 18 09:12:45 MST 2020
| Date         : Sun Dec 22 17:44:03 2024
| Host         : DESKTOP-7CFQ9ND running 64-bit major release  (build 9200)
| Command      : report_control_sets -verbose -file MCU_control_sets_placed.rpt
| Design       : MCU
| Device       : xc7a35t
------------------------------------------------------------------------------------

Control Set Information

Table of Contents
-----------------
1. Summary
2. Histogram
3. Flip-Flop Distribution
4. Detailed Control Set Information

1. Summary
----------

+----------------------------------------------------------+-------+
|                          Status                          | Count |
+----------------------------------------------------------+-------+
| Total control sets                                       |    28 |
|    Minimum number of control sets                        |    28 |
|    Addition due to synthesis replication                 |     0 |
|    Addition due to physical synthesis replication        |     0 |
| Unused register locations in slices containing registers |    31 |
+----------------------------------------------------------+-------+
* Control sets can be merged at opt_design using control_set_merge or merge_equivalent_drivers
** Run report_qor_suggestions for automated merging and remapping suggestions


2. Histogram
------------

+--------------------+-------+
|       Fanout       | Count |
+--------------------+-------+
| Total control sets |    28 |
| >= 0 to < 4        |     2 |
| >= 4 to < 6        |     2 |
| >= 6 to < 8        |     0 |
| >= 8 to < 10       |     0 |
| >= 10 to < 12      |     1 |
| >= 12 to < 14      |     0 |
| >= 14 to < 16      |     0 |
| >= 16              |    23 |
+--------------------+-------+
* Control sets can be remapped at either synth_design or opt_design


3. Flip-Flop Distribution
-------------------------

+--------------+-----------------------+------------------------+-----------------+--------------+
| Clock Enable | Synchronous Set/Reset | Asynchronous Set/Reset | Total Registers | Total Slices |
+--------------+-----------------------+------------------------+-----------------+--------------+
| No           | No                    | No                     |               3 |            3 |
| No           | No                    | Yes                    |              21 |           10 |
| No           | Yes                   | No                     |               0 |            0 |
| Yes          | No                    | No                     |              96 |           26 |
| Yes          | No                    | Yes                    |             689 |          216 |
| Yes          | Yes                   | No                     |               0 |            0 |
+--------------+-----------------------+------------------------+-----------------+--------------+


4. Detailed Control Set Information
-----------------------------------

+-------------------------------------------------+-------------------------------------------------------------+------------------+------------------+----------------+--------------+
|                   Clock Signal                  |                        Enable Signal                        | Set/Reset Signal | Slice Load Count | Bel Load Count | Bels / Slice |
+-------------------------------------------------+-------------------------------------------------------------+------------------+------------------+----------------+--------------+
|  U_RV32I_CORE/U_DataPath/U_EXE_Reg1/q_reg[28]_0 |                                                             |                  |                1 |              1 |         1.00 |
|  clk_IBUF_BUFG                                  |                                                             |                  |                2 |              2 |         1.00 |
|  clk_IBUF_BUFG                                  | U_I2C_Master/U_MASTER_ip/sel                                | reset_IBUF       |                1 |              4 |         4.00 |
|  clk_IBUF_BUFG                                  | U_I2C_Master/U_MASTER_ip/state_reg[3]_i_1_n_0               | reset_IBUF       |                2 |              4 |         2.00 |
|  clk_IBUF_BUFG                                  | U_I2C_Master/U_MASTER_ip/counter_reg[10]_i_1_n_0            | reset_IBUF       |                4 |             11 |         2.75 |
|  clk_IBUF_BUFG                                  |                                                             | reset_IBUF       |               10 |             21 |         2.10 |
|  clk_IBUF_BUFG                                  | U_RV32I_CORE/U_ControlUnit/E[0]                             | reset_IBUF       |               10 |             32 |         3.20 |
|  clk_IBUF_BUFG                                  | U_RV32I_CORE/U_ControlUnit/FSM_sequential_state_reg[2]_1[0] | reset_IBUF       |               15 |             32 |         2.13 |
|  clk_IBUF_BUFG                                  | U_RV32I_CORE/U_ControlUnit/FSM_sequential_state_reg[3]_3[0] | reset_IBUF       |                9 |             32 |         3.56 |
|  clk_IBUF_BUFG                                  | U_RV32I_CORE/U_ControlUnit/q_reg[17][0]                     | reset_IBUF       |                9 |             32 |         3.56 |
|  clk_IBUF_BUFG                                  | U_RV32I_CORE/U_ControlUnit/q_reg[17]_0[0]                   | reset_IBUF       |               12 |             32 |         2.67 |
|  clk_IBUF_BUFG                                  | U_RV32I_CORE/U_ControlUnit/q_reg[10][0]                     | reset_IBUF       |               10 |             32 |         3.20 |
|  clk_IBUF_BUFG                                  | U_RV32I_CORE/U_ControlUnit/q_reg[17]_1[0]                   | reset_IBUF       |               11 |             32 |         2.91 |
|  clk_IBUF_BUFG                                  | U_RV32I_CORE/U_DataPath/U_EXE_Reg1/q_reg[17]_1[0]           |                  |               12 |             32 |         2.67 |
|  clk_IBUF_BUFG                                  | U_RV32I_CORE/U_DataPath/U_EXE_Reg1/q_reg[2]_1[0]            |                  |                6 |             32 |         5.33 |
|  clk_IBUF_BUFG                                  | U_RV32I_CORE/U_DataPath/U_EXE_Reg1/q_reg[17]_0[0]           | reset_IBUF       |                7 |             32 |         4.57 |
|  clk_IBUF_BUFG                                  | U_RV32I_CORE/U_DataPath/U_EXE_Reg1/q_reg[2]_0[0]            | reset_IBUF       |                6 |             32 |         5.33 |
|  clk_IBUF_BUFG                                  | U_RV32I_CORE/U_DataPath/U_EXE_Reg1/q_reg[2]_4[0]            | reset_IBUF       |                7 |             32 |         4.57 |
|  clk_IBUF_BUFG                                  | U_RV32I_CORE/U_DataPath/U_EXE_Reg1/q_reg[2]_2[0]            | reset_IBUF       |                6 |             32 |         5.33 |
|  clk_IBUF_BUFG                                  | U_RV32I_CORE/U_DataPath/U_EXE_Reg1/q_reg[2]_3[0]            |                  |                8 |             32 |         4.00 |
|  clk_IBUF_BUFG                                  | U_RV32I_CORE/U_DataPath/U_EXE_Reg1/q_reg[8]_0[0]            | reset_IBUF       |                7 |             32 |         4.57 |
|  clk_IBUF_BUFG                                  | U_RV32I_CORE/U_DataPath/U_EXE_Reg1/q_reg[8]_1[0]            | reset_IBUF       |               12 |             32 |         2.67 |
|  clk_IBUF_BUFG                                  | U_RV32I_CORE/U_DataPath/U_EXE_Reg1/q_reg[9]_1[0]            | reset_IBUF       |                8 |             32 |         4.00 |
|  clk_IBUF_BUFG                                  | U_RV32I_CORE/U_DataPath/U_EXE_Reg1/q_reg[9]_0[0]            | reset_IBUF       |                9 |             32 |         3.56 |
|  clk_IBUF_BUFG                                  | U_RV32I_CORE/U_DataPath/U_EXE_Reg1/E[0]                     | reset_IBUF       |                7 |             32 |         4.57 |
|  clk_IBUF_BUFG                                  | U_RV32I_CORE/U_ControlUnit/FSM_sequential_state_reg[3]_2[0] | reset_IBUF       |               22 |             62 |         2.82 |
|  clk_IBUF_BUFG                                  | U_RV32I_CORE/U_ControlUnit/FSM_sequential_state_reg[2]_0[0] | reset_IBUF       |               42 |             96 |         2.29 |
|  clk_IBUF_BUFG                                  | U_RV32I_CORE/U_ControlUnit/regFileWe                        |                  |               12 |             96 |         8.00 |
+-------------------------------------------------+-------------------------------------------------------------+------------------+------------------+----------------+--------------+


