Vivado Simulator 2020.2
Time resolution is 1 ps
               10000 : a( 99) + b( 71) = sum(170)
pass!!!

               20000 : a( 87) + b(240) = sum(327)
pass!!!

               30000 : a(208) + b(133) = sum(341)
pass!!!

               40000 : a( 25) + b( 51) = sum( 76)
pass!!!

               50000 : a(204) + b(112) = sum(316)
pass!!!

               60000 : a( 35) + b(156) = sum(191)
pass!!!

               70000 : a(246) + b( 61) = sum(307)
pass!!!

               80000 : a(207) + b(194) = sum(401)
pass!!!

               90000 : a(173) + b(243) = sum(416)
pass!!!

              100000 : a( 95) + b(163) = sum(258)
pass!!!

              110000 : a( 48) + b( 46) = sum( 94)
pass!!!

              120000 : a(102) + b(221) = sum(323)
pass!!!

              130000 : a( 33) + b(197) = sum(230)
pass!!!

              140000 : a(129) + b( 81) = sum(210)
pass!!!

              150000 : a(243) + b(231) = sum(474)
pass!!!

              160000 : a( 47) + b( 21) = sum( 68)
pass!!!

              170000 : a(172) + b(176) = sum(348)
pass!!!

              180000 : a(102) + b(159) = sum(261)
pass!!!

              190000 : a(151) + b(149) = sum(300)
pass!!!

              200000 : a(180) + b( 67) = sum(247)
pass!!!

              210000 : a( 69) + b( 27) = sum( 96)
pass!!!

              220000 : a(226) + b(220) = sum(446)
pass!!!

              230000 : a(176) + b(151) = sum(327)
pass!!!

              240000 : a( 31) + b(246) = sum(277)
pass!!!

              250000 : a(178) + b(  2) = sum(180)
pass!!!

              260000 : a(210) + b( 98) = sum(308)
pass!!!

              270000 : a(153) + b(242) = sum(395)
pass!!!

              280000 : a( 88) + b( 75) = sum(163)
pass!!!

              290000 : a(244) + b( 43) = sum(287)
pass!!!

              300000 : a(173) + b(141) = sum(314)
pass!!!

              310000 : a( 29) + b(  6) = sum( 35)
pass!!!

              320000 : a(216) + b( 17) = sum(233)
pass!!!

              330000 : a( 49) + b(133) = sum(182)
pass!!!

              340000 : a(158) + b( 78) = sum(236)
pass!!!

              350000 : a(139) + b(118) = sum(257)
pass!!!

              360000 : a( 95) + b(188) = sum(283)
pass!!!

              370000 : a(251) + b(253) = sum(504)
pass!!!

              380000 : a( 10) + b(135) = sum(145)
pass!!!

              390000 : a(115) + b(105) = sum(220)
pass!!!

              400000 : a( 67) + b(110) = sum(177)
pass!!!

              410000 : a(102) + b( 78) = sum(180)
pass!!!

              420000 : a(245) + b(217) = sum(462)
pass!!!

              430000 : a(183) + b( 57) = sum(240)
pass!!!

              440000 : a( 72) + b( 30) = sum(102)
pass!!!

              450000 : a(135) + b( 61) = sum(196)
pass!!!

              460000 : a(247) + b( 62) = sum(309)
pass!!!

              470000 : a(118) + b( 63) = sum(181)
pass!!!

              480000 : a( 92) + b(253) = sum(345)
pass!!!

              490000 : a(125) + b( 84) = sum(209)
pass!!!

              500000 : a( 60) + b(243) = sum(303)
pass!!!

              510000 : a(147) + b(152) = sum(299)
pass!!!

              520000 : a(241) + b( 16) = sum(257)
pass!!!

              530000 : a(236) + b( 45) = sum(281)
pass!!!

              540000 : a(  4) + b(128) = sum(132)
pass!!!

              550000 : a(197) + b(245) = sum(442)
pass!!!

              560000 : a(144) + b(178) = sum(322)
pass!!!

              570000 : a( 34) + b(148) = sum(182)
pass!!!

              580000 : a( 50) + b(231) = sum(281)
pass!!!

              590000 : a(137) + b(194) = sum(331)
pass!!!

              600000 : a(153) + b(171) = sum(324)
pass!!!

              610000 : a( 87) + b(203) = sum(290)
pass!!!

              620000 : a(147) + b(224) = sum(371)
pass!!!

              630000 : a(142) + b( 44) = sum(186)
pass!!!

              640000 : a(140) + b(229) = sum(369)
pass!!!

              650000 : a(248) + b( 31) = sum(279)
pass!!!

              660000 : a(197) + b(134) = sum(331)
pass!!!

              670000 : a( 75) + b( 81) = sum(156)
pass!!!

              680000 : a(107) + b( 67) = sum(174)
pass!!!

              690000 : a(112) + b( 4