
*** Running vivado
    with args -log calculator.vdi -applog -m64 -product Vivado -messageDb vivado.pb -mode batch -source calculator.tcl -notrace



****** Vivado v2020.2 (64-bit)
  **** SW Build 3064766 on Wed Nov 18 09:12:45 MST 2020
  **** IP Build 3064653 on Wed Nov 18 14:17:31 MST 2020
    ** Copyright 1986-2020 Xilinx, Inc. All Rights Reserved.

source calculator.tcl -notrace
Command: link_design -top calculator -part xc7a35tcpg236-1
Design is defaulting to srcset: sources_1
Design is defaulting to constrset: constrs_1
INFO: [Device 21-403] Loading part xc7a35tcpg236-1
Netlist sorting complete. Time (s): cpu = 00:00:00 ; elapsed = 00:00:00 . Memory (MB): peak = 1104.855 ; gain = 0.000
INFO: [Netlist 29-17] Analyzing 5 Unisim elements for replacement
INFO: [Netlist 29-28] Unisim Transformation completed in 0 CPU seconds
INFO: [Project 1-479] Netlist was created with Vivado 2020.2
INFO: [Project 1-570] Preparing netlist for logic optimization
Parsing XDC File [D:/GitHub/harman_Verilog/1106_8bit_adder_fnd/1106_8bit_adder_fnd.srcs/constrs_1/imports/Downloads/MY_Basys-3-Master.xdc]
Finished Parsing XDC File [D:/GitHub/harman_Verilog/1106_8bit_adder_fnd/1106_8bit_adder_fnd.srcs/constrs_1/imports/Downloads/MY_Basys-3-Master.xdc]
INFO: [Opt 31-138] Pushed 0 inverter(s) to 0 load pin(s).
Netlist sorting complete. Time (s): cpu = 00:00:00 ; elapsed = 00:00:00 . Memory (MB): peak = 1104.855 ; gain = 0.000
INFO: [Project 1-111] Unisim Transformation Summary:
No Unisim elements were transformed.

7 Infos, 0 Warnings, 0 Critical Warnings and 0 Errors encountered.
link_design completed successfully
link_design: Time (s): cpu = 00:00:03 ; elapsed = 00:00:05 . Memory (MB): peak = 1104.855 ; gain = 0.000
Command: opt_design
Attempting to get a license for feature 'Implementation' and/or device 'xc7a35t'
INFO: [Common 17-349] Got license for feature 'Implementation' and/or device 'xc7a35t'
Running DRC as a precondition to command opt_design

Starting DRC Task
INFO: [DRC 23-27] Running DRC with 2 threads
INFO: [Project 1-461] DRC finished with 0 Errors
INFO: [Project 1-462] Please refer to the DRC report (report_drc) for more information.

Time (s): cpu = 00:00:01 ; elapsed = 00:00:00.600 . Memory (MB): peak = 1104.855 ; gain = 0.000

Starting Cache Timing Information Task
INFO: [Timing 38-35] Done setting XDC timing constraints.
Ending Cache Timing Information Task | Checksum: 12bb7f77a

Time (s): cpu = 00:00:02 ; elapsed = 00:00:05 . Memory (MB): peak = 1432.914 ; gain = 328.059

Starting Logic Optimization Task

Phase 1 Retarget
INFO: [Opt 31-138] Pushed 0 inverter(s) to 0 load pin(s).
INFO: [Opt 31-49] Retargeted 0 cell(s).
Phase 1 Retarget | Checksum: 12bb7f77a

Time (s): cpu = 00:00:00 ; elapsed = 00:00:00.008 . Memory (MB): peak = 1643.215 ; gain = 0.000
INFO: [Opt 31-389] Phase Retarget created 0 cells and removed 0 cells

Phase 2 Constant propagation
INFO: [Opt 31-138] Pushed 0 inverter(s) to 0 load pin(s).
Phase 2 Constant propagation | Checksum: 17a8d328e

Time (s): cpu = 00:00:00 ; elapsed = 00:00:00.010 . Memory (MB): peak = 1643.215 ; gain = 0.000
INFO: [Opt 31-389] Phase Constant propagation created 0 cells and removed 0 cells

Phase 3 Sweep
Phase 3 Sweep | Checksum: 159d060aa

Time (s): cpu = 00:00:00 ; elapsed = 00:00:00.011 . Memory (MB): peak = 1643.215 ; gain = 0.000
INFO: [Opt 31-389] Phase Sweep created 0 cells and removed 0 cells

Phase 4 BUFG optimization
Phase 4 BUFG optimization | Checksum: 159d060aa

Time (s): cpu = 00:00:00 ; elapsed = 00:00:00.015 . Memory (MB): peak = 1643.215 ; gain = 0.000
INFO: [Opt 31-662] Phase BUFG optimization created 0 cells of which 0 are BUFGs and removed 0 cells.

Phase 5 Shift Register Optimization
INFO: [Opt 31-1064] SRL Remap converted 0 SRLs to 0 registers and converted 0 registers of register chains to 0 SRLs
Phase 5 Shift Register Optimization | Checksum: 159d060aa

Time (s): cpu = 00:00:00 ; elapsed = 00:00:00.015 . Memory (MB): peak = 1643.215 ; gain = 0.000
INFO: [Opt 31-389] Phase Shift Register Optimization created 0 cells and removed 0 cells

Phase 6 Post Processing Netlist
Phase 6 Post Processing Netlist | Checksum: 159d060aa

Time (s): cpu = 00:00:00 ; elapsed = 00:00:00.016 . Memory (MB): peak = 1643.215 ; gain = 0.000
INFO: [Opt 31-389] Phase Post Processing Netlist created 0 cells and removed 0 cells
Opt_design Change Summary
=========================


-------------------------------------------------------------------------------------------------------------------------
|  Phase                        |  #Cells created  |  #Cells Removed  |  #Constrained objects preventing optimizations  |
-------------------------------------------------------------------------------------------------------------------------
|  Retarget                     |               0  |               0  |                                              0  |
|  Constant propagation         |               0  |               0  |                                              0  |
|  Sweep                        |               0  |               0  |                                              0  |
|  BUFG optimization            |               0  |               0  |                                              0  |
|  Shift Register Optimization  |               0  |               0  |                                              0  |
|  Post Processing Netlist      |               0  |               0  |                                              0  |
-------------------------------------------------------------------------------------------------------------------------



Starting Connectivity Check Task

Time (s): cpu = 00:00:00 ; elapsed = 00:00:00 . Memory (MB): peak = 1643.215 ; gain = 0.000
Ending Logic Optimization Task | Checksum: c9d98020

Time (s): cpu = 00:00:00 ; elapsed = 00:00:00.019 . Memory (MB): peak = 1643.215 ; gain = 0.000

Starting Power Optimization Task
INFO: [Pwropt 34-132] Skipping clock gating for clocks with a period < 2.00 ns.
Ending Power Optimization Task | Checksum: c9d98020

Time (s): cpu = 00:00:00 ; elapsed = 00:00:00.005 . Memory (MB): peak = 1643.215 ; gain = 0.000

Starting Final Cleanup Task
Ending Final Cleanup Task | Checksum: c9d98020

Time (s): cpu = 00:00:00 ; elapsed = 00:00:00 . Memory (MB): peak = 1643.215 ; gain = 0.000

Starting Netlist Obfuscation Task
Netlist sorting complete. Time (s): cpu = 00:00:00 ; elapsed = 00:00:00 . Memory (MB): peak = 1643.215 ; gain = 0.000
Ending Netlist Obfuscation Task | Checksum: c9d98020

Time (s): cpu = 00:00:00 ; elapsed = 00:00:00 . Memory (MB): peak = 1643.215 ; gain = 0.000
INFO: [Common 17-83] Releasing license: Implementation
24 Infos, 0 Warnings, 0 Critical Warnings and 0 Errors encountered.
opt_design completed successfully
opt_design: Time (s): cpu = 00:00:04 ; elapsed = 00:00:07 . Memory (MB): peak = 1643.215 ; gain = 538.359
INFO: [Timing 38-480] Writing timing data to binary archive.
Writing placer database...
Writing XDEF routing.
Writing XDEF routing logical nets.
Writing XDEF routing special nets.
Write XDEF Complete: Time (s): cpu = 00:00:00 ; elapsed = 00:00:00.018 . Memory (MB): peak = 1643.215 ; gain = 0.000
INFO: [Common 17-1381] The checkpoint 'D:/GitHub/harman_Verilog/1106_8bit_adder_fnd/1106_8bit_adder_fnd.runs/impl_1/calculator_opt.dcp' has been generated.
INFO: [runtcl-4] Executing : report_drc -file calculator_drc_opted.rpt -pb calculator_drc_opted.pb -rpx calculator_drc_opted.rpx
Command: report_drc -file calculator_drc_opted.rpt -pb calculator_drc_opted.pb -rpx calculator_drc_opted.rpx
INFO: [IP_Flow 19-234] Refreshing IP repositories
INFO: [IP_Flow 19-1704] No user IP repositories specified
INFO: [IP_Flow 19-2313] Loaded Vivado IP repository 'C:/Xilinx/Vivado/2020.2/data/ip'.
INFO: [Timing 38-35] Done setting XDC timing constraints.
INFO: [DRC 23-27] Running DRC with 2 threads
INFO: [Coretcl 2-168] The results of DRC are in file D:/GitHub/harman_Verilog/1106_8bit_adder_fnd/1106_8bit_adder_fnd.runs/impl_1/calculator_drc_opted.rpt.
report_drc completed successfully
Command: place_design
Attempting to get a license for feature 'Implementation' and/or device 'xc7a35t'
INFO: [Common 17-349] Got license for feature 'Implementation' and/or device 'xc7a35t'
INFO: [DRC 23-27] Running DRC with 2 threads
INFO: [Vivado_Tcl 4-198] DRC finished with 0 Errors
INFO: [Vivado_Tcl 4-199] Please refer to the DRC report (report_drc) for more information.
Running DRC as a precondition to command place_design
INFO: [DRC 23-27] Running DRC with 2 threads
INFO: [Vivado_Tcl 4-198] DRC finished with 0 Errors
INFO: [Vivado_Tcl 4-199] Please refer to the DRC report (report_drc) for more information.

Starting Placer Task
INFO: [Place 30-611] Multithreading enabled for place_design using a maximum of 2 CPUs

Phase 1 Placer Initialization

Phase 1.1 Placer Initialization Netlist Sorting
Netlist sorting complete. Time (s): cpu = 00:00:00 ; elapsed = 00:00:00 . Memory (MB): peak = 1689.348 ; gain = 0.000
Phase 1.1 Placer Initialization Netlist Sorting | Checksum: 8c1dc04f

Time (s): cpu = 00:00:00 ; elapsed = 00:00:00.004 . Memory (MB): peak = 1689.348 ; gain = 0.000
Netlist sorting complete. Time (s): cpu = 00:00:00 ; elapsed = 00:00:00 . Memory (MB): peak = 1689.348 ; gain = 0.000

Phase 1.2 IO Placement/ Clock Placement/ Build Placer Device
Phase 1.2 IO Placement/ Clock Placement/ Build Placer Device | Checksum: aa2ea47d

Time (s): cpu = 00:00:00 ; elapsed = 00:00:00.148 . Memory (MB): peak = 1689.348 ; gain = 0.000

Phase 1.3 Build Placer Netlist Model
Phase 1.3 Build Placer Netlist Model | Checksum: d3e8c86c

Time (s): cpu = 00:00:00 ; elapsed = 00:00:00.196 . Memory (MB): peak = 1689.348 ; gain = 0.000

Phase 1.4 Constrain Clocks/Macros
Phase 1.4 Constrain Clocks/Macros | Checksum: d3e8c86c

Time (s): cpu = 00:00:00 ; elapsed = 00:00:00.197 . Memory (MB): peak = 1689.348 ; gain = 0.000
Phase 1 Placer Initialization | Checksum: d3e8c86c

Time (s): cpu = 00:00:00 ; elapsed = 00:00:00.199 . Memory (MB): peak = 1689.348 ; gain = 0.000

Phase 2 Global Placement

Phase 2.1 Floorplanning
Phase 2.1 Floorplanning | Checksum: 103d104be

Time (s): cpu = 00:00:00 ; elapsed = 00:00:00.245 . Memory (MB): peak = 1689.348 ; gain = 0.000

Phase 2.2 Update Timing before SLR Path Opt
Phase 2.2 Update Timing before SLR Path Opt | Checksum: c0b1bec2

Time (s): cpu = 00:00:00 ; elapsed = 00:00:00.270 . Memory (MB): peak = 1689.348 ; gain = 0.000

Phase 2.3 Global Placement Core

Phase 2.3.1 Physical Synthesis In Placer
INFO: [Physopt 32-1035] Found 0 LUTNM shape to break, 4 LUT instances to create LUTNM shape
INFO: [Physopt 32-1044] Break lutnm for timing: one critical 0, two critical 0, total 0, new lutff created 0
INFO: [Physopt 32-775] End 1 Pass. Optimized 2 nets or cells. Created 0 new cell, deleted 2 existing cells and moved 0 existing cell
INFO: [Physopt 32-65] No nets found for high-fanout optimization.
INFO: [Physopt 32-232] Optimized 0 net. Created 0 new instance.
INFO: [Physopt 32-775] End 1 Pass. Optimized 0 net or cell. Created 0 new cell, deleted 0 existing cell and moved 0 existing cell
INFO: [Physopt 32-670] No setup violation found.  DSP Register Optimization was not performed.
INFO: [Physopt 32-670] No setup violation found.  Shift Register to Pipeline Optimization was not performed.
INFO: [Physopt 32-670] No setup violation found.  Shift Register Optimization was not performed.
INFO: [Physopt 32-670] No setup violation found.  BRAM Register Optimization was not performed.
INFO: [Physopt 32-670] No setup violation found.  URAM Register Optimization was not performed.
INFO: [Physopt 32-949] No candidate nets found for dynamic/static region interface net replication
INFO: [Physopt 32-775] End 1 Pass. Optimized 0 net or cell. Created 0 new cell, deleted 0 existing cell and moved 0 existing cell
Netlist sorting complete. Time (s): cpu = 00:00:00 ; elapsed = 00:00:00.001 . Memory (MB): peak = 1689.348 ; gain = 0.000

Summary of Physical Synthesis Optimizations
============================================


-----------------------------------------------------------------------------------------------------------------------------------------------------------
|  Optimization                                     |  Added Cells  |  Removed Cells  |  Optimized Cells/Nets  |  Dont Touch  |  Iterations  |  Elapsed   |
-----------------------------------------------------------------------------------------------------------------------------------------------------------
|  LUT Combining                                    |            0  |              2  |                     2  |           0  |           1  |  00:00:00  |
|  Very High Fanout                                 |            0  |              0  |                     0  |           0  |           1  |  00:00:00  |
|  DSP Register                                     |            0  |              0  |                     0  |           0  |           0  |  00:00:00  |
|  Shift Register to Pipeline                       |            0  |              0  |                     0  |           0  |           0  |  00:00:00  |
|  Shift Register                                   |            0  |              0  |                     0  |           0  |           0  |  00:00:00  |
|  BRAM Register                                    |            0  |              0  |                     0  |           0  |           0  |  00:00:00  |
|  URAM Register                                    |            0  |              0  |                     0  |           0  |           0  |  00:00:00  |
|  Dynamic/Static Region Interface Net Replication  |            0  |              0  |                     0  |           0  |           1  |  00:00:00  |
|  Total                                            |            0  |              2  |                     2  |           0  |           3  |  00:00:00  |
-----------------------------------------------------------------------------------------------------------------------------------------------------------


Phase 2.3.1 Physical Synthesis In Placer | Checksum: 15a05c7ba

Time (s): cpu = 00:00:00 ; elapsed = 00:00:00.629 . Memory (MB): peak = 1689.348 ; gain = 0.000
Phase 2.3 Global Placement Core | Checksum: 17c431411

Time (s): cpu = 00:00:00 ; elapsed = 00:00:00.645 . Memory (MB): peak = 1689.348 ; gain = 0.000
Phase 2 Global Placement | Checksum: 17c431411

Time (s): cpu = 00:00:00 ; elapsed = 00:00:00.646 . Memory (MB): peak = 1689.348 ; gain = 0.000

Phase 3 Detail Placement

Phase 3.1 Commit Multi Column Macros
Phase 3.1 Commit Multi Column Macros | Checksum: e52ee61c

Time (s): cpu = 00:00:00 ; elapsed = 00:00:00.669 . Memory (MB): peak = 1689.348 ; gain = 0.000

Phase 3.2 Commit Most Macros & LUTRAMs
Phase 3.2 Commit Most Macros & LUTRAMs | Checksum: 11c752f88

Time (s): cpu = 00:00:00 ; elapsed = 00:00:00.710 . Memory (MB): peak = 1689.348 ; gain = 0.000

Phase 3.3 Area Swap Optimization
Phase 3.3 Area Swap Optimization | Checksum: 1aa5c9a7b

Time (s): cpu = 00:00:00 ; elapsed = 00:00:00.713 . Memory (MB): peak = 1689.348 ; gain = 0.000

Phase 3.4 Pipeline Register Optimization
Phase 3.4 Pipeline Register Optimization | Checksum: 1aa5c9a7b

Time (s): cpu = 00:00:00 ; elapsed = 00:00:00.713 . Memory (MB): peak = 1689.348 ; gain = 0.000

Phase 3.5 Small Shape Detail Placement
Phase 3.5 Small Shape Detail Placement | Checksum: 18860fbf0

Time (s): cpu = 00:00:00 ; elapsed = 00:00:00.768 . Memory (MB): peak = 1689.348 ; gain = 0.000

Phase 3.6 Re-assign LUT pins
Phase 3.6 Re-assign LUT pins | Checksum: 1491dbb1b

Time (s): cpu = 00:00:00 ; elapsed = 00:00:00.773 . Memory (MB): peak = 1689.348 ; gain = 0.000

Phase 3.7 Pipeline Register Optimization
Phase 3.7 Pipeline Register Optimization | Checksum: 1491dbb1b

Time (s): cpu = 00:00:00 ; elapsed = 00:00:00.774 . Memory (MB): peak = 1689.348 ; gain = 0.000
Phase 3 Detail Placement | Checksum: 1491dbb1b

Time (s): cpu = 00:00:00 ; elapsed = 00:00:00.774 . Memory (MB): peak = 1689.348 ; gain = 0.000

Phase 4 Post Placement Optimization and Clean-Up

Phase 4.1 Post Commit Optimization
INFO: [Timing 38-35] Done setting XDC timing constraints.

Phase 4.1.1 Post Placement Optimization
Post Placement Optimization Initialization | Checksum: 1b83d1fff

Phase 4.1.1.1 BUFG Insertion

Starting Physical Synthesis Task

Phase 1 Physical Synthesis Initialization
INFO: [Physopt 32-721] Multithreading enabled for phys_opt_design using a maximum of 2 CPUs
INFO: [Physopt 32-619] Estimated Timing Summary | WNS=7.820 | TNS=0.000 |
Phase 1 Physical Synthesis Initialization | Checksum: 18edafbee

Time (s): cpu = 00:00:00 ; elapsed = 00:00:00.006 . Memory (MB): peak = 1689.348 ; gain = 0.000
INFO: [Place 46-56] BUFG insertion identified 0 candidate nets. Inserted BUFG: 0, Replicated BUFG Driver: 0, Skipped due to Placement/Routing Conflicts: 0, Skipped due to Timing Degradation: 0, Skipped due to Illegal Netlist: 0.
Ending Physical Synthesis Task | Checksum: 1005e6893

Time (s): cpu = 00:00:00 ; elapsed = 00:00:00.006 . Memory (MB): peak = 1689.348 ; gain = 0.000
Phase 4.1.1.1 BUFG Insertion | Checksum: 1b83d1fff

Time (s): cpu = 00:00:00 ; elapsed = 00:00:00.801 . Memory (MB): peak = 1689.348 ; gain = 0.000
INFO: [Place 30-746] Post Placement Timing Summary WNS=7.820. For the most accurate timing information please run report_timing.

Time (s): cpu = 00:00:00 ; elapsed = 00:00:00.802 . Memory (MB): peak = 1689.348 ; gain = 0.000
Phase 4.1 Post Commit Optimization | Checksum: 16fd51b0d

Time (s): cpu = 00:00:00 ; elapsed = 00:00:00.803 . Memory (MB): peak = 1689.348 ; gain = 0.000

Phase 4.2 Post Placement Cleanup
Phase 4.2 Post Placement Cleanup | Checksum: 16fd51b0d

Time (s): cpu = 00:00:00 ; elapsed = 00:00:00.805 . Memory (MB): peak = 1689.348 ; gain = 0.000

Phase 4.3 Placer Reporting

Phase 4.3.1 Print Estimated Congestion
INFO: [Place 30-612] Post-Placement Estimated Congestion 
 ____________________________________________________
|           | Global Congestion | Short Congestion  |
| Direction | Region Size       | Region Size       |
|___________|___________________|___________________|
|      North|                1x1|                1x1|
|___________|___________________|___________________|
|      South|                1x1|                1x1|
|___________|___________________|___________________|
|       East|                1x1|                1x1|
|___________|___________________|___________________|
|       West|                1x1|                1x1|
|___________|___________________|___________________|

Phase 4.3.1 Print Estimated Congestion | Checksum: 16fd51b0d

Time (s): cpu = 00:00:00 ; elapsed = 00:00:00.805 . Memory (MB): peak = 1689.348 ; gain = 0.000
Phase 4.3 Placer Reporting | Checksum: 16fd51b0d

Time (s): cpu = 00:00:00 ; elapsed = 00:00:00.806 . Memory (MB): peak = 1689.348 ; gain = 0.000

Phase 4.4 Final Placement Cleanup
Netlist sorting complete. Time (s): cpu = 00:00:00 ; elapsed = 00:00:00 . Memory (MB): peak = 1689.348 ; gain = 0.000

Time (s): cpu = 00:00:00 ; elapsed = 00:00:00.807 . Memory (MB): peak = 1689.348 ; gain = 0.000
Phase 4 Post Placement Optimization and Clean-Up | Checksum: 1bd10ce6b

Time (s): cpu = 00:00:00 ; elapsed = 00:00:00.807 . Memory (MB): peak = 1689.348 ; gain = 0.000
Ending Placer Task | Checksum: 10fde5c20

Time (s): cpu = 00:00:00 ; elapsed = 00:00:00.807 . Memory (MB): peak = 1689.348 ; gain = 0.000
INFO: [Common 17-83] Releasing license: Implementation
61 Infos, 0 Warnings, 0 Critical Warnings and 0 Errors encountered.
place_design completed successfully
INFO: [Timing 38-480] Writing timing data to binary archive.
Writing placer database...
Writing XDEF routing.
Writing XDEF routing logical nets.
Writing XDEF routing special nets.
Write XDEF Complete: Time (s): cpu = 00:00:00 ; elapsed = 00:00:00.020 . Memory (MB): peak = 1689.348 ; gain = 0.000
INFO: [Common 17-1381] The checkpoint 'D:/GitHub/harman_Verilog/1106_8bit_adder_fnd/1106_8bit_adder_fnd.runs/impl_1/calculator_placed.dcp' has been generated.
INFO: [runtcl-4] Executing : report_io -file calculator_io_placed.rpt
report_io: Time (s): cpu = 00:00:00 ; elapsed = 00:00:00.022 . Memory (MB): peak = 1689.348 ; gain = 0.000
INFO: [runtcl-4] Executing : report_utilization -file calculator_utilization_placed.rpt -pb calculator_utilization_placed.pb
INFO: [runtcl-4] Executing : report_control_sets -verbose -file calculator_control_sets_placed.rpt
report_control_sets: Time (s): cpu = 00:00:00 ; elapsed = 00:00:00.001 . Memory (MB): peak = 1689.348 ; gain = 0.000
Command: phys_opt_design
Attempting to get a license for feature 'Implementation' and/or device 'xc7a35t'
INFO: [Common 17-349] Got license for feature 'Implementation' and/or device 'xc7a35t'
INFO: [Vivado_Tcl 4-383] Design worst setup slack (WNS) is greater than or equal to 0.000 ns. Skipping all physical synthesis optimizations.
INFO: [Vivado_Tcl 4-232] No setup violation found. The netlist was not modified.
INFO: [Common 17-83] Releasing license: Implementation
70 Infos, 0 Warnings, 0 Critical Warnings and 0 Errors encountered.
phys_opt_design completed successfully
INFO: [Timing 38-480] Writing timing data to binary archive.
Writing placer database...
Writing XDEF routing.
Writing XDEF routing logical nets.
Writing XDEF routing special nets.
Write XDEF Complete: Time (s): cpu = 00:00:00 ; elapsed = 00:00:00.020 . Memory (MB): peak = 1689.348 ; gain = 0.000
INFO: [Common 17-1381] The checkpoint 'D:/GitHub/harman_Verilog/1106_8bit_adder_fnd/1106_8bit_adder_fnd.runs/impl_1/calculator_physopt.dcp' has been generated.
Command: route_design
Attempting to get a license for feature 'Implementation' and/or device 'xc7a35t'
INFO: [Common 17-349] Got license for feature 'Implementation' and/or device 'xc7a35t'
Running DRC as a precondition to command route_design
INFO: [DRC 23-27] Running DRC with 2 threads
INFO: [Vivado_Tcl 4-198] DRC finished with 0 Errors
INFO: [Vivado_Tcl 4-199] Please refer to the DRC report (report_drc) for more information.


Starting Routing Task
INFO: [Route 35-254] Multithreading enabled for route_design using a maximum of 2 CPUs
Checksum: PlaceDB: 671de3e2 ConstDB: 0 ShapeSum: a8c0783e RouteDB: 0

Phase 1 Build RT Design
Phase 1 Build RT Design | Checksum: 11aeddb03

Time (s): cpu = 00:00:05 ; elapsed = 00:00:10 . Memory (MB): peak = 1768.344 ; gain = 70.910
Post Restoration Checksum: NetGraph: 7e17c6f1 NumContArr: 9cd61412 Constraints: 0 Timing: 0

Phase 2 Router Initialization

Phase 2.1 Create Timer
Phase 2.1 Create Timer | Checksum: 11aeddb03

Time (s): cpu = 00:00:05 ; elapsed = 00:00:10 . Memory (MB): peak = 1768.344 ; gain = 70.910

Phase 2.2 Fix Topology Constraints
Phase 2.2 Fix Topology Constraints | Checksum: 11aeddb03

Time (s): cpu = 00:00:05 ; elapsed = 00:00:10 . Memory (MB): peak = 1774.379 ; gain = 76.945

Phase 2.3 Pre Route Cleanup
Phase 2.3 Pre Route Cleanup | Checksum: 11aeddb03

Time (s): cpu = 00:00:05 ; elapsed = 00:00:10 . Memory (MB): peak = 1774.379 ; gain = 76.945
 Number of Nodes with overlaps = 0

Phase 2.4 Update Timing
Phase 2.4 Update Timing | Checksum: 1d56f18e1

Time (s): cpu = 00:00:05 ; elapsed = 00:00:10 . Memory (MB): peak = 1780.891 ; gain = 83.457
INFO: [Route 35-416] Intermediate Timing Summary | WNS=7.790  | TNS=0.000  | WHS=0.236  | THS=0.000  |

Phase 2 Router Initialization | Checksum: 1b5d3c0a9

Time (s): cpu = 00:00:05 ; elapsed = 00:00:10 . Memory (MB): peak = 1780.891 ; gain = 83.457

Router Utilization Summary
  Global Vertical Routing Utilization    = 0 %
  Global Horizontal Routing Utilization  = 0 %
  Routable Net Status*
  *Does not include unroutable nets such as driverless and loadless.
  Run report_route_status for detailed report.
  Number of Failed Nets               = 80
    (Failed Nets is the sum of unrouted and partially routed nets)
  Number of Unrouted Nets             = 80
  Number of Partially Routed Nets     = 0
  Number of Node Overlaps             = 0


Phase 3 Initial Routing

Phase 3.1 Global Routing
Phase 3.1 Global Routing | Checksum: 1b5d3c0a9

Time (s): cpu = 00:00:05 ; elapsed = 00:00:10 . Memory (MB): peak = 1781.848 ; gain = 84.414
Phase 3 Initial Routing | Checksum: 1c502010d

Time (s): cpu = 00:00:05 ; elapsed = 00:00:10 . Memory (MB): peak = 1781.848 ; gain = 84.414

Phase 4 Rip-up And Reroute

Phase 4.1 Global Iteration 0
 Number of Nodes with overlaps = 7
 Number of Nodes with overlaps = 0
INFO: [Route 35-416] Intermediate Timing Summary | WNS=7.684  | TNS=0.000  | WHS=N/A    | THS=N/A    |

Phase 4.1 Global Iteration 0 | Checksum: 104d7cb2f

Time (s): cpu = 00:00:05 ; elapsed = 00:00:10 . Memory (MB): peak = 1781.848 ; gain = 84.414
Phase 4 Rip-up And Reroute | Checksum: 104d7cb2f

Time (s): cpu = 00:00:05 ; elapsed = 00:00:10 . Memory (MB): peak = 1781.848 ; gain = 84.414

Phase 5 Delay and Skew Optimization

Phase 5.1 Delay CleanUp
Phase 5.1 Delay CleanUp | Checksum: 104d7cb2f

Time (s): cpu = 00:00:05 ; elapsed = 00:00:10 . Memory (MB): peak = 1781.848 ; gain = 84.414

Phase 5.2 Clock Skew Optimization
Phase 5.2 Clock Skew Optimization | Checksum: 104d7cb2f

Time (s): cpu = 00:00:05 ; elapsed = 00:00:10 . Memory (MB): peak = 1781.848 ; gain = 84.414
Phase 5 Delay and Skew Optimization | Checksum: 104d7cb2f

Time (s): cpu = 00:00:05 ; elapsed = 00:00:10 . Memory (MB): peak = 1781.848 ; gain = 84.414

Phase 6 Post Hold Fix

Phase 6.1 Hold Fix Iter

Phase 6.1.1 Update Timing
Phase 6.1.1 Update Timing | Checksum: 198c62382

Time (s): cpu = 00:00:05 ; elapsed = 00:00:10 . Memory (MB): peak = 1781.848 ; gain = 84.414
INFO: [Route 35-416] Intermediate Timing Summary | WNS=7.763  | TNS=0.000  | WHS=0.511  | THS=0.000  |

Phase 6.1 Hold Fix Iter | Checksum: 198c62382

Time (s): cpu = 00:00:05 ; elapsed = 00:00:10 . Memory (MB): peak = 1781.848 ; gain = 84.414
Phase 6 Post Hold Fix | Checksum: 198c62382

Time (s): cpu = 00:00:05 ; elapsed = 00:00:10 . Memory (MB): peak = 1781.848 ; gain = 84.414

Phase 7 Route finalize

Router Utilization Summary
  Global Vertical Routing Utilization    = 0.0358766 %
  Global Horizontal Routing Utilization  = 0.0549193 %
  Routable Net Status*
  *Does not include unroutable nets such as driverless and loadless.
  Run report_route_status for detailed report.
  Number of Failed Nets               = 0
    (Failed Nets is the sum of unrouted and partially routed nets)
  Number of Unrouted Nets             = 0
  Number of Partially Routed Nets     = 0
  Number of Node Overlaps             = 0

Phase 7 Route finalize | Checksum: 198c62382

Time (s): cpu = 00:00:05 ; elapsed = 00:00:10 . Memory (MB): peak = 1781.848 ; gain = 84.414

Phase 8 Verifying routed nets

 Verification completed successfully
Phase 8 Verifying routed nets | Checksum: 198c62382

Time (s): cpu = 00:00:05 ; elapsed = 00:00:10 . Memory (MB): peak = 1782.500 ; gain = 85.066

Phase 9 Depositing Routes
Phase 9 Depositing Routes | Checksum: 1b3b38a22

Time (s): cpu = 00:00:05 ; elapsed = 00:00:10 . Memory (MB): peak = 1782.500 ; gain = 85.066

Phase 10 Post Router Timing
INFO: [Route 35-57] Estimated Timing Summary | WNS=7.763  | TNS=0.000  | WHS=0.511  | THS=0.000  |

INFO: [Route 35-327] The final timing numbers are based on the router estimated timing analysis. For a complete and accurate timing signoff, please run report_timing_summary.
Phase 10 Post Router Timing | Checksum: 1b3b38a22

Time (s): cpu = 00:00:05 ; elapsed = 00:00:10 . Memory (MB): peak = 1782.500 ; gain = 85.066
INFO: [Route 35-16] Router Completed Successfully

Time (s): cpu = 00:00:05 ; elapsed = 00:00:10 . Memory (MB): peak = 1782.500 ; gain = 85.066

Routing Is Done.
INFO: [Common 17-83] Releasing license: Implementation
84 Infos, 0 Warnings, 0 Critical Warnings and 0 Errors encountered.
route_design completed successfully
route_design: Time (s): cpu = 00:00:05 ; elapsed = 00:00:10 . Memory (MB): peak = 1782.500 ; gain = 93.152
INFO: [Timing 38-480] Writing timing data to binary archive.
Writing placer database...
Writing XDEF routing.
Writing XDEF routing logical nets.
Writing XDEF routing special nets.
Write XDEF Complete: Time (s): cpu = 00:00:00 ; elapsed = 00:00:00.022 . Memory (MB): peak = 1792.352 ; gain = 9.852
INFO: [Common 17-1381] The checkpoint 'D:/GitHub/harman_Verilog/1106_8bit_adder_fnd/1106_8bit_adder_fnd.runs/impl_1/calculator_routed.dcp' has been generated.
INFO: [runtcl-4] Executing : report_drc -file calculator_drc_routed.rpt -pb calculator_drc_routed.pb -rpx calculator_drc_routed.rpx
Command: report_drc -file calculator_drc_routed.rpt -pb calculator_drc_routed.pb -rpx calculator_drc_routed.rpx
INFO: [IP_Flow 19-1839] IP Catalog is up to date.
INFO: [DRC 23-27] Running DRC with 2 threads
INFO: [Coretcl 2-168] The results of DRC are in file D:/GitHub/harman_Verilog/1106_8bit_adder_fnd/1106_8bit_adder_fnd.runs/impl_1/calculator_drc_routed.rpt.
report_drc completed successfully
INFO: [runtcl-4] Executing : report_methodology -file calculator_methodology_drc_routed.rpt -pb calculator_methodology_drc_routed.pb -rpx calculator_methodology_drc_routed.rpx
Command: report_methodology -file calculator_methodology_drc_routed.rpt -pb calculator_methodology_drc_routed.pb -rpx calculator_methodology_drc_routed.rpx
INFO: [Timing 38-35] Done setting XDC timing constraints.
INFO: [DRC 23-133] Running Methodology with 2 threads
INFO: [Coretcl 2-1520] The results of Report Methodology are in file D:/GitHub/harman_Verilog/1106_8bit_adder_fnd/1106_8bit_adder_fnd.runs/impl_1/calculator_methodology_drc_routed.rpt.
report_methodology completed successfully
INFO: [runtcl-4] Executing : report_power -file calculator_power_routed.rpt -pb calculator_power_summary_routed.pb -rpx calculator_power_routed.rpx
Command: report_power -file calculator_power_routed.rpt -pb calculator_power_summary_routed.pb -rpx calculator_power_routed.rpx
INFO: [Timing 38-35] Done setting XDC timing constraints.
Running Vector-less Activity Propagation...

Finished Running Vector-less Activity Propagation
96 Infos, 0 Warnings, 0 Critical Warnings and 0 Errors encountered.
report_power completed successfully
INFO: [runtcl-4] Executing : report_route_status -file calculator_route_status.rpt -pb calculator_route_status.pb
INFO: [runtcl-4] Executing : report_timing_summary -max_paths 10 -file calculator_timing_summary_routed.rpt -pb calculator_timing_summary_routed.pb -rpx calculator_timing_summary_routed.rpx -warn_on_violation 
INFO: [Timing 38-91] UpdateTimingParams: Speed grade: -1, Delay Type: min_max.
INFO: [Timing 38-191] Multithreading enabled for timing update using a maximum of 2 CPUs
INFO: [runtcl-4] Executing : report_incremental_reuse -file calculator_incremental_reuse_routed.rpt
INFO: [Vivado_Tcl 4-1062] Incremental flow is disabled. No incremental reuse Info to report.
INFO: [runtcl-4] Executing : report_clock_utilization -file calculator_clock_utilization_routed.rpt
INFO: [runtcl-4] Executing : report_bus_skew -warn_on_violation -file calculator_bus_skew_routed.rpt -pb calculator_bus_skew_routed.pb -rpx calculator_bus_skew_routed.rpx
INFO: [Timing 38-91] UpdateTimingParams: Speed grade: -1, Delay Type: min_max.
INFO: [Timing 38-191] Multithreading enabled for timing update using a maximum of 2 CPUs
Command: write_bitstream -force calculator.bit
Attempting to get a license for feature 'Implementation' and/or device 'xc7a35t'
INFO: [Common 17-349] Got license for feature 'Implementation' and/or device 'xc7a35t'
Running DRC as a precondition to command write_bitstream
INFO: [IP_Flow 19-1839] IP Catalog is up to date.
INFO: [DRC 23-27] Running DRC with 2 threads
INFO: [Vivado 12-3199] DRC finished with 0 Errors
INFO: [Vivado 12-3200] Please refer to the DRC report (report_drc) for more information.
INFO: [Designutils 20-2272] Running write_bitstream with 2 threads.
Loading data files...
Loading site data...
Loading route data...
Processing options...
Creating bitmap...
Creating bitstream...
Writing bitstream ./calculator.bit...
INFO: [Vivado 12-1842] Bitgen Completed Successfully.
INFO: [Project 1-120] WebTalk data collection is mandatory when using a WebPACK part without a full Vivado license. To see the specific WebTalk data collected for your design, open the usage_statistics_webtalk.html or usage_statistics_webtalk.xml file in the implementation directory.
INFO: [Common 17-83] Releasing license: Implementation
12 Infos, 0 Warnings, 0 Critical Warnings and 0 Errors encountered.
write_bitstream completed successfully
write_bitstream: Time (s): cpu = 00:00:04 ; elapsed = 00:00:07 . Memory (MB): peak = 2263.371 ; gain = 435.965
INFO: [Common 17-206] Exiting Vivado at Wed Nov  6 10:54:00 2024...
