Vivado Simulator 2020.2
Time resolution is 1 ps
[DRV] DUT Reset Done!
---------------------
[GEN] random a : 11100110000110000111101101100011,  random b : 00001000100010111001000101110001
1
[DRV] random a : 11100110000110000111101101100011,  random b : 00001000100010111001000101110001
Time: 105000, Event: mon_next_event triggered
[MON] random a : 11100110000110000111101101100011,  random b : 00001000100010111001000101110001
Time: 157000, Event: scb_next_event triggered
trans.a : 11100110000110000111101101100011
trans.b : 00001000100010111001000101110001
trans.result : 11100110000110000111101101100011
sw_result : 11100110000110000111101101100011
a_real : -180018947154765525549056.000000
b_real : 0.000000
y_real : -180018947154765525549056.000000
result_real : -180018947154765525549056.000000
PASS!!!!
[SCB] random a : 11100110000110000111101101100011,  random b : 00001000100010111001000101110001
Time: 169000, Event: gen_next_event triggered
[GEN] random a : 11111110100001010000111001011001,  random b : 11010100001011011001011000110101
1
[DRV] random a : 11111110100001010000111001011001,  random b : 11010100001011011001011000110101
Time: 175000, Event: mon_next_event triggered
[MON] random a : 11111110100001010000111001011001,  random b : 11010100001011011001011000110101
Time: 227000, Event: scb_next_event triggered
trans.a : 11111110100001010000111001011001
trans.b : 11010100001011011001011000110101
trans.result : 11111110100001010000111001011001
sw_result : 11111110100001010000111001011001
a_real : -88430910364934011840836748635629682688.000000
b_real : -2982197592064.000000
y_real : -88430910364934011840836748635629682688.000000
result_real : -88430910364934011840836748635629682688.000000
PASS!!!!
[SCB] random a : 11111110100001010000111001011001,  random b : 11010100001011011001011000110101
Time: 239000, Event: gen_next_event triggered
[GEN] random a : 10110101010101000010101010110110,  random b : 10110010001001111101011011111001
1
[DRV] random a : 10110101010101000010101010110110,  random b : 10110010001001111101011011111001
Time: 245000, Event: mon_next_event triggered
[MON] random a : 10110101010101000010101010110110,  random b : 10110010001001111101011011111001
Time: 297000, Event: scb_next_event triggered
trans.a : 10110101010101000010101010110110
trans.b : 10110010001001111101011011111001
trans.result : 10110101010101101100101000010001
sw_result : 10110101010101101100101000010010
a_real : -0.000001
b_real : -0.000000
y_real : -0.000001
result_real : -0.000001
PASS!!!!
[SCB] random a : 10110101010101000010101010110110,  random b : 10110010001001111101011011111001
Time: 309000, Event: gen_next_event triggered
[GEN] random a : 10010001100011110010100000100111,  random b : 00101111001010001101001010010100
1
[DRV] random a : 10010001100011110010100000100111,  random b : 00101111001010001101001010010100
Time: 315000, Event: mon_next_event triggered
[MON] random a : 10010001100011110010100000100111,  random b : 00101111001010001101001010010100
Time: 367000, Event: scb_next_event triggered
trans.a : 10010001100011110010100000100111
trans.b : 00101111001010001101001010010100
trans.result : 00101111001010001101001010010100
sw_result : 00101111001010001101001010010100
a_real : -0.000000
b_real : 0.000000
y_real : 0.000000
result_real : 0.000000
PASS!!!!
[SCB] random a : 10010001100011110010100000100111,  random b : 00101111001010001101001010010100
Time: 379000, Event: gen_next_event triggered
[GEN] random a : 11011001100000101011000001001100,  random b : 01010010101000011111010100110010
1
[DRV] random a : 11011001100000101011000001001100,  random b : 01010010101000011111010100110010
Time: 385000, Event: mon_next_event triggered
[MON] random a : 11011001100000101011000001001100,  random b : 01010010101000011111010100110010
Time: 437000, Event: scb_next_event triggered
trans.a : 11011001100000101011000001001100
trans.b : 01010010101000011111010100110010
trans.result : 11011001100000101010110111000101
sw_result : 11011001100000101010110111000100
a_real : -4598198429548544.000000
b_real : 347801714688.000000
y_real : -4597850627833856.000000
result_real : -4597851074068480.000000
FAIL....
[SCB] random a : 11011001100000101011000001001100,  random b : 01010010101000011111010100110010
Time: 449000, Event: gen_next_event triggered
[GEN] random a : 01001010000011010011101110011001,  random b : 00001101111111100000010111010110
1
[DRV] random a : 01001010000011010011101110011001,  random b : 00001101111111100000010111010110
Time: 455000, Event: mon_next_event triggered
[MON] random a : 01001010000011010011101110011001,  random b : 00001101111111100000010111010110
Time: 507000, Event: scb_next_event triggered
trans.a : 01001010000011010011101110011001
trans.b : 00001101111111100000010111010110
trans.result : 01001010000011010011101110011001
sw_result : 01001010000011010011101110011001
a_real : 2313958.250000
b_real : 0.000000
y_real : 2313958.250000
result_real : 2313958.250000
PASS!!!!
[SCB] random a : 01001010000011010011101110011001,  random b : 00001101111111100000010111010110
Time: 519000, Event: gen_next_event triggered
[GEN] random a : 11010100110011110110111111100101,  random b : 10111010010100110100100100101001
1
[DRV] random a : 11010100110011110110111111100101,  random b : 10111010010100110100100100101001
Time: 525000, Event: mon_next_event triggered
[MON] random a : 11010100110011110110111111100101,  random b : 10111010010100110100100100101001
Time: 577000, Event: scb_next_event triggered
trans.a : 11010100110011110110111111100101
trans.b : 10111010010100110100100100101001
trans.result : 11010100110011110110111111100101
sw_result : 11010100110011110110111111100101
a_real : -7127484071936.000000
b_real : -0.000806
y_real : -7127484071936.000977
result_real : -7127484071936.000000
FAIL....
[SCB] random a : 11010100110011110110111111100101,  random b : 10111010010100110100100100101001
Time: 589000, Event: gen_next_event triggered
[GEN] random a : 10110011010000011101110000110101,  random b : 01010010000010011000010100011010
1
[DRV] random a : 10110011010000011101110000110101,  random b : 01010010000010011000010100011010
Time: 595000, Event: mon_next_event triggered
[MON] random a : 10110011010000011101110000110101,  random b : 01010010000010011000010100011010
Time: 647000, Event: scb_next_event triggered
trans.a : 10110011010000011101110000110101
trans.b : 01010010000010011000010100011010
trans.result : 01010010000010011000010100011010
sw_result : 01010010000010011000010100011010
a_real : -0.000000
b_real : 147660898304.000000
y_real : 147660898304.000000
result_real : 147660898304.000000
PASS!!!!
[SCB] random a : 10110011010000011101110000110101,  random b : 01010010000010011000010100011010
Time: 659000, Event: gen_next_event triggered
[GEN] random a : 11000011001100001001101101010101,  random b : 01001001011111010100001001111111
1
[DRV] random a : 11000011001100001001101101010101,  random b : 01001001011111010100001001111111
Time: 665000, Event: mon_next_event triggered
[MON] random a : 11000011001100001001101101010101,  random b : 01001001011111010100001001111111
Time: 717000, Event: scb_next_event triggered
trans.a : 11000011001100001001101101010101
trans.b : 01001001011111010100001001111111
trans.result : 01001001011111010011011101110110
sw_result : 01001001011111010011011101110101
a_real : -176.606766
b_real : 1037351.937500
y_real : 1037175.330734
result_real : 1037175.375000
FAIL....
[SCB] random a : 11000011001100001001101101010101,  random b : 01001001011111010100001001111111
Time: 729000, Event: gen_next_event triggered
[GEN] random a : 11110111001010001111101111010011,  random b : 11111110101111110000101100110101
1
[DRV] random a : 11110111001010001111101111010011,  random b : 11111110101111110000101100110101
Time: 735000, Event: mon_next_event triggered
[MON] random a : 11110111001010001111101111010011,  random b : 11111110101111110000101100110101
Time: 787000, Event: scb_next_event triggered
trans.a : 11110111001010001111101111010011
trans.b : 11111110101111110000101100110101
trans.result : 11111110101111110000110010000110
sw_result : 11111110101111110000110010000111
a_real : -3427396383541633283768618676387840.000000
b_real : -126970368714035904183536726588742696960.000000
y_real : -126973796110419445816820495207419084800.000000
result_real : -126973786300054119490003161700584390656.000000
FAIL....
[SCB] random a : 11110111001010001111101111010011,  random b : 11111110101111110000101100110101
Time: 799000, Event: gen_next_event triggered
[GEN] random a : 11110110111001101101111111000111,  random b : 11100001010100101100000000101001
1
[DRV] random a : 11110110111001101101111111000111,  random b : 11100001010100101100000000101001
Time: 805000, Event: mon_next_event triggered
[MON] random a : 11110110111001101101111111000111,  random b : 11100001010100101100000000101001
Time: 857000, Event: scb_next_event triggered
trans.a : 11110110111001101101111111000111
trans.b : 11100001010100101100000000101001
trans.result : 11110110111001101101111111000111
sw_result : 11110110111001101101111111000111
a_real : -2341341838298759796229952164069376.000000
b_real : -242978928375520821248.000000
y_real : -2341341838299002774437048057069568.000000
result_real : -2341341838298759796229952164069376.000000
FAIL....
[SCB] random a : 11110110111001101101111111000111,  random b : 11100001010100101100000000101001
Time: 869000, Event: gen_next_event triggered
[GEN] random a : 11010000110101101100100010110001,  random b : 00010010101000010110111011110000
1
[DRV] random a : 11010000110101101100100010110001,  random b : 00010010101000010110111011110000
Time: 875000, Event: mon_next_event triggered
[MON] random a : 11010000110101101100100010110001,  random b : 00010010101000010110111011110000
Time: 927000, Event: scb_next_event triggered
trans.a : 11010000110101101100100010110001
trans.b : 00010010101000010110111011110000
trans.result : 11010000110101101100100010110001
sw_result : 11010000110101101100100010110001
a_real : -28827813888.000000
b_real : 0.000000
y_real : -28827813888.000000
result_real : -28827813888.000000
PASS!!!!
[SCB] random a : 11010000110101101100100010110001,  random b : 00010010101000010110111011110000
Time: 939000, Event: gen_next_event triggered
[GEN] random a : 11110011001101010101010000100101,  random b : 10001001111101000111100000101001
1
[DRV] random a : 11110011001101010101010000100101,  random b : 10001001111101000111100000101001
Time: 945000, Event: mon_next_event triggered
[MON] random a : 11110011001101010101010000100101,  random b : 10001001111101000111100000101001
Time: 997000, Event: scb_next_event triggered
