#-----------------------------------------------------------
# Vivado v2020.2 (64-bit)
# SW Build 3064766 on Wed Nov 18 09:12:45 MST 2020
# IP Build 3064653 on Wed Nov 18 14:17:31 MST 2020
# Start of session at: Mon Nov 11 09:13:00 2024
# Process ID: 3536
# Current directory: D:/GitHub/harman_Verilog/1108_stopwatch
# Command line: vivado.exe -gui_launcher_event rodinguilauncherevent424 D:\GitHub\harman_Verilog\1108_stopwatch\1108_stopwatch.xpr
# Log file: D:/GitHub/harman_Verilog/1108_stopwatch/vivado.log
# Journal file: D:/GitHub/harman_Verilog/1108_stopwatch\vivado.jou
#-----------------------------------------------------------
start_gui
open_project D:/GitHub/harman_Verilog/1108_stopwatch/1108_stopwatch.xpr
INFO: [Project 1-313] Project file moved from '/home/user/project/Verilog/1108_stopwatch' since last save.
CRITICAL WARNING: [Project 1-505] Unrecognized Option Name SimulatorVersionXsim
CRITICAL WARNING: [Project 1-505] Unrecognized Option Name SimulatorVersionModelSim
CRITICAL WARNING: [Project 1-505] Unrecognized Option Name SimulatorVersionQuesta
CRITICAL WARNING: [Project 1-505] Unrecognized Option Name SimulatorVersionXcelium
CRITICAL WARNING: [Project 1-505] Unrecognized Option Name SimulatorVersionVCS
CRITICAL WARNING: [Project 1-505] Unrecognized Option Name SimulatorVersionRiviera
CRITICAL WARNING: [Project 1-505] Unrecognized Option Name SimulatorVersionActiveHdl
CRITICAL WARNING: [Project 1-505] Unrecognized Option Name SimulatorGccVersionXsim
CRITICAL WARNING: [Project 1-505] Unrecognized Option Name SimulatorGccVersionModelSim
CRITICAL WARNING: [Project 1-505] Unrecognized Option Name SimulatorGccVersionQuesta
CRITICAL WARNING: [Project 1-505] Unrecognized Option Name SimulatorGccVersionXcelium
CRITICAL WARNING: [Project 1-505] Unrecognized Option Name SimulatorGccVersionVCS
CRITICAL WARNING: [Project 1-505] Unrecognized Option Name SimulatorGccVersionRiviera
CRITICAL WARNING: [Project 1-505] Unrecognized Option Name SimulatorGccVersionActiveHdl
WARNING: [filemgmt 56-2] Board Part Repository Path: Could not find the directory 'D:/.Xilinx/Vivado/2024.1/xhub/board_store/xilinx_board_store', nor could it be found using path 'D:/home/user/.Xilinx/Vivado/2024.1/xhub/board_store/xilinx_board_store'.
WARNING: [filemgmt 56-2] Default IP Output Path : Could not find the directory 'D:/GitHub/harman_Verilog/1108_stopwatch/1108_stopwatch.gen/sources_1', nor could it be found using path 'D:/home/user/project/Verilog/1108_stopwatch/1108_stopwatch.gen/sources_1'.
CRITICAL WARNING: [Project 1-505] Unrecognized Option Name EnableResourceEstimation
CRITICAL WARNING: [Project 1-505] Unrecognized Option Name SimCompileState
WARNING: [filemgmt 56-2] IPUserFilesDir: Could not find the directory 'D:/GitHub/harman_Verilog/1108_stopwatch/1108_stopwatch.ip_user_files', nor could it be found using path 'D:/home/user/project/Verilog/1108_stopwatch/1108_stopwatch.ip_user_files'.
CRITICAL WARNING: [Project 1-505] Unrecognized Option Name ClassicSocBoot
CRITICAL WARNING: [Project 1-505] Unrecognized Option Name LocalIPRepoLeafDirName
ERROR: [Runs 36-378] The checkpoint 'D:/GitHub/harman_Verilog/1108_stopwatch/1108_stopwatch.srcs/utils_1/imports/synth_1/counter_10000.dcp' was created with 'Vivado v2024.1 (64-bit)', and cannot be opened in this version.
exopen_project D:/GitHub/harman_Verilog/1110_stopwatch/1110_stopwatch.xpr
WARNING: [filemgmt 56-3] Default IP Output Path : Could not find the directory 'D:/GitHub/harman_Verilog/1110_stopwatch/1110_stopwatch.gen/sources_1'.
Scanning sources...
Finished scanning sources
INFO: [IP_Flow 19-234] Refreshing IP repositories
INFO: [IP_Flow 19-1704] No user IP repositories specified
INFO: [IP_Flow 19-2313] Loaded Vivado IP repository 'C:/Xilinx/Vivado/2020.2/data/ip'.
file mkdir D:/GitHub/harman_Verilog/1110_stopwatch/1110_stopwatch.srcs/sources_1/new
close [ open D:/GitHub/harman_Verilog/1110_stopwatch/1110_stopwatch.srcs/sources_1/new/counter.v w ]
add_files D:/GitHub/harman_Verilog/1110_stopwatch/1110_stopwatch.srcs/sources_1/new/counter.v
close [ open D:/GitHub/harman_Verilog/1110_stopwatch/1110_stopwatch.srcs/sources_1/new/fnd_controller.v w ]
add_files D:/GitHub/harman_Verilog/1110_stopwatch/1110_stopwatch.srcs/sources_1/new/fnd_controller.v
close [ open D:/GitHub/harman_Verilog/1110_stopwatch/1110_stopwatch.srcs/sources_1/new/button_detector.v w ]
add_files D:/GitHub/harman_Verilog/1110_stopwatch/1110_stopwatch.srcs/sources_1/new/button_detector.v
update_compile_order -fileset sources_1
update_compile_order -fileset sources_1
exit
INFO: [Common 17-206] Exiting Vivado at Mon Nov 11 09:16:43 2024...
